2022-06-14 10:40:25 INFO  datax-service-data-metadata background-preinit org.hibernate.validator.internal.util.Version HV000001: Hibernate Validator 6.1.6.Final
2022-06-14 10:40:27 INFO  datax-service-data-metadata main org.springframework.cloud.config.client.ConfigServicePropertySourceLocator Fetching config from server at : http://localhost:8611/
2022-06-14 10:40:28 INFO  datax-service-data-metadata main org.springframework.cloud.config.client.ConfigServicePropertySourceLocator Located environment: name=datax-service-data-metadata, profiles=[dev], label=null, version=null, state=null
2022-06-14 10:40:28 INFO  datax-service-data-metadata main org.springframework.cloud.bootstrap.config.PropertySourceBootstrapConfiguration Located property source: [BootstrapPropertySource {name='bootstrapProperties-classpath:/config/datax-service-data-metadata-dev.yml'}, BootstrapPropertySource {name='bootstrapProperties-classpath:/config/application-dev.yml'}]
2022-06-14 10:40:28 INFO  datax-service-data-metadata main cn.datax.service.data.metadata.DataxMetadataApplication The following profiles are active: dev
2022-06-14 10:40:30 INFO  datax-service-data-metadata main org.springframework.data.repository.config.RepositoryConfigurationDelegate Multiple Spring Data modules found, entering strict repository configuration mode!
2022-06-14 10:40:30 INFO  datax-service-data-metadata main org.springframework.data.repository.config.RepositoryConfigurationDelegate Bootstrapping Spring Data Redis repositories in DEFAULT mode.
2022-06-14 10:40:31 INFO  datax-service-data-metadata main org.springframework.data.repository.config.RepositoryConfigurationDelegate Finished Spring Data repository scanning in 36ms. Found 0 Redis repository interfaces.
2022-06-14 10:40:31 INFO  datax-service-data-metadata main org.springframework.cloud.context.scope.GenericScope BeanFactory id=91eeff56-3870-3ef4-b4e9-034213610b76
2022-06-14 10:40:32 INFO  datax-service-data-metadata main org.springframework.context.support.PostProcessorRegistrationDelegate$BeanPostProcessorChecker Bean 'spring.datasource.dynamic-com.baomidou.dynamic.datasource.spring.boot.autoconfigure.DynamicDataSourceProperties' of type [com.baomidou.dynamic.datasource.spring.boot.autoconfigure.DynamicDataSourceProperties] is not eligible for getting processed by all BeanPostProcessors (for example: not eligible for auto-proxying)
2022-06-14 10:40:32 INFO  datax-service-data-metadata main org.springframework.context.support.PostProcessorRegistrationDelegate$BeanPostProcessorChecker Bean 'com.baomidou.dynamic.datasource.spring.boot.autoconfigure.DynamicDataSourceAutoConfiguration' of type [com.baomidou.dynamic.datasource.spring.boot.autoconfigure.DynamicDataSourceAutoConfiguration$$EnhancerBySpringCGLIB$$d75eadbb] is not eligible for getting processed by all BeanPostProcessors (for example: not eligible for auto-proxying)
2022-06-14 10:40:32 INFO  datax-service-data-metadata main org.springframework.context.support.PostProcessorRegistrationDelegate$BeanPostProcessorChecker Bean 'dsProcessor' of type [com.baomidou.dynamic.datasource.processor.DsHeaderProcessor] is not eligible for getting processed by all BeanPostProcessors (for example: not eligible for auto-proxying)
2022-06-14 10:40:32 INFO  datax-service-data-metadata main org.springframework.context.support.PostProcessorRegistrationDelegate$BeanPostProcessorChecker Bean 'org.springframework.security.access.expression.method.DefaultMethodSecurityExpressionHandler@71bb8b34' of type [org.springframework.security.oauth2.provider.expression.OAuth2MethodSecurityExpressionHandler] is not eligible for getting processed by all BeanPostProcessors (for example: not eligible for auto-proxying)
2022-06-14 10:40:32 INFO  datax-service-data-metadata main org.springframework.context.support.PostProcessorRegistrationDelegate$BeanPostProcessorChecker Bean 'methodSecurityMetadataSource' of type [org.springframework.security.access.method.DelegatingMethodSecurityMetadataSource] is not eligible for getting processed by all BeanPostProcessors (for example: not eligible for auto-proxying)
2022-06-14 10:40:34 INFO  datax-service-data-metadata main io.undertow.servlet Initializing Spring embedded WebApplicationContext
2022-06-14 10:40:34 INFO  datax-service-data-metadata main org.springframework.boot.web.servlet.context.ServletWebServerApplicationContext Root WebApplicationContext: initialization completed in 5223 ms
2022-06-14 10:40:34 INFO  datax-service-data-metadata main com.netflix.config.sources.URLConfigurationSource To enable URLs as dynamic configuration sources, define System property archaius.configurationSource.additionalUrls or make config.properties available on classpath.
2022-06-14 10:40:34 INFO  datax-service-data-metadata main com.netflix.config.DynamicPropertyFactory DynamicPropertyFactory is initialized with configuration sources: com.netflix.config.ConcurrentCompositeConfiguration@31b741e2
2022-06-14 10:40:34 INFO  datax-service-data-metadata main org.springframework.boot.actuate.endpoint.web.ServletEndpointRegistrar Registered '/actuator/hystrix.stream' to hystrix.stream-actuator-endpoint
2022-06-14 10:40:35 INFO  datax-service-data-metadata main com.zaxxer.hikari.HikariDataSource mysql - Starting...
2022-06-14 10:40:35 INFO  datax-service-data-metadata main com.zaxxer.hikari.HikariDataSource mysql - Start completed.
2022-06-14 10:40:35 INFO  datax-service-data-metadata main com.baomidou.dynamic.datasource.DynamicRoutingDataSource dynamic-datasource - load a datasource named [mysql] success
2022-06-14 10:40:35 INFO  datax-service-data-metadata main com.baomidou.dynamic.datasource.DynamicRoutingDataSource dynamic-datasource initial loaded [1] datasource,primary datasource named [mysql]
2022-06-14 10:40:41 INFO  datax-service-data-metadata main org.springframework.boot.actuate.endpoint.web.EndpointLinksResolver Exposing 18 endpoint(s) beneath base path '/actuator'
2022-06-14 10:40:41 INFO  datax-service-data-metadata main org.springframework.scheduling.concurrent.ThreadPoolTaskExecutor Initializing ExecutorService
2022-06-14 10:40:41 INFO  datax-service-data-metadata main org.springframework.scheduling.concurrent.ThreadPoolTaskExecutor Initializing ExecutorService 'taskExecutor'
2022-06-14 10:40:41 INFO  datax-service-data-metadata main springfox.documentation.spring.web.PropertySourcedRequestMappingHandlerMapping Mapped URL path [/v2/api-docs] onto method [springfox.documentation.swagger2.web.Swagger2Controller#getDocumentation(String, HttpServletRequest)]
2022-06-14 10:40:41 INFO  datax-service-data-metadata main com.netflix.config.sources.URLConfigurationSource To enable URLs as dynamic configuration sources, define System property archaius.configurationSource.additionalUrls or make config.properties available on classpath.
2022-06-14 10:40:42 INFO  datax-service-data-metadata main org.springframework.boot.autoconfigure.security.servlet.UserDetailsServiceAutoConfiguration 

Using generated security password: f8c7033b-2390-4f8c-9f46-ac957b7890a9

2022-06-14 10:40:43 INFO  datax-service-data-metadata main org.springframework.security.web.DefaultSecurityFilterChain Creating filter chain: any request, [org.springframework.security.web.context.request.async.WebAsyncManagerIntegrationFilter@5b3c491e, org.springframework.security.web.context.SecurityContextPersistenceFilter@123372f4, org.springframework.security.web.header.HeaderWriterFilter@699794d, org.springframework.security.web.authentication.logout.LogoutFilter@622be81d, org.springframework.security.oauth2.provider.authentication.OAuth2AuthenticationProcessingFilter@7845f53d, org.springframework.security.web.savedrequest.RequestCacheAwareFilter@37eca4c0, org.springframework.security.web.servletapi.SecurityContextHolderAwareRequestFilter@1a2bcce1, org.springframework.security.web.authentication.AnonymousAuthenticationFilter@44c141ce, org.springframework.security.web.session.SessionManagementFilter@ae5eeee, org.springframework.security.web.access.ExceptionTranslationFilter@60dd53e9, org.springframework.security.web.access.intercept.FilterSecurityInterceptor@597f9d91]
2022-06-14 10:40:44 INFO  datax-service-data-metadata main org.springframework.cloud.netflix.eureka.config.DiscoveryClientOptionalArgsConfiguration Eureka HTTP Client uses Jersey
2022-06-14 10:40:44 INFO  datax-service-data-metadata main org.springframework.cloud.netflix.eureka.InstanceInfoFactory Setting initial instance status as: STARTING
2022-06-14 10:40:45 INFO  datax-service-data-metadata main com.netflix.discovery.DiscoveryClient Initializing Eureka in region us-east-1
2022-06-14 10:40:45 INFO  datax-service-data-metadata main com.netflix.discovery.provider.DiscoveryJerseyProvider Using JSON encoding codec LegacyJacksonJson
2022-06-14 10:40:45 INFO  datax-service-data-metadata main com.netflix.discovery.provider.DiscoveryJerseyProvider Using JSON decoding codec LegacyJacksonJson
2022-06-14 10:40:45 INFO  datax-service-data-metadata main com.netflix.discovery.provider.DiscoveryJerseyProvider Using XML encoding codec XStreamXml
2022-06-14 10:40:45 INFO  datax-service-data-metadata main com.netflix.discovery.provider.DiscoveryJerseyProvider Using XML decoding codec XStreamXml
2022-06-14 10:40:45 INFO  datax-service-data-metadata main com.netflix.discovery.shared.resolver.aws.ConfigClusterResolver Resolving eureka endpoints via configuration
2022-06-14 10:40:46 INFO  datax-service-data-metadata main com.netflix.discovery.DiscoveryClient Disable delta property : false
2022-06-14 10:40:46 INFO  datax-service-data-metadata main com.netflix.discovery.DiscoveryClient Single vip registry refresh property : null
2022-06-14 10:40:46 INFO  datax-service-data-metadata main com.netflix.discovery.DiscoveryClient Force full registry fetch : false
2022-06-14 10:40:46 INFO  datax-service-data-metadata main com.netflix.discovery.DiscoveryClient Application is null : false
2022-06-14 10:40:46 INFO  datax-service-data-metadata main com.netflix.discovery.DiscoveryClient Registered Applications size is zero : true
2022-06-14 10:40:46 INFO  datax-service-data-metadata main com.netflix.discovery.DiscoveryClient Application version is -1: true
2022-06-14 10:40:46 INFO  datax-service-data-metadata main com.netflix.discovery.DiscoveryClient Getting all instance registry info from the eureka server
2022-06-14 10:40:47 INFO  datax-service-data-metadata main com.netflix.discovery.DiscoveryClient The response status is 200
2022-06-14 10:40:47 INFO  datax-service-data-metadata main com.netflix.discovery.DiscoveryClient Starting heartbeat executor: renew interval is: 20
2022-06-14 10:40:47 INFO  datax-service-data-metadata main com.netflix.discovery.InstanceInfoReplicator InstanceInfoReplicator onDemand update allowed rate per min is 4
2022-06-14 10:40:47 INFO  datax-service-data-metadata main com.netflix.discovery.DiscoveryClient Discovery Client initialized at timestamp 1655174447014 with initial instances count: 6
2022-06-14 10:40:47 INFO  datax-service-data-metadata main org.springframework.cloud.netflix.eureka.serviceregistry.EurekaServiceRegistry Registering application DATAX-SERVICE-DATA-METADATA with eureka with status UP
2022-06-14 10:40:47 INFO  datax-service-data-metadata main com.netflix.discovery.DiscoveryClient Saw local status change event StatusChangeEvent [timestamp=1655174447028, current=UP, previous=STARTING]
2022-06-14 10:40:47 INFO  datax-service-data-metadata DiscoveryClient-InstanceInfoReplicator-0 com.netflix.discovery.DiscoveryClient DiscoveryClient_DATAX-SERVICE-DATA-METADATA/li20220331:datax-service-data-metadata:8820: registering service...
2022-06-14 10:40:47 INFO  datax-service-data-metadata main io.undertow starting server: Undertow - 2.1.4.Final
2022-06-14 10:40:47 INFO  datax-service-data-metadata main org.xnio XNIO version 3.8.0.Final
2022-06-14 10:40:47 INFO  datax-service-data-metadata DiscoveryClient-InstanceInfoReplicator-0 com.netflix.discovery.DiscoveryClient DiscoveryClient_DATAX-SERVICE-DATA-METADATA/li20220331:datax-service-data-metadata:8820 - registration status: 204
2022-06-14 10:40:47 INFO  datax-service-data-metadata main org.xnio.nio XNIO NIO Implementation Version 3.8.0.Final
2022-06-14 10:40:47 INFO  datax-service-data-metadata main org.jboss.threads JBoss Threads version 3.1.0.Final
2022-06-14 10:40:47 INFO  datax-service-data-metadata main org.springframework.boot.web.embedded.undertow.UndertowWebServer Undertow started on port(s) 8820 (http)
2022-06-14 10:40:47 INFO  datax-service-data-metadata main org.springframework.cloud.netflix.eureka.serviceregistry.EurekaAutoServiceRegistration Updating port to 8820
2022-06-14 10:40:48 INFO  datax-service-data-metadata main springfox.documentation.spring.web.plugins.DocumentationPluginsBootstrapper Context refreshed
2022-06-14 10:40:48 INFO  datax-service-data-metadata main springfox.documentation.spring.web.plugins.DocumentationPluginsBootstrapper Found 1 custom documentation plugin(s)
2022-06-14 10:40:48 INFO  datax-service-data-metadata main springfox.documentation.spring.web.scanners.ApiListingReferenceScanner Scanning for api listing references
2022-06-14 10:40:48 INFO  datax-service-data-metadata main springfox.documentation.spring.web.readers.operation.CachingOperationNameGenerator Generating unique operation named: getMetadataSourceByIdUsingGET_1
2022-06-14 10:40:48 INFO  datax-service-data-metadata main springfox.documentation.spring.web.readers.operation.CachingOperationNameGenerator Generating unique operation named: getMetadataSourceListUsingGET_1
2022-06-14 10:40:48 INFO  datax-service-data-metadata main cn.datax.service.data.metadata.DataxMetadataApplication Started DataxMetadataApplication in 25.664 seconds (JVM running for 27.009)
2022-06-14 10:45:46 INFO  datax-service-data-metadata AsyncResolver-bootstrap-executor-0 com.netflix.discovery.shared.resolver.aws.ConfigClusterResolver Resolving eureka endpoints via configuration
2022-06-14 10:50:46 INFO  datax-service-data-metadata AsyncResolver-bootstrap-executor-0 com.netflix.discovery.shared.resolver.aws.ConfigClusterResolver Resolving eureka endpoints via configuration
2022-06-14 10:54:21 INFO  datax-service-data-metadata XNIO-1 task-1 io.undertow.servlet Initializing Spring DispatcherServlet 'dispatcherServlet'
2022-06-14 10:54:21 INFO  datax-service-data-metadata XNIO-1 task-1 org.springframework.web.servlet.DispatcherServlet Initializing Servlet 'dispatcherServlet'
2022-06-14 10:54:21 INFO  datax-service-data-metadata XNIO-1 task-1 org.springframework.web.servlet.DispatcherServlet Completed initialization in 137 ms
2022-06-14 10:55:46 INFO  datax-service-data-metadata AsyncResolver-bootstrap-executor-0 com.netflix.discovery.shared.resolver.aws.ConfigClusterResolver Resolving eureka endpoints via configuration
2022-06-14 11:00:46 INFO  datax-service-data-metadata AsyncResolver-bootstrap-executor-0 com.netflix.discovery.shared.resolver.aws.ConfigClusterResolver Resolving eureka endpoints via configuration
2022-06-14 11:05:46 INFO  datax-service-data-metadata AsyncResolver-bootstrap-executor-0 com.netflix.discovery.shared.resolver.aws.ConfigClusterResolver Resolving eureka endpoints via configuration
2022-06-14 11:10:46 INFO  datax-service-data-metadata AsyncResolver-bootstrap-executor-0 com.netflix.discovery.shared.resolver.aws.ConfigClusterResolver Resolving eureka endpoints via configuration
2022-06-14 11:15:46 INFO  datax-service-data-metadata AsyncResolver-bootstrap-executor-0 com.netflix.discovery.shared.resolver.aws.ConfigClusterResolver Resolving eureka endpoints via configuration
2022-06-14 11:20:46 INFO  datax-service-data-metadata AsyncResolver-bootstrap-executor-0 com.netflix.discovery.shared.resolver.aws.ConfigClusterResolver Resolving eureka endpoints via configuration
2022-06-14 11:25:46 INFO  datax-service-data-metadata AsyncResolver-bootstrap-executor-0 com.netflix.discovery.shared.resolver.aws.ConfigClusterResolver Resolving eureka endpoints via configuration
2022-06-14 11:30:46 INFO  datax-service-data-metadata AsyncResolver-bootstrap-executor-0 com.netflix.discovery.shared.resolver.aws.ConfigClusterResolver Resolving eureka endpoints via configuration
2022-06-14 11:35:46 INFO  datax-service-data-metadata AsyncResolver-bootstrap-executor-0 com.netflix.discovery.shared.resolver.aws.ConfigClusterResolver Resolving eureka endpoints via configuration
2022-06-14 11:40:46 INFO  datax-service-data-metadata AsyncResolver-bootstrap-executor-0 com.netflix.discovery.shared.resolver.aws.ConfigClusterResolver Resolving eureka endpoints via configuration
2022-06-14 11:45:46 INFO  datax-service-data-metadata AsyncResolver-bootstrap-executor-0 com.netflix.discovery.shared.resolver.aws.ConfigClusterResolver Resolving eureka endpoints via configuration
2022-06-14 11:50:46 INFO  datax-service-data-metadata AsyncResolver-bootstrap-executor-0 com.netflix.discovery.shared.resolver.aws.ConfigClusterResolver Resolving eureka endpoints via configuration
2022-06-14 11:55:46 INFO  datax-service-data-metadata AsyncResolver-bootstrap-executor-0 com.netflix.discovery.shared.resolver.aws.ConfigClusterResolver Resolving eureka endpoints via configuration
2022-06-14 12:00:46 INFO  datax-service-data-metadata AsyncResolver-bootstrap-executor-0 com.netflix.discovery.shared.resolver.aws.ConfigClusterResolver Resolving eureka endpoints via configuration
2022-06-14 12:05:46 INFO  datax-service-data-metadata AsyncResolver-bootstrap-executor-0 com.netflix.discovery.shared.resolver.aws.ConfigClusterResolver Resolving eureka endpoints via configuration
2022-06-14 12:10:46 INFO  datax-service-data-metadata AsyncResolver-bootstrap-executor-0 com.netflix.discovery.shared.resolver.aws.ConfigClusterResolver Resolving eureka endpoints via configuration
2022-06-14 12:15:46 INFO  datax-service-data-metadata AsyncResolver-bootstrap-executor-0 com.netflix.discovery.shared.resolver.aws.ConfigClusterResolver Resolving eureka endpoints via configuration
2022-06-14 12:20:46 INFO  datax-service-data-metadata AsyncResolver-bootstrap-executor-0 com.netflix.discovery.shared.resolver.aws.ConfigClusterResolver Resolving eureka endpoints via configuration
2022-06-14 12:25:46 INFO  datax-service-data-metadata AsyncResolver-bootstrap-executor-0 com.netflix.discovery.shared.resolver.aws.ConfigClusterResolver Resolving eureka endpoints via configuration
2022-06-14 12:30:46 INFO  datax-service-data-metadata AsyncResolver-bootstrap-executor-0 com.netflix.discovery.shared.resolver.aws.ConfigClusterResolver Resolving eureka endpoints via configuration
2022-06-14 12:35:46 INFO  datax-service-data-metadata AsyncResolver-bootstrap-executor-0 com.netflix.discovery.shared.resolver.aws.ConfigClusterResolver Resolving eureka endpoints via configuration
2022-06-14 12:40:46 INFO  datax-service-data-metadata AsyncResolver-bootstrap-executor-0 com.netflix.discovery.shared.resolver.aws.ConfigClusterResolver Resolving eureka endpoints via configuration
2022-06-14 12:45:46 INFO  datax-service-data-metadata AsyncResolver-bootstrap-executor-0 com.netflix.discovery.shared.resolver.aws.ConfigClusterResolver Resolving eureka endpoints via configuration
2022-06-14 12:50:46 INFO  datax-service-data-metadata AsyncResolver-bootstrap-executor-0 com.netflix.discovery.shared.resolver.aws.ConfigClusterResolver Resolving eureka endpoints via configuration
2022-06-14 12:55:46 INFO  datax-service-data-metadata AsyncResolver-bootstrap-executor-0 com.netflix.discovery.shared.resolver.aws.ConfigClusterResolver Resolving eureka endpoints via configuration
2022-06-14 13:00:46 INFO  datax-service-data-metadata AsyncResolver-bootstrap-executor-0 com.netflix.discovery.shared.resolver.aws.ConfigClusterResolver Resolving eureka endpoints via configuration
2022-06-14 13:05:46 INFO  datax-service-data-metadata AsyncResolver-bootstrap-executor-0 com.netflix.discovery.shared.resolver.aws.ConfigClusterResolver Resolving eureka endpoints via configuration
2022-06-14 13:10:46 INFO  datax-service-data-metadata AsyncResolver-bootstrap-executor-0 com.netflix.discovery.shared.resolver.aws.ConfigClusterResolver Resolving eureka endpoints via configuration
2022-06-14 13:15:46 INFO  datax-service-data-metadata AsyncResolver-bootstrap-executor-0 com.netflix.discovery.shared.resolver.aws.ConfigClusterResolver Resolving eureka endpoints via configuration
2022-06-14 13:20:46 INFO  datax-service-data-metadata AsyncResolver-bootstrap-executor-0 com.netflix.discovery.shared.resolver.aws.ConfigClusterResolver Resolving eureka endpoints via configuration
2022-06-14 13:25:46 INFO  datax-service-data-metadata AsyncResolver-bootstrap-executor-0 com.netflix.discovery.shared.resolver.aws.ConfigClusterResolver Resolving eureka endpoints via configuration
2022-06-14 13:30:46 INFO  datax-service-data-metadata AsyncResolver-bootstrap-executor-0 com.netflix.discovery.shared.resolver.aws.ConfigClusterResolver Resolving eureka endpoints via configuration
2022-06-14 13:35:46 INFO  datax-service-data-metadata AsyncResolver-bootstrap-executor-0 com.netflix.discovery.shared.resolver.aws.ConfigClusterResolver Resolving eureka endpoints via configuration
2022-06-14 13:40:46 INFO  datax-service-data-metadata AsyncResolver-bootstrap-executor-0 com.netflix.discovery.shared.resolver.aws.ConfigClusterResolver Resolving eureka endpoints via configuration
2022-06-14 13:45:46 INFO  datax-service-data-metadata AsyncResolver-bootstrap-executor-0 com.netflix.discovery.shared.resolver.aws.ConfigClusterResolver Resolving eureka endpoints via configuration
2022-06-14 13:50:46 INFO  datax-service-data-metadata AsyncResolver-bootstrap-executor-0 com.netflix.discovery.shared.resolver.aws.ConfigClusterResolver Resolving eureka endpoints via configuration
2022-06-14 13:55:46 INFO  datax-service-data-metadata AsyncResolver-bootstrap-executor-0 com.netflix.discovery.shared.resolver.aws.ConfigClusterResolver Resolving eureka endpoints via configuration
2022-06-14 14:00:47 INFO  datax-service-data-metadata AsyncResolver-bootstrap-executor-0 com.netflix.discovery.shared.resolver.aws.ConfigClusterResolver Resolving eureka endpoints via configuration
2022-06-14 14:05:47 INFO  datax-service-data-metadata AsyncResolver-bootstrap-executor-0 com.netflix.discovery.shared.resolver.aws.ConfigClusterResolver Resolving eureka endpoints via configuration
2022-06-14 14:10:47 INFO  datax-service-data-metadata AsyncResolver-bootstrap-executor-0 com.netflix.discovery.shared.resolver.aws.ConfigClusterResolver Resolving eureka endpoints via configuration
2022-06-14 14:15:47 INFO  datax-service-data-metadata AsyncResolver-bootstrap-executor-0 com.netflix.discovery.shared.resolver.aws.ConfigClusterResolver Resolving eureka endpoints via configuration
2022-06-14 14:20:47 INFO  datax-service-data-metadata AsyncResolver-bootstrap-executor-0 com.netflix.discovery.shared.resolver.aws.ConfigClusterResolver Resolving eureka endpoints via configuration
2022-06-14 14:25:47 INFO  datax-service-data-metadata AsyncResolver-bootstrap-executor-0 com.netflix.discovery.shared.resolver.aws.ConfigClusterResolver Resolving eureka endpoints via configuration
2022-06-14 14:30:47 INFO  datax-service-data-metadata AsyncResolver-bootstrap-executor-0 com.netflix.discovery.shared.resolver.aws.ConfigClusterResolver Resolving eureka endpoints via configuration
2022-06-14 14:35:47 INFO  datax-service-data-metadata AsyncResolver-bootstrap-executor-0 com.netflix.discovery.shared.resolver.aws.ConfigClusterResolver Resolving eureka endpoints via configuration
2022-06-14 14:40:47 INFO  datax-service-data-metadata AsyncResolver-bootstrap-executor-0 com.netflix.discovery.shared.resolver.aws.ConfigClusterResolver Resolving eureka endpoints via configuration
2022-06-14 14:45:47 INFO  datax-service-data-metadata AsyncResolver-bootstrap-executor-0 com.netflix.discovery.shared.resolver.aws.ConfigClusterResolver Resolving eureka endpoints via configuration
2022-06-14 14:50:47 INFO  datax-service-data-metadata AsyncResolver-bootstrap-executor-0 com.netflix.discovery.shared.resolver.aws.ConfigClusterResolver Resolving eureka endpoints via configuration
2022-06-14 14:55:47 INFO  datax-service-data-metadata AsyncResolver-bootstrap-executor-0 com.netflix.discovery.shared.resolver.aws.ConfigClusterResolver Resolving eureka endpoints via configuration
2022-06-14 15:00:47 INFO  datax-service-data-metadata AsyncResolver-bootstrap-executor-0 com.netflix.discovery.shared.resolver.aws.ConfigClusterResolver Resolving eureka endpoints via configuration
2022-06-14 15:05:47 INFO  datax-service-data-metadata AsyncResolver-bootstrap-executor-0 com.netflix.discovery.shared.resolver.aws.ConfigClusterResolver Resolving eureka endpoints via configuration
2022-06-14 15:10:47 INFO  datax-service-data-metadata AsyncResolver-bootstrap-executor-0 com.netflix.discovery.shared.resolver.aws.ConfigClusterResolver Resolving eureka endpoints via configuration
2022-06-14 15:15:47 INFO  datax-service-data-metadata AsyncResolver-bootstrap-executor-0 com.netflix.discovery.shared.resolver.aws.ConfigClusterResolver Resolving eureka endpoints via configuration
2022-06-14 15:20:47 INFO  datax-service-data-metadata AsyncResolver-bootstrap-executor-0 com.netflix.discovery.shared.resolver.aws.ConfigClusterResolver Resolving eureka endpoints via configuration
2022-06-14 15:25:47 INFO  datax-service-data-metadata AsyncResolver-bootstrap-executor-0 com.netflix.discovery.shared.resolver.aws.ConfigClusterResolver Resolving eureka endpoints via configuration
2022-06-14 15:30:47 INFO  datax-service-data-metadata AsyncResolver-bootstrap-executor-0 com.netflix.discovery.shared.resolver.aws.ConfigClusterResolver Resolving eureka endpoints via configuration
2022-06-14 15:31:47 INFO  datax-service-data-metadata XNIO-1 task-2 cn.datax.common.security.config.DataSecurityInnerAspect feign内部接口访问 getMetadataSourceById 不鉴权处理
2022-06-14 15:35:47 INFO  datax-service-data-metadata AsyncResolver-bootstrap-executor-0 com.netflix.discovery.shared.resolver.aws.ConfigClusterResolver Resolving eureka endpoints via configuration
2022-06-14 15:40:47 INFO  datax-service-data-metadata AsyncResolver-bootstrap-executor-0 com.netflix.discovery.shared.resolver.aws.ConfigClusterResolver Resolving eureka endpoints via configuration
2022-06-14 15:45:47 INFO  datax-service-data-metadata AsyncResolver-bootstrap-executor-0 com.netflix.discovery.shared.resolver.aws.ConfigClusterResolver Resolving eureka endpoints via configuration
