#
# There is insufficient memory for the Java Runtime Environment to continue.
# Native memory allocation (malloc) failed to allocate 32744 bytes for ChunkPool::allocate
# Possible reasons:
#   The system is out of physical RAM or swap space
#   In 32 bit mode, the process size limit was hit
# Possible solutions:
#   Reduce memory load on the system
#   Increase physical memory or swap space
#   Check if swap backing store is full
#   Use 64 bit Java on a 64 bit OS
#   Decrease Java heap size (-Xmx/-Xms)
#   Decrease number of Java threads
#   Decrease Java thread stack sizes (-Xss)
#   Set larger code cache with -XX:ReservedCodeCacheSize=
# This output file may be truncated or incomplete.
#
#  Out of Memory Error (allocation.cpp:273), pid=22740, tid=22704
#
# JRE version: Java(TM) SE Runtime Environment (8.0_60-b27) (build 1.8.0_60-b27)
# Java VM: Java HotSpot(TM) 64-Bit Server VM (25.60-b23 mixed mode windows-amd64 compressed oops)
# Failed to write core dump. Minidumps are not enabled by default on client versions of Windows
#

---------------  T H R E A D  ---------------

Current thread (0x000000001f1da800):  JavaThread "C2 CompilerThread0" daemon [_thread_in_native, id=22704, stack(0x000000001f430000,0x000000001f530000)]

Stack: [0x000000001f430000,0x000000001f530000]
[error occurred during error reporting (printing stack bounds), id 0xc0000005]

Native frames: (J=compiled Java code, j=interpreted, Vv=VM code, C=native code)


Current CompileTask:
C2: 125519 8898   !   4       com.fasterxml.jackson.databind.deser.BeanDeserializer::_deserializeUsingPropertyBased (570 bytes)


---------------  P R O C E S S  ---------------

Java Threads: ( => current thread )
  0x000000002f4a2000 JavaThread "logback-4" daemon [_thread_blocked, id=14004, stack(0x0000000000840000,0x0000000000940000)]
  0x000000002f4a6000 JavaThread "logback-3" daemon [_thread_blocked, id=12848, stack(0x0000000000740000,0x0000000000840000)]
  0x000000002f4a1800 JavaThread "DiscoveryClient-HeartbeatExecutor-0" daemon [_thread_blocked, id=1620, stack(0x000000002aaa0000,0x000000002aba0000)]
  0x000000002f4a0000 JavaThread "DiscoveryClient-CacheRefreshExecutor-0" daemon [_thread_blocked, id=7028, stack(0x000000002ac80000,0x000000002ad80000)]
  0x000000002f49d000 JavaThread "DestroyJavaVM" [_thread_blocked, id=19620, stack(0x0000000002760000,0x0000000002860000)]
  0x000000002f49b800 JavaThread "XNIO-1 Accept" [_thread_in_native, id=1580, stack(0x00000000301b0000,0x00000000302b0000)]
  0x000000002f49a000 JavaThread "XNIO-1 I/O-8" [_thread_in_native, id=20592, stack(0x00000000300b0000,0x00000000301b0000)]
  0x000000002f49c000 JavaThread "XNIO-1 I/O-7" [_thread_in_native, id=12860, stack(0x000000002ffb0000,0x00000000300b0000)]
  0x000000002f49e800 JavaThread "XNIO-1 I/O-6" [_thread_in_native, id=6204, stack(0x000000002feb0000,0x000000002ffb0000)]
  0x000000002f49d800 JavaThread "XNIO-1 I/O-5" [_thread_in_native, id=11004, stack(0x000000002fdb0000,0x000000002feb0000)]
  0x000000002f49f000 JavaThread "XNIO-1 I/O-4" [_thread_in_native, id=22996, stack(0x000000002da70000,0x000000002db70000)]
  0x000000002f49a800 JavaThread "XNIO-1 I/O-3" [_thread_in_native, id=12304, stack(0x000000002d970000,0x000000002da70000)]
  0x00000000204b9000 JavaThread "XNIO-1 I/O-2" [_thread_in_native, id=11304, stack(0x000000002d370000,0x000000002d470000)]
  0x0000000023ac7800 JavaThread "XNIO-1 I/O-1" [_thread_in_native, id=7124, stack(0x0000000029bd0000,0x0000000029cd0000)]
  0x0000000023ac6800 JavaThread "DiscoveryClient-InstanceInfoReplicator-0" daemon [_thread_blocked, id=14972, stack(0x000000002d170000,0x000000002d270000)]
  0x0000000023ac6000 JavaThread "DiscoveryClient-1" daemon [_thread_blocked, id=18140, stack(0x000000002d070000,0x000000002d170000)]
  0x0000000023ac4800 JavaThread "DiscoveryClient-0" daemon [_thread_blocked, id=1076, stack(0x000000002c800000,0x000000002c900000)]
  0x0000000023ab9000 JavaThread "AsyncResolver-bootstrap-0" daemon [_thread_blocked, id=18080, stack(0x000000002b180000,0x000000002b280000)]
  0x0000000023ac0000 JavaThread "Apache-HttpClient-Conn-Cleaner2" daemon [_thread_blocked, id=9856, stack(0x000000002c490000,0x000000002c590000)]
  0x0000000023ac3800 JavaThread "spring.cloud.inetutils" daemon [_thread_blocked, id=2936, stack(0x0000000029ad0000,0x0000000029bd0000)]
  0x0000000023ac5000 JavaThread "Keep-Alive-Timer" daemon [_thread_blocked, id=22836, stack(0x0000000022350000,0x0000000022450000)]
  0x0000000023aba000 JavaThread "mysql housekeeper" daemon [_thread_blocked, id=3692, stack(0x00000000299d0000,0x0000000029ad0000)]
  0x0000000023abf000 JavaThread "mysql-cj-abandoned-connection-cleanup" daemon [_thread_blocked, id=2504, stack(0x0000000028280000,0x0000000028380000)]
  0x0000000023abe800 JavaThread "commons-pool-evictor-thread" daemon [_thread_blocked, id=15828, stack(0x0000000024480000,0x0000000024580000)]
  0x0000000023abd800 JavaThread "RxIoScheduler-1 (Evictor)" daemon [_thread_blocked, id=9756, stack(0x0000000028410000,0x0000000028510000)]
  0x00000000204b9800 JavaThread "logback-2" daemon [_thread_blocked, id=20676, stack(0x00000000219d0000,0x0000000021ad0000)]
  0x000000001f24d800 JavaThread "Service Thread" daemon [_thread_blocked, id=17164, stack(0x000000001f830000,0x000000001f930000)]
  0x000000001f1e9800 JavaThread "C1 CompilerThread3" daemon [_thread_blocked, id=21092, stack(0x000000001f730000,0x000000001f830000)]
  0x000000001f1e9000 JavaThread "C2 CompilerThread2" daemon [_thread_blocked, id=10492, stack(0x000000001f630000,0x000000001f730000)]
  0x000000001f1e8000 JavaThread "C2 CompilerThread1" daemon [_thread_blocked, id=9096, stack(0x000000001f530000,0x000000001f630000)]
=>0x000000001f1da800 JavaThread "C2 CompilerThread0" daemon [_thread_in_native, id=22704, stack(0x000000001f430000,0x000000001f530000)]
  0x000000001f1d8000 JavaThread "Monitor Ctrl-Break" daemon [_thread_in_native, id=15808, stack(0x000000001f330000,0x000000001f430000)]
  0x000000001e5c4000 JavaThread "Attach Listener" daemon [_thread_blocked, id=21604, stack(0x000000001ea30000,0x000000001eb30000)]
  0x000000001e5c3800 JavaThread "Signal Dispatcher" daemon [_thread_blocked, id=18636, stack(0x000000001e930000,0x000000001ea30000)]
  0x000000001c500800 JavaThread "Finalizer" daemon [_thread_blocked, id=2252, stack(0x000000001e3c0000,0x000000001e4c0000)]
  0x000000001c4ff800 JavaThread "Reference Handler" daemon [_thread_blocked, id=14816, stack(0x000000001e2c0000,0x000000001e3c0000)]

Other Threads:
  0x000000001c4fb800 VMThread [stack: 0x000000001e1c0000,0x000000001e2c0000] [id=14324]
  0x000000001f993800 WatcherThread [stack: 0x0000000020900000,0x0000000020a00000] [id=17708]

VM state:not at safepoint (normal execution)

VM Mutex/Monitor currently owned by a thread: None

Heap:
 PSYoungGen      total 506368K, used 95530K [0x000000076b700000, 0x0000000792380000, 0x00000007c0000000)
  eden space 485376K, 15% used [0x000000076b700000,0x000000076ffd1928,0x0000000789100000)
  from space 20992K, 99% used [0x0000000789100000,0x000000078a578f60,0x000000078a580000)
  to   space 29184K, 0% used [0x0000000790700000,0x0000000790700000,0x0000000792380000)
 ParOldGen       total 181248K, used 50842K [0x00000006c2400000, 0x00000006cd500000, 0x000000076b700000)
  object space 181248K, 28% used [0x00000006c2400000,0x00000006c55a6b10,0x00000006cd500000)
 Metaspace       used 79492K, capacity 83203K, committed 83496K, reserved 1122304K
  class space    used 10558K, capacity 11194K, committed 11304K, reserved 1048576K

Card table byte_map: [0x0000000011eb0000,0x00000000126a0000] byte_map_base: 0x000000000e89e000

Marking Bits: (ParMarkBitMap*) 0x000000007501a5b0
 Begin Bits: [0x00000000133f0000, 0x0000000017360000)
 End Bits:   [0x0000000017360000, 0x000000001b2d0000)

Polling page: 0x00000000023a0000

CodeCache: size=245760Kb used=26577Kb max_used=26589Kb free=219182Kb
 bounds [0x0000000002af0000, 0x0000000004510000, 0x0000000011af0000]
 total_blobs=8078 nmethods=7437 adapters=552
 compilation: enabled

Compilation events (10 events):
Event: 125.485 Thread 0x000000001f1e9800 8894       3       java.util.Collections::synchronizedMap (9 bytes)
Event: 125.485 Thread 0x000000001f1e9800 nmethod 8894 0x00000000044fd990 code [0x00000000044fdb20, 0x00000000044fdee8]
Event: 125.485 Thread 0x000000001f1e9800 8895       3       org.springframework.util.LinkedCaseInsensitiveMap$EntrySetIterator::next (5 bytes)
Event: 125.486 Thread 0x000000001f1e9800 nmethod 8895 0x00000000044fe0d0 code [0x00000000044fe260, 0x00000000044fe6e8]
Event: 125.486 Thread 0x000000001f1e9800 8896       3       org.springframework.util.LinkedCaseInsensitiveMap$EntrySetIterator::next (5 bytes)
Event: 125.486 Thread 0x000000001f1e9800 nmethod 8896 0x00000000044fe850 code [0x00000000044fe9c0, 0x00000000044fede8]
Event: 125.486 Thread 0x000000001f1e9800 8897       3       org.springframework.util.LinkedCaseInsensitiveMap$EntryIterator::nextEntry (20 bytes)
Event: 125.486 Thread 0x000000001f1e9800 nmethod 8897 0x00000000044fef10 code [0x00000000044ff080, 0x00000000044ff3c8]
Event: 125.487 Thread 0x000000001f1da800 8898   !   4       com.fasterxml.jackson.databind.deser.BeanDeserializer::_deserializeUsingPropertyBased (570 bytes)
Event: 125.490 Thread 0x000000001f1e9000 nmethod 8893 0x0000000004502510 code [0x0000000004502660, 0x0000000004502ac8]

GC Heap History (10 events):
Event: 9.701 GC heap before
{Heap before GC invocations=10 (full 2):
 PSYoungGen      total 244736K, used 230912K [0x000000076b700000, 0x0000000785f80000, 0x00000007c0000000)
  eden space 230912K, 100% used [0x000000076b700000,0x0000000779880000,0x0000000779880000)
  from space 13824K, 0% used [0x0000000779880000,0x0000000779880000,0x000000077a600000)
  to   space 15360K, 0% used [0x0000000785080000,0x0000000785080000,0x0000000785f80000)
 ParOldGen       total 123392K, used 18182K [0x00000006c2400000, 0x00000006c9c80000, 0x000000076b700000)
  object space 123392K, 14% used [0x00000006c2400000,0x00000006c35c1bc8,0x00000006c9c80000)
 Metaspace       used 42502K, capacity 44124K, committed 44456K, reserved 1087488K
  class space    used 5661K, capacity 5968K, committed 6056K, reserved 1048576K
Event: 9.713 GC heap after
Heap after GC invocations=10 (full 2):
 PSYoungGen      total 380416K, used 12632K [0x000000076b700000, 0x0000000785d00000, 0x00000007c0000000)
  eden space 367616K, 0% used [0x000000076b700000,0x000000076b700000,0x0000000781e00000)
  from space 12800K, 98% used [0x0000000785080000,0x0000000785cd6018,0x0000000785d00000)
  to   space 15872K, 0% used [0x0000000783e00000,0x0000000783e00000,0x0000000784d80000)
 ParOldGen       total 123392K, used 18190K [0x00000006c2400000, 0x00000006c9c80000, 0x000000076b700000)
  object space 123392K, 14% used [0x00000006c2400000,0x00000006c35c3bc8,0x00000006c9c80000)
 Metaspace       used 42502K, capacity 44124K, committed 44456K, reserved 1087488K
  class space    used 5661K, capacity 5968K, committed 6056K, reserved 1048576K
}
Event: 12.542 GC heap before
{Heap before GC invocations=11 (full 2):
 PSYoungGen      total 380416K, used 234549K [0x000000076b700000, 0x0000000785d00000, 0x00000007c0000000)
  eden space 367616K, 60% used [0x000000076b700000,0x0000000778fb7618,0x0000000781e00000)
  from space 12800K, 98% used [0x0000000785080000,0x0000000785cd6018,0x0000000785d00000)
  to   space 15872K, 0% used [0x0000000783e00000,0x0000000783e00000,0x0000000784d80000)
 ParOldGen       total 123392K, used 18190K [0x00000006c2400000, 0x00000006c9c80000, 0x000000076b700000)
  object space 123392K, 14% used [0x00000006c2400000,0x00000006c35c3bc8,0x00000006c9c80000)
 Metaspace       used 56645K, capacity 59137K, committed 59160K, reserved 1099776K
  class space    used 7504K, capacity 7953K, committed 7976K, reserved 1048576K
Event: 12.562 GC heap after
Heap after GC invocations=11 (full 2):
 PSYoungGen      total 416256K, used 15846K [0x000000076b700000, 0x000000078bc80000, 0x00000007c0000000)
  eden space 400384K, 0% used [0x000000076b700000,0x000000076b700000,0x0000000783e00000)
  from space 15872K, 99% used [0x0000000783e00000,0x0000000784d798a0,0x0000000784d80000)
  to   space 20480K, 0% used [0x000000078a880000,0x000000078a880000,0x000000078bc80000)
 ParOldGen       total 123392K, used 25209K [0x00000006c2400000, 0x00000006c9c80000, 0x000000076b700000)
  object space 123392K, 20% used [0x00000006c2400000,0x00000006c3c9e598,0x00000006c9c80000)
 Metaspace       used 56645K, capacity 59137K, committed 59160K, reserved 1099776K
  class space    used 7504K, capacity 7953K, committed 7976K, reserved 1048576K
}
Event: 12.562 GC heap before
{Heap before GC invocations=12 (full 3):
 PSYoungGen      total 416256K, used 15846K [0x000000076b700000, 0x000000078bc80000, 0x00000007c0000000)
  eden space 400384K, 0% used [0x000000076b700000,0x000000076b700000,0x0000000783e00000)
  from space 15872K, 99% used [0x0000000783e00000,0x0000000784d798a0,0x0000000784d80000)
  to   space 20480K, 0% used [0x000000078a880000,0x000000078a880000,0x000000078bc80000)
 ParOldGen       total 123392K, used 25209K [0x00000006c2400000, 0x00000006c9c80000, 0x000000076b700000)
  object space 123392K, 20% used [0x00000006c2400000,0x00000006c3c9e598,0x00000006c9c80000)
 Metaspace       used 56645K, capacity 59137K, committed 59160K, reserved 1099776K
  class space    used 7504K, capacity 7953K, committed 7976K, reserved 1048576K
Event: 12.775 GC heap after
Heap after GC invocations=12 (full 3):
 PSYoungGen      total 416256K, used 0K [0x000000076b700000, 0x000000078bc80000, 0x00000007c0000000)
  eden space 400384K, 0% used [0x000000076b700000,0x000000076b700000,0x0000000783e00000)
  from space 15872K, 0% used [0x0000000783e00000,0x0000000783e00000,0x0000000784d80000)
  to   space 20480K, 0% used [0x000000078a880000,0x000000078a880000,0x000000078bc80000)
 ParOldGen       total 181248K, used 35500K [0x00000006c2400000, 0x00000006cd500000, 0x000000076b700000)
  object space 181248K, 19% used [0x00000006c2400000,0x00000006c46ab020,0x00000006cd500000)
 Metaspace       used 56645K, capacity 59137K, committed 59160K, reserved 1099776K
  class space    used 7504K, capacity 7953K, committed 7976K, reserved 1048576K
}
Event: 17.359 GC heap before
{Heap before GC invocations=13 (full 3):
 PSYoungGen      total 416256K, used 400384K [0x000000076b700000, 0x000000078bc80000, 0x00000007c0000000)
  eden space 400384K, 100% used [0x000000076b700000,0x0000000783e00000,0x0000000783e00000)
  from space 15872K, 0% used [0x0000000783e00000,0x0000000783e00000,0x0000000784d80000)
  to   space 20480K, 0% used [0x000000078a880000,0x000000078a880000,0x000000078bc80000)
 ParOldGen       total 181248K, used 35500K [0x00000006c2400000, 0x00000006cd500000, 0x000000076b700000)
  object space 181248K, 19% used [0x00000006c2400000,0x00000006c46ab020,0x00000006cd500000)
 Metaspace       used 63056K, capacity 66007K, committed 66216K, reserved 1105920K
  class space    used 8278K, capacity 8814K, committed 8872K, reserved 1048576K
Event: 17.375 GC heap after
Heap after GC invocations=13 (full 3):
 PSYoungGen      total 503296K, used 14361K [0x000000076b700000, 0x000000078ba00000, 0x00000007c0000000)
  eden space 485376K, 0% used [0x000000076b700000,0x000000076b700000,0x0000000789100000)
  from space 17920K, 80% used [0x000000078a880000,0x000000078b686540,0x000000078ba00000)
  to   space 20992K, 0% used [0x0000000789100000,0x0000000789100000,0x000000078a580000)
 ParOldGen       total 181248K, used 35508K [0x00000006c2400000, 0x00000006cd500000, 0x000000076b700000)
  object space 181248K, 19% used [0x00000006c2400000,0x00000006c46ad020,0x00000006cd500000)
 Metaspace       used 63056K, capacity 66007K, committed 66216K, reserved 1105920K
  class space    used 8278K, capacity 8814K, committed 8872K, reserved 1048576K
}
Event: 24.125 GC heap before
{Heap before GC invocations=14 (full 3):
 PSYoungGen      total 503296K, used 499737K [0x000000076b700000, 0x000000078ba00000, 0x00000007c0000000)
  eden space 485376K, 100% used [0x000000076b700000,0x0000000789100000,0x0000000789100000)
  from space 17920K, 80% used [0x000000078a880000,0x000000078b686540,0x000000078ba00000)
  to   space 20992K, 0% used [0x0000000789100000,0x0000000789100000,0x000000078a580000)
 ParOldGen       total 181248K, used 35508K [0x00000006c2400000, 0x00000006cd500000, 0x000000076b700000)
  object space 181248K, 19% used [0x00000006c2400000,0x00000006c46ad020,0x00000006cd500000)
 Metaspace       used 77945K, capacity 81563K, committed 81832K, reserved 1120256K
  class space    used 10412K, capacity 11052K, committed 11176K, reserved 1048576K
Event: 24.157 GC heap after
Heap after GC invocations=14 (full 3):
 PSYoungGen      total 506368K, used 20963K [0x000000076b700000, 0x0000000792380000, 0x00000007c0000000)
  eden space 485376K, 0% used [0x000000076b700000,0x000000076b700000,0x0000000789100000)
  from space 20992K, 99% used [0x0000000789100000,0x000000078a578f60,0x000000078a580000)
  to   space 29184K, 0% used [0x0000000790700000,0x0000000790700000,0x0000000792380000)
 ParOldGen       total 181248K, used 50842K [0x00000006c2400000, 0x00000006cd500000, 0x000000076b700000)
  object space 181248K, 28% used [0x00000006c2400000,0x00000006c55a6b10,0x00000006cd500000)
 Metaspace       used 77945K, capacity 81563K, committed 81832K, reserved 1120256K
  class space    used 10412K, capacity 11052K, committed 11176K, reserved 1048576K
}

Deoptimization events (10 events):
Event: 24.200 Thread 0x0000000002869800 Uncommon trap: reason=bimorphic action=maybe_recompile pc=0x0000000003f959cc method=java.util.AbstractList.listIterator()Ljava/util/ListIterator; @ 2
Event: 24.201 Thread 0x0000000002869800 Uncommon trap: reason=bimorphic action=maybe_recompile pc=0x0000000003f959cc method=java.util.AbstractList.listIterator()Ljava/util/ListIterator; @ 2
Event: 24.224 Thread 0x0000000002869800 Uncommon trap: reason=unstable_if action=reinterpret pc=0x0000000003ab77cc method=java.lang.CharacterData.of(I)Ljava/lang/CharacterData; @ 4
Event: 24.229 Thread 0x0000000002869800 Uncommon trap: reason=bimorphic action=maybe_recompile pc=0x0000000003f959cc method=java.util.AbstractList.listIterator()Ljava/util/ListIterator; @ 2
Event: 24.229 Thread 0x0000000002869800 Uncommon trap: reason=bimorphic action=maybe_recompile pc=0x0000000003f959cc method=java.util.AbstractList.listIterator()Ljava/util/ListIterator; @ 2
Event: 25.371 Thread 0x000000002f4a0000 Uncommon trap: reason=bimorphic action=maybe_recompile pc=0x0000000003ade63c method=java.util.HashMap.removeNode(ILjava/lang/Object;Ljava/lang/Object;ZZ)Ljava/util/HashMap$Node; @ 68
Event: 25.371 Thread 0x000000002f4a0000 Uncommon trap: reason=bimorphic action=maybe_recompile pc=0x0000000003ade63c method=java.util.HashMap.removeNode(ILjava/lang/Object;Ljava/lang/Object;ZZ)Ljava/util/HashMap$Node; @ 68
Event: 25.371 Thread 0x000000002f4a0000 Uncommon trap: reason=bimorphic action=maybe_recompile pc=0x0000000003ade63c method=java.util.HashMap.removeNode(ILjava/lang/Object;Ljava/lang/Object;ZZ)Ljava/util/HashMap$Node; @ 68
Event: 28.417 Thread 0x000000002f4a0000 Uncommon trap: reason=bimorphic action=maybe_recompile pc=0x0000000003ade63c method=java.util.HashMap.removeNode(ILjava/lang/Object;Ljava/lang/Object;ZZ)Ljava/util/HashMap$Node; @ 68
Event: 42.368 Thread 0x000000002f4a1800 Uncommon trap: reason=unstable_if action=reinterpret pc=0x0000000003a4365c method=java.io.BufferedInputStream.read1([BII)I @ 29

Internal exceptions (10 events):
Event: 101.247 Thread 0x000000002f4a0000 Exception <a 'java/net/SocketTimeoutException': Read timed out> (0x000000076fd91748) thrown at [C:\re\workspace\8-2-build-windows-amd64-cygwin\jdk8u60\4407\hotspot\src\share\vm\prims\jni.cpp, line 735]
Event: 102.439 Thread 0x000000002f4a1800 Exception <a 'java/net/SocketTimeoutException': Read timed out> (0x000000076f085a08) thrown at [C:\re\workspace\8-2-build-windows-amd64-cygwin\jdk8u60\4407\hotspot\src\share\vm\prims\jni.cpp, line 735]
Event: 104.267 Thread 0x000000002f4a0000 Exception <a 'java/net/SocketTimeoutException': Read timed out> (0x000000076fdcf4e0) thrown at [C:\re\workspace\8-2-build-windows-amd64-cygwin\jdk8u60\4407\hotspot\src\share\vm\prims\jni.cpp, line 735]
Event: 107.301 Thread 0x000000002f4a0000 Exception <a 'java/net/SocketTimeoutException': Read timed out> (0x000000076fe0d228) thrown at [C:\re\workspace\8-2-build-windows-amd64-cygwin\jdk8u60\4407\hotspot\src\share\vm\prims\jni.cpp, line 735]
Event: 110.337 Thread 0x000000002f4a0000 Exception <a 'java/net/SocketTimeoutException': Read timed out> (0x000000076fe4aed8) thrown at [C:\re\workspace\8-2-build-windows-amd64-cygwin\jdk8u60\4407\hotspot\src\share\vm\prims\jni.cpp, line 735]
Event: 113.359 Thread 0x000000002f4a0000 Exception <a 'java/net/SocketTimeoutException': Read timed out> (0x000000076fe88b88) thrown at [C:\re\workspace\8-2-build-windows-amd64-cygwin\jdk8u60\4407\hotspot\src\share\vm\prims\jni.cpp, line 735]
Event: 116.395 Thread 0x000000002f4a0000 Exception <a 'java/net/SocketTimeoutException': Read timed out> (0x000000076fec6838) thrown at [C:\re\workspace\8-2-build-windows-amd64-cygwin\jdk8u60\4407\hotspot\src\share\vm\prims\jni.cpp, line 735]
Event: 119.420 Thread 0x000000002f4a0000 Exception <a 'java/net/SocketTimeoutException': Read timed out> (0x000000076ff04600) thrown at [C:\re\workspace\8-2-build-windows-amd64-cygwin\jdk8u60\4407\hotspot\src\share\vm\prims\jni.cpp, line 735]
Event: 122.449 Thread 0x000000002f4a0000 Exception <a 'java/net/SocketTimeoutException': Read timed out> (0x000000076ff422b0) thrown at [C:\re\workspace\8-2-build-windows-amd64-cygwin\jdk8u60\4407\hotspot\src\share\vm\prims\jni.cpp, line 735]
Event: 125.483 Thread 0x000000002f4a0000 Exception <a 'java/net/SocketTimeoutException': Read timed out> (0x000000076ff7ff60) thrown at [C:\re\workspace\8-2-build-windows-amd64-cygwin\jdk8u60\4407\hotspot\src\share\vm\prims\jni.cpp, line 735]

Events (10 events):
Event: 104.272 Thread 0x000000001f1e9800 flushing nmethod 0x000000000311e450
Event: 104.561 Thread 0x000000001f1e9000 flushing nmethod 0x00000000032cfa50
Event: 104.561 Thread 0x000000001f1e9000 flushing nmethod 0x0000000003319310
Event: 107.305 Thread 0x000000001f1e9800 flushing nmethod 0x0000000003461c50
Event: 107.306 Thread 0x000000001f1e9800 flushing nmethod 0x0000000003506610
Event: 107.346 Thread 0x000000001f1e9000 flushing nmethod 0x0000000003cc9910
Event: 110.340 Thread 0x000000001f1e9800 flushing nmethod 0x000000000428e290
Event: 125.077 Thread 0x000000002f4a2000 Thread added: 0x000000002f4a2000
Event: 125.468 Executing VM operation: RevokeBias
Event: 125.468 Executing VM operation: RevokeBias done


Dynamic libraries:
0x00007ff652210000 - 0x00007ff652247000 	D:\Java\jdk1.8.0_60\bin\java.exe
0x00007ffa1afe0000 - 0x00007ffa1b1e9000 	C:\WINDOWS\SYSTEM32\ntdll.dll
0x00007ffa19a70000 - 0x00007ffa19b2d000 	C:\WINDOWS\System32\KERNEL32.DLL
0x00007ffa188a0000 - 0x00007ffa18c19000 	C:\WINDOWS\System32\KERNELBASE.dll
0x00007ffa19060000 - 0x00007ffa1910e000 	C:\WINDOWS\System32\ADVAPI32.dll
0x00007ffa1a8a0000 - 0x00007ffa1a943000 	C:\WINDOWS\System32\msvcrt.dll
0x00007ffa1a7e0000 - 0x00007ffa1a87e000 	C:\WINDOWS\System32\sechost.dll
0x00007ffa1a990000 - 0x00007ffa1aab0000 	C:\WINDOWS\System32\RPCRT4.dll
0x00007ffa19110000 - 0x00007ffa192bc000 	C:\WINDOWS\System32\USER32.dll
0x00007ffa18870000 - 0x00007ffa18896000 	C:\WINDOWS\System32\win32u.dll
0x00007ffa1af70000 - 0x00007ffa1af99000 	C:\WINDOWS\System32\GDI32.dll
0x00007ffa18570000 - 0x00007ffa18682000 	C:\WINDOWS\System32\gdi32full.dll
0x00007ffa184d0000 - 0x00007ffa1856d000 	C:\WINDOWS\System32\msvcp_win.dll
0x00007ffa18750000 - 0x00007ffa18861000 	C:\WINDOWS\System32\ucrtbase.dll
0x00007ffa07dd0000 - 0x00007ffa08075000 	C:\WINDOWS\WinSxS\amd64_microsoft.windows.common-controls_6595b64144ccf1df_6.0.22000.120_none_9d947278b86cc467\COMCTL32.dll
0x00007ffa1a950000 - 0x00007ffa1a981000 	C:\WINDOWS\System32\IMM32.DLL
0x00000000750a0000 - 0x0000000075172000 	D:\Java\jdk1.8.0_60\jre\bin\msvcr100.dll
0x0000000074810000 - 0x0000000075099000 	D:\Java\jdk1.8.0_60\jre\bin\server\jvm.dll
0x00007ffa1a880000 - 0x00007ffa1a888000 	C:\WINDOWS\System32\PSAPI.DLL
0x00007ff9fb710000 - 0x00007ff9fb719000 	C:\WINDOWS\SYSTEM32\WSOCK32.dll
0x00007ffa117b0000 - 0x00007ffa117e3000 	C:\WINDOWS\SYSTEM32\WINMM.dll
0x00007ffa19cf0000 - 0x00007ffa19d5f000 	C:\WINDOWS\System32\WS2_32.dll
0x00007ffa043f0000 - 0x00007ffa043fa000 	C:\WINDOWS\SYSTEM32\VERSION.dll
0x0000000074800000 - 0x000000007480f000 	D:\Java\jdk1.8.0_60\jre\bin\verify.dll
0x00000000747d0000 - 0x00000000747f9000 	D:\Java\jdk1.8.0_60\jre\bin\java.dll
0x0000000074780000 - 0x00000000747a3000 	D:\Java\jdk1.8.0_60\jre\bin\instrument.dll
0x00000000747b0000 - 0x00000000747c6000 	D:\Java\jdk1.8.0_60\jre\bin\zip.dll
0x00007ffa192c0000 - 0x00007ffa19a6f000 	C:\WINDOWS\System32\SHELL32.dll
0x00007ffa16650000 - 0x00007ffa16eb8000 	C:\WINDOWS\SYSTEM32\windows.storage.dll
0x00007ffa1aab0000 - 0x00007ffa1ae28000 	C:\WINDOWS\System32\combase.dll
0x00007ffa164e0000 - 0x00007ffa16646000 	C:\WINDOWS\SYSTEM32\wintypes.dll
0x00007ffa1a1d0000 - 0x00007ffa1a2ba000 	C:\WINDOWS\System32\SHCORE.dll
0x00007ffa19c90000 - 0x00007ffa19ced000 	C:\WINDOWS\System32\shlwapi.dll
0x00007ffa18400000 - 0x00007ffa18421000 	C:\WINDOWS\SYSTEM32\profapi.dll
0x00007ffa06420000 - 0x00007ffa0643a000 	D:\JetBrains\IntelliJ IDEA 2019.1\bin\breakgen64.dll
0x0000000074760000 - 0x000000007477a000 	D:\Java\jdk1.8.0_60\jre\bin\net.dll
0x00007ffa17af0000 - 0x00007ffa17b57000 	C:\WINDOWS\system32\mswsock.dll
0x00007ffa171f0000 - 0x00007ffa1721d000 	C:\WINDOWS\SYSTEM32\IPHLPAPI.DLL
0x00007ffa1a890000 - 0x00007ffa1a899000 	C:\WINDOWS\System32\NSI.dll
0x00007ffa10fe0000 - 0x00007ffa10ff9000 	C:\WINDOWS\SYSTEM32\dhcpcsvc6.DLL
0x00007ffa114a0000 - 0x00007ffa114be000 	C:\WINDOWS\SYSTEM32\dhcpcsvc.DLL
0x00007ffa17220000 - 0x00007ffa17308000 	C:\WINDOWS\SYSTEM32\DNSAPI.dll
0x00007ff9fb3f0000 - 0x00007ff9fb41f000 	C:\Program Files (x86)\Sangfor\SSL\ClientComponent4\SangforNspX64.dll
0x00007ffa19e80000 - 0x00007ffa1a01a000 	C:\WINDOWS\System32\ole32.dll
0x00007ffa19b30000 - 0x00007ffa19c06000 	C:\WINDOWS\System32\OLEAUT32.dll
0x00007ffa032b0000 - 0x00007ffa0342b000 	C:\Program Files (x86)\Sangfor\SSL\ClientComponent4\SangforTcpX64.dll
0x00007ffa18ca0000 - 0x00007ffa18d07000 	C:\WINDOWS\System32\WINTRUST.dll
0x00007ffa18d10000 - 0x00007ffa18e72000 	C:\WINDOWS\System32\CRYPT32.dll
0x00007ffa17d90000 - 0x00007ffa17da2000 	C:\WINDOWS\SYSTEM32\MSASN1.dll
0x00007ffa023b0000 - 0x00007ffa023ba000 	C:\Windows\System32\rasadhlp.dll
0x00007ffa0fab0000 - 0x00007ffa0fb31000 	C:\WINDOWS\System32\fwpuclnt.dll
0x0000000074730000 - 0x000000007473d000 	D:\Java\jdk1.8.0_60\jre\bin\management.dll
0x00007ff9ffe40000 - 0x00007ff9ffe57000 	C:\WINDOWS\system32\napinsp.dll
0x00007ffa00500000 - 0x00007ffa0051b000 	C:\WINDOWS\system32\pnrpnsp.dll
0x00007ffa00a00000 - 0x00007ffa00a12000 	C:\WINDOWS\System32\winrnr.dll
0x00007ffa103b0000 - 0x00007ffa103c5000 	C:\WINDOWS\system32\wshbth.dll
0x00007ff9cb820000 - 0x00007ff9cb83f000 	C:\WINDOWS\system32\nlansp_c.dll
0x0000000074740000 - 0x0000000074751000 	D:\Java\jdk1.8.0_60\jre\bin\nio.dll
0x00007ffa17d40000 - 0x00007ffa17d58000 	C:\WINDOWS\SYSTEM32\CRYPTSP.dll
0x00007ffa17620000 - 0x00007ffa17655000 	C:\WINDOWS\system32\rsaenh.dll
0x00007ffa17be0000 - 0x00007ffa17c09000 	C:\WINDOWS\SYSTEM32\USERENV.dll
0x00007ffa17eb0000 - 0x00007ffa17ed7000 	C:\WINDOWS\SYSTEM32\bcrypt.dll
0x00007ffa18c20000 - 0x00007ffa18c9f000 	C:\WINDOWS\System32\bcryptprimitives.dll
0x00007ffa17d30000 - 0x00007ffa17d3c000 	C:\WINDOWS\SYSTEM32\CRYPTBASE.dll
0x0000000074700000 - 0x0000000074724000 	D:\Java\jdk1.8.0_60\jre\bin\sunec.dll
0x00000000746f0000 - 0x00000000746fb000 	D:\Java\jdk1.8.0_60\jre\bin\sunmscapi.dll

VM Arguments:
jvm_args: -javaagent:D:\JetBrains\IntelliJ IDEA 2019.1\lib\idea_rt.jar=56689:D:\JetBrains\IntelliJ IDEA 2019.1\bin -Dfile.encoding=UTF-8 
java_command: cn.datax.service.data.visual.DataxVisualApplication
java_class_path (initial): D:\Java\jdk1.8.0_60\jre\lib\charsets.jar;D:\Java\jdk1.8.0_60\jre\lib\deploy.jar;D:\Java\jdk1.8.0_60\jre\lib\ext\access-bridge-64.jar;D:\Java\jdk1.8.0_60\jre\lib\ext\cldrdata.jar;D:\Java\jdk1.8.0_60\jre\lib\ext\dnsns.jar;D:\Java\jdk1.8.0_60\jre\lib\ext\jaccess.jar;D:\Java\jdk1.8.0_60\jre\lib\ext\jfxrt.jar;D:\Java\jdk1.8.0_60\jre\lib\ext\localedata.jar;D:\Java\jdk1.8.0_60\jre\lib\ext\nashorn.jar;D:\Java\jdk1.8.0_60\jre\lib\ext\sunec.jar;D:\Java\jdk1.8.0_60\jre\lib\ext\sunjce_provider.jar;D:\Java\jdk1.8.0_60\jre\lib\ext\sunmscapi.jar;D:\Java\jdk1.8.0_60\jre\lib\ext\sunpkcs11.jar;D:\Java\jdk1.8.0_60\jre\lib\ext\zipfs.jar;D:\Java\jdk1.8.0_60\jre\lib\javaws.jar;D:\Java\jdk1.8.0_60\jre\lib\jce.jar;D:\Java\jdk1.8.0_60\jre\lib\jfr.jar;D:\Java\jdk1.8.0_60\jre\lib\jfxswt.jar;D:\Java\jdk1.8.0_60\jre\lib\jsse.jar;D:\Java\jdk1.8.0_60\jre\lib\management-agent.jar;D:\Java\jdk1.8.0_60\jre\lib\plugin.jar;D:\Java\jdk1.8.0_60\jre\lib\resources.jar;D:\Java\jdk1.8.0_60\jre\lib\rt.jar;D:\IdeaProjects\datax-cloud\datax-modules\data-visual-service-parent\data-visual-service\target\classes;D:\apache-maven-3.5.3\repository\org\springframework\boot\spring-boot-starter-web\2.3.5.RELEASE\spring-boot-starter-web-2.3.5.RELEASE.jar;D:\apache-maven-3.5.3\repository\org\springframework\boot\spring-boot-starter\2.3.5.RELEASE\spring-boot-starter-2.3.5.RELEASE.jar;D:\apache-maven-3.5.3\repository\org\springframework\boot\spring-boot\2.3.5.RELEASE\spring-boot-2.3.5.RELEASE.jar;D:\apache-maven-3.5.3\repository\org\springframework\boot\spring-boot-autoconfigure\2.3.5.RELEASE\spring-boot-autoconfigure-2.3.5.RELEASE.jar;D:\apache-maven-3.5.3\repository\org\springframework\boot\spring-boot-starter-logging\2.3.5.RELEASE\spring-boot-starter-logging-2.3.5.RELEASE.jar;D:\apache-maven-3.5.3\repository\ch\qos\logback\logback-classic\1.2.3\logback-classic-1.2.3.jar;D:\apache-maven-3.5.3\repository\ch\qos\logback\logback-core\1.2.3\logback-core-1.2.3.jar;D:\apache-maven-3.5.3\repository\o
Launcher Type: SUN_STANDARD

Environment Variables:
JAVA_HOME=D:\Java\jdk1.8.0_60
CLASSPATH=.;D:\Java\jdk1.8.0_60\lib;D:\Java\jdk1.8.0_60\lib\tools.jar
PATH=C:\Windows\System32;C:\Windows;C:\Windows\System32\wbem;C:\Windows\System32\WindowsPowerShell\v1.0\;C:\Windows\System32\OpenSSH\;C:\Program Files\Common Files\Intel\WirelessCommon\;D:\Java\jdk1.8.0_60\bin;D:\Java\jdk1.8.0_60\jre\bin;C:\WINDOWS\system32;C:\WINDOWS;C:\WINDOWS\System32\Wbem;C:\WINDOWS\System32\WindowsPowerShell\v1.0\;C:\WINDOWS\System32\OpenSSH\;D:\mysql-8.0.21-winx64\bin;D:\program files\xshell\;D:\program files\xftp\;D:\python36\;D:\Program Files\TortoiseSVN\bin;D:\Program Files\nodejs\;C:\Users\user\AppData\Local\Microsoft\WindowsApps;D:\python36\;C:\Users\user\AppData\Roaming\npm
USERNAME=user
OS=Windows_NT
PROCESSOR_IDENTIFIER=Intel64 Family 6 Model 142 Stepping 10, GenuineIntel



---------------  S Y S T E M  ---------------

OS: Windows 10.0 , 64 bit Build 22000 (10.0.22000.675)

CPU:total 8 (4 cores per cpu, 2 threads per core) family 6 model 142 stepping 10, cmov, cx8, fxsr, mmx, sse, sse2, sse3, ssse3, sse4.1, sse4.2, popcnt, avx, avx2, aes, clmul, erms, 3dnowpref, lzcnt, ht, tsc, tscinvbit, bmi1, bmi2, adx

Memory: 4k page, physical 16627832k(473608k free), swap 32093684k(0k free)

vm_info: Java HotSpot(TM) 64-Bit Server VM (25.60-b23) for windows-amd64 JRE (1.8.0_60-b27), built on Aug  4 2015 11:06:27 by "java_re" with MS VC++ 10.0 (VS2010)

time: Tue Jun 14 10:52:07 2022
elapsed time: 125 seconds (0d 0h 2m 5s)

