#
# There is insufficient memory for the Java Runtime Environment to continue.
# Native memory allocation (malloc) failed to allocate 1852496 bytes for Chunk::new
# Possible reasons:
#   The system is out of physical RAM or swap space
#   In 32 bit mode, the process size limit was hit
# Possible solutions:
#   Reduce memory load on the system
#   Increase physical memory or swap space
#   Check if swap backing store is full
#   Use 64 bit Java on a 64 bit OS
#   Decrease Java heap size (-Xmx/-Xms)
#   Decrease number of Java threads
#   Decrease Java thread stack sizes (-Xss)
#   Set larger code cache with -XX:ReservedCodeCacheSize=
# This output file may be truncated or incomplete.
#
#  Out of Memory Error (allocation.cpp:390), pid=20004, tid=14856
#
# JRE version: Java(TM) SE Runtime Environment (8.0_60-b27) (build 1.8.0_60-b27)
# Java VM: Java HotSpot(TM) 64-Bit Server VM (25.60-b23 mixed mode windows-amd64 compressed oops)
# Failed to write core dump. Minidumps are not enabled by default on client versions of Windows
#

---------------  T H R E A D  ---------------

Current thread (0x000000001f155000):  JavaThread "C2 CompilerThread1" daemon [_thread_in_native, id=14856, stack(0x000000001f4b0000,0x000000001f5b0000)]

Stack: [0x000000001f4b0000,0x000000001f5b0000]
[error occurred during error reporting (printing stack bounds), id 0xc0000005]

Native frames: (J=compiled Java code, j=interpreted, Vv=VM code, C=native code)


Current CompileTask:
C2:  20408 5402       4       org.springframework.aop.aspectj.AspectJExpressionPointcut::matches (74 bytes)


---------------  P R O C E S S  ---------------

Java Threads: ( => current thread )
  0x0000000020bdc800 JavaThread "mysql connection adder" daemon [_thread_in_Java, id=20536, stack(0x0000000029c40000,0x0000000029d40000)]
  0x0000000020bdc000 JavaThread "mysql housekeeper" daemon [_thread_blocked, id=16756, stack(0x00000000255f0000,0x00000000256f0000)]
  0x0000000020bdb000 JavaThread "mysql-cj-abandoned-connection-cleanup" daemon [_thread_blocked, id=14644, stack(0x0000000029df0000,0x0000000029ef0000)]
  0x0000000020be0800 JavaThread "commons-pool-evictor-thread" daemon [_thread_blocked, id=19880, stack(0x00000000222c0000,0x00000000223c0000)]
  0x0000000020bde000 JavaThread "RxIoScheduler-1 (Evictor)" daemon [_thread_blocked, id=11340, stack(0x0000000022ec0000,0x0000000022fc0000)]
  0x0000000020be1000 JavaThread "logback-2" daemon [_thread_blocked, id=23480, stack(0x0000000021c00000,0x0000000021d00000)]
  0x000000001f17b000 JavaThread "Service Thread" daemon [_thread_blocked, id=20632, stack(0x000000001f7b0000,0x000000001f8b0000)]
  0x000000001f156800 JavaThread "C1 CompilerThread3" daemon [_thread_blocked, id=5264, stack(0x000000001f6b0000,0x000000001f7b0000)]
  0x000000001f155800 JavaThread "C2 CompilerThread2" daemon [_thread_in_native, id=12048, stack(0x000000001f5b0000,0x000000001f6b0000)]
=>0x000000001f155000 JavaThread "C2 CompilerThread1" daemon [_thread_in_native, id=14856, stack(0x000000001f4b0000,0x000000001f5b0000)]
  0x000000001f152000 JavaThread "C2 CompilerThread0" daemon [_thread_in_native, id=16828, stack(0x000000001f3b0000,0x000000001f4b0000)]
  0x000000001f189800 JavaThread "Monitor Ctrl-Break" daemon [_thread_in_native, id=7188, stack(0x000000001f2b0000,0x000000001f3b0000)]
  0x000000001e530000 JavaThread "Attach Listener" daemon [_thread_blocked, id=9956, stack(0x000000001e9a0000,0x000000001eaa0000)]
  0x000000001e52f800 JavaThread "Signal Dispatcher" daemon [_thread_blocked, id=1368, stack(0x000000001e8a0000,0x000000001e9a0000)]
  0x000000001c435000 JavaThread "Finalizer" daemon [_thread_blocked, id=16448, stack(0x000000001e330000,0x000000001e430000)]
  0x000000001c42e000 JavaThread "Reference Handler" daemon [_thread_blocked, id=12724, stack(0x000000001e230000,0x000000001e330000)]
  0x0000000002819800 JavaThread "main" [_thread_in_native, id=11768, stack(0x0000000002710000,0x0000000002810000)]

Other Threads:
  0x000000001c42a000 VMThread [stack: 0x000000001e130000,0x000000001e230000] [id=19952]
  0x000000001f17c000 WatcherThread [stack: 0x0000000020880000,0x0000000020980000] [id=13856]

VM state:not at safepoint (normal execution)

VM Mutex/Monitor currently owned by a thread: None

Heap:
 PSYoungGen      total 321024K, used 232593K [0x000000076b700000, 0x0000000781b00000, 0x00000007c0000000)
  eden space 308736K, 71% used [0x000000076b700000,0x0000000778e46d68,0x000000077e480000)
  from space 12288K, 98% used [0x0000000780f00000,0x0000000781add7c0,0x0000000781b00000)
  to   space 14336K, 0% used [0x000000077ff00000,0x000000077ff00000,0x0000000780d00000)
 ParOldGen       total 111616K, used 15008K [0x00000006c2400000, 0x00000006c9100000, 0x000000076b700000)
  object space 111616K, 13% used [0x00000006c2400000,0x00000006c32a8078,0x00000006c9100000)
 Metaspace       used 54907K, capacity 57376K, committed 57384K, reserved 1099776K
  class space    used 7262K, capacity 7712K, committed 7720K, reserved 1048576K

Card table byte_map: [0x0000000011de0000,0x00000000125d0000] byte_map_base: 0x000000000e7ce000

Marking Bits: (ParMarkBitMap*) 0x000000007501a5b0
 Begin Bits: [0x0000000013320000, 0x0000000017290000)
 End Bits:   [0x0000000017290000, 0x000000001b200000)

Polling page: 0x0000000002230000

CodeCache: size=245760Kb used=17969Kb max_used=18959Kb free=227790Kb
 bounds [0x0000000002a20000, 0x0000000003cc0000, 0x0000000011a20000]
 total_blobs=5242 nmethods=4692 adapters=460
 compilation: enabled

Compilation events (10 events):
Event: 20.388 Thread 0x000000001f156800 nmethod 5521 0x0000000002ffa950 code [0x0000000002ffaac0, 0x0000000002ffad48]
Event: 20.388 Thread 0x000000001f156800 5522       3       sun.security.provider.KeyStoreDelegator::engineGetCertificate (9 bytes)
Event: 20.388 Thread 0x000000001f156800 nmethod 5522 0x0000000002ffa510 code [0x0000000002ffa680, 0x0000000002ffa8a8]
Event: 20.388 Thread 0x000000001f156800 5523       3       sun.security.provider.JavaKeyStore$JKS::engineGetCertificate (6 bytes)
Event: 20.388 Thread 0x000000001f156800 nmethod 5523 0x000000000300bbd0 code [0x000000000300bd40, 0x000000000300bec8]
Event: 20.388 Thread 0x000000001f156800 5524       3       sun.security.provider.JavaKeyStore::engineGetCertificate (56 bytes)
Event: 20.389 Thread 0x000000001f156800 nmethod 5524 0x0000000003654850 code [0x0000000003654a20, 0x00000000036552b8]
Event: 20.389 Thread 0x000000001f156800 5525       3       sun.security.util.AlgorithmDecomposer::decompose (461 bytes)
Event: 20.392 Thread 0x000000001f156800 nmethod 5525 0x000000000380ddd0 code [0x000000000380e400, 0x00000000038132c8]
Event: 20.392 Thread 0x000000001f156800 5529       3       sun.security.ssl.SSLAlgorithmDecomposer::decomposes (579 bytes)

GC Heap History (10 events):
Event: 12.094 GC heap before
{Heap before GC invocations=8 (full 1):
 PSYoungGen      total 130560K, used 128488K [0x000000076b700000, 0x0000000774280000, 0x00000007c0000000)
  eden space 122368K, 100% used [0x000000076b700000,0x0000000772e80000,0x0000000772e80000)
  from space 8192K, 74% used [0x0000000773a80000,0x000000077407a348,0x0000000774280000)
  to   space 10240K, 0% used [0x0000000772e80000,0x0000000772e80000,0x0000000773880000)
 ParOldGen       total 76800K, used 6441K [0x00000006c2400000, 0x00000006c6f00000, 0x000000076b700000)
  object space 76800K, 8% used [0x00000006c2400000,0x00000006c2a4a4b8,0x00000006c6f00000)
 Metaspace       used 30694K, capacity 31936K, committed 32256K, reserved 1077248K
  class space    used 4008K, capacity 4286K, committed 4352K, reserved 1048576K
Event: 12.102 GC heap after
Heap after GC invocations=8 (full 1):
 PSYoungGen      total 132608K, used 10232K [0x000000076b700000, 0x000000077ad80000, 0x00000007c0000000)
  eden space 122368K, 0% used [0x000000076b700000,0x000000076b700000,0x0000000772e80000)
  from space 10240K, 99% used [0x0000000772e80000,0x000000077387e278,0x0000000773880000)
  to   space 12288K, 0% used [0x000000077a180000,0x000000077a180000,0x000000077ad80000)
 ParOldGen       total 76800K, used 8202K [0x00000006c2400000, 0x00000006c6f00000, 0x000000076b700000)
  object space 76800K, 10% used [0x00000006c2400000,0x00000006c2c02bd8,0x00000006c6f00000)
 Metaspace       used 30694K, capacity 31936K, committed 32256K, reserved 1077248K
  class space    used 4008K, capacity 4286K, committed 4352K, reserved 1048576K
}
Event: 12.992 GC heap before
{Heap before GC invocations=9 (full 1):
 PSYoungGen      total 132608K, used 132600K [0x000000076b700000, 0x000000077ad80000, 0x00000007c0000000)
  eden space 122368K, 100% used [0x000000076b700000,0x0000000772e80000,0x0000000772e80000)
  from space 10240K, 99% used [0x0000000772e80000,0x000000077387e278,0x0000000773880000)
  to   space 12288K, 0% used [0x000000077a180000,0x000000077a180000,0x000000077ad80000)
 ParOldGen       total 76800K, used 8202K [0x00000006c2400000, 0x00000006c6f00000, 0x000000076b700000)
  object space 76800K, 10% used [0x00000006c2400000,0x00000006c2c02bd8,0x00000006c6f00000)
 Metaspace       used 33326K, capacity 34628K, committed 34944K, reserved 1079296K
  class space    used 4344K, capacity 4640K, committed 4736K, reserved 1048576K
Event: 13.002 GC heap after
Heap after GC invocations=9 (full 1):
 PSYoungGen      total 238080K, used 11915K [0x000000076b700000, 0x000000077ad80000, 0x00000007c0000000)
  eden space 225792K, 0% used [0x000000076b700000,0x000000076b700000,0x0000000779380000)
  from space 12288K, 96% used [0x000000077a180000,0x000000077ad22df8,0x000000077ad80000)
  to   space 13312K, 0% used [0x0000000779380000,0x0000000779380000,0x000000077a080000)
 ParOldGen       total 76800K, used 8210K [0x00000006c2400000, 0x00000006c6f00000, 0x000000076b700000)
  object space 76800K, 10% used [0x00000006c2400000,0x00000006c2c04bd8,0x00000006c6f00000)
 Metaspace       used 33326K, capacity 34628K, committed 34944K, reserved 1079296K
  class space    used 4344K, capacity 4640K, committed 4736K, reserved 1048576K
}
Event: 13.431 GC heap before
{Heap before GC invocations=10 (full 1):
 PSYoungGen      total 238080K, used 45399K [0x000000076b700000, 0x000000077ad80000, 0x00000007c0000000)
  eden space 225792K, 14% used [0x000000076b700000,0x000000076d7b3100,0x0000000779380000)
  from space 12288K, 96% used [0x000000077a180000,0x000000077ad22df8,0x000000077ad80000)
  to   space 13312K, 0% used [0x0000000779380000,0x0000000779380000,0x000000077a080000)
 ParOldGen       total 76800K, used 8210K [0x00000006c2400000, 0x00000006c6f00000, 0x000000076b700000)
  object space 76800K, 10% used [0x00000006c2400000,0x00000006c2c04bd8,0x00000006c6f00000)
 Metaspace       used 34182K, capacity 35446K, committed 35496K, reserved 1079296K
  class space    used 4467K, capacity 4739K, committed 4776K, reserved 1048576K
Event: 13.438 GC heap after
Heap after GC invocations=10 (full 1):
 PSYoungGen      total 239104K, used 6440K [0x000000076b700000, 0x0000000781c00000, 0x00000007c0000000)
  eden space 225792K, 0% used [0x000000076b700000,0x000000076b700000,0x0000000779380000)
  from space 13312K, 48% used [0x0000000779380000,0x00000007799ca1f8,0x000000077a080000)
  to   space 13312K, 0% used [0x0000000780f00000,0x0000000780f00000,0x0000000781c00000)
 ParOldGen       total 76800K, used 11615K [0x00000006c2400000, 0x00000006c6f00000, 0x000000076b700000)
  object space 76800K, 15% used [0x00000006c2400000,0x00000006c2f57dd0,0x00000006c6f00000)
 Metaspace       used 34182K, capacity 35446K, committed 35496K, reserved 1079296K
  class space    used 4467K, capacity 4739K, committed 4776K, reserved 1048576K
}
Event: 13.438 GC heap before
{Heap before GC invocations=11 (full 2):
 PSYoungGen      total 239104K, used 6440K [0x000000076b700000, 0x0000000781c00000, 0x00000007c0000000)
  eden space 225792K, 0% used [0x000000076b700000,0x000000076b700000,0x0000000779380000)
  from space 13312K, 48% used [0x0000000779380000,0x00000007799ca1f8,0x000000077a080000)
  to   space 13312K, 0% used [0x0000000780f00000,0x0000000780f00000,0x0000000781c00000)
 ParOldGen       total 76800K, used 11615K [0x00000006c2400000, 0x00000006c6f00000, 0x000000076b700000)
  object space 76800K, 15% used [0x00000006c2400000,0x00000006c2f57dd0,0x00000006c6f00000)
 Metaspace       used 34182K, capacity 35446K, committed 35496K, reserved 1079296K
  class space    used 4467K, capacity 4739K, committed 4776K, reserved 1048576K
Event: 13.534 GC heap after
Heap after GC invocations=11 (full 2):
 PSYoungGen      total 239104K, used 0K [0x000000076b700000, 0x0000000781c00000, 0x00000007c0000000)
  eden space 225792K, 0% used [0x000000076b700000,0x000000076b700000,0x0000000779380000)
  from space 13312K, 0% used [0x0000000779380000,0x0000000779380000,0x000000077a080000)
  to   space 13312K, 0% used [0x0000000780f00000,0x0000000780f00000,0x0000000781c00000)
 ParOldGen       total 111616K, used 15000K [0x00000006c2400000, 0x00000006c9100000, 0x000000076b700000)
  object space 111616K, 13% used [0x00000006c2400000,0x00000006c32a6078,0x00000006c9100000)
 Metaspace       used 34175K, capacity 35426K, committed 35496K, reserved 1079296K
  class space    used 4465K, capacity 4735K, committed 4776K, reserved 1048576K
}
Event: 15.932 GC heap before
{Heap before GC invocations=12 (full 2):
 PSYoungGen      total 239104K, used 225792K [0x000000076b700000, 0x0000000781c00000, 0x00000007c0000000)
  eden space 225792K, 100% used [0x000000076b700000,0x0000000779380000,0x0000000779380000)
  from space 13312K, 0% used [0x0000000779380000,0x0000000779380000,0x000000077a080000)
  to   space 13312K, 0% used [0x0000000780f00000,0x0000000780f00000,0x0000000781c00000)
 ParOldGen       total 111616K, used 15000K [0x00000006c2400000, 0x00000006c9100000, 0x000000076b700000)
  object space 111616K, 13% used [0x00000006c2400000,0x00000006c32a6078,0x00000006c9100000)
 Metaspace       used 42214K, capacity 43800K, committed 44200K, reserved 1087488K
  class space    used 5631K, capacity 5932K, committed 6056K, reserved 1048576K
Event: 15.943 GC heap after
Heap after GC invocations=12 (full 2):
 PSYoungGen      total 321024K, used 12149K [0x000000076b700000, 0x0000000781b00000, 0x00000007c0000000)
  eden space 308736K, 0% used [0x000000076b700000,0x000000076b700000,0x000000077e480000)
  from space 12288K, 98% used [0x0000000780f00000,0x0000000781add7c0,0x0000000781b00000)
  to   space 14336K, 0% used [0x000000077ff00000,0x000000077ff00000,0x0000000780d00000)
 ParOldGen       total 111616K, used 15008K [0x00000006c2400000, 0x00000006c9100000, 0x000000076b700000)
  object space 111616K, 13% used [0x00000006c2400000,0x00000006c32a8078,0x00000006c9100000)
 Metaspace       used 42214K, capacity 43800K, committed 44200K, reserved 1087488K
  class space    used 5631K, capacity 5932K, committed 6056K, reserved 1048576K
}

Deoptimization events (10 events):
Event: 20.163 Thread 0x0000000002819800 Uncommon trap: reason=array_check action=maybe_recompile pc=0x0000000003be6698 method=org.aspectj.weaver.ResolvedMemberImpl.resolve(Lorg/aspectj/weaver/World;)Lorg/aspectj/weaver/ResolvedMember; @ 139
Event: 20.164 Thread 0x0000000002819800 Uncommon trap: reason=array_check action=maybe_recompile pc=0x0000000003be6698 method=org.aspectj.weaver.ResolvedMemberImpl.resolve(Lorg/aspectj/weaver/World;)Lorg/aspectj/weaver/ResolvedMember; @ 139
Event: 20.164 Thread 0x0000000002819800 Uncommon trap: reason=array_check action=maybe_recompile pc=0x0000000003be6698 method=org.aspectj.weaver.ResolvedMemberImpl.resolve(Lorg/aspectj/weaver/World;)Lorg/aspectj/weaver/ResolvedMember; @ 139
Event: 20.211 Thread 0x0000000002819800 Uncommon trap: reason=unstable_if action=reinterpret pc=0x0000000003511094 method=org.springframework.beans.factory.support.DefaultSingletonBeanRegistry.getSingleton(Ljava/lang/String;Z)Ljava/lang/Object; @ 39
Event: 20.216 Thread 0x0000000002819800 Uncommon trap: reason=unstable_if action=reinterpret pc=0x0000000002e36bac method=java.util.HashMap.getNode(ILjava/lang/Object;)Ljava/util/HashMap$Node; @ 84
Event: 20.216 Thread 0x0000000002819800 Uncommon trap: reason=unstable_if action=reinterpret pc=0x0000000003c67ef4 method=java.util.HashMap.putVal(ILjava/lang/Object;Ljava/lang/Object;ZZ)Ljava/lang/Object; @ 109
Event: 20.304 Thread 0x0000000020bdc800 Uncommon trap: reason=unstable_if action=reinterpret pc=0x00000000035ba118 method=java.lang.StringCoding.safeTrim([CILjava/nio/charset/Charset;Z)[C @ 3
Event: 20.331 Thread 0x0000000020bdc800 Uncommon trap: reason=unstable_if action=reinterpret pc=0x0000000003899ca8 method=java.lang.StringCoding.safeTrim([CILjava/nio/charset/Charset;Z)[C @ 3
Event: 20.343 Thread 0x0000000002819800 Uncommon trap: reason=unstable_if action=reinterpret pc=0x000000000377fc14 method=java.lang.String.valueOf(Ljava/lang/Object;)Ljava/lang/String; @ 1
Event: 20.343 Thread 0x0000000002819800 Uncommon trap: reason=unstable_if action=reinterpret pc=0x0000000002f7cca8 method=java.lang.String.valueOf(Ljava/lang/Object;)Ljava/lang/String; @ 1

Internal exceptions (10 events):
Event: 18.549 Thread 0x0000000002819800 Exception <a 'java/lang/ClassNotFoundException': org/springframework/dao/support/DaoSupportCustomizer> (0x0000000772e18628) thrown at [C:\re\workspace\8-2-build-windows-amd64-cygwin\jdk8u60\4407\hotspot\src\share\vm\classfile\systemDictionary.cpp, line 21078˝⁄å2@
Event: 18.550 Thread 0x0000000002819800 Exception <a 'java/lang/ClassNotFoundException': org/mybatis/spring/support/SqlSessionDaoSupportCustomizer> (0x0000000772e61048) thrown at [C:\re\workspace\8-2-build-windows-amd64-cygwin\jdk8u60\4407\hotspot\src\share\vm\classfile\systemDictionary.cpp, linÈ|xñ ç2@
Event: 18.551 Thread 0x0000000002819800 Exception <a 'java/lang/ClassNotFoundException': org/mybatis/spring/mapper/MapperFactoryBeanCustomizer> (0x0000000772ead158) thrown at [C:\re\workspace\8-2-build-windows-amd64-cygwin\jdk8u60\4407\hotspot\src\share\vm\classfile\systemDictionary.cpp, line 21\
£¥íç2@
Event: 18.553 Thread 0x0000000002819800 Exception <a 'java/lang/ClassNotFoundException': org/springframework/beans/factory/FactoryBeanCustomizer> (0x0000000772f03ea8) thrown at [C:\re\workspace\8-2-build-windows-amd64-cygwin\jdk8u60\4407\hotspot\src\share\vm\classfile\systemDictionary.cpp, line òBÂé2@
Event: 18.555 Thread 0x0000000002819800 Exception <a 'java/lang/ClassNotFoundException': org/springframework/beans/factory/InitializingBeanCustomizer> (0x0000000772f51d80) thrown at [C:\re\workspace\8-2-build-windows-amd64-cygwin\jdk8u60\4407\hotspot\src\share\vm\classfile\systemDictionary.cpp, ™„ng3@
Event: 19.403 Thread 0x0000000002819800 Implicit null exception at 0x0000000002c5e754 to 0x0000000002c5eab9
Event: 19.462 Thread 0x0000000002819800 Implicit null exception at 0x0000000002bffed6 to 0x0000000002c0021d
Event: 20.076 Thread 0x0000000002819800 Implicit null exception at 0x0000000002efef18 to 0x0000000002eff04d
Event: 20.343 Thread 0x0000000002819800 Implicit null exception at 0x000000000377f851 to 0x000000000377fbfd
Event: 20.343 Thread 0x0000000002819800 Implicit null exception at 0x0000000002f7cc6c to 0x0000000002f7cc9a

Events (10 events):
Event: 20.391 loading class javax/xml/xpath/SecuritySupport$1 done
Event: 20.391 loading class javax/xml/xpath/XPathFactoryFinder
Event: 20.392 loading class javax/xml/xpath/XPathFactoryFinder done
Event: 20.392 loading class javax/xml/xpath/SecuritySupport$2
Event: 20.392 loading class javax/xml/xpath/SecuritySupport$2 done
Event: 20.392 loading class javax/xml/xpath/SecuritySupport$8
Event: 20.392 loading class javax/xml/xpath/SecuritySupport$8 done
Event: 20.392 loading class javax/xml/xpath/XPathFactoryFinder$2
Event: 20.393 loading class javax/xml/xpath/XPathFactoryFinder$2 done
Event: 20.394 loading class com/sun/org/apache/xpath/internal/jaxp/XPathFactoryImpl


Dynamic libraries:
0x00007ff652210000 - 0x00007ff652247000 	D:\Java\jdk1.8.0_60\bin\java.exe
0x00007ffa1afe0000 - 0x00007ffa1b1e9000 	C:\WINDOWS\SYSTEM32\ntdll.dll
0x00007ffa19a70000 - 0x00007ffa19b2d000 	C:\WINDOWS\System32\KERNEL32.DLL
0x00007ffa188a0000 - 0x00007ffa18c19000 	C:\WINDOWS\System32\KERNELBASE.dll
0x00007ffa19060000 - 0x00007ffa1910e000 	C:\WINDOWS\System32\ADVAPI32.dll
0x00007ffa1a8a0000 - 0x00007ffa1a943000 	C:\WINDOWS\System32\msvcrt.dll
0x00007ffa1a7e0000 - 0x00007ffa1a87e000 	C:\WINDOWS\System32\sechost.dll
0x00007ffa1a990000 - 0x00007ffa1aab0000 	C:\WINDOWS\System32\RPCRT4.dll
0x00007ffa19110000 - 0x00007ffa192bc000 	C:\WINDOWS\System32\USER32.dll
0x00007ffa18870000 - 0x00007ffa18896000 	C:\WINDOWS\System32\win32u.dll
0x00007ffa1af70000 - 0x00007ffa1af99000 	C:\WINDOWS\System32\GDI32.dll
0x00007ffa18570000 - 0x00007ffa18682000 	C:\WINDOWS\System32\gdi32full.dll
0x00007ffa184d0000 - 0x00007ffa1856d000 	C:\WINDOWS\System32\msvcp_win.dll
0x00007ffa18750000 - 0x00007ffa18861000 	C:\WINDOWS\System32\ucrtbase.dll
0x00007ffa07dd0000 - 0x00007ffa08075000 	C:\WINDOWS\WinSxS\amd64_microsoft.windows.common-controls_6595b64144ccf1df_6.0.22000.120_none_9d947278b86cc467\COMCTL32.dll
0x00007ffa1a950000 - 0x00007ffa1a981000 	C:\WINDOWS\System32\IMM32.DLL
0x00000000750a0000 - 0x0000000075172000 	D:\Java\jdk1.8.0_60\jre\bin\msvcr100.dll
0x0000000074810000 - 0x0000000075099000 	D:\Java\jdk1.8.0_60\jre\bin\server\jvm.dll
0x00007ffa1a880000 - 0x00007ffa1a888000 	C:\WINDOWS\System32\PSAPI.DLL
0x00007ffa117b0000 - 0x00007ffa117e3000 	C:\WINDOWS\SYSTEM32\WINMM.dll
0x00007ffa043f0000 - 0x00007ffa043fa000 	C:\WINDOWS\SYSTEM32\VERSION.dll
0x00007ff9fb710000 - 0x00007ff9fb719000 	C:\WINDOWS\SYSTEM32\WSOCK32.dll
0x00007ffa19cf0000 - 0x00007ffa19d5f000 	C:\WINDOWS\System32\WS2_32.dll
0x0000000074800000 - 0x000000007480f000 	D:\Java\jdk1.8.0_60\jre\bin\verify.dll
0x00000000747d0000 - 0x00000000747f9000 	D:\Java\jdk1.8.0_60\jre\bin\java.dll
0x0000000074780000 - 0x00000000747a3000 	D:\Java\jdk1.8.0_60\jre\bin\instrument.dll
0x00000000747b0000 - 0x00000000747c6000 	D:\Java\jdk1.8.0_60\jre\bin\zip.dll
0x00007ffa192c0000 - 0x00007ffa19a6f000 	C:\WINDOWS\System32\SHELL32.dll
0x00007ffa16650000 - 0x00007ffa16eb8000 	C:\WINDOWS\SYSTEM32\windows.storage.dll
0x00007ffa1aab0000 - 0x00007ffa1ae28000 	C:\WINDOWS\System32\combase.dll
0x00007ffa164e0000 - 0x00007ffa16646000 	C:\WINDOWS\SYSTEM32\wintypes.dll
0x00007ffa1a1d0000 - 0x00007ffa1a2ba000 	C:\WINDOWS\System32\SHCORE.dll
0x00007ffa19c90000 - 0x00007ffa19ced000 	C:\WINDOWS\System32\shlwapi.dll
0x00007ffa18400000 - 0x00007ffa18421000 	C:\WINDOWS\SYSTEM32\profapi.dll
0x00007ffa06420000 - 0x00007ffa0643a000 	D:\JetBrains\IntelliJ IDEA 2019.1\bin\breakgen64.dll
0x0000000074760000 - 0x000000007477a000 	D:\Java\jdk1.8.0_60\jre\bin\net.dll
0x00007ffa17af0000 - 0x00007ffa17b57000 	C:\WINDOWS\system32\mswsock.dll
0x00007ffa171f0000 - 0x00007ffa1721d000 	C:\WINDOWS\SYSTEM32\IPHLPAPI.DLL
0x00007ffa1a890000 - 0x00007ffa1a899000 	C:\WINDOWS\System32\NSI.dll
0x00007ffa10fe0000 - 0x00007ffa10ff9000 	C:\WINDOWS\SYSTEM32\dhcpcsvc6.DLL
0x00007ffa114a0000 - 0x00007ffa114be000 	C:\WINDOWS\SYSTEM32\dhcpcsvc.DLL
0x00007ffa17220000 - 0x00007ffa17308000 	C:\WINDOWS\SYSTEM32\DNSAPI.dll
0x00007ff9fb3f0000 - 0x00007ff9fb41f000 	C:\Program Files (x86)\Sangfor\SSL\ClientComponent4\SangforNspX64.dll
0x00007ffa19e80000 - 0x00007ffa1a01a000 	C:\WINDOWS\System32\ole32.dll
0x00007ffa19b30000 - 0x00007ffa19c06000 	C:\WINDOWS\System32\OLEAUT32.dll
0x00007ffa032b0000 - 0x00007ffa0342b000 	C:\Program Files (x86)\Sangfor\SSL\ClientComponent4\SangforTcpX64.dll
0x00007ffa18ca0000 - 0x00007ffa18d07000 	C:\WINDOWS\System32\WINTRUST.dll
0x00007ffa18d10000 - 0x00007ffa18e72000 	C:\WINDOWS\System32\CRYPT32.dll
0x00007ffa17d90000 - 0x00007ffa17da2000 	C:\WINDOWS\SYSTEM32\MSASN1.dll
0x00007ffa023b0000 - 0x00007ffa023ba000 	C:\Windows\System32\rasadhlp.dll
0x00007ffa0fab0000 - 0x00007ffa0fb31000 	C:\WINDOWS\System32\fwpuclnt.dll
0x0000000074730000 - 0x000000007473d000 	D:\Java\jdk1.8.0_60\jre\bin\management.dll
0x00007ff9ffe40000 - 0x00007ff9ffe57000 	C:\WINDOWS\system32\napinsp.dll
0x00007ffa00500000 - 0x00007ffa0051b000 	C:\WINDOWS\system32\pnrpnsp.dll
0x00007ffa00a00000 - 0x00007ffa00a12000 	C:\WINDOWS\System32\winrnr.dll
0x00007ffa103b0000 - 0x00007ffa103c5000 	C:\WINDOWS\system32\wshbth.dll
0x00007ff9cb820000 - 0x00007ff9cb83f000 	C:\WINDOWS\system32\nlansp_c.dll
0x0000000074740000 - 0x0000000074751000 	D:\Java\jdk1.8.0_60\jre\bin\nio.dll
0x00007ffa17d40000 - 0x00007ffa17d58000 	C:\WINDOWS\SYSTEM32\CRYPTSP.dll
0x00007ffa17620000 - 0x00007ffa17655000 	C:\WINDOWS\system32\rsaenh.dll
0x00007ffa17be0000 - 0x00007ffa17c09000 	C:\WINDOWS\SYSTEM32\USERENV.dll
0x00007ffa17eb0000 - 0x00007ffa17ed7000 	C:\WINDOWS\SYSTEM32\bcrypt.dll
0x00007ffa18c20000 - 0x00007ffa18c9f000 	C:\WINDOWS\System32\bcryptprimitives.dll
0x00007ffa17d30000 - 0x00007ffa17d3c000 	C:\WINDOWS\SYSTEM32\CRYPTBASE.dll
0x0000000074700000 - 0x0000000074724000 	D:\Java\jdk1.8.0_60\jre\bin\sunec.dll

VM Arguments:
jvm_args: -javaagent:D:\JetBrains\IntelliJ IDEA 2019.1\lib\idea_rt.jar=63472:D:\JetBrains\IntelliJ IDEA 2019.1\bin -Dfile.encoding=UTF-8 
java_command: cn.datax.service.data.visual.DataxVisualApplication
java_class_path (initial): D:\Java\jdk1.8.0_60\jre\lib\charsets.jar;D:\Java\jdk1.8.0_60\jre\lib\deploy.jar;D:\Java\jdk1.8.0_60\jre\lib\ext\access-bridge-64.jar;D:\Java\jdk1.8.0_60\jre\lib\ext\cldrdata.jar;D:\Java\jdk1.8.0_60\jre\lib\ext\dnsns.jar;D:\Java\jdk1.8.0_60\jre\lib\ext\jaccess.jar;D:\Java\jdk1.8.0_60\jre\lib\ext\jfxrt.jar;D:\Java\jdk1.8.0_60\jre\lib\ext\localedata.jar;D:\Java\jdk1.8.0_60\jre\lib\ext\nashorn.jar;D:\Java\jdk1.8.0_60\jre\lib\ext\sunec.jar;D:\Java\jdk1.8.0_60\jre\lib\ext\sunjce_provider.jar;D:\Java\jdk1.8.0_60\jre\lib\ext\sunmscapi.jar;D:\Java\jdk1.8.0_60\jre\lib\ext\sunpkcs11.jar;D:\Java\jdk1.8.0_60\jre\lib\ext\zipfs.jar;D:\Java\jdk1.8.0_60\jre\lib\javaws.jar;D:\Java\jdk1.8.0_60\jre\lib\jce.jar;D:\Java\jdk1.8.0_60\jre\lib\jfr.jar;D:\Java\jdk1.8.0_60\jre\lib\jfxswt.jar;D:\Java\jdk1.8.0_60\jre\lib\jsse.jar;D:\Java\jdk1.8.0_60\jre\lib\management-agent.jar;D:\Java\jdk1.8.0_60\jre\lib\plugin.jar;D:\Java\jdk1.8.0_60\jre\lib\resources.jar;D:\Java\jdk1.8.0_60\jre\lib\rt.jar;D:\IdeaProjects\datax-cloud\datax-modules\data-visual-service-parent\data-visual-service\target\classes;D:\apache-maven-3.5.3\repository\org\springframework\boot\spring-boot-starter-web\2.3.5.RELEASE\spring-boot-starter-web-2.3.5.RELEASE.jar;D:\apache-maven-3.5.3\repository\org\springframework\boot\spring-boot-starter\2.3.5.RELEASE\spring-boot-starter-2.3.5.RELEASE.jar;D:\apache-maven-3.5.3\repository\org\springframework\boot\spring-boot\2.3.5.RELEASE\spring-boot-2.3.5.RELEASE.jar;D:\apache-maven-3.5.3\repository\org\springframework\boot\spring-boot-autoconfigure\2.3.5.RELEASE\spring-boot-autoconfigure-2.3.5.RELEASE.jar;D:\apache-maven-3.5.3\repository\org\springframework\boot\spring-boot-starter-logging\2.3.5.RELEASE\spring-boot-starter-logging-2.3.5.RELEASE.jar;D:\apache-maven-3.5.3\repository\ch\qos\logback\logback-classic\1.2.3\logback-classic-1.2.3.jar;D:\apache-maven-3.5.3\repository\ch\qos\logback\logback-core\1.2.3\logback-core-1.2.3.jar;D:\apache-maven-3.5.3\repository\o
Launcher Type: SUN_STANDARD

Environment Variables:
JAVA_HOME=D:\Java\jdk1.8.0_60
CLASSPATH=.;D:\Java\jdk1.8.0_60\lib;D:\Java\jdk1.8.0_60\lib\tools.jar
PATH=C:\Windows\System32;C:\Windows;C:\Windows\System32\wbem;C:\Windows\System32\WindowsPowerShell\v1.0\;C:\Windows\System32\OpenSSH\;C:\Program Files\Common Files\Intel\WirelessCommon\;D:\Java\jdk1.8.0_60\bin;D:\Java\jdk1.8.0_60\jre\bin;C:\WINDOWS\system32;C:\WINDOWS;C:\WINDOWS\System32\Wbem;C:\WINDOWS\System32\WindowsPowerShell\v1.0\;C:\WINDOWS\System32\OpenSSH\;D:\mysql-8.0.21-winx64\bin;D:\program files\xshell\;D:\program files\xftp\;D:\python36\;D:\Program Files\TortoiseSVN\bin;D:\Program Files\nodejs\;C:\Users\user\AppData\Local\Microsoft\WindowsApps;D:\python36\;C:\Users\user\AppData\Roaming\npm
USERNAME=user
OS=Windows_NT
PROCESSOR_IDENTIFIER=Intel64 Family 6 Model 142 Stepping 10, GenuineIntel



---------------  S Y S T E M  ---------------

OS: Windows 10.0 , 64 bit Build 22000 (10.0.22000.675)

CPU:total 8 (4 cores per cpu, 2 threads per core) family 6 model 142 stepping 10, cmov, cx8, fxsr, mmx, sse, sse2, sse3, ssse3, sse4.1, sse4.2, popcnt, avx, avx2, aes, clmul, erms, 3dnowpref, lzcnt, ht, tsc, tscinvbit, bmi1, bmi2, adx

Memory: 4k page, physical 16627832k(1838256k free), swap 32093684k(12176k free)

vm_info: Java HotSpot(TM) 64-Bit Server VM (25.60-b23) for windows-amd64 JRE (1.8.0_60-b27), built on Aug  4 2015 11:06:27 by "java_re" with MS VC++ 10.0 (VS2010)

time: Tue Jun 14 14:53:44 2022
elapsed time: 20 seconds (0d 0h 0m 20s)

