#
# There is insufficient memory for the Java Runtime Environment to continue.
# Native memory allocation (malloc) failed to allocate 764176 bytes for Chunk::new
# Possible reasons:
#   The system is out of physical RAM or swap space
#   In 32 bit mode, the process size limit was hit
# Possible solutions:
#   Reduce memory load on the system
#   Increase physical memory or swap space
#   Check if swap backing store is full
#   Use 64 bit Java on a 64 bit OS
#   Decrease Java heap size (-Xmx/-Xms)
#   Decrease number of Java threads
#   Decrease Java thread stack sizes (-Xss)
#   Set larger code cache with -XX:ReservedCodeCacheSize=
# This output file may be truncated or incomplete.
#
#  Out of Memory Error (allocation.cpp:390), pid=15056, tid=19004
#
# JRE version: Java(TM) SE Runtime Environment (8.0_60-b27) (build 1.8.0_60-b27)
# Java VM: Java HotSpot(TM) 64-Bit Server VM (25.60-b23 mixed mode windows-amd64 compressed oops)
# Failed to write core dump. Minidumps are not enabled by default on client versions of Windows
#

---------------  T H R E A D  ---------------

Current thread (0x000000002000f800):  JavaThread "C2 CompilerThread2" daemon [_thread_in_native, id=19004, stack(0x0000000020450000,0x0000000020550000)]

Stack: [0x0000000020450000,0x0000000020550000]
[error occurred during error reporting (printing stack bounds), id 0xc0000005]

Native frames: (J=compiled Java code, j=interpreted, Vv=VM code, C=native code)


Current CompileTask:
C2:  21526 7622       4       org.springframework.boot.context.properties.source.SpringIterableConfigurationPropertySource$Mappings::updateMappings (261 bytes)


---------------  P R O C E S S  ---------------

Java Threads: ( => current thread )
  0x0000000029889000 JavaThread "spring.cloud.inetutils" daemon [_thread_blocked, id=14624, stack(0x000000002c700000,0x000000002c800000)]
  0x0000000029890000 JavaThread "Keep-Alive-Timer" daemon [_thread_blocked, id=17824, stack(0x0000000023180000,0x0000000023280000)]
  0x0000000029888800 JavaThread "ForkJoinPool.commonPool-worker-7" daemon [_thread_blocked, id=21568, stack(0x000000002d4d0000,0x000000002d5d0000)]
  0x000000002988f000 JavaThread "ForkJoinPool.commonPool-worker-5" daemon [_thread_blocked, id=20344, stack(0x000000002d2d0000,0x000000002d3d0000)]
  0x000000002988b800 JavaThread "ForkJoinPool.commonPool-worker-4" daemon [_thread_blocked, id=16580, stack(0x000000002d1d0000,0x000000002d2d0000)]
  0x000000002988d000 JavaThread "ForkJoinPool.commonPool-worker-2" daemon [_thread_blocked, id=6708, stack(0x000000002cfd0000,0x000000002d0d0000)]
  0x000000002988a800 JavaThread "ForkJoinPool.commonPool-worker-1" daemon [_thread_blocked, id=23208, stack(0x000000002ca00000,0x000000002cb00000)]
  0x000000001f58c000 JavaThread "mysql housekeeper" daemon [_thread_blocked, id=18724, stack(0x0000000026e60000,0x0000000026f60000)]
  0x000000001f58f800 JavaThread "mysql-cj-abandoned-connection-cleanup" daemon [_thread_blocked, id=6260, stack(0x0000000023f90000,0x0000000024090000)]
  0x000000001f58d000 JavaThread "commons-pool-evictor-thread" daemon [_thread_blocked, id=8760, stack(0x000000002b890000,0x000000002b990000)]
  0x000000001f590000 JavaThread "RxIoScheduler-1 (Evictor)" daemon [_thread_blocked, id=1796, stack(0x0000000026930000,0x0000000026a30000)]
  0x000000001f58e800 JavaThread "logback-2" daemon [_thread_blocked, id=10208, stack(0x0000000022aa0000,0x0000000022ba0000)]
  0x00000000200b9000 JavaThread "Service Thread" daemon [_thread_blocked, id=20952, stack(0x0000000020650000,0x0000000020750000)]
  0x0000000020043800 JavaThread "C1 CompilerThread3" daemon [_thread_blocked, id=3880, stack(0x0000000020550000,0x0000000020650000)]
=>0x000000002000f800 JavaThread "C2 CompilerThread2" daemon [_thread_in_native, id=19004, stack(0x0000000020450000,0x0000000020550000)]
  0x0000000020000800 JavaThread "C2 CompilerThread1" daemon [_thread_in_native, id=12608, stack(0x0000000020350000,0x0000000020450000)]
  0x000000001ffff800 JavaThread "C2 CompilerThread0" daemon [_thread_in_native, id=9800, stack(0x0000000020250000,0x0000000020350000)]
  0x000000001fffc000 JavaThread "Monitor Ctrl-Break" daemon [_thread_in_native, id=2732, stack(0x0000000020150000,0x0000000020250000)]
  0x000000001f3e0000 JavaThread "Attach Listener" daemon [_thread_blocked, id=9888, stack(0x000000001f850000,0x000000001f950000)]
  0x000000001f3df800 JavaThread "Signal Dispatcher" daemon [_thread_blocked, id=2964, stack(0x000000001f750000,0x000000001f850000)]
  0x000000001d325000 JavaThread "Finalizer" daemon [_thread_blocked, id=21868, stack(0x000000001f1e0000,0x000000001f2e0000)]
  0x000000001d31e000 JavaThread "Reference Handler" daemon [_thread_blocked, id=10384, stack(0x000000001f0e0000,0x000000001f1e0000)]
  0x00000000036d9800 JavaThread "main" [_thread_in_vm, id=18868, stack(0x00000000035b0000,0x00000000036b0000)]

Other Threads:
  0x000000001d31a000 VMThread [stack: 0x000000001efe0000,0x000000001f0e0000] [id=9304]
  0x000000002014e000 WatcherThread [stack: 0x0000000021720000,0x0000000021820000] [id=2856]

VM state:not at safepoint (normal execution)

VM Mutex/Monitor currently owned by a thread: None

Heap:
 PSYoungGen      total 655360K, used 153332K [0x000000076b700000, 0x0000000795080000, 0x00000007c0000000)
  eden space 632832K, 20% used [0x000000076b700000,0x00000007736be458,0x0000000792100000)
  from space 22528K, 99% used [0x0000000792100000,0x00000007936fef18,0x0000000793700000)
  to   space 20992K, 0% used [0x0000000793700000,0x0000000793700000,0x0000000794b80000)
 ParOldGen       total 173056K, used 32868K [0x00000006c2400000, 0x00000006ccd00000, 0x000000076b700000)
  object space 173056K, 18% used [0x00000006c2400000,0x00000006c4419038,0x00000006ccd00000)
 Metaspace       used 71421K, capacity 74924K, committed 75304K, reserved 1114112K
  class space    used 9530K, capacity 10156K, committed 10280K, reserved 1048576K

Card table byte_map: [0x0000000012cd0000,0x00000000134c0000] byte_map_base: 0x000000000f6be000

Marking Bits: (ParMarkBitMap*) 0x000000007501a5b0
 Begin Bits: [0x0000000014210000, 0x0000000018180000)
 End Bits:   [0x0000000018180000, 0x000000001c0f0000)

Polling page: 0x0000000001940000

CodeCache: size=245760Kb used=26846Kb max_used=26875Kb free=218913Kb
 bounds [0x0000000003910000, 0x00000000053a0000, 0x0000000012910000]
 total_blobs=7157 nmethods=6553 adapters=515
 compilation: enabled

Compilation events (10 events):
Event: 21.414 Thread 0x0000000020043800 7717       2       sun.util.resources.TimeZoneNamesBundle::handleGetObject (48 bytes)
Event: 21.415 Thread 0x0000000020043800 nmethod 7717 0x0000000003deddd0 code [0x0000000003dedf80, 0x0000000003dee3d8]
Event: 21.415 Thread 0x0000000020043800 7719       2       java.util.zip.CRC32::update (16 bytes)
Event: 21.415 Thread 0x0000000020043800 nmethod 7719 0x0000000003deda50 code [0x0000000003dedba0, 0x0000000003dedd10]
Event: 21.445 Thread 0x0000000020043800 7721  s!   2       sun.misc.URLClassPath::getLoader (197 bytes)
Event: 21.447 Thread 0x0000000020043800 nmethod 7721 0x0000000004a64290 code [0x0000000004a64540, 0x0000000004a65a08]
Event: 21.447 Thread 0x0000000020043800 7720  s    2       sun.misc.URLClassPath::getNextLoader (88 bytes)
Event: 21.448 Thread 0x0000000020043800 nmethod 7720 0x0000000003e76d50 code [0x0000000003e76f00, 0x0000000003e774a8]
Event: 21.471 Thread 0x0000000020043800 7724       2       java.awt.datatransfer.MimeTypeParameterList::isTokenChar (27 bytes)
Event: 21.472 Thread 0x0000000020043800 nmethod 7724 0x0000000003a38c50 code [0x0000000003a38dc0, 0x0000000003a38f68]

GC Heap History (10 events):
Event: 7.568 GC heap before
{Heap before GC invocations=8 (full 2):
 PSYoungGen      total 400384K, used 10678K [0x000000076b700000, 0x0000000788a00000, 0x00000007c0000000)
  eden space 383488K, 0% used [0x000000076b700000,0x000000076b700000,0x0000000782d80000)
  from space 16896K, 63% used [0x0000000783d00000,0x000000078476d9c0,0x0000000784d80000)
  to   space 15872K, 0% used [0x0000000782d80000,0x0000000782d80000,0x0000000783d00000)
 ParOldGen       total 90112K, used 14429K [0x00000006c2400000, 0x00000006c7c00000, 0x000000076b700000)
  object space 90112K, 16% used [0x00000006c2400000,0x00000006c3217488,0x00000006c7c00000)
 Metaspace       used 34172K, capacity 35458K, committed 35496K, reserved 1079296K
  class space    used 4465K, capacity 4739K, committed 4776K, reserved 1048576K
Event: 7.611 GC heap after
Heap after GC invocations=8 (full 2):
 PSYoungGen      total 400384K, used 0K [0x000000076b700000, 0x0000000788a00000, 0x00000007c0000000)
  eden space 383488K, 0% used [0x000000076b700000,0x000000076b700000,0x0000000782d80000)
  from space 16896K, 0% used [0x0000000783d00000,0x0000000783d00000,0x0000000784d80000)
  to   space 15872K, 0% used [0x0000000782d80000,0x0000000782d80000,0x0000000783d00000)
 ParOldGen       total 124416K, used 16392K [0x00000006c2400000, 0x00000006c9d80000, 0x000000076b700000)
  object space 124416K, 13% used [0x00000006c2400000,0x00000006c34022d8,0x00000006c9d80000)
 Metaspace       used 34165K, capacity 35438K, committed 35496K, reserved 1079296K
  class space    used 4462K, capacity 4735K, committed 4776K, reserved 1048576K
}
Event: 11.035 GC heap before
{Heap before GC invocations=9 (full 2):
 PSYoungGen      total 400384K, used 383488K [0x000000076b700000, 0x0000000788a00000, 0x00000007c0000000)
  eden space 383488K, 100% used [0x000000076b700000,0x0000000782d80000,0x0000000782d80000)
  from space 16896K, 0% used [0x0000000783d00000,0x0000000783d00000,0x0000000784d80000)
  to   space 15872K, 0% used [0x0000000782d80000,0x0000000782d80000,0x0000000783d00000)
 ParOldGen       total 124416K, used 16392K [0x00000006c2400000, 0x00000006c9d80000, 0x000000076b700000)
  object space 124416K, 13% used [0x00000006c2400000,0x00000006c34022d8,0x00000006c9d80000)
 Metaspace       used 50065K, capacity 52364K, committed 52520K, reserved 1095680K
  class space    used 6729K, capacity 7142K, committed 7208K, reserved 1048576K
Event: 11.052 GC heap after
Heap after GC invocations=9 (full 2):
 PSYoungGen      total 399360K, used 15871K [0x000000076b700000, 0x0000000794b80000, 0x00000007c0000000)
  eden space 383488K, 0% used [0x000000076b700000,0x000000076b700000,0x0000000782d80000)
  from space 15872K, 99% used [0x0000000782d80000,0x0000000783cffd58,0x0000000783d00000)
  to   space 20992K, 0% used [0x0000000793700000,0x0000000793700000,0x0000000794b80000)
 ParOldGen       total 124416K, used 22234K [0x00000006c2400000, 0x00000006c9d80000, 0x000000076b700000)
  object space 124416K, 17% used [0x00000006c2400000,0x00000006c39b6ba8,0x00000006c9d80000)
 Metaspace       used 50065K, capacity 52364K, committed 52520K, reserved 1095680K
  class space    used 6729K, capacity 7142K, committed 7208K, reserved 1048576K
}
Event: 11.828 GC heap before
{Heap before GC invocations=10 (full 2):
 PSYoungGen      total 399360K, used 98132K [0x000000076b700000, 0x0000000794b80000, 0x00000007c0000000)
  eden space 383488K, 21% used [0x000000076b700000,0x0000000770755550,0x0000000782d80000)
  from space 15872K, 99% used [0x0000000782d80000,0x0000000783cffd58,0x0000000783d00000)
  to   space 20992K, 0% used [0x0000000793700000,0x0000000793700000,0x0000000794b80000)
 ParOldGen       total 124416K, used 22234K [0x00000006c2400000, 0x00000006c9d80000, 0x000000076b700000)
  object space 124416K, 17% used [0x00000006c2400000,0x00000006c39b6ba8,0x00000006c9d80000)
 Metaspace       used 56647K, capacity 59146K, committed 59160K, reserved 1099776K
  class space    used 7493K, capacity 7965K, committed 7976K, reserved 1048576K
Event: 11.843 GC heap after
Heap after GC invocations=10 (full 2):
 PSYoungGen      total 653824K, used 17891K [0x000000076b700000, 0x0000000795080000, 0x00000007c0000000)
  eden space 632832K, 0% used [0x000000076b700000,0x000000076b700000,0x0000000792100000)
  from space 20992K, 85% used [0x0000000793700000,0x0000000794878ec8,0x0000000794b80000)
  to   space 22528K, 0% used [0x0000000792100000,0x0000000792100000,0x0000000793700000)
 ParOldGen       total 124416K, used 22250K [0x00000006c2400000, 0x00000006c9d80000, 0x000000076b700000)
  object space 124416K, 17% used [0x00000006c2400000,0x00000006c39baba8,0x00000006c9d80000)
 Metaspace       used 56647K, capacity 59146K, committed 59160K, reserved 1099776K
  class space    used 7493K, capacity 7965K, committed 7976K, reserved 1048576K
}
Event: 11.843 GC heap before
{Heap before GC invocations=11 (full 3):
 PSYoungGen      total 653824K, used 17891K [0x000000076b700000, 0x0000000795080000, 0x00000007c0000000)
  eden space 632832K, 0% used [0x000000076b700000,0x000000076b700000,0x0000000792100000)
  from space 20992K, 85% used [0x0000000793700000,0x0000000794878ec8,0x0000000794b80000)
  to   space 22528K, 0% used [0x0000000792100000,0x0000000792100000,0x0000000793700000)
 ParOldGen       total 124416K, used 22250K [0x00000006c2400000, 0x00000006c9d80000, 0x000000076b700000)
  object space 124416K, 17% used [0x00000006c2400000,0x00000006c39baba8,0x00000006c9d80000)
 Metaspace       used 56647K, capacity 59146K, committed 59160K, reserved 1099776K
  class space    used 7493K, capacity 7965K, committed 7976K, reserved 1048576K
Event: 12.007 GC heap after
Heap after GC invocations=11 (full 3):
 PSYoungGen      total 653824K, used 0K [0x000000076b700000, 0x0000000795080000, 0x00000007c0000000)
  eden space 632832K, 0% used [0x000000076b700000,0x000000076b700000,0x0000000792100000)
  from space 20992K, 0% used [0x0000000793700000,0x0000000793700000,0x0000000794b80000)
  to   space 22528K, 0% used [0x0000000792100000,0x0000000792100000,0x0000000793700000)
 ParOldGen       total 173056K, used 30830K [0x00000006c2400000, 0x00000006ccd00000, 0x000000076b700000)
  object space 173056K, 17% used [0x00000006c2400000,0x00000006c421bb88,0x00000006ccd00000)
 Metaspace       used 56647K, capacity 59146K, committed 59160K, reserved 1099776K
  class space    used 7493K, capacity 7965K, committed 7976K, reserved 1048576K
}
Event: 19.505 GC heap before
{Heap before GC invocations=12 (full 3):
 PSYoungGen      total 653824K, used 632832K [0x000000076b700000, 0x0000000795080000, 0x00000007c0000000)
  eden space 632832K, 100% used [0x000000076b700000,0x0000000792100000,0x0000000792100000)
  from space 20992K, 0% used [0x0000000793700000,0x0000000793700000,0x0000000794b80000)
  to   space 22528K, 0% used [0x0000000792100000,0x0000000792100000,0x0000000793700000)
 ParOldGen       total 173056K, used 30830K [0x00000006c2400000, 0x00000006ccd00000, 0x000000076b700000)
  object space 173056K, 17% used [0x00000006c2400000,0x00000006c421bb88,0x00000006ccd00000)
 Metaspace       used 68950K, capacity 72430K, committed 72616K, reserved 1112064K
  class space    used 9177K, capacity 9801K, committed 9896K, reserved 1048576K
Event: 19.525 GC heap after
Heap after GC invocations=12 (full 3):
 PSYoungGen      total 655360K, used 22523K [0x000000076b700000, 0x0000000795080000, 0x00000007c0000000)
  eden space 632832K, 0% used [0x000000076b700000,0x000000076b700000,0x0000000792100000)
  from space 22528K, 99% used [0x0000000792100000,0x00000007936fef18,0x0000000793700000)
  to   space 20992K, 0% used [0x0000000793700000,0x0000000793700000,0x0000000794b80000)
 ParOldGen       total 173056K, used 32868K [0x00000006c2400000, 0x00000006ccd00000, 0x000000076b700000)
  object space 173056K, 18% used [0x00000006c2400000,0x00000006c4419038,0x00000006ccd00000)
 Metaspace       used 68950K, capacity 72430K, committed 72616K, reserved 1112064K
  class space    used 9177K, capacity 9801K, committed 9896K, reserved 1048576K
}

Deoptimization events (10 events):
Event: 19.561 Thread 0x00000000036d9800 Uncommon trap: reason=unstable_if action=reinterpret pc=0x0000000004423898 method=org.springframework.core.ResolvableType.equals(Ljava/lang/Object;)Z @ 32
Event: 19.593 Thread 0x00000000036d9800 Uncommon trap: reason=bimorphic action=maybe_recompile pc=0x0000000003bc9488 method=java.util.Collections$SetFromMap.contains(Ljava/lang/Object;)Z @ 5
Event: 20.943 Thread 0x00000000036d9800 Uncommon trap: reason=bimorphic action=maybe_recompile pc=0x0000000004e50b18 method=org.springframework.beans.factory.support.AbstractBeanFactory.isSingleton(Ljava/lang/String;)Z @ 35
Event: 20.966 Thread 0x000000001f58f800 Uncommon trap: reason=unstable_if action=reinterpret pc=0x00000000041c8310 method=java.io.WinNTFileSystem.resolve(Ljava/lang/String;Ljava/lang/String;)Ljava/lang/String; @ 19
Event: 21.132 Thread 0x00000000036d9800 Uncommon trap: reason=bimorphic action=maybe_recompile pc=0x0000000003ef40b4 method=java.util.regex.Pattern$CharProperty$1.isSatisfiedBy(I)Z @ 5
Event: 21.132 Thread 0x00000000036d9800 Uncommon trap: reason=bimorphic action=maybe_recompile pc=0x0000000003ef40b4 method=java.util.regex.Pattern$CharProperty$1.isSatisfiedBy(I)Z @ 5
Event: 21.132 Thread 0x00000000036d9800 Uncommon trap: reason=bimorphic action=maybe_recompile pc=0x0000000003ef40b4 method=java.util.regex.Pattern$CharProperty$1.isSatisfiedBy(I)Z @ 5
Event: 21.132 Thread 0x00000000036d9800 Uncommon trap: reason=bimorphic action=maybe_recompile pc=0x0000000003ef40b4 method=java.util.regex.Pattern$CharProperty$1.isSatisfiedBy(I)Z @ 5
Event: 21.368 Thread 0x00000000036d9800 Uncommon trap: reason=unstable_if action=reinterpret pc=0x0000000004974ff8 method=sun.reflect.Reflection.filter([Ljava/lang/reflect/Member;[Ljava/lang/String;)[Ljava/lang/reflect/Member; @ 1
Event: 21.423 Thread 0x00000000036d9800 Uncommon trap: reason=unstable_if action=reinterpret pc=0x000000000485c39c method=java.lang.Class.arrayContentsEq([Ljava/lang/Object;[Ljava/lang/Object;)Z @ 1

Internal exceptions (10 events):
Event: 20.706 Thread 0x00000000036d9800 Exception <a 'java/lang/ClassNotFoundException': org/springframework/cloud/context/scope/GenericScope$LockedScopedProxyFactoryBeanCustomizer> (0x000000076e40a920) thrown at [C:\re\workspace\8-2-build-windows-amd64-cygwin\jdk8u60\4407\hotspot\src\share\vm\c2¯#Ù´4@
Event: 20.706 Thread 0x00000000036d9800 Exception <a 'java/lang/ClassNotFoundException': org/aopalliance/intercept/MethodInterceptorCustomizer> (0x000000076e45e978) thrown at [C:\re\workspace\8-2-build-windows-amd64-cygwin\jdk8u60\4407\hotspot\src\share\vm\classfile\systemDictionary.cpp, line 21ã4Dþ´4@
Event: 20.707 Thread 0x00000000036d9800 Exception <a 'java/lang/ClassNotFoundException': org/aopalliance/intercept/InterceptorCustomizer> (0x000000076e49e6f0) thrown at [C:\re\workspace\8-2-build-windows-amd64-cygwin\jdk8u60\4407\hotspot\src\share\vm\classfile\systemDictionary.cpp, line 210]
Event: 20.708 Thread 0x00000000036d9800 Exception <a 'java/lang/ClassNotFoundException': org/aopalliance/aop/AdviceCustomizer> (0x000000076e4d53d8) thrown at [C:\re\workspace\8-2-build-windows-amd64-cygwin\jdk8u60\4407\hotspot\src\share\vm\classfile\systemDictionary.cpp, line 210]
Event: 20.708 Thread 0x00000000036d9800 Exception <a 'java/lang/ClassNotFoundException': org/springframework/beans/factory/FactoryBeanCustomizer> (0x000000076e51acf8) thrown at [C:\re\workspace\8-2-build-windows-amd64-cygwin\jdk8u60\4407\hotspot\src\share\vm\classfile\systemDictionary.cpp, line Ï;Dwµ4@
Event: 20.709 Thread 0x00000000036d9800 Exception <a 'java/lang/ClassNotFoundException': org/springframework/beans/factory/BeanFactoryAwareCustomizer> (0x000000076e5685a8) thrown at [C:\re\workspace\8-2-build-windows-amd64-cygwin\jdk8u60\4407\hotspot\src\share\vm\classfile\systemDictionary.cpp, Þ¥Ãžµ4@
Event: 20.709 Thread 0x00000000036d9800 Exception <a 'java/lang/ClassNotFoundException': org/springframework/beans/factory/AwareCustomizer> (0x000000076e5aa360) thrown at [C:\re\workspace\8-2-build-windows-amd64-cygwin\jdk8u60\4407\hotspot\src\share\vm\classfile\systemDictionary.cpp, line 210]
Event: 20.710 Thread 0x00000000036d9800 Exception <a 'java/lang/ClassNotFoundException': org/springframework/aop/framework/AopInfrastructureBeanCustomizer> (0x000000076e5f6f88) thrown at [C:\re\workspace\8-2-build-windows-amd64-cygwin\jdk8u60\4407\hotspot\src\share\vm\classfile\systemDictionary.¶f+/á4@
Event: 20.880 Thread 0x00000000036d9800 Exception <a 'java/lang/IncompatibleClassChangeError': Found class java.lang.Object, but interface was expected> (0x000000076fb90790) thrown at [C:\re\workspace\8-2-build-windows-amd64-cygwin\jdk8u60\4407\hotspot\src\share\vm\interpreter\linkResolver.cpp, œ†M	-l5@
Event: 21.423 Thread 0x00000000036d9800 Implicit null exception at 0x000000000485c0f9 to 0x000000000485c371

Events (10 events):
Event: 21.521 loading class com/thoughtworks/xstream/converters/reflection/AbstractReflectionConverter$UnknownFieldException
Event: 21.521 loading class com/thoughtworks/xstream/converters/reflection/AbstractReflectionConverter$UnknownFieldException done
Event: 21.522 loading class com/thoughtworks/xstream/converters/reflection/AbstractReflectionConverter$ArraysList
Event: 21.522 loading class com/thoughtworks/xstream/converters/reflection/AbstractReflectionConverter$ArraysList done
Event: 21.522 loading class com/thoughtworks/xstream/converters/reflection/SerializationMethodInvoker
Event: 21.522 loading class com/thoughtworks/xstream/converters/reflection/SerializationMethodInvoker done
Event: 21.523 loading class com/thoughtworks/xstream/core/util/SerializationMembers
Event: 21.523 loading class com/thoughtworks/xstream/core/util/SerializationMembers done
Event: 21.524 loading class com/thoughtworks/xstream/core/util/SerializationMembers$1
Event: 21.524 loading class com/thoughtworks/xstream/core/util/SerializationMembers$1 done


Dynamic libraries:
0x00007ff652210000 - 0x00007ff652247000 	D:\Java\jdk1.8.0_60\bin\java.exe
0x00007ffa1afe0000 - 0x00007ffa1b1e9000 	C:\WINDOWS\SYSTEM32\ntdll.dll
0x00007ffa19a70000 - 0x00007ffa19b2d000 	C:\WINDOWS\System32\KERNEL32.DLL
0x00007ffa188a0000 - 0x00007ffa18c19000 	C:\WINDOWS\System32\KERNELBASE.dll
0x00007ffa19060000 - 0x00007ffa1910e000 	C:\WINDOWS\System32\ADVAPI32.dll
0x00007ffa1a8a0000 - 0x00007ffa1a943000 	C:\WINDOWS\System32\msvcrt.dll
0x00007ffa1a7e0000 - 0x00007ffa1a87e000 	C:\WINDOWS\System32\sechost.dll
0x00007ffa1a990000 - 0x00007ffa1aab0000 	C:\WINDOWS\System32\RPCRT4.dll
0x00007ffa19110000 - 0x00007ffa192bc000 	C:\WINDOWS\System32\USER32.dll
0x00007ffa18870000 - 0x00007ffa18896000 	C:\WINDOWS\System32\win32u.dll
0x00007ffa1af70000 - 0x00007ffa1af99000 	C:\WINDOWS\System32\GDI32.dll
0x00007ffa18570000 - 0x00007ffa18682000 	C:\WINDOWS\System32\gdi32full.dll
0x00007ffa184d0000 - 0x00007ffa1856d000 	C:\WINDOWS\System32\msvcp_win.dll
0x00007ffa18750000 - 0x00007ffa18861000 	C:\WINDOWS\System32\ucrtbase.dll
0x00007ffa07dd0000 - 0x00007ffa08075000 	C:\WINDOWS\WinSxS\amd64_microsoft.windows.common-controls_6595b64144ccf1df_6.0.22000.120_none_9d947278b86cc467\COMCTL32.dll
0x00007ffa1a950000 - 0x00007ffa1a981000 	C:\WINDOWS\System32\IMM32.DLL
0x00000000750a0000 - 0x0000000075172000 	D:\Java\jdk1.8.0_60\jre\bin\msvcr100.dll
0x0000000074810000 - 0x0000000075099000 	D:\Java\jdk1.8.0_60\jre\bin\server\jvm.dll
0x00007ffa1a880000 - 0x00007ffa1a888000 	C:\WINDOWS\System32\PSAPI.DLL
0x00007ff9fb710000 - 0x00007ff9fb719000 	C:\WINDOWS\SYSTEM32\WSOCK32.dll
0x00007ffa117b0000 - 0x00007ffa117e3000 	C:\WINDOWS\SYSTEM32\WINMM.dll
0x00007ffa043f0000 - 0x00007ffa043fa000 	C:\WINDOWS\SYSTEM32\VERSION.dll
0x00007ffa19cf0000 - 0x00007ffa19d5f000 	C:\WINDOWS\System32\WS2_32.dll
0x0000000074800000 - 0x000000007480f000 	D:\Java\jdk1.8.0_60\jre\bin\verify.dll
0x00000000747d0000 - 0x00000000747f9000 	D:\Java\jdk1.8.0_60\jre\bin\java.dll
0x0000000074780000 - 0x00000000747a3000 	D:\Java\jdk1.8.0_60\jre\bin\instrument.dll
0x00000000747b0000 - 0x00000000747c6000 	D:\Java\jdk1.8.0_60\jre\bin\zip.dll
0x00007ffa192c0000 - 0x00007ffa19a6f000 	C:\WINDOWS\System32\SHELL32.dll
0x00007ffa16650000 - 0x00007ffa16eb8000 	C:\WINDOWS\SYSTEM32\windows.storage.dll
0x00007ffa1aab0000 - 0x00007ffa1ae28000 	C:\WINDOWS\System32\combase.dll
0x00007ffa164e0000 - 0x00007ffa16646000 	C:\WINDOWS\SYSTEM32\wintypes.dll
0x00007ffa1a1d0000 - 0x00007ffa1a2ba000 	C:\WINDOWS\System32\SHCORE.dll
0x00007ffa19c90000 - 0x00007ffa19ced000 	C:\WINDOWS\System32\shlwapi.dll
0x00007ffa18400000 - 0x00007ffa18421000 	C:\WINDOWS\SYSTEM32\profapi.dll
0x00007ffa06420000 - 0x00007ffa0643a000 	D:\JetBrains\IntelliJ IDEA 2019.1\bin\breakgen64.dll
0x0000000074760000 - 0x000000007477a000 	D:\Java\jdk1.8.0_60\jre\bin\net.dll
0x00007ffa17af0000 - 0x00007ffa17b57000 	C:\WINDOWS\system32\mswsock.dll
0x00007ffa171f0000 - 0x00007ffa1721d000 	C:\WINDOWS\SYSTEM32\IPHLPAPI.DLL
0x00007ffa1a890000 - 0x00007ffa1a899000 	C:\WINDOWS\System32\NSI.dll
0x00007ffa10fe0000 - 0x00007ffa10ff9000 	C:\WINDOWS\SYSTEM32\dhcpcsvc6.DLL
0x00007ffa114a0000 - 0x00007ffa114be000 	C:\WINDOWS\SYSTEM32\dhcpcsvc.DLL
0x00007ffa17220000 - 0x00007ffa17308000 	C:\WINDOWS\SYSTEM32\DNSAPI.dll
0x00007ff9fb3f0000 - 0x00007ff9fb41f000 	C:\Program Files (x86)\Sangfor\SSL\ClientComponent4\SangforNspX64.dll
0x00007ffa19e80000 - 0x00007ffa1a01a000 	C:\WINDOWS\System32\ole32.dll
0x00007ffa19b30000 - 0x00007ffa19c06000 	C:\WINDOWS\System32\OLEAUT32.dll
0x00007ffa032b0000 - 0x00007ffa0342b000 	C:\Program Files (x86)\Sangfor\SSL\ClientComponent4\SangforTcpX64.dll
0x00007ffa18ca0000 - 0x00007ffa18d07000 	C:\WINDOWS\System32\WINTRUST.dll
0x00007ffa18d10000 - 0x00007ffa18e72000 	C:\WINDOWS\System32\CRYPT32.dll
0x00007ffa17d90000 - 0x00007ffa17da2000 	C:\WINDOWS\SYSTEM32\MSASN1.dll
0x00007ffa023b0000 - 0x00007ffa023ba000 	C:\Windows\System32\rasadhlp.dll
0x00007ffa0fab0000 - 0x00007ffa0fb31000 	C:\WINDOWS\System32\fwpuclnt.dll
0x0000000074730000 - 0x000000007473d000 	D:\Java\jdk1.8.0_60\jre\bin\management.dll
0x00007ff9ffe40000 - 0x00007ff9ffe57000 	C:\WINDOWS\system32\napinsp.dll
0x00007ffa00500000 - 0x00007ffa0051b000 	C:\WINDOWS\system32\pnrpnsp.dll
0x00007ffa00a00000 - 0x00007ffa00a12000 	C:\WINDOWS\System32\winrnr.dll
0x00007ffa103b0000 - 0x00007ffa103c5000 	C:\WINDOWS\system32\wshbth.dll
0x00007ff9cb820000 - 0x00007ff9cb83f000 	C:\WINDOWS\system32\nlansp_c.dll
0x0000000074740000 - 0x0000000074751000 	D:\Java\jdk1.8.0_60\jre\bin\nio.dll
0x00007ffa17d40000 - 0x00007ffa17d58000 	C:\WINDOWS\SYSTEM32\CRYPTSP.dll
0x00007ffa17620000 - 0x00007ffa17655000 	C:\WINDOWS\system32\rsaenh.dll
0x00007ffa17be0000 - 0x00007ffa17c09000 	C:\WINDOWS\SYSTEM32\USERENV.dll
0x00007ffa17eb0000 - 0x00007ffa17ed7000 	C:\WINDOWS\SYSTEM32\bcrypt.dll
0x00007ffa18c20000 - 0x00007ffa18c9f000 	C:\WINDOWS\System32\bcryptprimitives.dll
0x00007ffa17d30000 - 0x00007ffa17d3c000 	C:\WINDOWS\SYSTEM32\CRYPTBASE.dll
0x0000000074700000 - 0x0000000074724000 	D:\Java\jdk1.8.0_60\jre\bin\sunec.dll
0x00000000746f0000 - 0x00000000746fb000 	D:\Java\jdk1.8.0_60\jre\bin\sunmscapi.dll

VM Arguments:
jvm_args: -javaagent:D:\JetBrains\IntelliJ IDEA 2019.1\lib\idea_rt.jar=63687:D:\JetBrains\IntelliJ IDEA 2019.1\bin -Dfile.encoding=UTF-8 
java_command: cn.datax.service.data.visual.DataxVisualApplication
java_class_path (initial): D:\Java\jdk1.8.0_60\jre\lib\charsets.jar;D:\Java\jdk1.8.0_60\jre\lib\deploy.jar;D:\Java\jdk1.8.0_60\jre\lib\ext\access-bridge-64.jar;D:\Java\jdk1.8.0_60\jre\lib\ext\cldrdata.jar;D:\Java\jdk1.8.0_60\jre\lib\ext\dnsns.jar;D:\Java\jdk1.8.0_60\jre\lib\ext\jaccess.jar;D:\Java\jdk1.8.0_60\jre\lib\ext\jfxrt.jar;D:\Java\jdk1.8.0_60\jre\lib\ext\localedata.jar;D:\Java\jdk1.8.0_60\jre\lib\ext\nashorn.jar;D:\Java\jdk1.8.0_60\jre\lib\ext\sunec.jar;D:\Java\jdk1.8.0_60\jre\lib\ext\sunjce_provider.jar;D:\Java\jdk1.8.0_60\jre\lib\ext\sunmscapi.jar;D:\Java\jdk1.8.0_60\jre\lib\ext\sunpkcs11.jar;D:\Java\jdk1.8.0_60\jre\lib\ext\zipfs.jar;D:\Java\jdk1.8.0_60\jre\lib\javaws.jar;D:\Java\jdk1.8.0_60\jre\lib\jce.jar;D:\Java\jdk1.8.0_60\jre\lib\jfr.jar;D:\Java\jdk1.8.0_60\jre\lib\jfxswt.jar;D:\Java\jdk1.8.0_60\jre\lib\jsse.jar;D:\Java\jdk1.8.0_60\jre\lib\management-agent.jar;D:\Java\jdk1.8.0_60\jre\lib\plugin.jar;D:\Java\jdk1.8.0_60\jre\lib\resources.jar;D:\Java\jdk1.8.0_60\jre\lib\rt.jar;D:\IdeaProjects\datax-cloud\datax-modules\data-visual-service-parent\data-visual-service\target\classes;D:\apache-maven-3.5.3\repository\org\springframework\boot\spring-boot-starter-web\2.3.5.RELEASE\spring-boot-starter-web-2.3.5.RELEASE.jar;D:\apache-maven-3.5.3\repository\org\springframework\boot\spring-boot-starter\2.3.5.RELEASE\spring-boot-starter-2.3.5.RELEASE.jar;D:\apache-maven-3.5.3\repository\org\springframework\boot\spring-boot\2.3.5.RELEASE\spring-boot-2.3.5.RELEASE.jar;D:\apache-maven-3.5.3\repository\org\springframework\boot\spring-boot-autoconfigure\2.3.5.RELEASE\spring-boot-autoconfigure-2.3.5.RELEASE.jar;D:\apache-maven-3.5.3\repository\org\springframework\boot\spring-boot-starter-logging\2.3.5.RELEASE\spring-boot-starter-logging-2.3.5.RELEASE.jar;D:\apache-maven-3.5.3\repository\ch\qos\logback\logback-classic\1.2.3\logback-classic-1.2.3.jar;D:\apache-maven-3.5.3\repository\ch\qos\logback\logback-core\1.2.3\logback-core-1.2.3.jar;D:\apache-maven-3.5.3\repository\o
Launcher Type: SUN_STANDARD

Environment Variables:
JAVA_HOME=D:\Java\jdk1.8.0_60
CLASSPATH=.;D:\Java\jdk1.8.0_60\lib;D:\Java\jdk1.8.0_60\lib\tools.jar
PATH=C:\Windows\System32;C:\Windows;C:\Windows\System32\wbem;C:\Windows\System32\WindowsPowerShell\v1.0\;C:\Windows\System32\OpenSSH\;C:\Program Files\Common Files\Intel\WirelessCommon\;D:\Java\jdk1.8.0_60\bin;D:\Java\jdk1.8.0_60\jre\bin;C:\WINDOWS\system32;C:\WINDOWS;C:\WINDOWS\System32\Wbem;C:\WINDOWS\System32\WindowsPowerShell\v1.0\;C:\WINDOWS\System32\OpenSSH\;D:\mysql-8.0.21-winx64\bin;D:\program files\xshell\;D:\program files\xftp\;D:\python36\;D:\Program Files\TortoiseSVN\bin;D:\Program Files\nodejs\;C:\Users\user\AppData\Local\Microsoft\WindowsApps;D:\python36\;C:\Users\user\AppData\Roaming\npm
USERNAME=user
OS=Windows_NT
PROCESSOR_IDENTIFIER=Intel64 Family 6 Model 142 Stepping 10, GenuineIntel



---------------  S Y S T E M  ---------------

OS: Windows 10.0 , 64 bit Build 22000 (10.0.22000.675)

CPU:total 8 (4 cores per cpu, 2 threads per core) family 6 model 142 stepping 10, cmov, cx8, fxsr, mmx, sse, sse2, sse3, ssse3, sse4.1, sse4.2, popcnt, avx, avx2, aes, clmul, erms, 3dnowpref, lzcnt, ht, tsc, tscinvbit, bmi1, bmi2, adx

Memory: 4k page, physical 16627832k(5133344k free), swap 32093684k(5128k free)

vm_info: Java HotSpot(TM) 64-Bit Server VM (25.60-b23) for windows-amd64 JRE (1.8.0_60-b27), built on Aug  4 2015 11:06:27 by "java_re" with MS VC++ 10.0 (VS2010)

time: Tue Jun 14 14:55:02 2022
elapsed time: 21 seconds (0d 0h 0m 21s)

