#
# There is insufficient memory for the Java Runtime Environment to continue.
# Native memory allocation (malloc) failed to allocate 400976 bytes for Chunk::new
# Possible reasons:
#   The system is out of physical RAM or swap space
#   In 32 bit mode, the process size limit was hit
# Possible solutions:
#   Reduce memory load on the system
#   Increase physical memory or swap space
#   Check if swap backing store is full
#   Use 64 bit Java on a 64 bit OS
#   Decrease Java heap size (-Xmx/-Xms)
#   Decrease number of Java threads
#   Decrease Java thread stack sizes (-Xss)
#   Set larger code cache with -XX:ReservedCodeCacheSize=
# This output file may be truncated or incomplete.
#
#  Out of Memory Error (allocation.cpp:390), pid=21600, tid=17684
#
# JRE version: Java(TM) SE Runtime Environment (8.0_60-b27) (build 1.8.0_60-b27)
# Java VM: Java HotSpot(TM) 64-Bit Server VM (25.60-b23 mixed mode windows-amd64 compressed oops)
# Failed to write core dump. Minidumps are not enabled by default on client versions of Windows
#

---------------  T H R E A D  ---------------

Current thread (0x000000001f331000):  JavaThread "C2 CompilerThread1" daemon [_thread_in_native, id=17684, stack(0x000000001f680000,0x000000001f780000)]

Stack: [0x000000001f680000,0x000000001f780000]
[error occurred during error reporting (printing stack bounds), id 0xc0000005]

Native frames: (J=compiled Java code, j=interpreted, Vv=VM code, C=native code)


Current CompileTask:
C2:1665705 9302       4       sun.misc.URLClassPath::findResource (47 bytes)


---------------  P R O C E S S  ---------------

Java Threads: ( => current thread )
  0x0000000020556800 JavaThread "Keep-Alive-Timer" daemon [_thread_blocked, id=3484, stack(0x0000000000a40000,0x0000000000b40000)]
  0x0000000020552800 JavaThread "logback-10" daemon [_thread_blocked, id=20764, stack(0x000000002c3e0000,0x000000002c4e0000)]
  0x0000000020552000 JavaThread "logback-9" daemon [_thread_blocked, id=4548, stack(0x0000000031060000,0x0000000031160000)]
  0x000000002054e000 JavaThread "AsyncResolver-bootstrap-executor-0" daemon [_thread_blocked, id=6660, stack(0x0000000030f60000,0x0000000031060000)]
  0x000000002054f800 JavaThread "logback-8" daemon [_thread_blocked, id=19376, stack(0x0000000030e60000,0x0000000030f60000)]
  0x000000002054a000 JavaThread "logback-7" daemon [_thread_blocked, id=14812, stack(0x000000002b870000,0x000000002b970000)]
  0x000000002054f000 JavaThread "logback-6" daemon [_thread_blocked, id=16776, stack(0x000000002b770000,0x000000002b870000)]
  0x000000002054c800 JavaThread "logback-5" daemon [_thread_blocked, id=7584, stack(0x0000000000940000,0x0000000000a40000)]
  0x0000000020550800 JavaThread "logback-4" daemon [_thread_blocked, id=1632, stack(0x0000000000840000,0x0000000000940000)]
  0x000000002054b000 JavaThread "DiscoveryClient-HeartbeatExecutor-0" daemon [_thread_blocked, id=20492, stack(0x000000002fbe0000,0x000000002fce0000)]
  0x000000002054d800 JavaThread "DiscoveryClient-CacheRefreshExecutor-0" daemon [_thread_blocked, id=19780, stack(0x000000002c690000,0x000000002c790000)]
  0x0000000020549800 JavaThread "DestroyJavaVM" [_thread_blocked, id=6312, stack(0x00000000028c0000,0x00000000029c0000)]
  0x0000000027675000 JavaThread "XNIO-1 Accept" [_thread_in_native, id=4724, stack(0x000000002fae0000,0x000000002fbe0000)]
  0x0000000027671000 JavaThread "XNIO-1 I/O-8" [_thread_in_native, id=20836, stack(0x000000002f9e0000,0x000000002fae0000)]
  0x000000002766f800 JavaThread "XNIO-1 I/O-7" [_thread_in_native, id=22368, stack(0x000000002f7e0000,0x000000002f8e0000)]
  0x0000000027670800 JavaThread "XNIO-1 I/O-6" [_thread_in_native, id=21284, stack(0x000000002f490000,0x000000002f590000)]
  0x000000002766f000 JavaThread "XNIO-1 I/O-5" [_thread_in_native, id=14572, stack(0x000000002f390000,0x000000002f490000)]
  0x000000002766e000 JavaThread "XNIO-1 I/O-4" [_thread_in_native, id=3528, stack(0x000000002f290000,0x000000002f390000)]
  0x0000000027674000 JavaThread "XNIO-1 I/O-3" [_thread_in_native, id=5128, stack(0x000000002f190000,0x000000002f290000)]
  0x0000000027673800 JavaThread "XNIO-1 I/O-2" [_thread_in_native, id=21712, stack(0x000000002f090000,0x000000002f190000)]
  0x0000000027672800 JavaThread "XNIO-1 I/O-1" [_thread_in_native, id=21856, stack(0x000000002c9d0000,0x000000002cad0000)]
  0x0000000027672000 JavaThread "DiscoveryClient-InstanceInfoReplicator-0" daemon [_thread_blocked, id=21564, stack(0x000000002c590000,0x000000002c690000)]
  0x0000000020c7b000 JavaThread "DiscoveryClient-1" daemon [_thread_blocked, id=13004, stack(0x000000002be90000,0x000000002bf90000)]
  0x0000000020c7d000 JavaThread "DiscoveryClient-0" daemon [_thread_blocked, id=5736, stack(0x000000002baf0000,0x000000002bbf0000)]
  0x0000000020c7c800 JavaThread "AsyncResolver-bootstrap-0" daemon [_thread_blocked, id=18252, stack(0x000000002b9f0000,0x000000002baf0000)]
  0x0000000020c79800 JavaThread "Apache-HttpClient-Conn-Cleaner2" daemon [_thread_blocked, id=7312, stack(0x000000002cd90000,0x000000002ce90000)]
  0x0000000020c7b800 JavaThread "spring.cloud.inetutils" daemon [_thread_blocked, id=17744, stack(0x0000000022440000,0x0000000022540000)]
  0x0000000020c7a000 JavaThread "mysql housekeeper" daemon [_thread_blocked, id=5144, stack(0x000000002afe0000,0x000000002b0e0000)]
  0x0000000020c78800 JavaThread "mysql-cj-abandoned-connection-cleanup" daemon [_thread_blocked, id=18972, stack(0x0000000028230000,0x0000000028330000)]
  0x0000000020c77000 JavaThread "commons-pool-evictor-thread" daemon [_thread_in_native, id=17904, stack(0x00000000259e0000,0x0000000025ae0000)]
  0x0000000020c76800 JavaThread "RxIoScheduler-1 (Evictor)" daemon [_thread_blocked, id=15028, stack(0x0000000023810000,0x0000000023910000)]
  0x0000000020c78000 JavaThread "logback-3" daemon [_thread_blocked, id=15212, stack(0x0000000021dd0000,0x0000000021ed0000)]
  0x000000001f357800 JavaThread "Service Thread" daemon [_thread_blocked, id=20596, stack(0x000000001f980000,0x000000001fa80000)]
  0x000000001f33a800 JavaThread "C1 CompilerThread3" daemon [_thread_blocked, id=9624, stack(0x000000001f880000,0x000000001f980000)]
  0x000000001f332000 JavaThread "C2 CompilerThread2" daemon [_thread_blocked, id=21196, stack(0x000000001f780000,0x000000001f880000)]
=>0x000000001f331000 JavaThread "C2 CompilerThread1" daemon [_thread_in_native, id=17684, stack(0x000000001f680000,0x000000001f780000)]
  0x000000001f32e800 JavaThread "C2 CompilerThread0" daemon [_thread_blocked, id=10916, stack(0x000000001f580000,0x000000001f680000)]
  0x000000001f2b4800 JavaThread "Monitor Ctrl-Break" daemon [_thread_in_native, id=2628, stack(0x000000001f480000,0x000000001f580000)]
  0x000000001e711000 JavaThread "Attach Listener" daemon [_thread_blocked, id=7808, stack(0x000000001eb80000,0x000000001ec80000)]
  0x000000001e710000 JavaThread "Signal Dispatcher" daemon [_thread_blocked, id=1312, stack(0x000000001ea80000,0x000000001eb80000)]
  0x000000001c647000 JavaThread "Finalizer" daemon [_thread_blocked, id=1608, stack(0x000000001e510000,0x000000001e610000)]
  0x000000001c63f000 JavaThread "Reference Handler" daemon [_thread_blocked, id=6308, stack(0x000000001e410000,0x000000001e510000)]

Other Threads:
  0x000000001c63b000 VMThread [stack: 0x000000001e310000,0x000000001e410000] [id=18404]
  0x000000001fada800 WatcherThread [stack: 0x0000000020a50000,0x0000000020b50000] [id=19544]

VM state:not at safepoint (normal execution)

VM Mutex/Monitor currently owned by a thread: None

Heap:
 PSYoungGen      total 604672K, used 414152K [0x000000076b700000, 0x0000000792c80000, 0x00000007c0000000)
  eden space 583168K, 67% used [0x000000076b700000,0x0000000783676b18,0x000000078f080000)
  from space 21504K, 99% used [0x0000000791780000,0x0000000792c7b7a8,0x0000000792c80000)
  to   space 24576K, 0% used [0x000000078fc80000,0x000000078fc80000,0x0000000791480000)
 ParOldGen       total 148992K, used 35599K [0x00000006c2400000, 0x00000006cb580000, 0x000000076b700000)
  object space 148992K, 23% used [0x00000006c2400000,0x00000006c46c3fe0,0x00000006cb580000)
 Metaspace       used 76370K, capacity 79878K, committed 80152K, reserved 1118208K
  class space    used 10080K, capacity 10693K, committed 10792K, reserved 1048576K

Card table byte_map: [0x0000000012040000,0x0000000012830000] byte_map_base: 0x000000000ea2e000

Marking Bits: (ParMarkBitMap*) 0x0000000077f7a5b0
 Begin Bits: [0x0000000013580000, 0x00000000174f0000)
 End Bits:   [0x00000000174f0000, 0x000000001b460000)

Polling page: 0x0000000000bf0000

CodeCache: size=245760Kb used=27006Kb max_used=27006Kb free=218753Kb
 bounds [0x0000000002c80000, 0x0000000004710000, 0x0000000011c80000]
 total_blobs=8241 nmethods=7606 adapters=546
 compilation: enabled

Compilation events (10 events):
Event: 1652.659 Thread 0x000000001f33a800 nmethod 9295 0x00000000046f8850 code [0x00000000046f8c40, 0x00000000046fb448]
Event: 1652.659 Thread 0x000000001f33a800 9296   !   3       sun.net.NetworkClient::setReadTimeout (38 bytes)
Event: 1652.660 Thread 0x000000001f33a800 nmethod 9296 0x00000000046e9f90 code [0x00000000046ea100, 0x00000000046ea448]
Event: 1652.660 Thread 0x000000001f33a800 9298   !   3       sun.net.www.protocol.http.HttpURLConnection::checkURLFile (85 bytes)
Event: 1652.662 Thread 0x000000001f33a800 nmethod 9298 0x00000000046fc990 code [0x00000000046fcba0, 0x00000000046fd6f8]
Event: 1652.662 Thread 0x000000001f33a800 9299       3       sun.net.www.http.HttpClient::getURLFile (222 bytes)
Event: 1652.668 Thread 0x000000001f33a800 nmethod 9299 0x00000000046fdb10 code [0x00000000046fde80, 0x0000000004700cd8]
Event: 1652.668 Thread 0x000000001f33a800 9301       3       sun.net.www.protocol.http.AuthenticationInfo::getServerAuth (71 bytes)
Event: 1652.671 Thread 0x000000001f33a800 nmethod 9301 0x0000000004701cd0 code [0x0000000004701fa0, 0x00000000047036f8]
Event: 1665.641 Thread 0x000000001f331000 9302       4       sun.misc.URLClassPath::findResource (47 bytes)

GC Heap History (10 events):
Event: 16.858 GC heap before
{Heap before GC invocations=9 (full 2):
 PSYoungGen      total 256512K, used 12943K [0x000000076b700000, 0x0000000788b00000, 0x00000007c0000000)
  eden space 242688K, 0% used [0x000000076b700000,0x000000076b700000,0x000000077a400000)
  from space 13824K, 93% used [0x000000077a400000,0x000000077b0a3ef0,0x000000077b180000)
  to   space 14848K, 0% used [0x0000000787c80000,0x0000000787c80000,0x0000000788b00000)
 ParOldGen       total 77824K, used 7346K [0x00000006c2400000, 0x00000006c7000000, 0x000000076b700000)
  object space 77824K, 9% used [0x00000006c2400000,0x00000006c2b2cb80,0x00000006c7000000)
 Metaspace       used 34172K, capacity 35440K, committed 35496K, reserved 1079296K
  class space    used 4460K, capacity 4738K, committed 4776K, reserved 1048576K
Event: 16.951 GC heap after
Heap after GC invocations=9 (full 2):
 PSYoungGen      total 256512K, used 0K [0x000000076b700000, 0x0000000788b00000, 0x00000007c0000000)
  eden space 242688K, 0% used [0x000000076b700000,0x000000076b700000,0x000000077a400000)
  from space 13824K, 0% used [0x000000077a400000,0x000000077a400000,0x000000077b180000)
  to   space 14848K, 0% used [0x0000000787c80000,0x0000000787c80000,0x0000000788b00000)
 ParOldGen       total 105472K, used 17701K [0x00000006c2400000, 0x00000006c8b00000, 0x000000076b700000)
  object space 105472K, 16% used [0x00000006c2400000,0x00000006c3549440,0x00000006c8b00000)
 Metaspace       used 34165K, capacity 35420K, committed 35496K, reserved 1079296K
  class space    used 4458K, capacity 4734K, committed 4776K, reserved 1048576K
}
Event: 19.625 GC heap before
{Heap before GC invocations=10 (full 2):
 PSYoungGen      total 256512K, used 242688K [0x000000076b700000, 0x0000000788b00000, 0x00000007c0000000)
  eden space 242688K, 100% used [0x000000076b700000,0x000000077a400000,0x000000077a400000)
  from space 13824K, 0% used [0x000000077a400000,0x000000077a400000,0x000000077b180000)
  to   space 14848K, 0% used [0x0000000787c80000,0x0000000787c80000,0x0000000788b00000)
 ParOldGen       total 105472K, used 17701K [0x00000006c2400000, 0x00000006c8b00000, 0x000000076b700000)
  object space 105472K, 16% used [0x00000006c2400000,0x00000006c3549440,0x00000006c8b00000)
 Metaspace       used 43781K, capacity 45782K, committed 45992K, reserved 1089536K
  class space    used 5852K, capacity 6227K, committed 6312K, reserved 1048576K
Event: 19.642 GC heap after
Heap after GC invocations=10 (full 2):
 PSYoungGen      total 438272K, used 14002K [0x000000076b700000, 0x0000000788a80000, 0x00000007c0000000)
  eden space 423936K, 0% used [0x000000076b700000,0x000000076b700000,0x0000000785500000)
  from space 14336K, 97% used [0x0000000787c80000,0x0000000788a2cb48,0x0000000788a80000)
  to   space 16384K, 0% used [0x0000000786a80000,0x0000000786a80000,0x0000000787a80000)
 ParOldGen       total 105472K, used 17709K [0x00000006c2400000, 0x00000006c8b00000, 0x000000076b700000)
  object space 105472K, 16% used [0x00000006c2400000,0x00000006c354b440,0x00000006c8b00000)
 Metaspace       used 43781K, capacity 45782K, committed 45992K, reserved 1089536K
  class space    used 5852K, capacity 6227K, committed 6312K, reserved 1048576K
}
Event: 25.286 GC heap before
{Heap before GC invocations=11 (full 2):
 PSYoungGen      total 438272K, used 293741K [0x000000076b700000, 0x0000000788a80000, 0x00000007c0000000)
  eden space 423936K, 65% used [0x000000076b700000,0x000000077c82ec08,0x0000000785500000)
  from space 14336K, 97% used [0x0000000787c80000,0x0000000788a2cb48,0x0000000788a80000)
  to   space 16384K, 0% used [0x0000000786a80000,0x0000000786a80000,0x0000000787a80000)
 ParOldGen       total 105472K, used 17709K [0x00000006c2400000, 0x00000006c8b00000, 0x000000076b700000)
  object space 105472K, 16% used [0x00000006c2400000,0x00000006c354b440,0x00000006c8b00000)
 Metaspace       used 56554K, capacity 59034K, committed 59160K, reserved 1099776K
  class space    used 7453K, capacity 7925K, committed 7976K, reserved 1048576K
Event: 25.304 GC heap after
Heap after GC invocations=11 (full 2):
 PSYoungGen      total 462336K, used 16356K [0x000000076b700000, 0x0000000792c80000, 0x00000007c0000000)
  eden space 445952K, 0% used [0x000000076b700000,0x000000076b700000,0x0000000786a80000)
  from space 16384K, 99% used [0x0000000786a80000,0x0000000787a79108,0x0000000787a80000)
  to   space 21504K, 0% used [0x0000000791780000,0x0000000791780000,0x0000000792c80000)
 ParOldGen       total 105472K, used 25623K [0x00000006c2400000, 0x00000006c8b00000, 0x000000076b700000)
  object space 105472K, 24% used [0x00000006c2400000,0x00000006c3d05fb8,0x00000006c8b00000)
 Metaspace       used 56554K, capacity 59034K, committed 59160K, reserved 1099776K
  class space    used 7453K, capacity 7925K, committed 7976K, reserved 1048576K
}
Event: 25.304 GC heap before
{Heap before GC invocations=12 (full 3):
 PSYoungGen      total 462336K, used 16356K [0x000000076b700000, 0x0000000792c80000, 0x00000007c0000000)
  eden space 445952K, 0% used [0x000000076b700000,0x000000076b700000,0x0000000786a80000)
  from space 16384K, 99% used [0x0000000786a80000,0x0000000787a79108,0x0000000787a80000)
  to   space 21504K, 0% used [0x0000000791780000,0x0000000791780000,0x0000000792c80000)
 ParOldGen       total 105472K, used 25623K [0x00000006c2400000, 0x00000006c8b00000, 0x000000076b700000)
  object space 105472K, 24% used [0x00000006c2400000,0x00000006c3d05fb8,0x00000006c8b00000)
 Metaspace       used 56554K, capacity 59034K, committed 59160K, reserved 1099776K
  class space    used 7453K, capacity 7925K, committed 7976K, reserved 1048576K
Event: 25.496 GC heap after
Heap after GC invocations=12 (full 3):
 PSYoungGen      total 462336K, used 0K [0x000000076b700000, 0x0000000792c80000, 0x00000007c0000000)
  eden space 445952K, 0% used [0x000000076b700000,0x000000076b700000,0x0000000786a80000)
  from space 16384K, 0% used [0x0000000786a80000,0x0000000786a80000,0x0000000787a80000)
  to   space 21504K, 0% used [0x0000000791780000,0x0000000791780000,0x0000000792c80000)
 ParOldGen       total 148992K, used 35153K [0x00000006c2400000, 0x00000006cb580000, 0x000000076b700000)
  object space 148992K, 23% used [0x00000006c2400000,0x00000006c46546b0,0x00000006cb580000)
 Metaspace       used 56554K, capacity 59034K, committed 59160K, reserved 1099776K
  class space    used 7453K, capacity 7925K, committed 7976K, reserved 1048576K
}
Event: 34.805 GC heap before
{Heap before GC invocations=13 (full 3):
 PSYoungGen      total 462336K, used 445952K [0x000000076b700000, 0x0000000792c80000, 0x00000007c0000000)
  eden space 445952K, 100% used [0x000000076b700000,0x0000000786a80000,0x0000000786a80000)
  from space 16384K, 0% used [0x0000000786a80000,0x0000000786a80000,0x0000000787a80000)
  to   space 21504K, 0% used [0x0000000791780000,0x0000000791780000,0x0000000792c80000)
 ParOldGen       total 148992K, used 35153K [0x00000006c2400000, 0x00000006cb580000, 0x000000076b700000)
  object space 148992K, 23% used [0x00000006c2400000,0x00000006c46546b0,0x00000006cb580000)
 Metaspace       used 66295K, capacity 69578K, committed 69784K, reserved 1110016K
  class space    used 8924K, capacity 9527K, committed 9640K, reserved 1048576K
Event: 34.846 GC heap after
Heap after GC invocations=13 (full 3):
 PSYoungGen      total 604672K, used 21485K [0x000000076b700000, 0x0000000792c80000, 0x00000007c0000000)
  eden space 583168K, 0% used [0x000000076b700000,0x000000076b700000,0x000000078f080000)
  from space 21504K, 99% used [0x0000000791780000,0x0000000792c7b7a8,0x0000000792c80000)
  to   space 24576K, 0% used [0x000000078fc80000,0x000000078fc80000,0x0000000791480000)
 ParOldGen       total 148992K, used 35599K [0x00000006c2400000, 0x00000006cb580000, 0x000000076b700000)
  object space 148992K, 23% used [0x00000006c2400000,0x00000006c46c3fe0,0x00000006cb580000)
 Metaspace       used 66295K, capacity 69578K, committed 69784K, reserved 1110016K
  class space    used 8924K, capacity 9527K, committed 9640K, reserved 1048576K
}

Deoptimization events (10 events):
Event: 39.674 Thread 0x000000002054d800 Uncommon trap: reason=bimorphic action=maybe_recompile pc=0x000000000403bffc method=java.util.HashMap.removeNode(ILjava/lang/Object;Ljava/lang/Object;ZZ)Ljava/util/HashMap$Node; @ 68
Event: 39.675 Thread 0x000000002054d800 Uncommon trap: reason=bimorphic action=maybe_recompile pc=0x000000000403bffc method=java.util.HashMap.removeNode(ILjava/lang/Object;Ljava/lang/Object;ZZ)Ljava/util/HashMap$Node; @ 68
Event: 39.675 Thread 0x000000002054d800 Uncommon trap: reason=bimorphic action=maybe_recompile pc=0x000000000403bffc method=java.util.HashMap.removeNode(ILjava/lang/Object;Ljava/lang/Object;ZZ)Ljava/util/HashMap$Node; @ 68
Event: 56.683 Thread 0x000000002054b000 Uncommon trap: reason=unstable_if action=reinterpret pc=0x0000000002dca8f8 method=java.io.BufferedInputStream.read1([BII)I @ 29
Event: 60.940 Thread 0x000000002054d800 Uncommon trap: reason=unstable_if action=reinterpret pc=0x0000000003476540 method=com.fasterxml.jackson.core.json.UTF8StreamJsonParser._finishAndReturnString()Ljava/lang/String; @ 59
Event: 151.938 Thread 0x000000002054d800 Uncommon trap: reason=unstable_if action=reinterpret pc=0x0000000003d4a880 method=com.fasterxml.jackson.core.json.UTF8StreamJsonParser.parseLongName(III)Ljava/lang/String; @ 48
Event: 361.293 Thread 0x000000002054d800 Uncommon trap: reason=unstable_if action=reinterpret pc=0x0000000003df163c method=com.fasterxml.jackson.core.sym.ByteQuadsCanonicalizer.findName([II)Ljava/lang/String; @ 2
Event: 391.601 Thread 0x000000002054d800 Uncommon trap: reason=unstable_if action=reinterpret pc=0x00000000035e4024 method=com.fasterxml.jackson.core.json.UTF8StreamJsonParser._finishString()V @ 59
Event: 1431.346 Thread 0x000000002054d800 Uncommon trap: reason=null_check action=make_not_entrant pc=0x000000000469a73c method=com.netflix.appinfo.InstanceInfo.removeMetadataMapLegacyValues(Ljava/util/Map;)Ljava/util/Map; @ 10
Event: 1458.601 Thread 0x000000002054d800 Uncommon trap: reason=null_check action=make_not_entrant pc=0x00000000046a64c0 method=com.netflix.appinfo.InstanceInfo.removeMetadataMapLegacyValues(Ljava/util/Map;)Ljava/util/Map; @ 38

Internal exceptions (10 events):
Event: 1640.488 Thread 0x000000002054d800 Exception <a 'java/net/SocketTimeoutException': Read timed out> (0x0000000783285140) thrown at [C:\re\workspace\8-2-build-windows-amd64-cygwin\jdk8u60\4407\hotspot\src\share\vm\prims\jni.cpp, line 735]
Event: 1643.524 Thread 0x000000002054d800 Exception <a 'java/net/SocketTimeoutException': Read timed out> (0x00000007832be118) thrown at [C:\re\workspace\8-2-build-windows-amd64-cygwin\jdk8u60\4407\hotspot\src\share\vm\prims\jni.cpp, line 735]
Event: 1646.560 Thread 0x000000002054d800 Exception <a 'java/net/SocketTimeoutException': Read timed out> (0x00000007832f70f0) thrown at [C:\re\workspace\8-2-build-windows-amd64-cygwin\jdk8u60\4407\hotspot\src\share\vm\prims\jni.cpp, line 735]
Event: 1649.589 Thread 0x000000002054d800 Exception <a 'java/net/SocketTimeoutException': Read timed out> (0x00000007833300c8) thrown at [C:\re\workspace\8-2-build-windows-amd64-cygwin\jdk8u60\4407\hotspot\src\share\vm\prims\jni.cpp, line 735]
Event: 1652.624 Thread 0x000000002054d800 Exception <a 'java/net/SocketTimeoutException': Read timed out> (0x00000007833690a0) thrown at [C:\re\workspace\8-2-build-windows-amd64-cygwin\jdk8u60\4407\hotspot\src\share\vm\prims\jni.cpp, line 735]
Event: 1655.666 Thread 0x000000002054d800 Exception <a 'java/net/SocketTimeoutException': Read timed out> (0x00000007833a2078) thrown at [C:\re\workspace\8-2-build-windows-amd64-cygwin\jdk8u60\4407\hotspot\src\share\vm\prims\jni.cpp, line 735]
Event: 1658.693 Thread 0x000000002054d800 Exception <a 'java/net/SocketTimeoutException': Read timed out> (0x00000007833db050) thrown at [C:\re\workspace\8-2-build-windows-amd64-cygwin\jdk8u60\4407\hotspot\src\share\vm\prims\jni.cpp, line 735]
Event: 1658.833 Thread 0x000000002054b000 Exception <a 'java/net/SocketTimeoutException': Read timed out> (0x00000007805d02c0) thrown at [C:\re\workspace\8-2-build-windows-amd64-cygwin\jdk8u60\4407\hotspot\src\share\vm\prims\jni.cpp, line 735]
Event: 1661.721 Thread 0x000000002054d800 Exception <a 'java/net/SocketTimeoutException': Read timed out> (0x0000000783414028) thrown at [C:\re\workspace\8-2-build-windows-amd64-cygwin\jdk8u60\4407\hotspot\src\share\vm\prims\jni.cpp, line 735]
Event: 1664.741 Thread 0x000000002054d800 Exception <a 'java/net/SocketTimeoutException': Read timed out> (0x000000078344e740) thrown at [C:\re\workspace\8-2-build-windows-amd64-cygwin\jdk8u60\4407\hotspot\src\share\vm\prims\jni.cpp, line 735]

Events (10 events):
Event: 1535.585 Thread 0x000000001f331000 flushing nmethod 0x0000000003523950
Event: 1570.762 Thread 0x000000001f33a800 flushing nmethod 0x0000000003b31910
Event: 1570.763 Thread 0x000000001f33a800 flushing nmethod 0x0000000003b89c10
Event: 1570.765 Thread 0x000000001f33a800 flushing nmethod 0x0000000003cd8b90
Event: 1570.768 Thread 0x000000001f33a800 flushing nmethod 0x0000000003e87b90
Event: 1570.768 Thread 0x000000001f33a800 flushing nmethod 0x0000000003f66f90
Event: 1570.772 Thread 0x000000001f33a800 flushing nmethod 0x00000000042bc490
Event: 1570.773 Thread 0x000000001f33a800 flushing nmethod 0x00000000043e0710
Event: 1665.641 Thread 0x0000000020c78800 DEOPT PACKING pc=0x000000000302d90b sp=0x000000002832df40
Event: 1665.642 Thread 0x0000000020c78800 DEOPT UNPACKING pc=0x0000000002cc787f sp=0x000000002832dc58 mode 0


Dynamic libraries:
0x00007ff76b390000 - 0x00007ff76b3c7000 	D:\Java\jdk1.8.0_60\bin\java.exe
0x00007ffaed660000 - 0x00007ffaed869000 	C:\WINDOWS\SYSTEM32\ntdll.dll
0x00007ffaec450000 - 0x00007ffaec50d000 	C:\WINDOWS\System32\KERNEL32.DLL
0x00007ffaeaf30000 - 0x00007ffaeb2a9000 	C:\WINDOWS\System32\KERNELBASE.dll
0x00007ffaecf30000 - 0x00007ffaecfde000 	C:\WINDOWS\System32\ADVAPI32.dll
0x00007ffaec510000 - 0x00007ffaec5b3000 	C:\WINDOWS\System32\msvcrt.dll
0x00007ffaecfe0000 - 0x00007ffaed07e000 	C:\WINDOWS\System32\sechost.dll
0x00007ffaec6c0000 - 0x00007ffaec7e0000 	C:\WINDOWS\System32\RPCRT4.dll
0x00007ffaed400000 - 0x00007ffaed5ac000 	C:\WINDOWS\System32\USER32.dll
0x00007ffaeb4c0000 - 0x00007ffaeb4e6000 	C:\WINDOWS\System32\win32u.dll
0x00007ffaec420000 - 0x00007ffaec449000 	C:\WINDOWS\System32\GDI32.dll
0x00007ffaeb2b0000 - 0x00007ffaeb3c2000 	C:\WINDOWS\System32\gdi32full.dll
0x00007ffaeac60000 - 0x00007ffaeacfd000 	C:\WINDOWS\System32\msvcp_win.dll
0x00007ffaeab40000 - 0x00007ffaeac51000 	C:\WINDOWS\System32\ucrtbase.dll
0x00007ffad9510000 - 0x00007ffad97b5000 	C:\WINDOWS\WinSxS\amd64_microsoft.windows.common-controls_6595b64144ccf1df_6.0.22000.120_none_9d947278b86cc467\COMCTL32.dll
0x00007ffaec0e0000 - 0x00007ffaec111000 	C:\WINDOWS\System32\IMM32.DLL
0x0000000050080000 - 0x0000000050152000 	D:\Java\jdk1.8.0_60\jre\bin\msvcr100.dll
0x0000000077770000 - 0x0000000077ff9000 	D:\Java\jdk1.8.0_60\jre\bin\server\jvm.dll
0x00007ffaec270000 - 0x00007ffaec278000 	C:\WINDOWS\System32\PSAPI.DLL
0x00007ffac7a40000 - 0x00007ffac7a49000 	C:\WINDOWS\SYSTEM32\WSOCK32.dll
0x00007ffae5f50000 - 0x00007ffae5f83000 	C:\WINDOWS\SYSTEM32\WINMM.dll
0x00007ffaec200000 - 0x00007ffaec26f000 	C:\WINDOWS\System32\WS2_32.dll
0x00007ffada130000 - 0x00007ffada13a000 	C:\WINDOWS\SYSTEM32\VERSION.dll
0x0000000050070000 - 0x000000005007f000 	D:\Java\jdk1.8.0_60\jre\bin\verify.dll
0x0000000050040000 - 0x0000000050069000 	D:\Java\jdk1.8.0_60\jre\bin\java.dll
0x0000000077740000 - 0x0000000077763000 	D:\Java\jdk1.8.0_60\jre\bin\instrument.dll
0x0000000050020000 - 0x0000000050036000 	D:\Java\jdk1.8.0_60\jre\bin\zip.dll
0x00007ffaeb830000 - 0x00007ffaebfe8000 	C:\WINDOWS\System32\SHELL32.dll
0x00007ffae8cb0000 - 0x00007ffae9518000 	C:\WINDOWS\SYSTEM32\windows.storage.dll
0x00007ffaed080000 - 0x00007ffaed3f9000 	C:\WINDOWS\System32\combase.dll
0x00007ffae8b40000 - 0x00007ffae8ca6000 	C:\WINDOWS\SYSTEM32\wintypes.dll
0x00007ffaec5c0000 - 0x00007ffaec6aa000 	C:\WINDOWS\System32\SHCORE.dll
0x00007ffaeccb0000 - 0x00007ffaecd0d000 	C:\WINDOWS\System32\shlwapi.dll
0x00007ffaeaa70000 - 0x00007ffaeaa91000 	C:\WINDOWS\SYSTEM32\profapi.dll
0x00007ffad9030000 - 0x00007ffad904a000 	D:\JetBrains\IntelliJ IDEA 2019.1\bin\breakgen64.dll
0x0000000050000000 - 0x000000005001a000 	D:\Java\jdk1.8.0_60\jre\bin\net.dll
0x00007ffaea070000 - 0x00007ffaea0d7000 	C:\WINDOWS\system32\mswsock.dll
0x00007ffae9770000 - 0x00007ffae979d000 	C:\WINDOWS\SYSTEM32\IPHLPAPI.DLL
0x00007ffaec380000 - 0x00007ffaec389000 	C:\WINDOWS\System32\NSI.dll
0x00007ffae4d60000 - 0x00007ffae4d79000 	C:\WINDOWS\SYSTEM32\dhcpcsvc6.DLL
0x00007ffae56a0000 - 0x00007ffae56be000 	C:\WINDOWS\SYSTEM32\dhcpcsvc.DLL
0x00007ffae97a0000 - 0x00007ffae9888000 	C:\WINDOWS\SYSTEM32\DNSAPI.dll
0x00007ffac6d90000 - 0x00007ffac6dbf000 	C:\Program Files (x86)\Sangfor\SSL\ClientComponent4\SangforNspX64.dll
0x00007ffaecd10000 - 0x00007ffaeceaa000 	C:\WINDOWS\System32\ole32.dll
0x00007ffaec120000 - 0x00007ffaec1f6000 	C:\WINDOWS\System32\OLEAUT32.dll
0x00007ffad9ef0000 - 0x00007ffada06b000 	C:\Program Files (x86)\Sangfor\SSL\ClientComponent4\SangforTcpX64.dll
0x00007ffaeb3d0000 - 0x00007ffaeb437000 	C:\WINDOWS\System32\WINTRUST.dll
0x00007ffaeadc0000 - 0x00007ffaeaf22000 	C:\WINDOWS\System32\CRYPT32.dll
0x00007ffaea310000 - 0x00007ffaea322000 	C:\WINDOWS\SYSTEM32\MSASN1.dll
0x00007ffad7ab0000 - 0x00007ffad7aba000 	C:\Windows\System32\rasadhlp.dll
0x00007ffae2550000 - 0x00007ffae25d1000 	C:\WINDOWS\System32\fwpuclnt.dll
0x0000000077710000 - 0x000000007771d000 	D:\Java\jdk1.8.0_60\jre\bin\management.dll
0x00007ffaaf360000 - 0x00007ffaaf377000 	C:\WINDOWS\system32\napinsp.dll
0x00007ffaaf2c0000 - 0x00007ffaaf2db000 	C:\WINDOWS\system32\pnrpnsp.dll
0x00007ffaaf2a0000 - 0x00007ffaaf2b2000 	C:\WINDOWS\System32\winrnr.dll
0x00007ffae3320000 - 0x00007ffae3335000 	C:\WINDOWS\system32\wshbth.dll
0x00007ffaaf280000 - 0x00007ffaaf29f000 	C:\WINDOWS\system32\nlansp_c.dll
0x0000000077720000 - 0x0000000077731000 	D:\Java\jdk1.8.0_60\jre\bin\nio.dll
0x00007ffaea2b0000 - 0x00007ffaea2c8000 	C:\WINDOWS\SYSTEM32\CRYPTSP.dll
0x00007ffae9ba0000 - 0x00007ffae9bd5000 	C:\WINDOWS\system32\rsaenh.dll
0x00007ffaea160000 - 0x00007ffaea189000 	C:\WINDOWS\SYSTEM32\USERENV.dll
0x00007ffaea430000 - 0x00007ffaea457000 	C:\WINDOWS\SYSTEM32\bcrypt.dll
0x00007ffaeb440000 - 0x00007ffaeb4bf000 	C:\WINDOWS\System32\bcryptprimitives.dll
0x00007ffaea2d0000 - 0x00007ffaea2dc000 	C:\WINDOWS\SYSTEM32\CRYPTBASE.dll
0x00000000776e0000 - 0x0000000077704000 	D:\Java\jdk1.8.0_60\jre\bin\sunec.dll
0x00000000776d0000 - 0x00000000776db000 	D:\Java\jdk1.8.0_60\jre\bin\sunmscapi.dll

VM Arguments:
jvm_args: -javaagent:D:\JetBrains\IntelliJ IDEA 2019.1\lib\idea_rt.jar=60471:D:\JetBrains\IntelliJ IDEA 2019.1\bin -Dfile.encoding=UTF-8 
java_command: cn.datax.service.data.metadata.console.DataxConsoleApplication
java_class_path (initial): D:\Java\jdk1.8.0_60\jre\lib\charsets.jar;D:\Java\jdk1.8.0_60\jre\lib\deploy.jar;D:\Java\jdk1.8.0_60\jre\lib\ext\access-bridge-64.jar;D:\Java\jdk1.8.0_60\jre\lib\ext\cldrdata.jar;D:\Java\jdk1.8.0_60\jre\lib\ext\dnsns.jar;D:\Java\jdk1.8.0_60\jre\lib\ext\jaccess.jar;D:\Java\jdk1.8.0_60\jre\lib\ext\jfxrt.jar;D:\Java\jdk1.8.0_60\jre\lib\ext\localedata.jar;D:\Java\jdk1.8.0_60\jre\lib\ext\nashorn.jar;D:\Java\jdk1.8.0_60\jre\lib\ext\sunec.jar;D:\Java\jdk1.8.0_60\jre\lib\ext\sunjce_provider.jar;D:\Java\jdk1.8.0_60\jre\lib\ext\sunmscapi.jar;D:\Java\jdk1.8.0_60\jre\lib\ext\sunpkcs11.jar;D:\Java\jdk1.8.0_60\jre\lib\ext\zipfs.jar;D:\Java\jdk1.8.0_60\jre\lib\javaws.jar;D:\Java\jdk1.8.0_60\jre\lib\jce.jar;D:\Java\jdk1.8.0_60\jre\lib\jfr.jar;D:\Java\jdk1.8.0_60\jre\lib\jfxswt.jar;D:\Java\jdk1.8.0_60\jre\lib\jsse.jar;D:\Java\jdk1.8.0_60\jre\lib\management-agent.jar;D:\Java\jdk1.8.0_60\jre\lib\plugin.jar;D:\Java\jdk1.8.0_60\jre\lib\resources.jar;D:\Java\jdk1.8.0_60\jre\lib\rt.jar;D:\IdeaProjects\datax-cloud\datax-modules\data-metadata-service-parent\data-metadata-service-console\target\classes;D:\apache-maven-3.5.3\repository\org\springframework\boot\spring-boot-starter-web\2.3.5.RELEASE\spring-boot-starter-web-2.3.5.RELEASE.jar;D:\apache-maven-3.5.3\repository\org\springframework\boot\spring-boot-starter\2.3.5.RELEASE\spring-boot-starter-2.3.5.RELEASE.jar;D:\apache-maven-3.5.3\repository\org\springframework\boot\spring-boot\2.3.5.RELEASE\spring-boot-2.3.5.RELEASE.jar;D:\apache-maven-3.5.3\repository\org\springframework\boot\spring-boot-autoconfigure\2.3.5.RELEASE\spring-boot-autoconfigure-2.3.5.RELEASE.jar;D:\apache-maven-3.5.3\repository\org\springframework\boot\spring-boot-starter-logging\2.3.5.RELEASE\spring-boot-starter-logging-2.3.5.RELEASE.jar;D:\apache-maven-3.5.3\repository\ch\qos\logback\logback-classic\1.2.3\logback-classic-1.2.3.jar;D:\apache-maven-3.5.3\repository\ch\qos\logback\logback-core\1.2.3\logback-core-1.2.3.jar;D:\apache-maven-3.5.3\
Launcher Type: SUN_STANDARD

Environment Variables:
JAVA_HOME=D:\Java\jdk1.8.0_60
CLASSPATH=.;D:\Java\jdk1.8.0_60\lib;D:\Java\jdk1.8.0_60\lib\tools.jar
PATH=C:\Windows\System32;C:\Windows;C:\Windows\System32\wbem;C:\Windows\System32\WindowsPowerShell\v1.0\;C:\Windows\System32\OpenSSH\;C:\Program Files\Common Files\Intel\WirelessCommon\;D:\Java\jdk1.8.0_60\bin;D:\Java\jdk1.8.0_60\jre\bin;C:\WINDOWS\system32;C:\WINDOWS;C:\WINDOWS\System32\Wbem;C:\WINDOWS\System32\WindowsPowerShell\v1.0\;C:\WINDOWS\System32\OpenSSH\;D:\mysql-8.0.21-winx64\bin;D:\program files\xshell\;D:\program files\xftp\;D:\python36\;D:\Program Files\TortoiseSVN\bin;D:\Program Files\nodejs\;D:\program files\RabbitMQ\erl-24.1.7\bin;C:\Users\user\AppData\Local\Microsoft\WindowsApps;D:\python36\;C:\Users\user\AppData\Roaming\npm
USERNAME=user
OS=Windows_NT
PROCESSOR_IDENTIFIER=Intel64 Family 6 Model 142 Stepping 10, GenuineIntel



---------------  S Y S T E M  ---------------

OS: Windows 10.0 , 64 bit Build 22000 (10.0.22000.708)

CPU:total 8 (4 cores per cpu, 2 threads per core) family 6 model 142 stepping 10, cmov, cx8, fxsr, mmx, sse, sse2, sse3, ssse3, sse4.1, sse4.2, popcnt, avx, avx2, aes, clmul, erms, 3dnowpref, lzcnt, ht, tsc, tscinvbit, bmi1, bmi2, adx

Memory: 4k page, physical 16627832k(2516064k free), swap 32093684k(3140k free)

vm_info: Java HotSpot(TM) 64-Bit Server VM (25.60-b23) for windows-amd64 JRE (1.8.0_60-b27), built on Aug  4 2015 11:06:27 by "java_re" with MS VC++ 10.0 (VS2010)

time: Wed Jun 22 17:28:15 2022
elapsed time: 1665 seconds (0d 0h 27m 45s)

