2022-06-14 10:47:42 INFO  datax-service-data-integration background-preinit org.hibernate.validator.internal.util.Version HV000001: Hibernate Validator 6.1.6.Final
2022-06-14 10:47:44 INFO  datax-service-data-integration main org.springframework.cloud.config.client.ConfigServicePropertySourceLocator Fetching config from server at : http://localhost:8611/
2022-06-14 10:47:45 INFO  datax-service-data-integration main org.springframework.cloud.config.client.ConfigServicePropertySourceLocator Located environment: name=datax-service-data-integration, profiles=[dev], label=null, version=null, state=null
2022-06-14 10:47:45 INFO  datax-service-data-integration main org.springframework.cloud.bootstrap.config.PropertySourceBootstrapConfiguration Located property source: [BootstrapPropertySource {name='bootstrapProperties-classpath:/config/datax-service-data-integration-dev.yml'}, BootstrapPropertySource {name='bootstrapProperties-classpath:/config/application-dev.yml'}]
2022-06-14 10:47:45 INFO  datax-service-data-integration main cn.datax.service.data.market.integration.DataxIntegrationApplication The following profiles are active: dev
2022-06-14 10:47:46 INFO  datax-service-data-integration main org.springframework.data.repository.config.RepositoryConfigurationDelegate Multiple Spring Data modules found, entering strict repository configuration mode!
2022-06-14 10:47:46 INFO  datax-service-data-integration main org.springframework.data.repository.config.RepositoryConfigurationDelegate Bootstrapping Spring Data Redis repositories in DEFAULT mode.
2022-06-14 10:47:46 INFO  datax-service-data-integration main org.springframework.data.repository.config.RepositoryConfigurationDelegate Finished Spring Data repository scanning in 19ms. Found 0 Redis repository interfaces.
2022-06-14 10:47:47 INFO  datax-service-data-integration main org.springframework.cloud.context.scope.GenericScope BeanFactory id=c0587e0e-1440-3aea-b7e3-9d45358951af
2022-06-14 10:47:47 INFO  datax-service-data-integration main org.springframework.context.support.PostProcessorRegistrationDelegate$BeanPostProcessorChecker Bean 'spring.datasource.dynamic-com.baomidou.dynamic.datasource.spring.boot.autoconfigure.DynamicDataSourceProperties' of type [com.baomidou.dynamic.datasource.spring.boot.autoconfigure.DynamicDataSourceProperties] is not eligible for getting processed by all BeanPostProcessors (for example: not eligible for auto-proxying)
2022-06-14 10:47:47 INFO  datax-service-data-integration main org.springframework.context.support.PostProcessorRegistrationDelegate$BeanPostProcessorChecker Bean 'com.baomidou.dynamic.datasource.spring.boot.autoconfigure.DynamicDataSourceAutoConfiguration' of type [com.baomidou.dynamic.datasource.spring.boot.autoconfigure.DynamicDataSourceAutoConfiguration$$EnhancerBySpringCGLIB$$7d3e2cbc] is not eligible for getting processed by all BeanPostProcessors (for example: not eligible for auto-proxying)
2022-06-14 10:47:47 INFO  datax-service-data-integration main org.springframework.context.support.PostProcessorRegistrationDelegate$BeanPostProcessorChecker Bean 'dsProcessor' of type [com.baomidou.dynamic.datasource.processor.DsHeaderProcessor] is not eligible for getting processed by all BeanPostProcessors (for example: not eligible for auto-proxying)
2022-06-14 10:47:48 INFO  datax-service-data-integration main org.springframework.context.support.PostProcessorRegistrationDelegate$BeanPostProcessorChecker Bean 'org.springframework.security.access.expression.method.DefaultMethodSecurityExpressionHandler@47a3d56a' of type [org.springframework.security.oauth2.provider.expression.OAuth2MethodSecurityExpressionHandler] is not eligible for getting processed by all BeanPostProcessors (for example: not eligible for auto-proxying)
2022-06-14 10:47:48 INFO  datax-service-data-integration main org.springframework.context.support.PostProcessorRegistrationDelegate$BeanPostProcessorChecker Bean 'methodSecurityMetadataSource' of type [org.springframework.security.access.method.DelegatingMethodSecurityMetadataSource] is not eligible for getting processed by all BeanPostProcessors (for example: not eligible for auto-proxying)
2022-06-14 10:47:49 INFO  datax-service-data-integration main io.undertow.servlet Initializing Spring embedded WebApplicationContext
2022-06-14 10:47:49 INFO  datax-service-data-integration main org.springframework.boot.web.servlet.context.ServletWebServerApplicationContext Root WebApplicationContext: initialization completed in 4106 ms
2022-06-14 10:47:49 INFO  datax-service-data-integration main com.netflix.config.sources.URLConfigurationSource To enable URLs as dynamic configuration sources, define System property archaius.configurationSource.additionalUrls or make config.properties available on classpath.
2022-06-14 10:47:49 INFO  datax-service-data-integration main com.netflix.config.DynamicPropertyFactory DynamicPropertyFactory is initialized with configuration sources: com.netflix.config.ConcurrentCompositeConfiguration@64757d56
2022-06-14 10:47:49 INFO  datax-service-data-integration main org.springframework.boot.actuate.endpoint.web.ServletEndpointRegistrar Registered '/actuator/hystrix.stream' to hystrix.stream-actuator-endpoint
2022-06-14 10:47:49 INFO  datax-service-data-integration main com.zaxxer.hikari.HikariDataSource mysql - Starting...
2022-06-14 10:47:50 INFO  datax-service-data-integration main com.zaxxer.hikari.HikariDataSource mysql - Start completed.
2022-06-14 10:47:50 INFO  datax-service-data-integration main com.baomidou.dynamic.datasource.DynamicRoutingDataSource dynamic-datasource - load a datasource named [mysql] success
2022-06-14 10:47:50 INFO  datax-service-data-integration main com.baomidou.dynamic.datasource.DynamicRoutingDataSource dynamic-datasource initial loaded [1] datasource,primary datasource named [mysql]
2022-06-14 10:47:54 INFO  datax-service-data-integration main org.springframework.boot.actuate.endpoint.web.EndpointLinksResolver Exposing 18 endpoint(s) beneath base path '/actuator'
2022-06-14 10:47:54 INFO  datax-service-data-integration main org.springframework.scheduling.concurrent.ThreadPoolTaskExecutor Initializing ExecutorService
2022-06-14 10:47:54 INFO  datax-service-data-integration main org.springframework.scheduling.concurrent.ThreadPoolTaskExecutor Initializing ExecutorService 'taskExecutor'
2022-06-14 10:47:54 INFO  datax-service-data-integration main springfox.documentation.spring.web.PropertySourcedRequestMappingHandlerMapping Mapped URL path [/v2/api-docs] onto method [springfox.documentation.swagger2.web.Swagger2Controller#getDocumentation(String, HttpServletRequest)]
2022-06-14 10:47:54 INFO  datax-service-data-integration main com.netflix.config.sources.URLConfigurationSource To enable URLs as dynamic configuration sources, define System property archaius.configurationSource.additionalUrls or make config.properties available on classpath.
2022-06-14 10:47:55 INFO  datax-service-data-integration main org.springframework.boot.autoconfigure.security.servlet.UserDetailsServiceAutoConfiguration 

Using generated security password: f858036f-60c6-436b-b729-d33816e480db

2022-06-14 10:47:55 INFO  datax-service-data-integration main org.springframework.security.web.DefaultSecurityFilterChain Creating filter chain: any request, [org.springframework.security.web.context.request.async.WebAsyncManagerIntegrationFilter@611c1f92, org.springframework.security.web.context.SecurityContextPersistenceFilter@6b5e8b3a, org.springframework.security.web.header.HeaderWriterFilter@47f50549, org.springframework.security.web.authentication.logout.LogoutFilter@70b9a553, org.springframework.security.oauth2.provider.authentication.OAuth2AuthenticationProcessingFilter@240fe338, org.springframework.security.web.savedrequest.RequestCacheAwareFilter@171b82ea, org.springframework.security.web.servletapi.SecurityContextHolderAwareRequestFilter@ac3739d, org.springframework.security.web.authentication.AnonymousAuthenticationFilter@3656a6cd, org.springframework.security.web.session.SessionManagementFilter@7845f53d, org.springframework.security.web.access.ExceptionTranslationFilter@72548e3c, org.springframework.security.web.access.intercept.FilterSecurityInterceptor@f58011d]
2022-06-14 10:47:57 INFO  datax-service-data-integration main org.springframework.cloud.netflix.eureka.config.DiscoveryClientOptionalArgsConfiguration Eureka HTTP Client uses Jersey
2022-06-14 10:47:57 INFO  datax-service-data-integration main org.springframework.cloud.netflix.eureka.InstanceInfoFactory Setting initial instance status as: STARTING
2022-06-14 10:47:57 INFO  datax-service-data-integration main com.netflix.discovery.DiscoveryClient Initializing Eureka in region us-east-1
2022-06-14 10:47:57 INFO  datax-service-data-integration main com.netflix.discovery.provider.DiscoveryJerseyProvider Using JSON encoding codec LegacyJacksonJson
2022-06-14 10:47:57 INFO  datax-service-data-integration main com.netflix.discovery.provider.DiscoveryJerseyProvider Using JSON decoding codec LegacyJacksonJson
2022-06-14 10:47:57 INFO  datax-service-data-integration main com.netflix.discovery.provider.DiscoveryJerseyProvider Using XML encoding codec XStreamXml
2022-06-14 10:47:57 INFO  datax-service-data-integration main com.netflix.discovery.provider.DiscoveryJerseyProvider Using XML decoding codec XStreamXml
2022-06-14 10:47:57 INFO  datax-service-data-integration main com.netflix.discovery.shared.resolver.aws.ConfigClusterResolver Resolving eureka endpoints via configuration
2022-06-14 10:47:58 INFO  datax-service-data-integration main com.netflix.discovery.DiscoveryClient Disable delta property : false
2022-06-14 10:47:58 INFO  datax-service-data-integration main com.netflix.discovery.DiscoveryClient Single vip registry refresh property : null
2022-06-14 10:47:58 INFO  datax-service-data-integration main com.netflix.discovery.DiscoveryClient Force full registry fetch : false
2022-06-14 10:47:58 INFO  datax-service-data-integration main com.netflix.discovery.DiscoveryClient Application is null : false
2022-06-14 10:47:58 INFO  datax-service-data-integration main com.netflix.discovery.DiscoveryClient Registered Applications size is zero : true
2022-06-14 10:47:58 INFO  datax-service-data-integration main com.netflix.discovery.DiscoveryClient Application version is -1: true
2022-06-14 10:47:58 INFO  datax-service-data-integration main com.netflix.discovery.DiscoveryClient Getting all instance registry info from the eureka server
2022-06-14 10:47:58 INFO  datax-service-data-integration main com.netflix.discovery.DiscoveryClient The response status is 200
2022-06-14 10:47:58 INFO  datax-service-data-integration main com.netflix.discovery.DiscoveryClient Starting heartbeat executor: renew interval is: 20
2022-06-14 10:47:58 INFO  datax-service-data-integration main com.netflix.discovery.InstanceInfoReplicator InstanceInfoReplicator onDemand update allowed rate per min is 4
2022-06-14 10:47:58 INFO  datax-service-data-integration main com.netflix.discovery.DiscoveryClient Discovery Client initialized at timestamp 1655174878837 with initial instances count: 12
2022-06-14 10:47:58 INFO  datax-service-data-integration main org.springframework.cloud.netflix.eureka.serviceregistry.EurekaServiceRegistry Registering application DATAX-SERVICE-DATA-INTEGRATION with eureka with status UP
2022-06-14 10:47:58 INFO  datax-service-data-integration main com.netflix.discovery.DiscoveryClient Saw local status change event StatusChangeEvent [timestamp=1655174878848, current=UP, previous=STARTING]
2022-06-14 10:47:58 INFO  datax-service-data-integration DiscoveryClient-InstanceInfoReplicator-0 com.netflix.discovery.DiscoveryClient DiscoveryClient_DATAX-SERVICE-DATA-INTEGRATION/li20220331:datax-service-data-integration:8824: registering service...
2022-06-14 10:47:58 INFO  datax-service-data-integration main io.undertow starting server: Undertow - 2.1.4.Final
2022-06-14 10:47:58 INFO  datax-service-data-integration main org.xnio XNIO version 3.8.0.Final
2022-06-14 10:47:58 INFO  datax-service-data-integration main org.xnio.nio XNIO NIO Implementation Version 3.8.0.Final
2022-06-14 10:47:58 INFO  datax-service-data-integration DiscoveryClient-InstanceInfoReplicator-0 com.netflix.discovery.DiscoveryClient DiscoveryClient_DATAX-SERVICE-DATA-INTEGRATION/li20220331:datax-service-data-integration:8824 - registration status: 204
2022-06-14 10:47:58 INFO  datax-service-data-integration main org.jboss.threads JBoss Threads version 3.1.0.Final
2022-06-14 10:47:58 INFO  datax-service-data-integration main org.springframework.boot.web.embedded.undertow.UndertowWebServer Undertow started on port(s) 8824 (http)
2022-06-14 10:47:58 INFO  datax-service-data-integration main org.springframework.cloud.netflix.eureka.serviceregistry.EurekaAutoServiceRegistration Updating port to 8824
2022-06-14 10:47:59 INFO  datax-service-data-integration main springfox.documentation.spring.web.plugins.DocumentationPluginsBootstrapper Context refreshed
2022-06-14 10:47:59 INFO  datax-service-data-integration main springfox.documentation.spring.web.plugins.DocumentationPluginsBootstrapper Found 1 custom documentation plugin(s)
2022-06-14 10:48:00 INFO  datax-service-data-integration main springfox.documentation.spring.web.scanners.ApiListingReferenceScanner Scanning for api listing references
2022-06-14 10:48:00 INFO  datax-service-data-integration main cn.datax.service.data.market.integration.DataxIntegrationApplication Started DataxIntegrationApplication in 19.816 seconds (JVM running for 21.224)
2022-06-14 10:52:58 INFO  datax-service-data-integration AsyncResolver-bootstrap-executor-0 com.netflix.discovery.shared.resolver.aws.ConfigClusterResolver Resolving eureka endpoints via configuration
2022-06-14 10:57:58 INFO  datax-service-data-integration AsyncResolver-bootstrap-executor-0 com.netflix.discovery.shared.resolver.aws.ConfigClusterResolver Resolving eureka endpoints via configuration
2022-06-14 11:02:58 INFO  datax-service-data-integration AsyncResolver-bootstrap-executor-0 com.netflix.discovery.shared.resolver.aws.ConfigClusterResolver Resolving eureka endpoints via configuration
2022-06-14 11:07:58 INFO  datax-service-data-integration AsyncResolver-bootstrap-executor-0 com.netflix.discovery.shared.resolver.aws.ConfigClusterResolver Resolving eureka endpoints via configuration
2022-06-14 11:12:58 INFO  datax-service-data-integration AsyncResolver-bootstrap-executor-0 com.netflix.discovery.shared.resolver.aws.ConfigClusterResolver Resolving eureka endpoints via configuration
2022-06-14 11:17:58 INFO  datax-service-data-integration AsyncResolver-bootstrap-executor-0 com.netflix.discovery.shared.resolver.aws.ConfigClusterResolver Resolving eureka endpoints via configuration
2022-06-14 11:22:58 INFO  datax-service-data-integration AsyncResolver-bootstrap-executor-0 com.netflix.discovery.shared.resolver.aws.ConfigClusterResolver Resolving eureka endpoints via configuration
2022-06-14 11:27:58 INFO  datax-service-data-integration AsyncResolver-bootstrap-executor-0 com.netflix.discovery.shared.resolver.aws.ConfigClusterResolver Resolving eureka endpoints via configuration
2022-06-14 11:32:58 INFO  datax-service-data-integration AsyncResolver-bootstrap-executor-0 com.netflix.discovery.shared.resolver.aws.ConfigClusterResolver Resolving eureka endpoints via configuration
2022-06-14 11:37:58 INFO  datax-service-data-integration AsyncResolver-bootstrap-executor-0 com.netflix.discovery.shared.resolver.aws.ConfigClusterResolver Resolving eureka endpoints via configuration
2022-06-14 11:42:58 INFO  datax-service-data-integration AsyncResolver-bootstrap-executor-0 com.netflix.discovery.shared.resolver.aws.ConfigClusterResolver Resolving eureka endpoints via configuration
2022-06-14 11:47:58 INFO  datax-service-data-integration AsyncResolver-bootstrap-executor-0 com.netflix.discovery.shared.resolver.aws.ConfigClusterResolver Resolving eureka endpoints via configuration
2022-06-14 11:52:58 INFO  datax-service-data-integration AsyncResolver-bootstrap-executor-0 com.netflix.discovery.shared.resolver.aws.ConfigClusterResolver Resolving eureka endpoints via configuration
2022-06-14 11:57:58 INFO  datax-service-data-integration AsyncResolver-bootstrap-executor-0 com.netflix.discovery.shared.resolver.aws.ConfigClusterResolver Resolving eureka endpoints via configuration
2022-06-14 12:02:58 INFO  datax-service-data-integration AsyncResolver-bootstrap-executor-0 com.netflix.discovery.shared.resolver.aws.ConfigClusterResolver Resolving eureka endpoints via configuration
2022-06-14 12:07:58 INFO  datax-service-data-integration AsyncResolver-bootstrap-executor-0 com.netflix.discovery.shared.resolver.aws.ConfigClusterResolver Resolving eureka endpoints via configuration
2022-06-14 12:12:58 INFO  datax-service-data-integration AsyncResolver-bootstrap-executor-0 com.netflix.discovery.shared.resolver.aws.ConfigClusterResolver Resolving eureka endpoints via configuration
2022-06-14 12:17:58 INFO  datax-service-data-integration AsyncResolver-bootstrap-executor-0 com.netflix.discovery.shared.resolver.aws.ConfigClusterResolver Resolving eureka endpoints via configuration
2022-06-14 12:22:58 INFO  datax-service-data-integration AsyncResolver-bootstrap-executor-0 com.netflix.discovery.shared.resolver.aws.ConfigClusterResolver Resolving eureka endpoints via configuration
2022-06-14 12:27:58 INFO  datax-service-data-integration AsyncResolver-bootstrap-executor-0 com.netflix.discovery.shared.resolver.aws.ConfigClusterResolver Resolving eureka endpoints via configuration
2022-06-14 12:32:58 INFO  datax-service-data-integration AsyncResolver-bootstrap-executor-0 com.netflix.discovery.shared.resolver.aws.ConfigClusterResolver Resolving eureka endpoints via configuration
2022-06-14 12:37:58 INFO  datax-service-data-integration AsyncResolver-bootstrap-executor-0 com.netflix.discovery.shared.resolver.aws.ConfigClusterResolver Resolving eureka endpoints via configuration
2022-06-14 12:42:58 INFO  datax-service-data-integration AsyncResolver-bootstrap-executor-0 com.netflix.discovery.shared.resolver.aws.ConfigClusterResolver Resolving eureka endpoints via configuration
2022-06-14 12:47:58 INFO  datax-service-data-integration AsyncResolver-bootstrap-executor-0 com.netflix.discovery.shared.resolver.aws.ConfigClusterResolver Resolving eureka endpoints via configuration
2022-06-14 12:52:58 INFO  datax-service-data-integration AsyncResolver-bootstrap-executor-0 com.netflix.discovery.shared.resolver.aws.ConfigClusterResolver Resolving eureka endpoints via configuration
2022-06-14 12:57:58 INFO  datax-service-data-integration AsyncResolver-bootstrap-executor-0 com.netflix.discovery.shared.resolver.aws.ConfigClusterResolver Resolving eureka endpoints via configuration
2022-06-14 13:02:58 INFO  datax-service-data-integration AsyncResolver-bootstrap-executor-0 com.netflix.discovery.shared.resolver.aws.ConfigClusterResolver Resolving eureka endpoints via configuration
2022-06-14 13:07:58 INFO  datax-service-data-integration AsyncResolver-bootstrap-executor-0 com.netflix.discovery.shared.resolver.aws.ConfigClusterResolver Resolving eureka endpoints via configuration
2022-06-14 13:12:58 INFO  datax-service-data-integration AsyncResolver-bootstrap-executor-0 com.netflix.discovery.shared.resolver.aws.ConfigClusterResolver Resolving eureka endpoints via configuration
2022-06-14 13:17:58 INFO  datax-service-data-integration AsyncResolver-bootstrap-executor-0 com.netflix.discovery.shared.resolver.aws.ConfigClusterResolver Resolving eureka endpoints via configuration
2022-06-14 13:22:58 INFO  datax-service-data-integration AsyncResolver-bootstrap-executor-0 com.netflix.discovery.shared.resolver.aws.ConfigClusterResolver Resolving eureka endpoints via configuration
2022-06-14 13:27:58 INFO  datax-service-data-integration AsyncResolver-bootstrap-executor-0 com.netflix.discovery.shared.resolver.aws.ConfigClusterResolver Resolving eureka endpoints via configuration
2022-06-14 13:32:58 INFO  datax-service-data-integration AsyncResolver-bootstrap-executor-0 com.netflix.discovery.shared.resolver.aws.ConfigClusterResolver Resolving eureka endpoints via configuration
2022-06-14 13:37:58 INFO  datax-service-data-integration AsyncResolver-bootstrap-executor-0 com.netflix.discovery.shared.resolver.aws.ConfigClusterResolver Resolving eureka endpoints via configuration
2022-06-14 13:42:58 INFO  datax-service-data-integration AsyncResolver-bootstrap-executor-0 com.netflix.discovery.shared.resolver.aws.ConfigClusterResolver Resolving eureka endpoints via configuration
2022-06-14 13:47:58 INFO  datax-service-data-integration AsyncResolver-bootstrap-executor-0 com.netflix.discovery.shared.resolver.aws.ConfigClusterResolver Resolving eureka endpoints via configuration
2022-06-14 13:52:58 INFO  datax-service-data-integration AsyncResolver-bootstrap-executor-0 com.netflix.discovery.shared.resolver.aws.ConfigClusterResolver Resolving eureka endpoints via configuration
2022-06-14 13:57:58 INFO  datax-service-data-integration AsyncResolver-bootstrap-executor-0 com.netflix.discovery.shared.resolver.aws.ConfigClusterResolver Resolving eureka endpoints via configuration
2022-06-14 14:02:58 INFO  datax-service-data-integration AsyncResolver-bootstrap-executor-0 com.netflix.discovery.shared.resolver.aws.ConfigClusterResolver Resolving eureka endpoints via configuration
2022-06-14 14:07:58 INFO  datax-service-data-integration AsyncResolver-bootstrap-executor-0 com.netflix.discovery.shared.resolver.aws.ConfigClusterResolver Resolving eureka endpoints via configuration
2022-06-14 14:12:58 INFO  datax-service-data-integration AsyncResolver-bootstrap-executor-0 com.netflix.discovery.shared.resolver.aws.ConfigClusterResolver Resolving eureka endpoints via configuration
2022-06-14 14:17:58 INFO  datax-service-data-integration AsyncResolver-bootstrap-executor-0 com.netflix.discovery.shared.resolver.aws.ConfigClusterResolver Resolving eureka endpoints via configuration
2022-06-14 14:22:58 INFO  datax-service-data-integration AsyncResolver-bootstrap-executor-0 com.netflix.discovery.shared.resolver.aws.ConfigClusterResolver Resolving eureka endpoints via configuration
2022-06-14 14:27:58 INFO  datax-service-data-integration AsyncResolver-bootstrap-executor-0 com.netflix.discovery.shared.resolver.aws.ConfigClusterResolver Resolving eureka endpoints via configuration
2022-06-14 14:32:58 INFO  datax-service-data-integration AsyncResolver-bootstrap-executor-0 com.netflix.discovery.shared.resolver.aws.ConfigClusterResolver Resolving eureka endpoints via configuration
2022-06-14 14:37:58 INFO  datax-service-data-integration AsyncResolver-bootstrap-executor-0 com.netflix.discovery.shared.resolver.aws.ConfigClusterResolver Resolving eureka endpoints via configuration
2022-06-14 14:42:58 INFO  datax-service-data-integration AsyncResolver-bootstrap-executor-0 com.netflix.discovery.shared.resolver.aws.ConfigClusterResolver Resolving eureka endpoints via configuration
2022-06-14 14:47:58 INFO  datax-service-data-integration AsyncResolver-bootstrap-executor-0 com.netflix.discovery.shared.resolver.aws.ConfigClusterResolver Resolving eureka endpoints via configuration
2022-06-14 14:52:58 INFO  datax-service-data-integration AsyncResolver-bootstrap-executor-0 com.netflix.discovery.shared.resolver.aws.ConfigClusterResolver Resolving eureka endpoints via configuration
2022-06-14 14:57:59 INFO  datax-service-data-integration AsyncResolver-bootstrap-executor-0 com.netflix.discovery.shared.resolver.aws.ConfigClusterResolver Resolving eureka endpoints via configuration
2022-06-14 15:02:59 INFO  datax-service-data-integration AsyncResolver-bootstrap-executor-0 com.netflix.discovery.shared.resolver.aws.ConfigClusterResolver Resolving eureka endpoints via configuration
2022-06-14 15:07:59 INFO  datax-service-data-integration AsyncResolver-bootstrap-executor-0 com.netflix.discovery.shared.resolver.aws.ConfigClusterResolver Resolving eureka endpoints via configuration
2022-06-14 15:12:59 INFO  datax-service-data-integration AsyncResolver-bootstrap-executor-0 com.netflix.discovery.shared.resolver.aws.ConfigClusterResolver Resolving eureka endpoints via configuration
2022-06-14 15:17:59 INFO  datax-service-data-integration AsyncResolver-bootstrap-executor-0 com.netflix.discovery.shared.resolver.aws.ConfigClusterResolver Resolving eureka endpoints via configuration
2022-06-14 15:22:59 INFO  datax-service-data-integration AsyncResolver-bootstrap-executor-0 com.netflix.discovery.shared.resolver.aws.ConfigClusterResolver Resolving eureka endpoints via configuration
2022-06-14 15:27:59 INFO  datax-service-data-integration AsyncResolver-bootstrap-executor-0 com.netflix.discovery.shared.resolver.aws.ConfigClusterResolver Resolving eureka endpoints via configuration
2022-06-14 15:32:59 INFO  datax-service-data-integration AsyncResolver-bootstrap-executor-0 com.netflix.discovery.shared.resolver.aws.ConfigClusterResolver Resolving eureka endpoints via configuration
2022-06-14 15:34:40 INFO  datax-service-data-integration XNIO-1 task-1 io.undertow.servlet Initializing Spring DispatcherServlet 'dispatcherServlet'
2022-06-14 15:34:40 INFO  datax-service-data-integration XNIO-1 task-1 org.springframework.web.servlet.DispatcherServlet Initializing Servlet 'dispatcherServlet'
2022-06-14 15:34:40 INFO  datax-service-data-integration XNIO-1 task-1 org.springframework.web.servlet.DispatcherServlet Completed initialization in 170 ms
2022-06-14 15:37:59 INFO  datax-service-data-integration AsyncResolver-bootstrap-executor-0 com.netflix.discovery.shared.resolver.aws.ConfigClusterResolver Resolving eureka endpoints via configuration
2022-06-14 15:42:59 INFO  datax-service-data-integration AsyncResolver-bootstrap-executor-0 com.netflix.discovery.shared.resolver.aws.ConfigClusterResolver Resolving eureka endpoints via configuration
2022-06-14 15:47:59 INFO  datax-service-data-integration AsyncResolver-bootstrap-executor-0 com.netflix.discovery.shared.resolver.aws.ConfigClusterResolver Resolving eureka endpoints via configuration
