2022-06-14 10:41:34 INFO  datax-service-data-console background-preinit org.hibernate.validator.internal.util.Version HV000001: Hibernate Validator 6.1.6.Final
2022-06-14 10:41:36 INFO  datax-service-data-console main org.springframework.cloud.config.client.ConfigServicePropertySourceLocator Fetching config from server at : http://localhost:8611/
2022-06-14 10:41:36 INFO  datax-service-data-console main org.springframework.cloud.config.client.ConfigServicePropertySourceLocator Located environment: name=datax-service-data-console, profiles=[dev], label=null, version=null, state=null
2022-06-14 10:41:36 INFO  datax-service-data-console main org.springframework.cloud.bootstrap.config.PropertySourceBootstrapConfiguration Located property source: [BootstrapPropertySource {name='bootstrapProperties-classpath:/config/datax-service-data-console-dev.yml'}, BootstrapPropertySource {name='bootstrapProperties-classpath:/config/application-dev.yml'}]
2022-06-14 10:41:36 INFO  datax-service-data-console main cn.datax.service.data.metadata.console.DataxConsoleApplication The following profiles are active: dev
2022-06-14 10:41:38 INFO  datax-service-data-console main org.springframework.data.repository.config.RepositoryConfigurationDelegate Multiple Spring Data modules found, entering strict repository configuration mode!
2022-06-14 10:41:38 INFO  datax-service-data-console main org.springframework.data.repository.config.RepositoryConfigurationDelegate Bootstrapping Spring Data Redis repositories in DEFAULT mode.
2022-06-14 10:41:38 INFO  datax-service-data-console main org.springframework.data.repository.config.RepositoryConfigurationDelegate Finished Spring Data repository scanning in 21ms. Found 0 Redis repository interfaces.
2022-06-14 10:41:39 INFO  datax-service-data-console main org.springframework.cloud.context.scope.GenericScope BeanFactory id=26ec2b9e-eead-3707-991e-209beda1bc0e
2022-06-14 10:41:39 INFO  datax-service-data-console main org.springframework.context.support.PostProcessorRegistrationDelegate$BeanPostProcessorChecker Bean 'spring.datasource.dynamic-com.baomidou.dynamic.datasource.spring.boot.autoconfigure.DynamicDataSourceProperties' of type [com.baomidou.dynamic.datasource.spring.boot.autoconfigure.DynamicDataSourceProperties] is not eligible for getting processed by all BeanPostProcessors (for example: not eligible for auto-proxying)
2022-06-14 10:41:39 INFO  datax-service-data-console main org.springframework.context.support.PostProcessorRegistrationDelegate$BeanPostProcessorChecker Bean 'com.baomidou.dynamic.datasource.spring.boot.autoconfigure.DynamicDataSourceAutoConfiguration' of type [com.baomidou.dynamic.datasource.spring.boot.autoconfigure.DynamicDataSourceAutoConfiguration$$EnhancerBySpringCGLIB$$6332adc2] is not eligible for getting processed by all BeanPostProcessors (for example: not eligible for auto-proxying)
2022-06-14 10:41:39 INFO  datax-service-data-console main org.springframework.context.support.PostProcessorRegistrationDelegate$BeanPostProcessorChecker Bean 'dsProcessor' of type [com.baomidou.dynamic.datasource.processor.DsHeaderProcessor] is not eligible for getting processed by all BeanPostProcessors (for example: not eligible for auto-proxying)
2022-06-14 10:41:39 INFO  datax-service-data-console main org.springframework.context.support.PostProcessorRegistrationDelegate$BeanPostProcessorChecker Bean 'org.springframework.security.access.expression.method.DefaultMethodSecurityExpressionHandler@716f94c1' of type [org.springframework.security.oauth2.provider.expression.OAuth2MethodSecurityExpressionHandler] is not eligible for getting processed by all BeanPostProcessors (for example: not eligible for auto-proxying)
2022-06-14 10:41:39 INFO  datax-service-data-console main org.springframework.context.support.PostProcessorRegistrationDelegate$BeanPostProcessorChecker Bean 'methodSecurityMetadataSource' of type [org.springframework.security.access.method.DelegatingMethodSecurityMetadataSource] is not eligible for getting processed by all BeanPostProcessors (for example: not eligible for auto-proxying)
2022-06-14 10:41:41 INFO  datax-service-data-console main io.undertow.servlet Initializing Spring embedded WebApplicationContext
2022-06-14 10:41:41 INFO  datax-service-data-console main org.springframework.boot.web.servlet.context.ServletWebServerApplicationContext Root WebApplicationContext: initialization completed in 4110 ms
2022-06-14 10:41:41 INFO  datax-service-data-console main com.netflix.config.sources.URLConfigurationSource To enable URLs as dynamic configuration sources, define System property archaius.configurationSource.additionalUrls or make config.properties available on classpath.
2022-06-14 10:41:41 INFO  datax-service-data-console main com.netflix.config.DynamicPropertyFactory DynamicPropertyFactory is initialized with configuration sources: com.netflix.config.ConcurrentCompositeConfiguration@1752e45c
2022-06-14 10:41:41 INFO  datax-service-data-console main org.springframework.boot.actuate.endpoint.web.ServletEndpointRegistrar Registered '/actuator/hystrix.stream' to hystrix.stream-actuator-endpoint
2022-06-14 10:41:42 INFO  datax-service-data-console main com.zaxxer.hikari.HikariDataSource mysql - Starting...
2022-06-14 10:41:43 INFO  datax-service-data-console main com.zaxxer.hikari.HikariDataSource mysql - Start completed.
2022-06-14 10:41:43 INFO  datax-service-data-console main com.baomidou.dynamic.datasource.DynamicRoutingDataSource dynamic-datasource - load a datasource named [mysql] success
2022-06-14 10:41:43 INFO  datax-service-data-console main com.baomidou.dynamic.datasource.DynamicRoutingDataSource dynamic-datasource initial loaded [1] datasource,primary datasource named [mysql]
2022-06-14 10:41:44 INFO  datax-service-data-console main org.springframework.boot.actuate.endpoint.web.EndpointLinksResolver Exposing 18 endpoint(s) beneath base path '/actuator'
2022-06-14 10:41:44 INFO  datax-service-data-console main springfox.documentation.spring.web.PropertySourcedRequestMappingHandlerMapping Mapped URL path [/v2/api-docs] onto method [springfox.documentation.swagger2.web.Swagger2Controller#getDocumentation(String, HttpServletRequest)]
2022-06-14 10:41:45 INFO  datax-service-data-console main com.netflix.config.sources.URLConfigurationSource To enable URLs as dynamic configuration sources, define System property archaius.configurationSource.additionalUrls or make config.properties available on classpath.
2022-06-14 10:41:45 INFO  datax-service-data-console main org.springframework.scheduling.concurrent.ThreadPoolTaskExecutor Initializing ExecutorService 'applicationTaskExecutor'
2022-06-14 10:41:47 INFO  datax-service-data-console main org.springframework.boot.autoconfigure.security.servlet.UserDetailsServiceAutoConfiguration 

Using generated security password: de0ff59e-669f-425f-b591-10b6a865ea64

2022-06-14 10:41:47 INFO  datax-service-data-console main org.springframework.security.web.DefaultSecurityFilterChain Creating filter chain: any request, [org.springframework.security.web.context.request.async.WebAsyncManagerIntegrationFilter@f4a21cb, org.springframework.security.web.context.SecurityContextPersistenceFilter@693f9ab5, org.springframework.security.web.header.HeaderWriterFilter@76320633, org.springframework.security.web.authentication.logout.LogoutFilter@2f7af3d0, org.springframework.security.oauth2.provider.authentication.OAuth2AuthenticationProcessingFilter@fcdeb50, org.springframework.security.web.savedrequest.RequestCacheAwareFilter@373e09c7, org.springframework.security.web.servletapi.SecurityContextHolderAwareRequestFilter@61761e60, org.springframework.security.web.authentication.AnonymousAuthenticationFilter@635f4be1, org.springframework.security.web.session.SessionManagementFilter@491afa9b, org.springframework.security.web.access.ExceptionTranslationFilter@5a36a405, org.springframework.security.web.access.intercept.FilterSecurityInterceptor@6e18bc2f]
2022-06-14 10:41:48 INFO  datax-service-data-console main org.springframework.cloud.netflix.eureka.config.DiscoveryClientOptionalArgsConfiguration Eureka HTTP Client uses Jersey
2022-06-14 10:41:48 INFO  datax-service-data-console main org.springframework.cloud.netflix.eureka.InstanceInfoFactory Setting initial instance status as: STARTING
2022-06-14 10:41:48 INFO  datax-service-data-console main com.netflix.discovery.DiscoveryClient Initializing Eureka in region us-east-1
2022-06-14 10:41:48 INFO  datax-service-data-console main com.netflix.discovery.provider.DiscoveryJerseyProvider Using JSON encoding codec LegacyJacksonJson
2022-06-14 10:41:48 INFO  datax-service-data-console main com.netflix.discovery.provider.DiscoveryJerseyProvider Using JSON decoding codec LegacyJacksonJson
2022-06-14 10:41:49 INFO  datax-service-data-console main com.netflix.discovery.provider.DiscoveryJerseyProvider Using XML encoding codec XStreamXml
2022-06-14 10:41:49 INFO  datax-service-data-console main com.netflix.discovery.provider.DiscoveryJerseyProvider Using XML decoding codec XStreamXml
2022-06-14 10:41:49 INFO  datax-service-data-console main com.netflix.discovery.shared.resolver.aws.ConfigClusterResolver Resolving eureka endpoints via configuration
2022-06-14 10:41:50 INFO  datax-service-data-console main com.netflix.discovery.DiscoveryClient Disable delta property : false
2022-06-14 10:41:50 INFO  datax-service-data-console main com.netflix.discovery.DiscoveryClient Single vip registry refresh property : null
2022-06-14 10:41:50 INFO  datax-service-data-console main com.netflix.discovery.DiscoveryClient Force full registry fetch : false
2022-06-14 10:41:50 INFO  datax-service-data-console main com.netflix.discovery.DiscoveryClient Application is null : false
2022-06-14 10:41:50 INFO  datax-service-data-console main com.netflix.discovery.DiscoveryClient Registered Applications size is zero : true
2022-06-14 10:41:50 INFO  datax-service-data-console main com.netflix.discovery.DiscoveryClient Application version is -1: true
2022-06-14 10:41:50 INFO  datax-service-data-console main com.netflix.discovery.DiscoveryClient Getting all instance registry info from the eureka server
2022-06-14 10:41:50 INFO  datax-service-data-console main com.netflix.discovery.DiscoveryClient The response status is 200
2022-06-14 10:41:50 INFO  datax-service-data-console main com.netflix.discovery.DiscoveryClient Starting heartbeat executor: renew interval is: 20
2022-06-14 10:41:50 INFO  datax-service-data-console main com.netflix.discovery.InstanceInfoReplicator InstanceInfoReplicator onDemand update allowed rate per min is 4
2022-06-14 10:41:50 INFO  datax-service-data-console main com.netflix.discovery.DiscoveryClient Discovery Client initialized at timestamp 1655174510195 with initial instances count: 7
2022-06-14 10:41:50 INFO  datax-service-data-console main org.springframework.cloud.netflix.eureka.serviceregistry.EurekaServiceRegistry Registering application DATAX-SERVICE-DATA-CONSOLE with eureka with status UP
2022-06-14 10:41:50 INFO  datax-service-data-console main com.netflix.discovery.DiscoveryClient Saw local status change event StatusChangeEvent [timestamp=1655174510202, current=UP, previous=STARTING]
2022-06-14 10:41:50 INFO  datax-service-data-console DiscoveryClient-InstanceInfoReplicator-0 com.netflix.discovery.DiscoveryClient DiscoveryClient_DATAX-SERVICE-DATA-CONSOLE/li20220331:datax-service-data-console:8821: registering service...
2022-06-14 10:41:50 INFO  datax-service-data-console main io.undertow starting server: Undertow - 2.1.4.Final
2022-06-14 10:41:50 INFO  datax-service-data-console main org.xnio XNIO version 3.8.0.Final
2022-06-14 10:41:50 INFO  datax-service-data-console main org.xnio.nio XNIO NIO Implementation Version 3.8.0.Final
2022-06-14 10:41:50 INFO  datax-service-data-console DiscoveryClient-InstanceInfoReplicator-0 com.netflix.discovery.DiscoveryClient DiscoveryClient_DATAX-SERVICE-DATA-CONSOLE/li20220331:datax-service-data-console:8821 - registration status: 204
2022-06-14 10:41:50 INFO  datax-service-data-console main org.jboss.threads JBoss Threads version 3.1.0.Final
2022-06-14 10:41:50 INFO  datax-service-data-console main org.springframework.boot.web.embedded.undertow.UndertowWebServer Undertow started on port(s) 8821 (http)
2022-06-14 10:41:50 INFO  datax-service-data-console main org.springframework.cloud.netflix.eureka.serviceregistry.EurekaAutoServiceRegistration Updating port to 8821
2022-06-14 10:41:51 INFO  datax-service-data-console main springfox.documentation.spring.web.plugins.DocumentationPluginsBootstrapper Context refreshed
2022-06-14 10:41:51 INFO  datax-service-data-console main springfox.documentation.spring.web.plugins.DocumentationPluginsBootstrapper Found 1 custom documentation plugin(s)
2022-06-14 10:41:51 INFO  datax-service-data-console main springfox.documentation.spring.web.scanners.ApiListingReferenceScanner Scanning for api listing references
2022-06-14 10:41:51 INFO  datax-service-data-console main cn.datax.service.data.metadata.console.DataxConsoleApplication Started DataxConsoleApplication in 19.058 seconds (JVM running for 20.451)
2022-06-14 10:46:50 INFO  datax-service-data-console AsyncResolver-bootstrap-executor-0 com.netflix.discovery.shared.resolver.aws.ConfigClusterResolver Resolving eureka endpoints via configuration
2022-06-14 10:51:50 INFO  datax-service-data-console AsyncResolver-bootstrap-executor-0 com.netflix.discovery.shared.resolver.aws.ConfigClusterResolver Resolving eureka endpoints via configuration
2022-06-14 10:56:50 INFO  datax-service-data-console AsyncResolver-bootstrap-executor-0 com.netflix.discovery.shared.resolver.aws.ConfigClusterResolver Resolving eureka endpoints via configuration
2022-06-14 11:01:50 INFO  datax-service-data-console AsyncResolver-bootstrap-executor-0 com.netflix.discovery.shared.resolver.aws.ConfigClusterResolver Resolving eureka endpoints via configuration
2022-06-14 11:06:49 INFO  datax-service-data-console AsyncResolver-bootstrap-executor-0 com.netflix.discovery.shared.resolver.aws.ConfigClusterResolver Resolving eureka endpoints via configuration
2022-06-14 11:11:49 INFO  datax-service-data-console AsyncResolver-bootstrap-executor-0 com.netflix.discovery.shared.resolver.aws.ConfigClusterResolver Resolving eureka endpoints via configuration
2022-06-14 11:16:49 INFO  datax-service-data-console AsyncResolver-bootstrap-executor-0 com.netflix.discovery.shared.resolver.aws.ConfigClusterResolver Resolving eureka endpoints via configuration
2022-06-14 11:21:49 INFO  datax-service-data-console AsyncResolver-bootstrap-executor-0 com.netflix.discovery.shared.resolver.aws.ConfigClusterResolver Resolving eureka endpoints via configuration
2022-06-14 11:26:49 INFO  datax-service-data-console AsyncResolver-bootstrap-executor-0 com.netflix.discovery.shared.resolver.aws.ConfigClusterResolver Resolving eureka endpoints via configuration
2022-06-14 11:31:49 INFO  datax-service-data-console AsyncResolver-bootstrap-executor-0 com.netflix.discovery.shared.resolver.aws.ConfigClusterResolver Resolving eureka endpoints via configuration
2022-06-14 11:36:49 INFO  datax-service-data-console AsyncResolver-bootstrap-executor-0 com.netflix.discovery.shared.resolver.aws.ConfigClusterResolver Resolving eureka endpoints via configuration
2022-06-14 11:41:49 INFO  datax-service-data-console AsyncResolver-bootstrap-executor-0 com.netflix.discovery.shared.resolver.aws.ConfigClusterResolver Resolving eureka endpoints via configuration
2022-06-14 11:46:49 INFO  datax-service-data-console AsyncResolver-bootstrap-executor-0 com.netflix.discovery.shared.resolver.aws.ConfigClusterResolver Resolving eureka endpoints via configuration
2022-06-14 11:51:49 INFO  datax-service-data-console AsyncResolver-bootstrap-executor-0 com.netflix.discovery.shared.resolver.aws.ConfigClusterResolver Resolving eureka endpoints via configuration
2022-06-14 11:56:49 INFO  datax-service-data-console AsyncResolver-bootstrap-executor-0 com.netflix.discovery.shared.resolver.aws.ConfigClusterResolver Resolving eureka endpoints via configuration
2022-06-14 12:01:50 INFO  datax-service-data-console AsyncResolver-bootstrap-executor-0 com.netflix.discovery.shared.resolver.aws.ConfigClusterResolver Resolving eureka endpoints via configuration
2022-06-14 12:06:50 INFO  datax-service-data-console AsyncResolver-bootstrap-executor-0 com.netflix.discovery.shared.resolver.aws.ConfigClusterResolver Resolving eureka endpoints via configuration
2022-06-14 12:11:50 INFO  datax-service-data-console AsyncResolver-bootstrap-executor-0 com.netflix.discovery.shared.resolver.aws.ConfigClusterResolver Resolving eureka endpoints via configuration
2022-06-14 12:16:50 INFO  datax-service-data-console AsyncResolver-bootstrap-executor-0 com.netflix.discovery.shared.resolver.aws.ConfigClusterResolver Resolving eureka endpoints via configuration
2022-06-14 12:21:50 INFO  datax-service-data-console AsyncResolver-bootstrap-executor-0 com.netflix.discovery.shared.resolver.aws.ConfigClusterResolver Resolving eureka endpoints via configuration
2022-06-14 12:26:50 INFO  datax-service-data-console AsyncResolver-bootstrap-executor-0 com.netflix.discovery.shared.resolver.aws.ConfigClusterResolver Resolving eureka endpoints via configuration
2022-06-14 12:31:50 INFO  datax-service-data-console AsyncResolver-bootstrap-executor-0 com.netflix.discovery.shared.resolver.aws.ConfigClusterResolver Resolving eureka endpoints via configuration
2022-06-14 12:36:50 INFO  datax-service-data-console AsyncResolver-bootstrap-executor-0 com.netflix.discovery.shared.resolver.aws.ConfigClusterResolver Resolving eureka endpoints via configuration
2022-06-14 12:41:50 INFO  datax-service-data-console AsyncResolver-bootstrap-executor-0 com.netflix.discovery.shared.resolver.aws.ConfigClusterResolver Resolving eureka endpoints via configuration
2022-06-14 12:46:50 INFO  datax-service-data-console AsyncResolver-bootstrap-executor-0 com.netflix.discovery.shared.resolver.aws.ConfigClusterResolver Resolving eureka endpoints via configuration
2022-06-14 12:51:50 INFO  datax-service-data-console AsyncResolver-bootstrap-executor-0 com.netflix.discovery.shared.resolver.aws.ConfigClusterResolver Resolving eureka endpoints via configuration
2022-06-14 12:56:50 INFO  datax-service-data-console AsyncResolver-bootstrap-executor-0 com.netflix.discovery.shared.resolver.aws.ConfigClusterResolver Resolving eureka endpoints via configuration
2022-06-14 13:01:50 INFO  datax-service-data-console AsyncResolver-bootstrap-executor-0 com.netflix.discovery.shared.resolver.aws.ConfigClusterResolver Resolving eureka endpoints via configuration
2022-06-14 13:06:50 INFO  datax-service-data-console AsyncResolver-bootstrap-executor-0 com.netflix.discovery.shared.resolver.aws.ConfigClusterResolver Resolving eureka endpoints via configuration
2022-06-14 13:11:50 INFO  datax-service-data-console AsyncResolver-bootstrap-executor-0 com.netflix.discovery.shared.resolver.aws.ConfigClusterResolver Resolving eureka endpoints via configuration
2022-06-14 13:16:50 INFO  datax-service-data-console AsyncResolver-bootstrap-executor-0 com.netflix.discovery.shared.resolver.aws.ConfigClusterResolver Resolving eureka endpoints via configuration
2022-06-14 13:21:50 INFO  datax-service-data-console AsyncResolver-bootstrap-executor-0 com.netflix.discovery.shared.resolver.aws.ConfigClusterResolver Resolving eureka endpoints via configuration
2022-06-14 13:26:50 INFO  datax-service-data-console AsyncResolver-bootstrap-executor-0 com.netflix.discovery.shared.resolver.aws.ConfigClusterResolver Resolving eureka endpoints via configuration
2022-06-14 13:31:50 INFO  datax-service-data-console AsyncResolver-bootstrap-executor-0 com.netflix.discovery.shared.resolver.aws.ConfigClusterResolver Resolving eureka endpoints via configuration
2022-06-14 13:36:50 INFO  datax-service-data-console AsyncResolver-bootstrap-executor-0 com.netflix.discovery.shared.resolver.aws.ConfigClusterResolver Resolving eureka endpoints via configuration
2022-06-14 13:41:50 INFO  datax-service-data-console AsyncResolver-bootstrap-executor-0 com.netflix.discovery.shared.resolver.aws.ConfigClusterResolver Resolving eureka endpoints via configuration
2022-06-14 13:46:50 INFO  datax-service-data-console AsyncResolver-bootstrap-executor-0 com.netflix.discovery.shared.resolver.aws.ConfigClusterResolver Resolving eureka endpoints via configuration
2022-06-14 13:51:50 INFO  datax-service-data-console AsyncResolver-bootstrap-executor-0 com.netflix.discovery.shared.resolver.aws.ConfigClusterResolver Resolving eureka endpoints via configuration
2022-06-14 13:56:50 INFO  datax-service-data-console AsyncResolver-bootstrap-executor-0 com.netflix.discovery.shared.resolver.aws.ConfigClusterResolver Resolving eureka endpoints via configuration
2022-06-14 14:01:50 INFO  datax-service-data-console AsyncResolver-bootstrap-executor-0 com.netflix.discovery.shared.resolver.aws.ConfigClusterResolver Resolving eureka endpoints via configuration
2022-06-14 14:06:50 INFO  datax-service-data-console AsyncResolver-bootstrap-executor-0 com.netflix.discovery.shared.resolver.aws.ConfigClusterResolver Resolving eureka endpoints via configuration
2022-06-14 14:11:50 INFO  datax-service-data-console AsyncResolver-bootstrap-executor-0 com.netflix.discovery.shared.resolver.aws.ConfigClusterResolver Resolving eureka endpoints via configuration
2022-06-14 14:16:50 INFO  datax-service-data-console AsyncResolver-bootstrap-executor-0 com.netflix.discovery.shared.resolver.aws.ConfigClusterResolver Resolving eureka endpoints via configuration
2022-06-14 14:21:50 INFO  datax-service-data-console AsyncResolver-bootstrap-executor-0 com.netflix.discovery.shared.resolver.aws.ConfigClusterResolver Resolving eureka endpoints via configuration
2022-06-14 14:26:50 INFO  datax-service-data-console AsyncResolver-bootstrap-executor-0 com.netflix.discovery.shared.resolver.aws.ConfigClusterResolver Resolving eureka endpoints via configuration
2022-06-14 14:31:50 INFO  datax-service-data-console AsyncResolver-bootstrap-executor-0 com.netflix.discovery.shared.resolver.aws.ConfigClusterResolver Resolving eureka endpoints via configuration
2022-06-14 14:36:50 INFO  datax-service-data-console AsyncResolver-bootstrap-executor-0 com.netflix.discovery.shared.resolver.aws.ConfigClusterResolver Resolving eureka endpoints via configuration
2022-06-14 14:41:50 INFO  datax-service-data-console AsyncResolver-bootstrap-executor-0 com.netflix.discovery.shared.resolver.aws.ConfigClusterResolver Resolving eureka endpoints via configuration
2022-06-14 14:46:50 INFO  datax-service-data-console AsyncResolver-bootstrap-executor-0 com.netflix.discovery.shared.resolver.aws.ConfigClusterResolver Resolving eureka endpoints via configuration
2022-06-14 14:51:50 INFO  datax-service-data-console AsyncResolver-bootstrap-executor-0 com.netflix.discovery.shared.resolver.aws.ConfigClusterResolver Resolving eureka endpoints via configuration
2022-06-14 14:56:50 INFO  datax-service-data-console AsyncResolver-bootstrap-executor-0 com.netflix.discovery.shared.resolver.aws.ConfigClusterResolver Resolving eureka endpoints via configuration
2022-06-14 15:01:50 INFO  datax-service-data-console AsyncResolver-bootstrap-executor-0 com.netflix.discovery.shared.resolver.aws.ConfigClusterResolver Resolving eureka endpoints via configuration
2022-06-14 15:06:50 INFO  datax-service-data-console AsyncResolver-bootstrap-executor-0 com.netflix.discovery.shared.resolver.aws.ConfigClusterResolver Resolving eureka endpoints via configuration
2022-06-14 15:11:50 INFO  datax-service-data-console AsyncResolver-bootstrap-executor-0 com.netflix.discovery.shared.resolver.aws.ConfigClusterResolver Resolving eureka endpoints via configuration
2022-06-14 15:16:50 INFO  datax-service-data-console AsyncResolver-bootstrap-executor-0 com.netflix.discovery.shared.resolver.aws.ConfigClusterResolver Resolving eureka endpoints via configuration
2022-06-14 15:21:50 INFO  datax-service-data-console AsyncResolver-bootstrap-executor-0 com.netflix.discovery.shared.resolver.aws.ConfigClusterResolver Resolving eureka endpoints via configuration
2022-06-14 15:26:50 INFO  datax-service-data-console AsyncResolver-bootstrap-executor-0 com.netflix.discovery.shared.resolver.aws.ConfigClusterResolver Resolving eureka endpoints via configuration
2022-06-14 15:31:44 INFO  datax-service-data-console XNIO-1 task-1 io.undertow.servlet Initializing Spring DispatcherServlet 'dispatcherServlet'
2022-06-14 15:31:44 INFO  datax-service-data-console XNIO-1 task-1 org.springframework.web.servlet.DispatcherServlet Initializing Servlet 'dispatcherServlet'
2022-06-14 15:31:44 INFO  datax-service-data-console XNIO-1 task-1 org.springframework.web.servlet.DispatcherServlet Completed initialization in 152 ms
2022-06-14 15:31:47 INFO  datax-service-data-console XNIO-1 task-1 com.netflix.config.ChainedDynamicProperty Flipping property: datax-service-data-metadata.ribbon.ActiveConnectionsLimit to use NEXT property: niws.loadbalancer.availabilityFilteringRule.activeConnectionsLimit = 2147483647
2022-06-14 15:31:47 INFO  datax-service-data-console XNIO-1 task-1 com.netflix.util.concurrent.ShutdownEnabledTimer Shutdown hook installed for: NFLoadBalancer-PingTimer-datax-service-data-metadata
2022-06-14 15:31:47 INFO  datax-service-data-console XNIO-1 task-1 com.netflix.loadbalancer.BaseLoadBalancer Client: datax-service-data-metadata instantiated a LoadBalancer: DynamicServerListLoadBalancer:{NFLoadBalancer:name=datax-service-data-metadata,current list of Servers=[],Load balancer stats=Zone stats: {},Server stats: []}ServerList:null
2022-06-14 15:31:47 INFO  datax-service-data-console XNIO-1 task-1 com.netflix.loadbalancer.DynamicServerListLoadBalancer Using serverListUpdater PollingServerListUpdater
2022-06-14 15:31:47 INFO  datax-service-data-console XNIO-1 task-1 com.netflix.config.ChainedDynamicProperty Flipping property: datax-service-data-metadata.ribbon.ActiveConnectionsLimit to use NEXT property: niws.loadbalancer.availabilityFilteringRule.activeConnectionsLimit = 2147483647
2022-06-14 15:31:47 INFO  datax-service-data-console XNIO-1 task-1 com.netflix.loadbalancer.DynamicServerListLoadBalancer DynamicServerListLoadBalancer for client datax-service-data-metadata initialized: DynamicServerListLoadBalancer:{NFLoadBalancer:name=datax-service-data-metadata,current list of Servers=[localhost:8820],Load balancer stats=Zone stats: {defaultzone=[Zone:defaultzone;	Instance count:1;	Active connections count: 0;	Circuit breaker tripped count: 0;	Active connections per server: 0.0;]
},Server stats: [[Server:localhost:8820;	Zone:defaultZone;	Total Requests:0;	Successive connection failure:0;	Total blackout seconds:0;	Last connection made:Thu Jan 01 08:00:00 CST 1970;	First connection made: Thu Jan 01 08:00:00 CST 1970;	Active Connections:0;	total failure count in last (1000) msecs:0;	average resp time:0.0;	90 percentile resp time:0.0;	95 percentile resp time:0.0;	min resp time:0.0;	max resp time:0.0;	stddev resp time:0.0]
]}ServerList:org.springframework.cloud.netflix.ribbon.eureka.DomainExtractingServerList@eb90729
2022-06-14 15:31:47 INFO  datax-service-data-console XNIO-1 task-1 com.zaxxer.hikari.HikariDataSource HikariPool-1 - Starting...
2022-06-14 15:31:48 INFO  datax-service-data-console PollingServerListUpdater-0 com.netflix.config.ChainedDynamicProperty Flipping property: datax-service-data-metadata.ribbon.ActiveConnectionsLimit to use NEXT property: niws.loadbalancer.availabilityFilteringRule.activeConnectionsLimit = 2147483647
2022-06-14 15:31:50 INFO  datax-service-data-console AsyncResolver-bootstrap-executor-0 com.netflix.discovery.shared.resolver.aws.ConfigClusterResolver Resolving eureka endpoints via configuration
2022-06-14 15:36:50 INFO  datax-service-data-console AsyncResolver-bootstrap-executor-0 com.netflix.discovery.shared.resolver.aws.ConfigClusterResolver Resolving eureka endpoints via configuration
2022-06-14 15:41:50 INFO  datax-service-data-console AsyncResolver-bootstrap-executor-0 com.netflix.discovery.shared.resolver.aws.ConfigClusterResolver Resolving eureka endpoints via configuration
2022-06-14 15:46:50 INFO  datax-service-data-console AsyncResolver-bootstrap-executor-0 com.netflix.discovery.shared.resolver.aws.ConfigClusterResolver Resolving eureka endpoints via configuration
