2022-06-22 17:18:58 INFO  datax-service-data-masterdata background-preinit org.hibernate.validator.internal.util.Version HV000001: Hibernate Validator 6.1.6.Final
2022-06-22 17:18:59 INFO  datax-service-data-masterdata main org.springframework.context.support.PostProcessorRegistrationDelegate$BeanPostProcessorChecker Bean 'org.springframework.retry.annotation.RetryConfiguration' of type [org.springframework.retry.annotation.RetryConfiguration$$EnhancerBySpringCGLIB$$8127d3c6] is not eligible for getting processed by all BeanPostProcessors (for example: not eligible for auto-proxying)
2022-06-22 17:19:02 INFO  datax-service-data-masterdata main org.springframework.cloud.config.client.ConfigServicePropertySourceLocator Fetching config from server at : http://localhost:8611/
2022-06-22 17:19:07 INFO  datax-service-data-masterdata main org.springframework.cloud.config.client.ConfigServicePropertySourceLocator Located environment: name=datax-service-data-masterdata, profiles=[dev], label=null, version=null, state=null
2022-06-22 17:19:07 INFO  datax-service-data-masterdata main org.springframework.cloud.bootstrap.config.PropertySourceBootstrapConfiguration Located property source: [BootstrapPropertySource {name='bootstrapProperties-classpath:/config/datax-service-data-masterdata-dev.yml'}, BootstrapPropertySource {name='bootstrapProperties-classpath:/config/application-dev.yml'}]
2022-06-22 17:19:07 INFO  datax-service-data-masterdata main cn.datax.service.data.masterdata.DataxMasterdataApplication The following profiles are active: dev
2022-06-22 17:19:11 INFO  datax-service-data-masterdata main org.springframework.data.repository.config.RepositoryConfigurationDelegate Multiple Spring Data modules found, entering strict repository configuration mode!
2022-06-22 17:19:11 INFO  datax-service-data-masterdata main org.springframework.data.repository.config.RepositoryConfigurationDelegate Bootstrapping Spring Data Redis repositories in DEFAULT mode.
2022-06-22 17:19:12 INFO  datax-service-data-masterdata main org.springframework.data.repository.config.RepositoryConfigurationDelegate Finished Spring Data repository scanning in 819ms. Found 0 Redis repository interfaces.
2022-06-22 17:19:12 INFO  datax-service-data-masterdata main org.springframework.cloud.context.scope.GenericScope BeanFactory id=439f0c82-4d3b-3cc7-bf2e-a496ba702032
2022-06-22 17:19:13 INFO  datax-service-data-masterdata main org.springframework.context.support.PostProcessorRegistrationDelegate$BeanPostProcessorChecker Bean 'spring.datasource.dynamic-com.baomidou.dynamic.datasource.spring.boot.autoconfigure.DynamicDataSourceProperties' of type [com.baomidou.dynamic.datasource.spring.boot.autoconfigure.DynamicDataSourceProperties] is not eligible for getting processed by all BeanPostProcessors (for example: not eligible for auto-proxying)
2022-06-22 17:19:13 INFO  datax-service-data-masterdata main org.springframework.context.support.PostProcessorRegistrationDelegate$BeanPostProcessorChecker Bean 'com.baomidou.dynamic.datasource.spring.boot.autoconfigure.DynamicDataSourceAutoConfiguration' of type [com.baomidou.dynamic.datasource.spring.boot.autoconfigure.DynamicDataSourceAutoConfiguration$$EnhancerBySpringCGLIB$$f4f2ac72] is not eligible for getting processed by all BeanPostProcessors (for example: not eligible for auto-proxying)
2022-06-22 17:19:13 INFO  datax-service-data-masterdata main org.springframework.context.support.PostProcessorRegistrationDelegate$BeanPostProcessorChecker Bean 'dsProcessor' of type [com.baomidou.dynamic.datasource.processor.DsHeaderProcessor] is not eligible for getting processed by all BeanPostProcessors (for example: not eligible for auto-proxying)
2022-06-22 17:19:13 INFO  datax-service-data-masterdata main org.springframework.context.support.PostProcessorRegistrationDelegate$BeanPostProcessorChecker Bean 'org.springframework.security.access.expression.method.DefaultMethodSecurityExpressionHandler@2d4fb0d8' of type [org.springframework.security.oauth2.provider.expression.OAuth2MethodSecurityExpressionHandler] is not eligible for getting processed by all BeanPostProcessors (for example: not eligible for auto-proxying)
2022-06-22 17:19:13 INFO  datax-service-data-masterdata main org.springframework.context.support.PostProcessorRegistrationDelegate$BeanPostProcessorChecker Bean 'methodSecurityMetadataSource' of type [org.springframework.security.access.method.DelegatingMethodSecurityMetadataSource] is not eligible for getting processed by all BeanPostProcessors (for example: not eligible for auto-proxying)
2022-06-22 17:19:15 INFO  datax-service-data-masterdata main io.undertow.servlet Initializing Spring embedded WebApplicationContext
2022-06-22 17:19:15 INFO  datax-service-data-masterdata main org.springframework.boot.web.servlet.context.ServletWebServerApplicationContext Root WebApplicationContext: initialization completed in 7674 ms
2022-06-22 17:19:15 INFO  datax-service-data-masterdata main com.netflix.config.sources.URLConfigurationSource To enable URLs as dynamic configuration sources, define System property archaius.configurationSource.additionalUrls or make config.properties available on classpath.
2022-06-22 17:19:15 INFO  datax-service-data-masterdata main com.netflix.config.DynamicPropertyFactory DynamicPropertyFactory is initialized with configuration sources: com.netflix.config.ConcurrentCompositeConfiguration@2807cf3
2022-06-22 17:19:15 INFO  datax-service-data-masterdata main org.springframework.boot.actuate.endpoint.web.ServletEndpointRegistrar Registered '/actuator/hystrix.stream' to hystrix.stream-actuator-endpoint
2022-06-22 17:19:16 INFO  datax-service-data-masterdata main com.zaxxer.hikari.HikariDataSource mysql - Starting...
2022-06-22 17:19:16 INFO  datax-service-data-masterdata main com.zaxxer.hikari.HikariDataSource mysql - Start completed.
2022-06-22 17:19:16 INFO  datax-service-data-masterdata main com.baomidou.dynamic.datasource.DynamicRoutingDataSource dynamic-datasource - load a datasource named [mysql] success
2022-06-22 17:19:16 INFO  datax-service-data-masterdata main com.baomidou.dynamic.datasource.DynamicRoutingDataSource dynamic-datasource initial loaded [1] datasource,primary datasource named [mysql]
2022-06-22 17:19:25 INFO  datax-service-data-masterdata main org.springframework.boot.actuate.endpoint.web.EndpointLinksResolver Exposing 18 endpoint(s) beneath base path '/actuator'
2022-06-22 17:19:25 INFO  datax-service-data-masterdata main springfox.documentation.spring.web.PropertySourcedRequestMappingHandlerMapping Mapped URL path [/v2/api-docs] onto method [springfox.documentation.swagger2.web.Swagger2Controller#getDocumentation(String, HttpServletRequest)]
2022-06-22 17:19:26 INFO  datax-service-data-masterdata main com.netflix.config.sources.URLConfigurationSource To enable URLs as dynamic configuration sources, define System property archaius.configurationSource.additionalUrls or make config.properties available on classpath.
2022-06-22 17:19:26 INFO  datax-service-data-masterdata main org.springframework.scheduling.concurrent.ThreadPoolTaskExecutor Initializing ExecutorService 'applicationTaskExecutor'
2022-06-22 17:19:26 INFO  datax-service-data-masterdata main org.springframework.boot.autoconfigure.security.servlet.UserDetailsServiceAutoConfiguration 

Using generated security password: 49e72ecc-4fb4-4a02-9659-8f73a0f02a9f

2022-06-22 17:19:27 INFO  datax-service-data-masterdata main org.springframework.security.web.DefaultSecurityFilterChain Creating filter chain: any request, [org.springframework.security.web.context.request.async.WebAsyncManagerIntegrationFilter@5f97d43e, org.springframework.security.web.context.SecurityContextPersistenceFilter@6a4d72bd, org.springframework.security.web.header.HeaderWriterFilter@207fce87, org.springframework.security.web.authentication.logout.LogoutFilter@2be9425f, org.springframework.security.oauth2.provider.authentication.OAuth2AuthenticationProcessingFilter@63c78e5e, org.springframework.security.web.savedrequest.RequestCacheAwareFilter@365ad794, org.springframework.security.web.servletapi.SecurityContextHolderAwareRequestFilter@79a15001, org.springframework.security.web.authentication.AnonymousAuthenticationFilter@25c6a9de, org.springframework.security.web.session.SessionManagementFilter@1398e3aa, org.springframework.security.web.access.ExceptionTranslationFilter@7c068c7b, org.springframework.security.web.access.intercept.FilterSecurityInterceptor@53eb4dae]
2022-06-22 17:19:29 INFO  datax-service-data-masterdata main org.springframework.cloud.netflix.eureka.config.DiscoveryClientOptionalArgsConfiguration Eureka HTTP Client uses Jersey
2022-06-22 17:19:29 INFO  datax-service-data-masterdata main org.springframework.cloud.netflix.eureka.InstanceInfoFactory Setting initial instance status as: STARTING
2022-06-22 17:19:29 INFO  datax-service-data-masterdata main com.netflix.discovery.DiscoveryClient Initializing Eureka in region us-east-1
2022-06-22 17:19:29 INFO  datax-service-data-masterdata main com.netflix.discovery.provider.DiscoveryJerseyProvider Using JSON encoding codec LegacyJacksonJson
2022-06-22 17:19:30 INFO  datax-service-data-masterdata main com.netflix.discovery.provider.DiscoveryJerseyProvider Using JSON decoding codec LegacyJacksonJson
2022-06-22 17:19:30 INFO  datax-service-data-masterdata main com.netflix.discovery.provider.DiscoveryJerseyProvider Using XML encoding codec XStreamXml
2022-06-22 17:19:30 INFO  datax-service-data-masterdata main com.netflix.discovery.provider.DiscoveryJerseyProvider Using XML decoding codec XStreamXml
2022-06-22 17:19:30 INFO  datax-service-data-masterdata main com.netflix.discovery.shared.resolver.aws.ConfigClusterResolver Resolving eureka endpoints via configuration
2022-06-22 17:19:31 INFO  datax-service-data-masterdata main com.netflix.discovery.DiscoveryClient Disable delta property : false
2022-06-22 17:19:31 INFO  datax-service-data-masterdata main com.netflix.discovery.DiscoveryClient Single vip registry refresh property : null
2022-06-22 17:19:31 INFO  datax-service-data-masterdata main com.netflix.discovery.DiscoveryClient Force full registry fetch : false
2022-06-22 17:19:31 INFO  datax-service-data-masterdata main com.netflix.discovery.DiscoveryClient Application is null : false
2022-06-22 17:19:31 INFO  datax-service-data-masterdata main com.netflix.discovery.DiscoveryClient Registered Applications size is zero : true
2022-06-22 17:19:31 INFO  datax-service-data-masterdata main com.netflix.discovery.DiscoveryClient Application version is -1: true
2022-06-22 17:19:31 INFO  datax-service-data-masterdata main com.netflix.discovery.DiscoveryClient Getting all instance registry info from the eureka server
2022-06-22 17:19:31 INFO  datax-service-data-masterdata main com.netflix.discovery.DiscoveryClient The response status is 200
2022-06-22 17:19:31 INFO  datax-service-data-masterdata main com.netflix.discovery.DiscoveryClient Starting heartbeat executor: renew interval is: 20
2022-06-22 17:19:31 INFO  datax-service-data-masterdata main com.netflix.discovery.InstanceInfoReplicator InstanceInfoReplicator onDemand update allowed rate per min is 4
2022-06-22 17:19:31 INFO  datax-service-data-masterdata main com.netflix.discovery.DiscoveryClient Discovery Client initialized at timestamp 1655889571586 with initial instances count: 13
2022-06-22 17:19:31 INFO  datax-service-data-masterdata main org.springframework.cloud.netflix.eureka.serviceregistry.EurekaServiceRegistry Registering application DATAX-SERVICE-DATA-MASTERDATA with eureka with status UP
2022-06-22 17:19:31 INFO  datax-service-data-masterdata main com.netflix.discovery.DiscoveryClient Saw local status change event StatusChangeEvent [timestamp=1655889571597, current=UP, previous=STARTING]
2022-06-22 17:19:31 INFO  datax-service-data-masterdata DiscoveryClient-InstanceInfoReplicator-0 com.netflix.discovery.DiscoveryClient DiscoveryClient_DATAX-SERVICE-DATA-MASTERDATA/li20220331:datax-service-data-masterdata:8828: registering service...
2022-06-22 17:19:31 INFO  datax-service-data-masterdata main io.undertow starting server: Undertow - 2.1.4.Final
2022-06-22 17:19:31 INFO  datax-service-data-masterdata main org.xnio XNIO version 3.8.0.Final
2022-06-22 17:19:31 INFO  datax-service-data-masterdata main org.xnio.nio XNIO NIO Implementation Version 3.8.0.Final
2022-06-22 17:19:31 INFO  datax-service-data-masterdata DiscoveryClient-InstanceInfoReplicator-0 com.netflix.discovery.DiscoveryClient DiscoveryClient_DATAX-SERVICE-DATA-MASTERDATA/li20220331:datax-service-data-masterdata:8828 - registration status: 204
2022-06-22 17:19:31 INFO  datax-service-data-masterdata main org.jboss.threads JBoss Threads version 3.1.0.Final
2022-06-22 17:19:31 INFO  datax-service-data-masterdata main org.springframework.boot.web.embedded.undertow.UndertowWebServer Undertow started on port(s) 8828 (http)
2022-06-22 17:19:31 INFO  datax-service-data-masterdata main org.springframework.cloud.netflix.eureka.serviceregistry.EurekaAutoServiceRegistration Updating port to 8828
2022-06-22 17:19:33 INFO  datax-service-data-masterdata main springfox.documentation.spring.web.plugins.DocumentationPluginsBootstrapper Context refreshed
2022-06-22 17:19:33 INFO  datax-service-data-masterdata main springfox.documentation.spring.web.plugins.DocumentationPluginsBootstrapper Found 1 custom documentation plugin(s)
2022-06-22 17:19:33 INFO  datax-service-data-masterdata main springfox.documentation.spring.web.scanners.ApiListingReferenceScanner Scanning for api listing references
2022-06-22 17:19:33 INFO  datax-service-data-masterdata main org.springframework.amqp.rabbit.connection.CachingConnectionFactory Attempting to connect to: [localhost:15672]
2022-06-22 17:19:40 INFO  datax-service-data-masterdata main org.springframework.amqp.rabbit.listener.SimpleMessageListenerContainer Broker not available; cannot force queue declarations during start: java.net.ConnectException: Connection refused: connect
2022-06-22 17:19:40 INFO  datax-service-data-masterdata org.springframework.amqp.rabbit.RabbitListenerEndpointContainer#0-1 org.springframework.amqp.rabbit.connection.CachingConnectionFactory Attempting to connect to: [localhost:15672]
2022-06-22 17:19:47 INFO  datax-service-data-masterdata org.springframework.amqp.rabbit.RabbitListenerEndpointContainer#0-1 org.springframework.amqp.rabbit.connection.CachingConnectionFactory Attempting to connect to: [localhost:15672]
2022-06-22 17:19:54 INFO  datax-service-data-masterdata main cn.datax.service.data.masterdata.DataxMasterdataApplication Started DataxMasterdataApplication in 58.668 seconds (JVM running for 59.601)
2022-06-22 17:19:59 INFO  datax-service-data-masterdata org.springframework.amqp.rabbit.RabbitListenerEndpointContainer#0-1 org.springframework.amqp.rabbit.listener.SimpleMessageListenerContainer Restarting Consumer@164c2914: tags=[[]], channel=null, acknowledgeMode=MANUAL local queue size=0
2022-06-22 17:19:59 INFO  datax-service-data-masterdata org.springframework.amqp.rabbit.RabbitListenerEndpointContainer#0-2 org.springframework.amqp.rabbit.connection.CachingConnectionFactory Attempting to connect to: [localhost:15672]
2022-06-22 17:20:07 INFO  datax-service-data-masterdata org.springframework.amqp.rabbit.RabbitListenerEndpointContainer#0-2 org.springframework.amqp.rabbit.connection.CachingConnectionFactory Attempting to connect to: [localhost:15672]
2022-06-22 17:20:19 INFO  datax-service-data-masterdata org.springframework.amqp.rabbit.RabbitListenerEndpointContainer#0-2 org.springframework.amqp.rabbit.listener.SimpleMessageListenerContainer Restarting Consumer@60b1b024: tags=[[]], channel=null, acknowledgeMode=MANUAL local queue size=0
2022-06-22 17:20:19 INFO  datax-service-data-masterdata org.springframework.amqp.rabbit.RabbitListenerEndpointContainer#0-3 org.springframework.amqp.rabbit.connection.CachingConnectionFactory Attempting to connect to: [localhost:15672]
2022-06-22 17:20:26 INFO  datax-service-data-masterdata org.springframework.amqp.rabbit.RabbitListenerEndpointContainer#0-3 org.springframework.amqp.rabbit.connection.CachingConnectionFactory Attempting to connect to: [localhost:15672]
2022-06-22 17:20:38 INFO  datax-service-data-masterdata org.springframework.amqp.rabbit.RabbitListenerEndpointContainer#0-3 org.springframework.amqp.rabbit.listener.SimpleMessageListenerContainer Restarting Consumer@47b638d1: tags=[[]], channel=null, acknowledgeMode=MANUAL local queue size=0
2022-06-22 17:20:38 INFO  datax-service-data-masterdata org.springframework.amqp.rabbit.RabbitListenerEndpointContainer#0-4 org.springframework.amqp.rabbit.connection.CachingConnectionFactory Attempting to connect to: [localhost:15672]
2022-06-22 17:20:45 INFO  datax-service-data-masterdata org.springframework.amqp.rabbit.RabbitListenerEndpointContainer#0-4 org.springframework.amqp.rabbit.connection.CachingConnectionFactory Attempting to connect to: [localhost:15672]
2022-06-22 17:20:57 INFO  datax-service-data-masterdata org.springframework.amqp.rabbit.RabbitListenerEndpointContainer#0-4 org.springframework.amqp.rabbit.listener.SimpleMessageListenerContainer Restarting Consumer@7bcb5423: tags=[[]], channel=null, acknowledgeMode=MANUAL local queue size=0
2022-06-22 17:20:57 INFO  datax-service-data-masterdata org.springframework.amqp.rabbit.RabbitListenerEndpointContainer#0-5 org.springframework.amqp.rabbit.connection.CachingConnectionFactory Attempting to connect to: [localhost:15672]
2022-06-22 17:21:04 INFO  datax-service-data-masterdata org.springframework.amqp.rabbit.RabbitListenerEndpointContainer#0-5 org.springframework.amqp.rabbit.connection.CachingConnectionFactory Attempting to connect to: [localhost:15672]
2022-06-22 17:21:16 INFO  datax-service-data-masterdata org.springframework.amqp.rabbit.RabbitListenerEndpointContainer#0-5 org.springframework.amqp.rabbit.listener.SimpleMessageListenerContainer Restarting Consumer@43710d7: tags=[[]], channel=null, acknowledgeMode=MANUAL local queue size=0
2022-06-22 17:21:16 INFO  datax-service-data-masterdata org.springframework.amqp.rabbit.RabbitListenerEndpointContainer#0-6 org.springframework.amqp.rabbit.connection.CachingConnectionFactory Attempting to connect to: [localhost:15672]
2022-06-22 17:21:23 INFO  datax-service-data-masterdata org.springframework.amqp.rabbit.RabbitListenerEndpointContainer#0-6 org.springframework.amqp.rabbit.connection.CachingConnectionFactory Attempting to connect to: [localhost:15672]
2022-06-22 17:21:36 INFO  datax-service-data-masterdata org.springframework.amqp.rabbit.RabbitListenerEndpointContainer#0-6 org.springframework.amqp.rabbit.listener.SimpleMessageListenerContainer Restarting Consumer@60672076: tags=[[]], channel=null, acknowledgeMode=MANUAL local queue size=0
2022-06-22 17:21:36 INFO  datax-service-data-masterdata org.springframework.amqp.rabbit.RabbitListenerEndpointContainer#0-7 org.springframework.amqp.rabbit.connection.CachingConnectionFactory Attempting to connect to: [localhost:15672]
2022-06-22 17:21:43 INFO  datax-service-data-masterdata org.springframework.amqp.rabbit.RabbitListenerEndpointContainer#0-7 org.springframework.amqp.rabbit.connection.CachingConnectionFactory Attempting to connect to: [localhost:15672]
2022-06-22 17:21:55 INFO  datax-service-data-masterdata org.springframework.amqp.rabbit.RabbitListenerEndpointContainer#0-7 org.springframework.amqp.rabbit.listener.SimpleMessageListenerContainer Restarting Consumer@bdd3056: tags=[[]], channel=null, acknowledgeMode=MANUAL local queue size=0
2022-06-22 17:21:55 INFO  datax-service-data-masterdata org.springframework.amqp.rabbit.RabbitListenerEndpointContainer#0-8 org.springframework.amqp.rabbit.connection.CachingConnectionFactory Attempting to connect to: [localhost:15672]
2022-06-22 17:22:02 INFO  datax-service-data-masterdata org.springframework.amqp.rabbit.RabbitListenerEndpointContainer#0-8 org.springframework.amqp.rabbit.connection.CachingConnectionFactory Attempting to connect to: [localhost:15672]
2022-06-22 17:22:14 INFO  datax-service-data-masterdata org.springframework.amqp.rabbit.RabbitListenerEndpointContainer#0-8 org.springframework.amqp.rabbit.listener.SimpleMessageListenerContainer Restarting Consumer@d638059: tags=[[]], channel=null, acknowledgeMode=MANUAL local queue size=0
2022-06-22 17:22:14 INFO  datax-service-data-masterdata org.springframework.amqp.rabbit.RabbitListenerEndpointContainer#0-9 org.springframework.amqp.rabbit.connection.CachingConnectionFactory Attempting to connect to: [localhost:15672]
2022-06-22 17:22:21 INFO  datax-service-data-masterdata org.springframework.amqp.rabbit.RabbitListenerEndpointContainer#0-9 org.springframework.amqp.rabbit.connection.CachingConnectionFactory Attempting to connect to: [localhost:15672]
2022-06-22 17:22:33 INFO  datax-service-data-masterdata org.springframework.amqp.rabbit.RabbitListenerEndpointContainer#0-9 org.springframework.amqp.rabbit.listener.SimpleMessageListenerContainer Restarting Consumer@4a3a5fb8: tags=[[]], channel=null, acknowledgeMode=MANUAL local queue size=0
2022-06-22 17:22:33 INFO  datax-service-data-masterdata org.springframework.amqp.rabbit.RabbitListenerEndpointContainer#0-10 org.springframework.amqp.rabbit.connection.CachingConnectionFactory Attempting to connect to: [localhost:15672]
2022-06-22 17:22:40 INFO  datax-service-data-masterdata org.springframework.amqp.rabbit.RabbitListenerEndpointContainer#0-10 org.springframework.amqp.rabbit.connection.CachingConnectionFactory Attempting to connect to: [localhost:15672]
2022-06-22 17:22:52 INFO  datax-service-data-masterdata org.springframework.amqp.rabbit.RabbitListenerEndpointContainer#0-10 org.springframework.amqp.rabbit.listener.SimpleMessageListenerContainer Restarting Consumer@42914c79: tags=[[]], channel=null, acknowledgeMode=MANUAL local queue size=0
2022-06-22 17:22:52 INFO  datax-service-data-masterdata org.springframework.amqp.rabbit.RabbitListenerEndpointContainer#0-11 org.springframework.amqp.rabbit.connection.CachingConnectionFactory Attempting to connect to: [localhost:15672]
2022-06-22 17:22:59 INFO  datax-service-data-masterdata org.springframework.amqp.rabbit.RabbitListenerEndpointContainer#0-11 org.springframework.amqp.rabbit.connection.CachingConnectionFactory Attempting to connect to: [localhost:15672]
2022-06-22 17:23:12 INFO  datax-service-data-masterdata org.springframework.amqp.rabbit.RabbitListenerEndpointContainer#0-11 org.springframework.amqp.rabbit.listener.SimpleMessageListenerContainer Restarting Consumer@351bd1db: tags=[[]], channel=null, acknowledgeMode=MANUAL local queue size=0
2022-06-22 17:23:12 INFO  datax-service-data-masterdata org.springframework.amqp.rabbit.RabbitListenerEndpointContainer#0-12 org.springframework.amqp.rabbit.connection.CachingConnectionFactory Attempting to connect to: [localhost:15672]
2022-06-22 17:23:19 INFO  datax-service-data-masterdata org.springframework.amqp.rabbit.RabbitListenerEndpointContainer#0-12 org.springframework.amqp.rabbit.connection.CachingConnectionFactory Attempting to connect to: [localhost:15672]
2022-06-22 17:23:31 INFO  datax-service-data-masterdata org.springframework.amqp.rabbit.RabbitListenerEndpointContainer#0-12 org.springframework.amqp.rabbit.listener.SimpleMessageListenerContainer Restarting Consumer@39931f68: tags=[[]], channel=null, acknowledgeMode=MANUAL local queue size=0
2022-06-22 17:23:31 INFO  datax-service-data-masterdata org.springframework.amqp.rabbit.RabbitListenerEndpointContainer#0-13 org.springframework.amqp.rabbit.connection.CachingConnectionFactory Attempting to connect to: [localhost:15672]
2022-06-22 17:23:38 INFO  datax-service-data-masterdata org.springframework.amqp.rabbit.RabbitListenerEndpointContainer#0-13 org.springframework.amqp.rabbit.connection.CachingConnectionFactory Attempting to connect to: [localhost:15672]
2022-06-22 17:23:50 INFO  datax-service-data-masterdata org.springframework.amqp.rabbit.RabbitListenerEndpointContainer#0-13 org.springframework.amqp.rabbit.listener.SimpleMessageListenerContainer Restarting Consumer@416836a5: tags=[[]], channel=null, acknowledgeMode=MANUAL local queue size=0
2022-06-22 17:23:50 INFO  datax-service-data-masterdata org.springframework.amqp.rabbit.RabbitListenerEndpointContainer#0-14 org.springframework.amqp.rabbit.connection.CachingConnectionFactory Attempting to connect to: [localhost:15672]
2022-06-22 17:23:57 INFO  datax-service-data-masterdata org.springframework.amqp.rabbit.RabbitListenerEndpointContainer#0-14 org.springframework.amqp.rabbit.connection.CachingConnectionFactory Attempting to connect to: [localhost:15672]
2022-06-22 17:24:09 INFO  datax-service-data-masterdata org.springframework.amqp.rabbit.RabbitListenerEndpointContainer#0-14 org.springframework.amqp.rabbit.listener.SimpleMessageListenerContainer Restarting Consumer@49e58b52: tags=[[]], channel=null, acknowledgeMode=MANUAL local queue size=0
2022-06-22 17:24:09 INFO  datax-service-data-masterdata org.springframework.amqp.rabbit.RabbitListenerEndpointContainer#0-15 org.springframework.amqp.rabbit.connection.CachingConnectionFactory Attempting to connect to: [localhost:15672]
2022-06-22 17:24:16 INFO  datax-service-data-masterdata org.springframework.amqp.rabbit.RabbitListenerEndpointContainer#0-15 org.springframework.amqp.rabbit.connection.CachingConnectionFactory Attempting to connect to: [localhost:15672]
2022-06-22 17:24:28 INFO  datax-service-data-masterdata org.springframework.amqp.rabbit.RabbitListenerEndpointContainer#0-15 org.springframework.amqp.rabbit.listener.SimpleMessageListenerContainer Restarting Consumer@52249cf9: tags=[[]], channel=null, acknowledgeMode=MANUAL local queue size=0
2022-06-22 17:24:28 INFO  datax-service-data-masterdata org.springframework.amqp.rabbit.RabbitListenerEndpointContainer#0-16 org.springframework.amqp.rabbit.connection.CachingConnectionFactory Attempting to connect to: [localhost:15672]
2022-06-22 17:24:31 INFO  datax-service-data-masterdata AsyncResolver-bootstrap-executor-0 com.netflix.discovery.shared.resolver.aws.ConfigClusterResolver Resolving eureka endpoints via configuration
2022-06-22 17:24:36 INFO  datax-service-data-masterdata org.springframework.amqp.rabbit.RabbitListenerEndpointContainer#0-16 org.springframework.amqp.rabbit.connection.CachingConnectionFactory Attempting to connect to: [localhost:15672]
2022-06-22 17:24:48 INFO  datax-service-data-masterdata org.springframework.amqp.rabbit.RabbitListenerEndpointContainer#0-16 org.springframework.amqp.rabbit.listener.SimpleMessageListenerContainer Restarting Consumer@3d91c12a: tags=[[]], channel=null, acknowledgeMode=MANUAL local queue size=0
2022-06-22 17:24:48 INFO  datax-service-data-masterdata org.springframework.amqp.rabbit.RabbitListenerEndpointContainer#0-17 org.springframework.amqp.rabbit.connection.CachingConnectionFactory Attempting to connect to: [localhost:15672]
2022-06-22 17:24:55 INFO  datax-service-data-masterdata org.springframework.amqp.rabbit.RabbitListenerEndpointContainer#0-17 org.springframework.amqp.rabbit.connection.CachingConnectionFactory Attempting to connect to: [localhost:15672]
2022-06-22 17:25:07 INFO  datax-service-data-masterdata org.springframework.amqp.rabbit.RabbitListenerEndpointContainer#0-17 org.springframework.amqp.rabbit.listener.SimpleMessageListenerContainer Restarting Consumer@87c6603: tags=[[]], channel=null, acknowledgeMode=MANUAL local queue size=0
2022-06-22 17:25:07 INFO  datax-service-data-masterdata org.springframework.amqp.rabbit.RabbitListenerEndpointContainer#0-18 org.springframework.amqp.rabbit.connection.CachingConnectionFactory Attempting to connect to: [localhost:15672]
2022-06-22 17:25:14 INFO  datax-service-data-masterdata org.springframework.amqp.rabbit.RabbitListenerEndpointContainer#0-18 org.springframework.amqp.rabbit.connection.CachingConnectionFactory Attempting to connect to: [localhost:15672]
2022-06-22 17:25:26 INFO  datax-service-data-masterdata org.springframework.amqp.rabbit.RabbitListenerEndpointContainer#0-18 org.springframework.amqp.rabbit.listener.SimpleMessageListenerContainer Restarting Consumer@48b2d7a5: tags=[[]], channel=null, acknowledgeMode=MANUAL local queue size=0
2022-06-22 17:25:26 INFO  datax-service-data-masterdata org.springframework.amqp.rabbit.RabbitListenerEndpointContainer#0-19 org.springframework.amqp.rabbit.connection.CachingConnectionFactory Attempting to connect to: [localhost:15672]
2022-06-22 17:25:33 INFO  datax-service-data-masterdata org.springframework.amqp.rabbit.RabbitListenerEndpointContainer#0-19 org.springframework.amqp.rabbit.connection.CachingConnectionFactory Attempting to connect to: [localhost:15672]
2022-06-22 17:25:45 INFO  datax-service-data-masterdata org.springframework.amqp.rabbit.RabbitListenerEndpointContainer#0-19 org.springframework.amqp.rabbit.listener.SimpleMessageListenerContainer Restarting Consumer@3ca6a95c: tags=[[]], channel=null, acknowledgeMode=MANUAL local queue size=0
2022-06-22 17:25:45 INFO  datax-service-data-masterdata org.springframework.amqp.rabbit.RabbitListenerEndpointContainer#0-20 org.springframework.amqp.rabbit.connection.CachingConnectionFactory Attempting to connect to: [localhost:15672]
2022-06-22 17:25:52 INFO  datax-service-data-masterdata org.springframework.amqp.rabbit.RabbitListenerEndpointContainer#0-20 org.springframework.amqp.rabbit.connection.CachingConnectionFactory Attempting to connect to: [localhost:15672]
2022-06-22 17:26:04 INFO  datax-service-data-masterdata org.springframework.amqp.rabbit.RabbitListenerEndpointContainer#0-20 org.springframework.amqp.rabbit.listener.SimpleMessageListenerContainer Restarting Consumer@69c46ced: tags=[[]], channel=null, acknowledgeMode=MANUAL local queue size=0
2022-06-22 17:26:04 INFO  datax-service-data-masterdata org.springframework.amqp.rabbit.RabbitListenerEndpointContainer#0-21 org.springframework.amqp.rabbit.connection.CachingConnectionFactory Attempting to connect to: [localhost:15672]
2022-06-22 17:26:11 INFO  datax-service-data-masterdata org.springframework.amqp.rabbit.RabbitListenerEndpointContainer#0-21 org.springframework.amqp.rabbit.connection.CachingConnectionFactory Attempting to connect to: [localhost:15672]
2022-06-22 17:26:24 INFO  datax-service-data-masterdata org.springframework.amqp.rabbit.RabbitListenerEndpointContainer#0-21 org.springframework.amqp.rabbit.listener.SimpleMessageListenerContainer Restarting Consumer@502f609f: tags=[[]], channel=null, acknowledgeMode=MANUAL local queue size=0
2022-06-22 17:26:24 INFO  datax-service-data-masterdata org.springframework.amqp.rabbit.RabbitListenerEndpointContainer#0-22 org.springframework.amqp.rabbit.connection.CachingConnectionFactory Attempting to connect to: [localhost:15672]
2022-06-22 17:26:31 INFO  datax-service-data-masterdata org.springframework.amqp.rabbit.RabbitListenerEndpointContainer#0-22 org.springframework.amqp.rabbit.connection.CachingConnectionFactory Attempting to connect to: [localhost:15672]
2022-06-22 17:26:43 INFO  datax-service-data-masterdata org.springframework.amqp.rabbit.RabbitListenerEndpointContainer#0-22 org.springframework.amqp.rabbit.listener.SimpleMessageListenerContainer Restarting Consumer@1b1a81ae: tags=[[]], channel=null, acknowledgeMode=MANUAL local queue size=0
2022-06-22 17:26:43 INFO  datax-service-data-masterdata org.springframework.amqp.rabbit.RabbitListenerEndpointContainer#0-23 org.springframework.amqp.rabbit.connection.CachingConnectionFactory Attempting to connect to: [localhost:15672]
2022-06-22 17:26:50 INFO  datax-service-data-masterdata org.springframework.amqp.rabbit.RabbitListenerEndpointContainer#0-23 org.springframework.amqp.rabbit.connection.CachingConnectionFactory Attempting to connect to: [localhost:15672]
2022-06-22 17:27:02 INFO  datax-service-data-masterdata org.springframework.amqp.rabbit.RabbitListenerEndpointContainer#0-23 org.springframework.amqp.rabbit.listener.SimpleMessageListenerContainer Restarting Consumer@6147bf7f: tags=[[]], channel=null, acknowledgeMode=MANUAL local queue size=0
2022-06-22 17:27:02 INFO  datax-service-data-masterdata org.springframework.amqp.rabbit.RabbitListenerEndpointContainer#0-24 org.springframework.amqp.rabbit.connection.CachingConnectionFactory Attempting to connect to: [localhost:15672]
2022-06-22 17:27:09 INFO  datax-service-data-masterdata org.springframework.amqp.rabbit.RabbitListenerEndpointContainer#0-24 org.springframework.amqp.rabbit.connection.CachingConnectionFactory Attempting to connect to: [localhost:15672]
2022-06-22 17:27:21 INFO  datax-service-data-masterdata org.springframework.amqp.rabbit.RabbitListenerEndpointContainer#0-24 org.springframework.amqp.rabbit.listener.SimpleMessageListenerContainer Restarting Consumer@26e95fb4: tags=[[]], channel=null, acknowledgeMode=MANUAL local queue size=0
2022-06-22 17:27:21 INFO  datax-service-data-masterdata org.springframework.amqp.rabbit.RabbitListenerEndpointContainer#0-25 org.springframework.amqp.rabbit.connection.CachingConnectionFactory Attempting to connect to: [localhost:15672]
2022-06-22 17:27:28 INFO  datax-service-data-masterdata org.springframework.amqp.rabbit.RabbitListenerEndpointContainer#0-25 org.springframework.amqp.rabbit.connection.CachingConnectionFactory Attempting to connect to: [localhost:15672]
2022-06-22 17:27:40 INFO  datax-service-data-masterdata org.springframework.amqp.rabbit.RabbitListenerEndpointContainer#0-25 org.springframework.amqp.rabbit.listener.SimpleMessageListenerContainer Restarting Consumer@121697f5: tags=[[]], channel=null, acknowledgeMode=MANUAL local queue size=0
2022-06-22 17:27:40 INFO  datax-service-data-masterdata org.springframework.amqp.rabbit.RabbitListenerEndpointContainer#0-26 org.springframework.amqp.rabbit.connection.CachingConnectionFactory Attempting to connect to: [localhost:15672]
2022-06-22 17:27:47 INFO  datax-service-data-masterdata org.springframework.amqp.rabbit.RabbitListenerEndpointContainer#0-26 org.springframework.amqp.rabbit.connection.CachingConnectionFactory Attempting to connect to: [localhost:15672]
2022-06-22 17:28:00 INFO  datax-service-data-masterdata org.springframework.amqp.rabbit.RabbitListenerEndpointContainer#0-26 org.springframework.amqp.rabbit.listener.SimpleMessageListenerContainer Restarting Consumer@633d81f2: tags=[[]], channel=null, acknowledgeMode=MANUAL local queue size=0
2022-06-22 17:28:00 INFO  datax-service-data-masterdata org.springframework.amqp.rabbit.RabbitListenerEndpointContainer#0-27 org.springframework.amqp.rabbit.connection.CachingConnectionFactory Attempting to connect to: [localhost:15672]
2022-06-22 17:28:07 INFO  datax-service-data-masterdata org.springframework.amqp.rabbit.RabbitListenerEndpointContainer#0-27 org.springframework.amqp.rabbit.connection.CachingConnectionFactory Attempting to connect to: [localhost:15672]
2022-06-22 17:28:19 INFO  datax-service-data-masterdata org.springframework.amqp.rabbit.RabbitListenerEndpointContainer#0-27 org.springframework.amqp.rabbit.listener.SimpleMessageListenerContainer Restarting Consumer@294e2dae: tags=[[]], channel=null, acknowledgeMode=MANUAL local queue size=0
2022-06-22 17:28:19 INFO  datax-service-data-masterdata org.springframework.amqp.rabbit.RabbitListenerEndpointContainer#0-28 org.springframework.amqp.rabbit.connection.CachingConnectionFactory Attempting to connect to: [localhost:15672]
2022-06-22 17:28:26 INFO  datax-service-data-masterdata org.springframework.amqp.rabbit.RabbitListenerEndpointContainer#0-28 org.springframework.amqp.rabbit.connection.CachingConnectionFactory Attempting to connect to: [localhost:15672]
2022-06-22 17:28:38 INFO  datax-service-data-masterdata org.springframework.amqp.rabbit.RabbitListenerEndpointContainer#0-28 org.springframework.amqp.rabbit.listener.SimpleMessageListenerContainer Restarting Consumer@3df56401: tags=[[]], channel=null, acknowledgeMode=MANUAL local queue size=0
2022-06-22 17:28:38 INFO  datax-service-data-masterdata org.springframework.amqp.rabbit.RabbitListenerEndpointContainer#0-29 org.springframework.amqp.rabbit.connection.CachingConnectionFactory Attempting to connect to: [localhost:15672]
2022-06-22 17:28:45 INFO  datax-service-data-masterdata org.springframework.amqp.rabbit.RabbitListenerEndpointContainer#0-29 org.springframework.amqp.rabbit.connection.CachingConnectionFactory Attempting to connect to: [localhost:15672]
2022-06-22 17:28:57 INFO  datax-service-data-masterdata org.springframework.amqp.rabbit.RabbitListenerEndpointContainer#0-29 org.springframework.amqp.rabbit.listener.SimpleMessageListenerContainer Restarting Consumer@7a6094e2: tags=[[]], channel=null, acknowledgeMode=MANUAL local queue size=0
2022-06-22 17:28:57 INFO  datax-service-data-masterdata org.springframework.amqp.rabbit.RabbitListenerEndpointContainer#0-30 org.springframework.amqp.rabbit.connection.CachingConnectionFactory Attempting to connect to: [localhost:15672]
2022-06-22 17:29:04 INFO  datax-service-data-masterdata org.springframework.amqp.rabbit.RabbitListenerEndpointContainer#0-30 org.springframework.amqp.rabbit.connection.CachingConnectionFactory Attempting to connect to: [localhost:15672]
2022-06-22 17:29:16 INFO  datax-service-data-masterdata org.springframework.amqp.rabbit.RabbitListenerEndpointContainer#0-30 org.springframework.amqp.rabbit.listener.SimpleMessageListenerContainer Restarting Consumer@112ca782: tags=[[]], channel=null, acknowledgeMode=MANUAL local queue size=0
2022-06-22 17:29:16 INFO  datax-service-data-masterdata org.springframework.amqp.rabbit.RabbitListenerEndpointContainer#0-31 org.springframework.amqp.rabbit.connection.CachingConnectionFactory Attempting to connect to: [localhost:15672]
2022-06-22 17:29:23 INFO  datax-service-data-masterdata org.springframework.amqp.rabbit.RabbitListenerEndpointContainer#0-31 org.springframework.amqp.rabbit.connection.CachingConnectionFactory Attempting to connect to: [localhost:15672]
2022-06-22 17:29:31 INFO  datax-service-data-masterdata AsyncResolver-bootstrap-executor-0 com.netflix.discovery.shared.resolver.aws.ConfigClusterResolver Resolving eureka endpoints via configuration
2022-06-22 17:29:36 INFO  datax-service-data-masterdata org.springframework.amqp.rabbit.RabbitListenerEndpointContainer#0-31 org.springframework.amqp.rabbit.listener.SimpleMessageListenerContainer Restarting Consumer@694f165: tags=[[]], channel=null, acknowledgeMode=MANUAL local queue size=0
2022-06-22 17:29:36 INFO  datax-service-data-masterdata org.springframework.amqp.rabbit.RabbitListenerEndpointContainer#0-32 org.springframework.amqp.rabbit.connection.CachingConnectionFactory Attempting to connect to: [localhost:15672]
2022-06-22 17:29:43 INFO  datax-service-data-masterdata org.springframework.amqp.rabbit.RabbitListenerEndpointContainer#0-32 org.springframework.amqp.rabbit.connection.CachingConnectionFactory Attempting to connect to: [localhost:15672]
2022-06-22 17:29:55 INFO  datax-service-data-masterdata org.springframework.amqp.rabbit.RabbitListenerEndpointContainer#0-32 org.springframework.amqp.rabbit.listener.SimpleMessageListenerContainer Restarting Consumer@324b630b: tags=[[]], channel=null, acknowledgeMode=MANUAL local queue size=0
2022-06-22 17:29:55 INFO  datax-service-data-masterdata org.springframework.amqp.rabbit.RabbitListenerEndpointContainer#0-33 org.springframework.amqp.rabbit.connection.CachingConnectionFactory Attempting to connect to: [localhost:15672]
2022-06-22 17:30:02 INFO  datax-service-data-masterdata org.springframework.amqp.rabbit.RabbitListenerEndpointContainer#0-33 org.springframework.amqp.rabbit.connection.CachingConnectionFactory Attempting to connect to: [localhost:15672]
2022-06-22 17:30:14 INFO  datax-service-data-masterdata org.springframework.amqp.rabbit.RabbitListenerEndpointContainer#0-33 org.springframework.amqp.rabbit.listener.SimpleMessageListenerContainer Restarting Consumer@5e6e485a: tags=[[]], channel=null, acknowledgeMode=MANUAL local queue size=0
2022-06-22 17:30:14 INFO  datax-service-data-masterdata org.springframework.amqp.rabbit.RabbitListenerEndpointContainer#0-34 org.springframework.amqp.rabbit.connection.CachingConnectionFactory Attempting to connect to: [localhost:15672]
2022-06-22 17:30:21 INFO  datax-service-data-masterdata org.springframework.amqp.rabbit.RabbitListenerEndpointContainer#0-34 org.springframework.amqp.rabbit.connection.CachingConnectionFactory Attempting to connect to: [localhost:15672]
2022-06-22 17:30:33 INFO  datax-service-data-masterdata org.springframework.amqp.rabbit.RabbitListenerEndpointContainer#0-34 org.springframework.amqp.rabbit.listener.SimpleMessageListenerContainer Restarting Consumer@34fdd9b7: tags=[[]], channel=null, acknowledgeMode=MANUAL local queue size=0
2022-06-22 17:30:33 INFO  datax-service-data-masterdata org.springframework.amqp.rabbit.RabbitListenerEndpointContainer#0-35 org.springframework.amqp.rabbit.connection.CachingConnectionFactory Attempting to connect to: [localhost:15672]
2022-06-22 17:30:40 INFO  datax-service-data-masterdata org.springframework.amqp.rabbit.RabbitListenerEndpointContainer#0-35 org.springframework.amqp.rabbit.connection.CachingConnectionFactory Attempting to connect to: [localhost:15672]
2022-06-22 17:30:52 INFO  datax-service-data-masterdata org.springframework.amqp.rabbit.RabbitListenerEndpointContainer#0-35 org.springframework.amqp.rabbit.listener.SimpleMessageListenerContainer Restarting Consumer@11ba8fce: tags=[[]], channel=null, acknowledgeMode=MANUAL local queue size=0
2022-06-22 17:30:52 INFO  datax-service-data-masterdata org.springframework.amqp.rabbit.RabbitListenerEndpointContainer#0-36 org.springframework.amqp.rabbit.connection.CachingConnectionFactory Attempting to connect to: [localhost:15672]
2022-06-22 17:30:59 INFO  datax-service-data-masterdata org.springframework.amqp.rabbit.RabbitListenerEndpointContainer#0-36 org.springframework.amqp.rabbit.connection.CachingConnectionFactory Attempting to connect to: [localhost:15672]
2022-06-22 17:31:12 INFO  datax-service-data-masterdata org.springframework.amqp.rabbit.RabbitListenerEndpointContainer#0-36 org.springframework.amqp.rabbit.listener.SimpleMessageListenerContainer Restarting Consumer@588bc144: tags=[[]], channel=null, acknowledgeMode=MANUAL local queue size=0
2022-06-22 17:31:12 INFO  datax-service-data-masterdata org.springframework.amqp.rabbit.RabbitListenerEndpointContainer#0-37 org.springframework.amqp.rabbit.connection.CachingConnectionFactory Attempting to connect to: [localhost:15672]
2022-06-22 17:31:19 INFO  datax-service-data-masterdata org.springframework.amqp.rabbit.RabbitListenerEndpointContainer#0-37 org.springframework.amqp.rabbit.connection.CachingConnectionFactory Attempting to connect to: [localhost:15672]
2022-06-22 17:31:31 INFO  datax-service-data-masterdata org.springframework.amqp.rabbit.RabbitListenerEndpointContainer#0-37 org.springframework.amqp.rabbit.listener.SimpleMessageListenerContainer Restarting Consumer@8562e13: tags=[[]], channel=null, acknowledgeMode=MANUAL local queue size=0
2022-06-22 17:31:31 INFO  datax-service-data-masterdata org.springframework.amqp.rabbit.RabbitListenerEndpointContainer#0-38 org.springframework.amqp.rabbit.connection.CachingConnectionFactory Attempting to connect to: [localhost:15672]
2022-06-22 17:31:38 INFO  datax-service-data-masterdata org.springframework.amqp.rabbit.RabbitListenerEndpointContainer#0-38 org.springframework.amqp.rabbit.connection.CachingConnectionFactory Attempting to connect to: [localhost:15672]
2022-06-22 17:31:50 INFO  datax-service-data-masterdata org.springframework.amqp.rabbit.RabbitListenerEndpointContainer#0-38 org.springframework.amqp.rabbit.listener.SimpleMessageListenerContainer Restarting Consumer@683f081a: tags=[[]], channel=null, acknowledgeMode=MANUAL local queue size=0
2022-06-22 17:31:50 INFO  datax-service-data-masterdata org.springframework.amqp.rabbit.RabbitListenerEndpointContainer#0-39 org.springframework.amqp.rabbit.connection.CachingConnectionFactory Attempting to connect to: [localhost:15672]
2022-06-22 17:31:57 INFO  datax-service-data-masterdata org.springframework.amqp.rabbit.RabbitListenerEndpointContainer#0-39 org.springframework.amqp.rabbit.connection.CachingConnectionFactory Attempting to connect to: [localhost:15672]
2022-06-22 17:32:09 INFO  datax-service-data-masterdata org.springframework.amqp.rabbit.RabbitListenerEndpointContainer#0-39 org.springframework.amqp.rabbit.listener.SimpleMessageListenerContainer Restarting Consumer@6063f019: tags=[[]], channel=null, acknowledgeMode=MANUAL local queue size=0
2022-06-22 17:32:09 INFO  datax-service-data-masterdata org.springframework.amqp.rabbit.RabbitListenerEndpointContainer#0-40 org.springframework.amqp.rabbit.connection.CachingConnectionFactory Attempting to connect to: [localhost:15672]
2022-06-22 17:32:16 INFO  datax-service-data-masterdata org.springframework.amqp.rabbit.RabbitListenerEndpointContainer#0-40 org.springframework.amqp.rabbit.connection.CachingConnectionFactory Attempting to connect to: [localhost:15672]
2022-06-22 17:32:28 INFO  datax-service-data-masterdata org.springframework.amqp.rabbit.RabbitListenerEndpointContainer#0-40 org.springframework.amqp.rabbit.listener.SimpleMessageListenerContainer Restarting Consumer@11a6dc8b: tags=[[]], channel=null, acknowledgeMode=MANUAL local queue size=0
2022-06-22 17:32:28 INFO  datax-service-data-masterdata org.springframework.amqp.rabbit.RabbitListenerEndpointContainer#0-41 org.springframework.amqp.rabbit.connection.CachingConnectionFactory Attempting to connect to: [localhost:15672]
2022-06-22 17:32:36 INFO  datax-service-data-masterdata org.springframework.amqp.rabbit.RabbitListenerEndpointContainer#0-41 org.springframework.amqp.rabbit.connection.CachingConnectionFactory Attempting to connect to: [localhost:15672]
2022-06-22 17:32:48 INFO  datax-service-data-masterdata org.springframework.amqp.rabbit.RabbitListenerEndpointContainer#0-41 org.springframework.amqp.rabbit.listener.SimpleMessageListenerContainer Restarting Consumer@4cf84a26: tags=[[]], channel=null, acknowledgeMode=MANUAL local queue size=0
2022-06-22 17:32:48 INFO  datax-service-data-masterdata org.springframework.amqp.rabbit.RabbitListenerEndpointContainer#0-42 org.springframework.amqp.rabbit.connection.CachingConnectionFactory Attempting to connect to: [localhost:15672]
2022-06-22 17:32:55 INFO  datax-service-data-masterdata org.springframework.amqp.rabbit.RabbitListenerEndpointContainer#0-42 org.springframework.amqp.rabbit.connection.CachingConnectionFactory Attempting to connect to: [localhost:15672]
2022-06-22 17:33:07 INFO  datax-service-data-masterdata org.springframework.amqp.rabbit.RabbitListenerEndpointContainer#0-42 org.springframework.amqp.rabbit.listener.SimpleMessageListenerContainer Restarting Consumer@16a801cb: tags=[[]], channel=null, acknowledgeMode=MANUAL local queue size=0
2022-06-22 17:33:07 INFO  datax-service-data-masterdata org.springframework.amqp.rabbit.RabbitListenerEndpointContainer#0-43 org.springframework.amqp.rabbit.connection.CachingConnectionFactory Attempting to connect to: [localhost:15672]
2022-06-22 17:33:14 INFO  datax-service-data-masterdata org.springframework.amqp.rabbit.RabbitListenerEndpointContainer#0-43 org.springframework.amqp.rabbit.connection.CachingConnectionFactory Attempting to connect to: [localhost:15672]
2022-06-22 17:33:26 INFO  datax-service-data-masterdata org.springframework.amqp.rabbit.RabbitListenerEndpointContainer#0-43 org.springframework.amqp.rabbit.listener.SimpleMessageListenerContainer Restarting Consumer@512232df: tags=[[]], channel=null, acknowledgeMode=MANUAL local queue size=0
2022-06-22 17:33:26 INFO  datax-service-data-masterdata org.springframework.amqp.rabbit.RabbitListenerEndpointContainer#0-44 org.springframework.amqp.rabbit.connection.CachingConnectionFactory Attempting to connect to: [localhost:15672]
2022-06-22 17:33:33 INFO  datax-service-data-masterdata org.springframework.amqp.rabbit.RabbitListenerEndpointContainer#0-44 org.springframework.amqp.rabbit.connection.CachingConnectionFactory Attempting to connect to: [localhost:15672]
2022-06-22 17:33:46 INFO  datax-service-data-masterdata org.springframework.amqp.rabbit.RabbitListenerEndpointContainer#0-44 org.springframework.amqp.rabbit.listener.SimpleMessageListenerContainer Restarting Consumer@145525a0: tags=[[]], channel=null, acknowledgeMode=MANUAL local queue size=0
2022-06-22 17:33:46 INFO  datax-service-data-masterdata org.springframework.amqp.rabbit.RabbitListenerEndpointContainer#0-45 org.springframework.amqp.rabbit.connection.CachingConnectionFactory Attempting to connect to: [localhost:15672]
2022-06-22 17:33:53 INFO  datax-service-data-masterdata org.springframework.amqp.rabbit.RabbitListenerEndpointContainer#0-45 org.springframework.amqp.rabbit.connection.CachingConnectionFactory Attempting to connect to: [localhost:15672]
2022-06-22 17:34:05 INFO  datax-service-data-masterdata org.springframework.amqp.rabbit.RabbitListenerEndpointContainer#0-45 org.springframework.amqp.rabbit.listener.SimpleMessageListenerContainer Restarting Consumer@47ccd07f: tags=[[]], channel=null, acknowledgeMode=MANUAL local queue size=0
2022-06-22 17:34:05 INFO  datax-service-data-masterdata org.springframework.amqp.rabbit.RabbitListenerEndpointContainer#0-46 org.springframework.amqp.rabbit.connection.CachingConnectionFactory Attempting to connect to: [localhost:15672]
2022-06-22 17:34:12 INFO  datax-service-data-masterdata org.springframework.amqp.rabbit.RabbitListenerEndpointContainer#0-46 org.springframework.amqp.rabbit.connection.CachingConnectionFactory Attempting to connect to: [localhost:15672]
2022-06-22 17:34:24 INFO  datax-service-data-masterdata org.springframework.amqp.rabbit.RabbitListenerEndpointContainer#0-46 org.springframework.amqp.rabbit.listener.SimpleMessageListenerContainer Restarting Consumer@4e728fa9: tags=[[]], channel=null, acknowledgeMode=MANUAL local queue size=0
2022-06-22 17:34:24 INFO  datax-service-data-masterdata org.springframework.amqp.rabbit.RabbitListenerEndpointContainer#0-47 org.springframework.amqp.rabbit.connection.CachingConnectionFactory Attempting to connect to: [localhost:15672]
2022-06-22 17:34:31 INFO  datax-service-data-masterdata AsyncResolver-bootstrap-executor-0 com.netflix.discovery.shared.resolver.aws.ConfigClusterResolver Resolving eureka endpoints via configuration
2022-06-22 17:34:31 INFO  datax-service-data-masterdata org.springframework.amqp.rabbit.RabbitListenerEndpointContainer#0-47 org.springframework.amqp.rabbit.connection.CachingConnectionFactory Attempting to connect to: [localhost:15672]
2022-06-22 17:34:43 INFO  datax-service-data-masterdata org.springframework.amqp.rabbit.RabbitListenerEndpointContainer#0-47 org.springframework.amqp.rabbit.listener.SimpleMessageListenerContainer Restarting Consumer@21c0010b: tags=[[]], channel=null, acknowledgeMode=MANUAL local queue size=0
2022-06-22 17:34:43 INFO  datax-service-data-masterdata org.springframework.amqp.rabbit.RabbitListenerEndpointContainer#0-48 org.springframework.amqp.rabbit.connection.CachingConnectionFactory Attempting to connect to: [localhost:15672]
2022-06-22 17:34:50 INFO  datax-service-data-masterdata org.springframework.amqp.rabbit.RabbitListenerEndpointContainer#0-48 org.springframework.amqp.rabbit.connection.CachingConnectionFactory Attempting to connect to: [localhost:15672]
2022-06-22 17:35:03 INFO  datax-service-data-masterdata org.springframework.amqp.rabbit.RabbitListenerEndpointContainer#0-48 org.springframework.amqp.rabbit.listener.SimpleMessageListenerContainer Restarting Consumer@4678a969: tags=[[]], channel=null, acknowledgeMode=MANUAL local queue size=0
2022-06-22 17:35:03 INFO  datax-service-data-masterdata org.springframework.amqp.rabbit.RabbitListenerEndpointContainer#0-49 org.springframework.amqp.rabbit.connection.CachingConnectionFactory Attempting to connect to: [localhost:15672]
2022-06-22 17:35:10 INFO  datax-service-data-masterdata org.springframework.amqp.rabbit.RabbitListenerEndpointContainer#0-49 org.springframework.amqp.rabbit.connection.CachingConnectionFactory Attempting to connect to: [localhost:15672]
2022-06-22 17:35:22 INFO  datax-service-data-masterdata org.springframework.amqp.rabbit.RabbitListenerEndpointContainer#0-49 org.springframework.amqp.rabbit.listener.SimpleMessageListenerContainer Restarting Consumer@56814246: tags=[[]], channel=null, acknowledgeMode=MANUAL local queue size=0
2022-06-22 17:35:22 INFO  datax-service-data-masterdata org.springframework.amqp.rabbit.RabbitListenerEndpointContainer#0-50 org.springframework.amqp.rabbit.connection.CachingConnectionFactory Attempting to connect to: [localhost:15672]
2022-06-22 17:35:29 INFO  datax-service-data-masterdata org.springframework.amqp.rabbit.RabbitListenerEndpointContainer#0-50 org.springframework.amqp.rabbit.connection.CachingConnectionFactory Attempting to connect to: [localhost:15672]
2022-06-22 17:35:41 INFO  datax-service-data-masterdata org.springframework.amqp.rabbit.RabbitListenerEndpointContainer#0-50 org.springframework.amqp.rabbit.listener.SimpleMessageListenerContainer Restarting Consumer@5ac5f69: tags=[[]], channel=null, acknowledgeMode=MANUAL local queue size=0
2022-06-22 17:35:41 INFO  datax-service-data-masterdata org.springframework.amqp.rabbit.RabbitListenerEndpointContainer#0-51 org.springframework.amqp.rabbit.connection.CachingConnectionFactory Attempting to connect to: [localhost:15672]
2022-06-22 17:35:48 INFO  datax-service-data-masterdata org.springframework.amqp.rabbit.RabbitListenerEndpointContainer#0-51 org.springframework.amqp.rabbit.connection.CachingConnectionFactory Attempting to connect to: [localhost:15672]
2022-06-22 17:35:56 INFO  datax-service-data-masterdata XNIO-1 task-1 io.undertow.servlet Initializing Spring DispatcherServlet 'dispatcherServlet'
2022-06-22 17:35:56 INFO  datax-service-data-masterdata XNIO-1 task-1 org.springframework.web.servlet.DispatcherServlet Initializing Servlet 'dispatcherServlet'
2022-06-22 17:35:56 INFO  datax-service-data-masterdata XNIO-1 task-1 org.springframework.web.servlet.DispatcherServlet Completed initialization in 35 ms
2022-06-22 17:36:00 INFO  datax-service-data-masterdata org.springframework.amqp.rabbit.RabbitListenerEndpointContainer#0-51 org.springframework.amqp.rabbit.listener.SimpleMessageListenerContainer Restarting Consumer@3e06955e: tags=[[]], channel=null, acknowledgeMode=MANUAL local queue size=0
2022-06-22 17:36:00 INFO  datax-service-data-masterdata org.springframework.amqp.rabbit.RabbitListenerEndpointContainer#0-52 org.springframework.amqp.rabbit.connection.CachingConnectionFactory Attempting to connect to: [localhost:15672]
2022-06-22 17:36:07 INFO  datax-service-data-masterdata org.springframework.amqp.rabbit.RabbitListenerEndpointContainer#0-52 org.springframework.amqp.rabbit.connection.CachingConnectionFactory Attempting to connect to: [localhost:15672]
2022-06-22 17:36:19 INFO  datax-service-data-masterdata org.springframework.amqp.rabbit.RabbitListenerEndpointContainer#0-52 org.springframework.amqp.rabbit.listener.SimpleMessageListenerContainer Restarting Consumer@2ee8f836: tags=[[]], channel=null, acknowledgeMode=MANUAL local queue size=0
2022-06-22 17:36:19 INFO  datax-service-data-masterdata org.springframework.amqp.rabbit.RabbitListenerEndpointContainer#0-53 org.springframework.amqp.rabbit.connection.CachingConnectionFactory Attempting to connect to: [localhost:15672]
2022-06-22 17:36:26 INFO  datax-service-data-masterdata org.springframework.amqp.rabbit.RabbitListenerEndpointContainer#0-53 org.springframework.amqp.rabbit.connection.CachingConnectionFactory Attempting to connect to: [localhost:15672]
2022-06-22 17:36:39 INFO  datax-service-data-masterdata org.springframework.amqp.rabbit.RabbitListenerEndpointContainer#0-53 org.springframework.amqp.rabbit.listener.SimpleMessageListenerContainer Restarting Consumer@14f6ac08: tags=[[]], channel=null, acknowledgeMode=MANUAL local queue size=0
2022-06-22 17:36:39 INFO  datax-service-data-masterdata org.springframework.amqp.rabbit.RabbitListenerEndpointContainer#0-54 org.springframework.amqp.rabbit.connection.CachingConnectionFactory Attempting to connect to: [localhost:15672]
