2022-06-14 10:50:05 INFO  datax-service-data-visual background-preinit org.hibernate.validator.internal.util.Version HV000001: Hibernate Validator 6.1.6.Final
2022-06-14 10:50:07 INFO  datax-service-data-visual main org.springframework.cloud.config.client.ConfigServicePropertySourceLocator Fetching config from server at : http://localhost:8611/
2022-06-14 10:50:08 INFO  datax-service-data-visual main org.springframework.cloud.config.client.ConfigServicePropertySourceLocator Located environment: name=datax-service-data-visual, profiles=[dev], label=null, version=null, state=null
2022-06-14 10:50:08 INFO  datax-service-data-visual main org.springframework.cloud.bootstrap.config.PropertySourceBootstrapConfiguration Located property source: [BootstrapPropertySource {name='bootstrapProperties-classpath:/config/datax-service-data-visual-dev.yml'}, BootstrapPropertySource {name='bootstrapProperties-classpath:/config/application-dev.yml'}]
2022-06-14 10:50:08 INFO  datax-service-data-visual main cn.datax.service.data.visual.DataxVisualApplication The following profiles are active: dev
2022-06-14 10:50:10 INFO  datax-service-data-visual main org.springframework.data.repository.config.RepositoryConfigurationDelegate Multiple Spring Data modules found, entering strict repository configuration mode!
2022-06-14 10:50:10 INFO  datax-service-data-visual main org.springframework.data.repository.config.RepositoryConfigurationDelegate Bootstrapping Spring Data Redis repositories in DEFAULT mode.
2022-06-14 10:50:10 INFO  datax-service-data-visual main org.springframework.data.repository.config.RepositoryConfigurationDelegate Finished Spring Data repository scanning in 29ms. Found 0 Redis repository interfaces.
2022-06-14 10:50:11 INFO  datax-service-data-visual main org.springframework.cloud.context.scope.GenericScope BeanFactory id=6489374b-4843-3821-b2fc-39929d9f1ed9
2022-06-14 10:50:11 INFO  datax-service-data-visual main org.springframework.context.support.PostProcessorRegistrationDelegate$BeanPostProcessorChecker Bean 'spring.datasource.dynamic-com.baomidou.dynamic.datasource.spring.boot.autoconfigure.DynamicDataSourceProperties' of type [com.baomidou.dynamic.datasource.spring.boot.autoconfigure.DynamicDataSourceProperties] is not eligible for getting processed by all BeanPostProcessors (for example: not eligible for auto-proxying)
2022-06-14 10:50:11 INFO  datax-service-data-visual main org.springframework.context.support.PostProcessorRegistrationDelegate$BeanPostProcessorChecker Bean 'com.baomidou.dynamic.datasource.spring.boot.autoconfigure.DynamicDataSourceAutoConfiguration' of type [com.baomidou.dynamic.datasource.spring.boot.autoconfigure.DynamicDataSourceAutoConfiguration$$EnhancerBySpringCGLIB$$e59796b6] is not eligible for getting processed by all BeanPostProcessors (for example: not eligible for auto-proxying)
2022-06-14 10:50:11 INFO  datax-service-data-visual main org.springframework.context.support.PostProcessorRegistrationDelegate$BeanPostProcessorChecker Bean 'dsProcessor' of type [com.baomidou.dynamic.datasource.processor.DsHeaderProcessor] is not eligible for getting processed by all BeanPostProcessors (for example: not eligible for auto-proxying)
2022-06-14 10:50:12 INFO  datax-service-data-visual main org.springframework.context.support.PostProcessorRegistrationDelegate$BeanPostProcessorChecker Bean 'org.springframework.security.access.expression.method.DefaultMethodSecurityExpressionHandler@35c8be21' of type [org.springframework.security.oauth2.provider.expression.OAuth2MethodSecurityExpressionHandler] is not eligible for getting processed by all BeanPostProcessors (for example: not eligible for auto-proxying)
2022-06-14 10:50:12 INFO  datax-service-data-visual main org.springframework.context.support.PostProcessorRegistrationDelegate$BeanPostProcessorChecker Bean 'methodSecurityMetadataSource' of type [org.springframework.security.access.method.DelegatingMethodSecurityMetadataSource] is not eligible for getting processed by all BeanPostProcessors (for example: not eligible for auto-proxying)
2022-06-14 10:50:13 INFO  datax-service-data-visual main io.undertow.servlet Initializing Spring embedded WebApplicationContext
2022-06-14 10:50:13 INFO  datax-service-data-visual main org.springframework.boot.web.servlet.context.ServletWebServerApplicationContext Root WebApplicationContext: initialization completed in 4467 ms
2022-06-14 10:50:13 INFO  datax-service-data-visual main com.netflix.config.sources.URLConfigurationSource To enable URLs as dynamic configuration sources, define System property archaius.configurationSource.additionalUrls or make config.properties available on classpath.
2022-06-14 10:50:13 INFO  datax-service-data-visual main com.netflix.config.DynamicPropertyFactory DynamicPropertyFactory is initialized with configuration sources: com.netflix.config.ConcurrentCompositeConfiguration@1aed6f0b
2022-06-14 10:50:13 INFO  datax-service-data-visual main org.springframework.boot.actuate.endpoint.web.ServletEndpointRegistrar Registered '/actuator/hystrix.stream' to hystrix.stream-actuator-endpoint
2022-06-14 10:50:14 INFO  datax-service-data-visual main com.zaxxer.hikari.HikariDataSource mysql - Starting...
2022-06-14 10:50:14 INFO  datax-service-data-visual main com.zaxxer.hikari.HikariDataSource mysql - Start completed.
2022-06-14 10:50:14 INFO  datax-service-data-visual main com.baomidou.dynamic.datasource.DynamicRoutingDataSource dynamic-datasource - load a datasource named [mysql] success
2022-06-14 10:50:14 INFO  datax-service-data-visual main com.baomidou.dynamic.datasource.DynamicRoutingDataSource dynamic-datasource initial loaded [1] datasource,primary datasource named [mysql]
2022-06-14 10:50:19 INFO  datax-service-data-visual main org.springframework.boot.actuate.endpoint.web.EndpointLinksResolver Exposing 18 endpoint(s) beneath base path '/actuator'
2022-06-14 10:50:19 INFO  datax-service-data-visual main springfox.documentation.spring.web.PropertySourcedRequestMappingHandlerMapping Mapped URL path [/v2/api-docs] onto method [springfox.documentation.swagger2.web.Swagger2Controller#getDocumentation(String, HttpServletRequest)]
2022-06-14 10:50:20 INFO  datax-service-data-visual main com.netflix.config.sources.URLConfigurationSource To enable URLs as dynamic configuration sources, define System property archaius.configurationSource.additionalUrls or make config.properties available on classpath.
2022-06-14 10:50:20 INFO  datax-service-data-visual main org.springframework.scheduling.concurrent.ThreadPoolTaskExecutor Initializing ExecutorService 'applicationTaskExecutor'
2022-06-14 10:50:20 INFO  datax-service-data-visual main org.springframework.boot.autoconfigure.security.servlet.UserDetailsServiceAutoConfiguration 

Using generated security password: 6933ec55-ea16-4280-8323-ed68dea677a4

2022-06-14 10:50:21 INFO  datax-service-data-visual main org.springframework.security.web.DefaultSecurityFilterChain Creating filter chain: any request, [org.springframework.security.web.context.request.async.WebAsyncManagerIntegrationFilter@2b85fc, org.springframework.security.web.context.SecurityContextPersistenceFilter@5d685156, org.springframework.security.web.header.HeaderWriterFilter@42018e32, org.springframework.security.web.authentication.logout.LogoutFilter@3808bdfc, org.springframework.security.oauth2.provider.authentication.OAuth2AuthenticationProcessingFilter@72ab75c, org.springframework.security.web.savedrequest.RequestCacheAwareFilter@55aadbf2, org.springframework.security.web.servletapi.SecurityContextHolderAwareRequestFilter@642aa8ea, org.springframework.security.web.authentication.AnonymousAuthenticationFilter@255eadf5, org.springframework.security.web.session.SessionManagementFilter@64d128d0, org.springframework.security.web.access.ExceptionTranslationFilter@518e9141, org.springframework.security.web.access.intercept.FilterSecurityInterceptor@1ef8cf89]
2022-06-14 10:50:22 INFO  datax-service-data-visual main org.springframework.cloud.netflix.eureka.config.DiscoveryClientOptionalArgsConfiguration Eureka HTTP Client uses Jersey
2022-06-14 10:50:22 INFO  datax-service-data-visual main org.springframework.cloud.netflix.eureka.InstanceInfoFactory Setting initial instance status as: STARTING
2022-06-14 10:50:22 INFO  datax-service-data-visual main com.netflix.discovery.DiscoveryClient Initializing Eureka in region us-east-1
2022-06-14 10:50:22 INFO  datax-service-data-visual main com.netflix.discovery.provider.DiscoveryJerseyProvider Using JSON encoding codec LegacyJacksonJson
2022-06-14 10:50:22 INFO  datax-service-data-visual main com.netflix.discovery.provider.DiscoveryJerseyProvider Using JSON decoding codec LegacyJacksonJson
2022-06-14 10:50:23 INFO  datax-service-data-visual main com.netflix.discovery.provider.DiscoveryJerseyProvider Using XML encoding codec XStreamXml
2022-06-14 10:50:23 INFO  datax-service-data-visual main com.netflix.discovery.provider.DiscoveryJerseyProvider Using XML decoding codec XStreamXml
2022-06-14 10:50:23 INFO  datax-service-data-visual main com.netflix.discovery.shared.resolver.aws.ConfigClusterResolver Resolving eureka endpoints via configuration
2022-06-14 10:50:24 INFO  datax-service-data-visual main com.netflix.discovery.DiscoveryClient Disable delta property : false
2022-06-14 10:50:24 INFO  datax-service-data-visual main com.netflix.discovery.DiscoveryClient Single vip registry refresh property : null
2022-06-14 10:50:24 INFO  datax-service-data-visual main com.netflix.discovery.DiscoveryClient Force full registry fetch : false
2022-06-14 10:50:24 INFO  datax-service-data-visual main com.netflix.discovery.DiscoveryClient Application is null : false
2022-06-14 10:50:24 INFO  datax-service-data-visual main com.netflix.discovery.DiscoveryClient Registered Applications size is zero : true
2022-06-14 10:50:24 INFO  datax-service-data-visual main com.netflix.discovery.DiscoveryClient Application version is -1: true
2022-06-14 10:50:24 INFO  datax-service-data-visual main com.netflix.discovery.DiscoveryClient Getting all instance registry info from the eureka server
2022-06-14 10:50:24 INFO  datax-service-data-visual main com.netflix.discovery.DiscoveryClient The response status is 200
2022-06-14 10:50:24 INFO  datax-service-data-visual main com.netflix.discovery.DiscoveryClient Starting heartbeat executor: renew interval is: 20
2022-06-14 10:50:24 INFO  datax-service-data-visual main com.netflix.discovery.InstanceInfoReplicator InstanceInfoReplicator onDemand update allowed rate per min is 4
2022-06-14 10:50:24 INFO  datax-service-data-visual main com.netflix.discovery.DiscoveryClient Discovery Client initialized at timestamp 1655175024814 with initial instances count: 14
2022-06-14 10:50:24 INFO  datax-service-data-visual main org.springframework.cloud.netflix.eureka.serviceregistry.EurekaServiceRegistry Registering application DATAX-SERVICE-DATA-VISUAL with eureka with status UP
2022-06-14 10:50:24 INFO  datax-service-data-visual main com.netflix.discovery.DiscoveryClient Saw local status change event StatusChangeEvent [timestamp=1655175024822, current=UP, previous=STARTING]
2022-06-14 10:50:24 INFO  datax-service-data-visual DiscoveryClient-InstanceInfoReplicator-0 com.netflix.discovery.DiscoveryClient DiscoveryClient_DATAX-SERVICE-DATA-VISUAL/li20220331:datax-service-data-visual:8827: registering service...
2022-06-14 10:50:24 INFO  datax-service-data-visual main io.undertow starting server: Undertow - 2.1.4.Final
2022-06-14 10:50:24 INFO  datax-service-data-visual main org.xnio XNIO version 3.8.0.Final
2022-06-14 10:50:24 INFO  datax-service-data-visual main org.xnio.nio XNIO NIO Implementation Version 3.8.0.Final
2022-06-14 10:50:24 INFO  datax-service-data-visual DiscoveryClient-InstanceInfoReplicator-0 com.netflix.discovery.DiscoveryClient DiscoveryClient_DATAX-SERVICE-DATA-VISUAL/li20220331:datax-service-data-visual:8827 - registration status: 204
2022-06-14 10:50:25 INFO  datax-service-data-visual main org.jboss.threads JBoss Threads version 3.1.0.Final
2022-06-14 10:50:25 INFO  datax-service-data-visual main org.springframework.boot.web.embedded.undertow.UndertowWebServer Undertow started on port(s) 8827 (http)
2022-06-14 10:50:25 INFO  datax-service-data-visual main org.springframework.cloud.netflix.eureka.serviceregistry.EurekaAutoServiceRegistration Updating port to 8827
2022-06-14 10:50:26 INFO  datax-service-data-visual main springfox.documentation.spring.web.plugins.DocumentationPluginsBootstrapper Context refreshed
2022-06-14 10:50:26 INFO  datax-service-data-visual main springfox.documentation.spring.web.plugins.DocumentationPluginsBootstrapper Found 1 custom documentation plugin(s)
2022-06-14 10:50:26 INFO  datax-service-data-visual main springfox.documentation.spring.web.scanners.ApiListingReferenceScanner Scanning for api listing references
2022-06-14 10:50:26 INFO  datax-service-data-visual main cn.datax.service.data.visual.DataxVisualApplication Started DataxVisualApplication in 22.991 seconds (JVM running for 24.511)
2022-06-14 14:53:30 INFO  datax-service-data-visual background-preinit org.hibernate.validator.internal.util.Version HV000001: Hibernate Validator 6.1.6.Final
2022-06-14 14:53:33 INFO  datax-service-data-visual main org.springframework.cloud.config.client.ConfigServicePropertySourceLocator Fetching config from server at : http://localhost:8611/
2022-06-14 14:53:34 INFO  datax-service-data-visual main org.springframework.cloud.config.client.ConfigServicePropertySourceLocator Located environment: name=datax-service-data-visual, profiles=[dev], label=null, version=null, state=null
2022-06-14 14:53:34 INFO  datax-service-data-visual main org.springframework.cloud.bootstrap.config.PropertySourceBootstrapConfiguration Located property source: [BootstrapPropertySource {name='bootstrapProperties-classpath:/config/datax-service-data-visual-dev.yml'}, BootstrapPropertySource {name='bootstrapProperties-classpath:/config/application-dev.yml'}]
2022-06-14 14:53:34 INFO  datax-service-data-visual main cn.datax.service.data.visual.DataxVisualApplication The following profiles are active: dev
2022-06-14 14:53:37 INFO  datax-service-data-visual main org.springframework.data.repository.config.RepositoryConfigurationDelegate Multiple Spring Data modules found, entering strict repository configuration mode!
2022-06-14 14:53:37 INFO  datax-service-data-visual main org.springframework.data.repository.config.RepositoryConfigurationDelegate Bootstrapping Spring Data Redis repositories in DEFAULT mode.
2022-06-14 14:53:38 INFO  datax-service-data-visual main org.springframework.data.repository.config.RepositoryConfigurationDelegate Finished Spring Data repository scanning in 137ms. Found 0 Redis repository interfaces.
2022-06-14 14:53:38 INFO  datax-service-data-visual main org.springframework.cloud.context.scope.GenericScope BeanFactory id=6489374b-4843-3821-b2fc-39929d9f1ed9
2022-06-14 14:53:39 INFO  datax-service-data-visual main org.springframework.context.support.PostProcessorRegistrationDelegate$BeanPostProcessorChecker Bean 'spring.datasource.dynamic-com.baomidou.dynamic.datasource.spring.boot.autoconfigure.DynamicDataSourceProperties' of type [com.baomidou.dynamic.datasource.spring.boot.autoconfigure.DynamicDataSourceProperties] is not eligible for getting processed by all BeanPostProcessors (for example: not eligible for auto-proxying)
2022-06-14 14:53:39 INFO  datax-service-data-visual main org.springframework.context.support.PostProcessorRegistrationDelegate$BeanPostProcessorChecker Bean 'com.baomidou.dynamic.datasource.spring.boot.autoconfigure.DynamicDataSourceAutoConfiguration' of type [com.baomidou.dynamic.datasource.spring.boot.autoconfigure.DynamicDataSourceAutoConfiguration$$EnhancerBySpringCGLIB$$b2ba5f2d] is not eligible for getting processed by all BeanPostProcessors (for example: not eligible for auto-proxying)
2022-06-14 14:53:39 INFO  datax-service-data-visual main org.springframework.context.support.PostProcessorRegistrationDelegate$BeanPostProcessorChecker Bean 'dsProcessor' of type [com.baomidou.dynamic.datasource.processor.DsHeaderProcessor] is not eligible for getting processed by all BeanPostProcessors (for example: not eligible for auto-proxying)
2022-06-14 14:53:40 INFO  datax-service-data-visual main org.springframework.context.support.PostProcessorRegistrationDelegate$BeanPostProcessorChecker Bean 'org.springframework.security.access.expression.method.DefaultMethodSecurityExpressionHandler@55adcf9e' of type [org.springframework.security.oauth2.provider.expression.OAuth2MethodSecurityExpressionHandler] is not eligible for getting processed by all BeanPostProcessors (for example: not eligible for auto-proxying)
2022-06-14 14:53:40 INFO  datax-service-data-visual main org.springframework.context.support.PostProcessorRegistrationDelegate$BeanPostProcessorChecker Bean 'methodSecurityMetadataSource' of type [org.springframework.security.access.method.DelegatingMethodSecurityMetadataSource] is not eligible for getting processed by all BeanPostProcessors (for example: not eligible for auto-proxying)
2022-06-14 14:53:41 INFO  datax-service-data-visual main io.undertow.servlet Initializing Spring embedded WebApplicationContext
2022-06-14 14:53:41 INFO  datax-service-data-visual main org.springframework.boot.web.servlet.context.ServletWebServerApplicationContext Root WebApplicationContext: initialization completed in 6787 ms
2022-06-14 14:53:41 INFO  datax-service-data-visual main com.netflix.config.sources.URLConfigurationSource To enable URLs as dynamic configuration sources, define System property archaius.configurationSource.additionalUrls or make config.properties available on classpath.
2022-06-14 14:53:41 INFO  datax-service-data-visual main com.netflix.config.DynamicPropertyFactory DynamicPropertyFactory is initialized with configuration sources: com.netflix.config.ConcurrentCompositeConfiguration@370a8b6e
2022-06-14 14:53:42 INFO  datax-service-data-visual main org.springframework.boot.actuate.endpoint.web.ServletEndpointRegistrar Registered '/actuator/hystrix.stream' to hystrix.stream-actuator-endpoint
2022-06-14 14:53:43 INFO  datax-service-data-visual main com.zaxxer.hikari.HikariDataSource mysql - Starting...
2022-06-14 14:53:44 INFO  datax-service-data-visual main com.zaxxer.hikari.HikariDataSource mysql - Start completed.
2022-06-14 14:53:44 INFO  datax-service-data-visual main com.baomidou.dynamic.datasource.DynamicRoutingDataSource dynamic-datasource - load a datasource named [mysql] success
2022-06-14 14:53:44 INFO  datax-service-data-visual main com.baomidou.dynamic.datasource.DynamicRoutingDataSource dynamic-datasource initial loaded [1] datasource,primary datasource named [mysql]
2022-06-14 14:54:43 INFO  datax-service-data-visual background-preinit org.hibernate.validator.internal.util.Version HV000001: Hibernate Validator 6.1.6.Final
2022-06-14 14:54:45 INFO  datax-service-data-visual main org.springframework.cloud.config.client.ConfigServicePropertySourceLocator Fetching config from server at : http://localhost:8611/
2022-06-14 14:54:46 INFO  datax-service-data-visual main org.springframework.cloud.config.client.ConfigServicePropertySourceLocator Located environment: name=datax-service-data-visual, profiles=[dev], label=null, version=null, state=null
2022-06-14 14:54:46 INFO  datax-service-data-visual main org.springframework.cloud.bootstrap.config.PropertySourceBootstrapConfiguration Located property source: [BootstrapPropertySource {name='bootstrapProperties-classpath:/config/datax-service-data-visual-dev.yml'}, BootstrapPropertySource {name='bootstrapProperties-classpath:/config/application-dev.yml'}]
2022-06-14 14:54:46 INFO  datax-service-data-visual main cn.datax.service.data.visual.DataxVisualApplication The following profiles are active: dev
2022-06-14 14:54:48 INFO  datax-service-data-visual main org.springframework.data.repository.config.RepositoryConfigurationDelegate Multiple Spring Data modules found, entering strict repository configuration mode!
2022-06-14 14:54:48 INFO  datax-service-data-visual main org.springframework.data.repository.config.RepositoryConfigurationDelegate Bootstrapping Spring Data Redis repositories in DEFAULT mode.
2022-06-14 14:54:48 INFO  datax-service-data-visual main org.springframework.data.repository.config.RepositoryConfigurationDelegate Finished Spring Data repository scanning in 26ms. Found 0 Redis repository interfaces.
2022-06-14 14:54:49 INFO  datax-service-data-visual main org.springframework.cloud.context.scope.GenericScope BeanFactory id=6489374b-4843-3821-b2fc-39929d9f1ed9
2022-06-14 14:54:49 INFO  datax-service-data-visual main org.springframework.context.support.PostProcessorRegistrationDelegate$BeanPostProcessorChecker Bean 'spring.datasource.dynamic-com.baomidou.dynamic.datasource.spring.boot.autoconfigure.DynamicDataSourceProperties' of type [com.baomidou.dynamic.datasource.spring.boot.autoconfigure.DynamicDataSourceProperties] is not eligible for getting processed by all BeanPostProcessors (for example: not eligible for auto-proxying)
2022-06-14 14:54:49 INFO  datax-service-data-visual main org.springframework.context.support.PostProcessorRegistrationDelegate$BeanPostProcessorChecker Bean 'com.baomidou.dynamic.datasource.spring.boot.autoconfigure.DynamicDataSourceAutoConfiguration' of type [com.baomidou.dynamic.datasource.spring.boot.autoconfigure.DynamicDataSourceAutoConfiguration$$EnhancerBySpringCGLIB$$53ea02b1] is not eligible for getting processed by all BeanPostProcessors (for example: not eligible for auto-proxying)
2022-06-14 14:54:49 INFO  datax-service-data-visual main org.springframework.context.support.PostProcessorRegistrationDelegate$BeanPostProcessorChecker Bean 'dsProcessor' of type [com.baomidou.dynamic.datasource.processor.DsHeaderProcessor] is not eligible for getting processed by all BeanPostProcessors (for example: not eligible for auto-proxying)
2022-06-14 14:54:49 INFO  datax-service-data-visual main org.springframework.context.support.PostProcessorRegistrationDelegate$BeanPostProcessorChecker Bean 'org.springframework.security.access.expression.method.DefaultMethodSecurityExpressionHandler@57e03347' of type [org.springframework.security.oauth2.provider.expression.OAuth2MethodSecurityExpressionHandler] is not eligible for getting processed by all BeanPostProcessors (for example: not eligible for auto-proxying)
2022-06-14 14:54:49 INFO  datax-service-data-visual main org.springframework.context.support.PostProcessorRegistrationDelegate$BeanPostProcessorChecker Bean 'methodSecurityMetadataSource' of type [org.springframework.security.access.method.DelegatingMethodSecurityMetadataSource] is not eligible for getting processed by all BeanPostProcessors (for example: not eligible for auto-proxying)
2022-06-14 14:54:50 INFO  datax-service-data-visual main io.undertow.servlet Initializing Spring embedded WebApplicationContext
2022-06-14 14:54:50 INFO  datax-service-data-visual main org.springframework.boot.web.servlet.context.ServletWebServerApplicationContext Root WebApplicationContext: initialization completed in 4132 ms
2022-06-14 14:54:51 INFO  datax-service-data-visual main com.netflix.config.sources.URLConfigurationSource To enable URLs as dynamic configuration sources, define System property archaius.configurationSource.additionalUrls or make config.properties available on classpath.
2022-06-14 14:54:51 INFO  datax-service-data-visual main com.netflix.config.DynamicPropertyFactory DynamicPropertyFactory is initialized with configuration sources: com.netflix.config.ConcurrentCompositeConfiguration@5df2023c
2022-06-14 14:54:51 INFO  datax-service-data-visual main org.springframework.boot.actuate.endpoint.web.ServletEndpointRegistrar Registered '/actuator/hystrix.stream' to hystrix.stream-actuator-endpoint
2022-06-14 14:54:51 INFO  datax-service-data-visual main com.zaxxer.hikari.HikariDataSource mysql - Starting...
2022-06-14 14:54:52 INFO  datax-service-data-visual main com.zaxxer.hikari.HikariDataSource mysql - Start completed.
2022-06-14 14:54:52 INFO  datax-service-data-visual main com.baomidou.dynamic.datasource.DynamicRoutingDataSource dynamic-datasource - load a datasource named [mysql] success
2022-06-14 14:54:52 INFO  datax-service-data-visual main com.baomidou.dynamic.datasource.DynamicRoutingDataSource dynamic-datasource initial loaded [1] datasource,primary datasource named [mysql]
2022-06-14 14:54:57 INFO  datax-service-data-visual main org.springframework.boot.actuate.endpoint.web.EndpointLinksResolver Exposing 18 endpoint(s) beneath base path '/actuator'
2022-06-14 14:54:58 INFO  datax-service-data-visual main springfox.documentation.spring.web.PropertySourcedRequestMappingHandlerMapping Mapped URL path [/v2/api-docs] onto method [springfox.documentation.swagger2.web.Swagger2Controller#getDocumentation(String, HttpServletRequest)]
2022-06-14 14:54:58 INFO  datax-service-data-visual main com.netflix.config.sources.URLConfigurationSource To enable URLs as dynamic configuration sources, define System property archaius.configurationSource.additionalUrls or make config.properties available on classpath.
2022-06-14 14:54:58 INFO  datax-service-data-visual main org.springframework.scheduling.concurrent.ThreadPoolTaskExecutor Initializing ExecutorService 'applicationTaskExecutor'
2022-06-14 14:54:59 INFO  datax-service-data-visual main org.springframework.boot.autoconfigure.security.servlet.UserDetailsServiceAutoConfiguration 

Using generated security password: e892ee59-1ac8-4da7-bb26-c4e4b67a985f

2022-06-14 14:55:00 INFO  datax-service-data-visual main org.springframework.security.web.DefaultSecurityFilterChain Creating filter chain: any request, [org.springframework.security.web.context.request.async.WebAsyncManagerIntegrationFilter@9b87a98, org.springframework.security.web.context.SecurityContextPersistenceFilter@35f79e6d, org.springframework.security.web.header.HeaderWriterFilter@4e885b9, org.springframework.security.web.authentication.logout.LogoutFilter@d4594a8, org.springframework.security.oauth2.provider.authentication.OAuth2AuthenticationProcessingFilter@69e3caa1, org.springframework.security.web.savedrequest.RequestCacheAwareFilter@742ce3ad, org.springframework.security.web.servletapi.SecurityContextHolderAwareRequestFilter@60dd53e9, org.springframework.security.web.authentication.AnonymousAuthenticationFilter@75b598a5, org.springframework.security.web.session.SessionManagementFilter@3f976f43, org.springframework.security.web.access.ExceptionTranslationFilter@511cc6fc, org.springframework.security.web.access.intercept.FilterSecurityInterceptor@222ebd21]
2022-06-14 14:55:01 INFO  datax-service-data-visual main org.springframework.cloud.netflix.eureka.config.DiscoveryClientOptionalArgsConfiguration Eureka HTTP Client uses Jersey
2022-06-14 14:55:01 INFO  datax-service-data-visual main org.springframework.cloud.netflix.eureka.InstanceInfoFactory Setting initial instance status as: STARTING
2022-06-14 14:55:01 INFO  datax-service-data-visual main com.netflix.discovery.DiscoveryClient Initializing Eureka in region us-east-1
2022-06-14 14:55:02 INFO  datax-service-data-visual main com.netflix.discovery.provider.DiscoveryJerseyProvider Using JSON encoding codec LegacyJacksonJson
2022-06-14 14:55:02 INFO  datax-service-data-visual main com.netflix.discovery.provider.DiscoveryJerseyProvider Using JSON decoding codec LegacyJacksonJson
2022-06-14 15:26:25 INFO  datax-service-data-visual background-preinit org.hibernate.validator.internal.util.Version HV000001: Hibernate Validator 6.1.6.Final
2022-06-14 15:26:26 INFO  datax-service-data-visual main org.springframework.cloud.config.client.ConfigServicePropertySourceLocator Fetching config from server at : http://localhost:8611/
2022-06-14 15:26:27 INFO  datax-service-data-visual main org.springframework.cloud.config.client.ConfigServicePropertySourceLocator Located environment: name=datax-service-data-visual, profiles=[dev], label=null, version=null, state=null
2022-06-14 15:26:27 INFO  datax-service-data-visual main org.springframework.cloud.bootstrap.config.PropertySourceBootstrapConfiguration Located property source: [BootstrapPropertySource {name='bootstrapProperties-classpath:/config/datax-service-data-visual-dev.yml'}, BootstrapPropertySource {name='bootstrapProperties-classpath:/config/application-dev.yml'}]
2022-06-14 15:26:27 INFO  datax-service-data-visual main cn.datax.service.data.visual.DataxVisualApplication The following profiles are active: dev
2022-06-14 15:26:29 INFO  datax-service-data-visual main org.springframework.data.repository.config.RepositoryConfigurationDelegate Multiple Spring Data modules found, entering strict repository configuration mode!
2022-06-14 15:26:29 INFO  datax-service-data-visual main org.springframework.data.repository.config.RepositoryConfigurationDelegate Bootstrapping Spring Data Redis repositories in DEFAULT mode.
2022-06-14 15:26:29 INFO  datax-service-data-visual main org.springframework.data.repository.config.RepositoryConfigurationDelegate Finished Spring Data repository scanning in 26ms. Found 0 Redis repository interfaces.
2022-06-14 15:26:29 INFO  datax-service-data-visual main org.springframework.cloud.context.scope.GenericScope BeanFactory id=6489374b-4843-3821-b2fc-39929d9f1ed9
2022-06-14 15:26:30 INFO  datax-service-data-visual main org.springframework.context.support.PostProcessorRegistrationDelegate$BeanPostProcessorChecker Bean 'spring.datasource.dynamic-com.baomidou.dynamic.datasource.spring.boot.autoconfigure.DynamicDataSourceProperties' of type [com.baomidou.dynamic.datasource.spring.boot.autoconfigure.DynamicDataSourceProperties] is not eligible for getting processed by all BeanPostProcessors (for example: not eligible for auto-proxying)
2022-06-14 15:26:30 INFO  datax-service-data-visual main org.springframework.context.support.PostProcessorRegistrationDelegate$BeanPostProcessorChecker Bean 'com.baomidou.dynamic.datasource.spring.boot.autoconfigure.DynamicDataSourceAutoConfiguration' of type [com.baomidou.dynamic.datasource.spring.boot.autoconfigure.DynamicDataSourceAutoConfiguration$$EnhancerBySpringCGLIB$$7705ddc0] is not eligible for getting processed by all BeanPostProcessors (for example: not eligible for auto-proxying)
2022-06-14 15:26:30 INFO  datax-service-data-visual main org.springframework.context.support.PostProcessorRegistrationDelegate$BeanPostProcessorChecker Bean 'dsProcessor' of type [com.baomidou.dynamic.datasource.processor.DsHeaderProcessor] is not eligible for getting processed by all BeanPostProcessors (for example: not eligible for auto-proxying)
