2022-06-22 17:05:59 INFO  datax-service-data-mapping background-preinit org.hibernate.validator.internal.util.Version HV000001: Hibernate Validator 6.1.6.Final
2022-06-22 17:05:59 INFO  datax-service-data-mapping main org.springframework.context.support.PostProcessorRegistrationDelegate$BeanPostProcessorChecker Bean 'org.springframework.retry.annotation.RetryConfiguration' of type [org.springframework.retry.annotation.RetryConfiguration$$EnhancerBySpringCGLIB$$cdf36607] is not eligible for getting processed by all BeanPostProcessors (for example: not eligible for auto-proxying)
2022-06-22 17:06:02 INFO  datax-service-data-mapping main org.springframework.cloud.config.client.ConfigServicePropertySourceLocator Fetching config from server at : http://localhost:8611/
2022-06-22 17:06:04 INFO  datax-service-data-mapping main org.springframework.cloud.config.client.ConfigServicePropertySourceLocator Located environment: name=datax-service-data-mapping, profiles=[dev], label=null, version=null, state=null
2022-06-22 17:06:04 INFO  datax-service-data-mapping main org.springframework.cloud.bootstrap.config.PropertySourceBootstrapConfiguration Located property source: [BootstrapPropertySource {name='bootstrapProperties-classpath:/config/datax-service-data-mapping-dev.yml'}, BootstrapPropertySource {name='bootstrapProperties-classpath:/config/application-dev.yml'}]
2022-06-22 17:06:04 INFO  datax-service-data-mapping main cn.datax.service.data.market.mapping.DataxMappingApplication The following profiles are active: dev
2022-06-22 17:06:11 INFO  datax-service-data-mapping main org.springframework.data.repository.config.RepositoryConfigurationDelegate Multiple Spring Data modules found, entering strict repository configuration mode!
2022-06-22 17:06:11 INFO  datax-service-data-mapping main org.springframework.data.repository.config.RepositoryConfigurationDelegate Bootstrapping Spring Data Redis repositories in DEFAULT mode.
2022-06-22 17:06:11 INFO  datax-service-data-mapping main org.springframework.data.repository.config.RepositoryConfigurationDelegate Finished Spring Data repository scanning in 100ms. Found 0 Redis repository interfaces.
2022-06-22 17:06:12 INFO  datax-service-data-mapping main org.springframework.cloud.context.scope.GenericScope BeanFactory id=8c03702c-8730-371e-86f8-a00cf0447174
2022-06-22 17:06:13 INFO  datax-service-data-mapping main org.springframework.context.support.PostProcessorRegistrationDelegate$BeanPostProcessorChecker Bean 'spring.datasource.dynamic-com.baomidou.dynamic.datasource.spring.boot.autoconfigure.DynamicDataSourceProperties' of type [com.baomidou.dynamic.datasource.spring.boot.autoconfigure.DynamicDataSourceProperties] is not eligible for getting processed by all BeanPostProcessors (for example: not eligible for auto-proxying)
2022-06-22 17:06:13 INFO  datax-service-data-mapping main org.springframework.context.support.PostProcessorRegistrationDelegate$BeanPostProcessorChecker Bean 'com.baomidou.dynamic.datasource.spring.boot.autoconfigure.DynamicDataSourceAutoConfiguration' of type [com.baomidou.dynamic.datasource.spring.boot.autoconfigure.DynamicDataSourceAutoConfiguration$$EnhancerBySpringCGLIB$$41be3eb3] is not eligible for getting processed by all BeanPostProcessors (for example: not eligible for auto-proxying)
2022-06-22 17:06:13 INFO  datax-service-data-mapping main org.springframework.context.support.PostProcessorRegistrationDelegate$BeanPostProcessorChecker Bean 'dsProcessor' of type [com.baomidou.dynamic.datasource.processor.DsHeaderProcessor] is not eligible for getting processed by all BeanPostProcessors (for example: not eligible for auto-proxying)
2022-06-22 17:06:14 INFO  datax-service-data-mapping main org.springframework.context.support.PostProcessorRegistrationDelegate$BeanPostProcessorChecker Bean 'org.springframework.security.access.expression.method.DefaultMethodSecurityExpressionHandler@5c70d7f0' of type [org.springframework.security.oauth2.provider.expression.OAuth2MethodSecurityExpressionHandler] is not eligible for getting processed by all BeanPostProcessors (for example: not eligible for auto-proxying)
2022-06-22 17:06:14 INFO  datax-service-data-mapping main org.springframework.context.support.PostProcessorRegistrationDelegate$BeanPostProcessorChecker Bean 'methodSecurityMetadataSource' of type [org.springframework.security.access.method.DelegatingMethodSecurityMetadataSource] is not eligible for getting processed by all BeanPostProcessors (for example: not eligible for auto-proxying)
2022-06-22 17:06:17 INFO  datax-service-data-mapping main io.undertow.servlet Initializing Spring embedded WebApplicationContext
2022-06-22 17:06:17 INFO  datax-service-data-mapping main org.springframework.boot.web.servlet.context.ServletWebServerApplicationContext Root WebApplicationContext: initialization completed in 12957 ms
2022-06-22 17:06:18 INFO  datax-service-data-mapping main com.netflix.config.sources.URLConfigurationSource To enable URLs as dynamic configuration sources, define System property archaius.configurationSource.additionalUrls or make config.properties available on classpath.
2022-06-22 17:06:18 INFO  datax-service-data-mapping main com.netflix.config.DynamicPropertyFactory DynamicPropertyFactory is initialized with configuration sources: com.netflix.config.ConcurrentCompositeConfiguration@c4cceb
2022-06-22 17:06:19 INFO  datax-service-data-mapping main org.springframework.boot.actuate.endpoint.web.ServletEndpointRegistrar Registered '/actuator/hystrix.stream' to hystrix.stream-actuator-endpoint
2022-06-22 17:06:20 INFO  datax-service-data-mapping main com.zaxxer.hikari.HikariDataSource mysql - Starting...
2022-06-22 17:06:21 INFO  datax-service-data-mapping main com.zaxxer.hikari.HikariDataSource mysql - Start completed.
2022-06-22 17:06:21 INFO  datax-service-data-mapping main com.baomidou.dynamic.datasource.DynamicRoutingDataSource dynamic-datasource - load a datasource named [mysql] success
2022-06-22 17:06:21 INFO  datax-service-data-mapping main com.baomidou.dynamic.datasource.DynamicRoutingDataSource dynamic-datasource initial loaded [1] datasource,primary datasource named [mysql]
2022-06-22 17:06:37 INFO  datax-service-data-mapping main org.springframework.boot.actuate.endpoint.web.EndpointLinksResolver Exposing 18 endpoint(s) beneath base path '/actuator'
2022-06-22 17:06:37 INFO  datax-service-data-mapping main org.springframework.scheduling.concurrent.ThreadPoolTaskExecutor Initializing ExecutorService
2022-06-22 17:06:37 INFO  datax-service-data-mapping main org.springframework.scheduling.concurrent.ThreadPoolTaskExecutor Initializing ExecutorService 'taskExecutor'
2022-06-22 17:06:37 INFO  datax-service-data-mapping main springfox.documentation.spring.web.PropertySourcedRequestMappingHandlerMapping Mapped URL path [/v2/api-docs] onto method [springfox.documentation.swagger2.web.Swagger2Controller#getDocumentation(String, HttpServletRequest)]
2022-06-22 17:06:37 INFO  datax-service-data-mapping main com.netflix.config.sources.URLConfigurationSource To enable URLs as dynamic configuration sources, define System property archaius.configurationSource.additionalUrls or make config.properties available on classpath.
2022-06-22 17:06:39 INFO  datax-service-data-mapping main org.springframework.boot.autoconfigure.security.servlet.UserDetailsServiceAutoConfiguration 

Using generated security password: 1cfaca08-e9f9-4c89-bcc9-3e025e5b0b5b

2022-06-22 17:06:40 INFO  datax-service-data-mapping main org.springframework.security.web.DefaultSecurityFilterChain Creating filter chain: any request, [org.springframework.security.web.context.request.async.WebAsyncManagerIntegrationFilter@2564410b, org.springframework.security.web.context.SecurityContextPersistenceFilter@4df50829, org.springframework.security.web.header.HeaderWriterFilter@4483e237, org.springframework.security.web.authentication.logout.LogoutFilter@5ed52389, org.springframework.security.oauth2.provider.authentication.OAuth2AuthenticationProcessingFilter@7b2f18cd, org.springframework.security.web.savedrequest.RequestCacheAwareFilter@1acfb04c, org.springframework.security.web.servletapi.SecurityContextHolderAwareRequestFilter@3ab87cac, org.springframework.security.web.authentication.AnonymousAuthenticationFilter@2a3ced3d, org.springframework.security.web.session.SessionManagementFilter@798ac54d, org.springframework.security.web.access.ExceptionTranslationFilter@30d4d6fb, org.springframework.security.web.access.intercept.FilterSecurityInterceptor@3444ac8f]
2022-06-22 17:06:42 INFO  datax-service-data-mapping main org.springframework.cloud.netflix.eureka.config.DiscoveryClientOptionalArgsConfiguration Eureka HTTP Client uses Jersey
2022-06-22 17:06:43 INFO  datax-service-data-mapping main org.springframework.cloud.netflix.eureka.InstanceInfoFactory Setting initial instance status as: STARTING
2022-06-22 17:06:43 INFO  datax-service-data-mapping main com.netflix.discovery.DiscoveryClient Initializing Eureka in region us-east-1
2022-06-22 17:06:43 INFO  datax-service-data-mapping main com.netflix.discovery.provider.DiscoveryJerseyProvider Using JSON encoding codec LegacyJacksonJson
2022-06-22 17:06:43 INFO  datax-service-data-mapping main com.netflix.discovery.provider.DiscoveryJerseyProvider Using JSON decoding codec LegacyJacksonJson
2022-06-22 17:06:44 INFO  datax-service-data-mapping main com.netflix.discovery.provider.DiscoveryJerseyProvider Using XML encoding codec XStreamXml
2022-06-22 17:06:44 INFO  datax-service-data-mapping main com.netflix.discovery.provider.DiscoveryJerseyProvider Using XML decoding codec XStreamXml
2022-06-22 17:06:45 INFO  datax-service-data-mapping main com.netflix.discovery.shared.resolver.aws.ConfigClusterResolver Resolving eureka endpoints via configuration
2022-06-22 17:06:47 INFO  datax-service-data-mapping main com.netflix.discovery.DiscoveryClient Disable delta property : false
2022-06-22 17:06:47 INFO  datax-service-data-mapping main com.netflix.discovery.DiscoveryClient Single vip registry refresh property : null
2022-06-22 17:06:47 INFO  datax-service-data-mapping main com.netflix.discovery.DiscoveryClient Force full registry fetch : false
2022-06-22 17:06:47 INFO  datax-service-data-mapping main com.netflix.discovery.DiscoveryClient Application is null : false
2022-06-22 17:06:47 INFO  datax-service-data-mapping main com.netflix.discovery.DiscoveryClient Registered Applications size is zero : true
2022-06-22 17:06:47 INFO  datax-service-data-mapping main com.netflix.discovery.DiscoveryClient Application version is -1: true
2022-06-22 17:06:47 INFO  datax-service-data-mapping main com.netflix.discovery.DiscoveryClient Getting all instance registry info from the eureka server
2022-06-22 17:06:47 INFO  datax-service-data-mapping main com.netflix.discovery.DiscoveryClient The response status is 200
2022-06-22 17:06:47 INFO  datax-service-data-mapping main com.netflix.discovery.DiscoveryClient Starting heartbeat executor: renew interval is: 20
2022-06-22 17:06:47 INFO  datax-service-data-mapping main com.netflix.discovery.InstanceInfoReplicator InstanceInfoReplicator onDemand update allowed rate per min is 4
2022-06-22 17:06:47 INFO  datax-service-data-mapping main com.netflix.discovery.DiscoveryClient Discovery Client initialized at timestamp 1655888807254 with initial instances count: 11
2022-06-22 17:06:47 INFO  datax-service-data-mapping main org.springframework.cloud.netflix.eureka.serviceregistry.EurekaServiceRegistry Registering application DATAX-SERVICE-DATA-MAPPING with eureka with status UP
2022-06-22 17:06:47 INFO  datax-service-data-mapping main com.netflix.discovery.DiscoveryClient Saw local status change event StatusChangeEvent [timestamp=1655888807282, current=UP, previous=STARTING]
2022-06-22 17:06:47 INFO  datax-service-data-mapping DiscoveryClient-InstanceInfoReplicator-0 com.netflix.discovery.DiscoveryClient DiscoveryClient_DATAX-SERVICE-DATA-MAPPING/li20220331:datax-service-data-mapping:8823: registering service...
2022-06-22 17:06:48 INFO  datax-service-data-mapping main io.undertow starting server: Undertow - 2.1.4.Final
2022-06-22 17:06:48 INFO  datax-service-data-mapping main org.xnio XNIO version 3.8.0.Final
2022-06-22 17:06:48 INFO  datax-service-data-mapping main org.xnio.nio XNIO NIO Implementation Version 3.8.0.Final
2022-06-22 17:06:48 INFO  datax-service-data-mapping DiscoveryClient-InstanceInfoReplicator-0 com.netflix.discovery.DiscoveryClient DiscoveryClient_DATAX-SERVICE-DATA-MAPPING/li20220331:datax-service-data-mapping:8823 - registration status: 204
2022-06-22 17:06:48 INFO  datax-service-data-mapping main org.jboss.threads JBoss Threads version 3.1.0.Final
2022-06-22 17:06:48 INFO  datax-service-data-mapping main org.springframework.boot.web.embedded.undertow.UndertowWebServer Undertow started on port(s) 8823 (http)
2022-06-22 17:06:48 INFO  datax-service-data-mapping main org.springframework.cloud.netflix.eureka.serviceregistry.EurekaAutoServiceRegistration Updating port to 8823
2022-06-22 17:06:51 INFO  datax-service-data-mapping main springfox.documentation.spring.web.plugins.DocumentationPluginsBootstrapper Context refreshed
2022-06-22 17:06:52 INFO  datax-service-data-mapping main springfox.documentation.spring.web.plugins.DocumentationPluginsBootstrapper Found 1 custom documentation plugin(s)
2022-06-22 17:06:52 INFO  datax-service-data-mapping main springfox.documentation.spring.web.scanners.ApiListingReferenceScanner Scanning for api listing references
2022-06-22 17:06:53 INFO  datax-service-data-mapping main org.springframework.amqp.rabbit.connection.CachingConnectionFactory Attempting to connect to: [localhost:15672]
2022-06-22 17:06:57 INFO  datax-service-data-mapping main org.springframework.amqp.rabbit.listener.SimpleMessageListenerContainer Broker not available; cannot force queue declarations during start: java.net.ConnectException: Connection refused: connect
2022-06-22 17:06:57 INFO  datax-service-data-mapping org.springframework.amqp.rabbit.RabbitListenerEndpointContainer#0-1 org.springframework.amqp.rabbit.connection.CachingConnectionFactory Attempting to connect to: [localhost:15672]
2022-06-22 17:07:02 INFO  datax-service-data-mapping org.springframework.amqp.rabbit.RabbitListenerEndpointContainer#0-1 org.springframework.amqp.rabbit.connection.CachingConnectionFactory Attempting to connect to: [localhost:15672]
2022-06-22 17:07:06 INFO  datax-service-data-mapping main cn.datax.service.data.market.mapping.DataxMappingApplication Started DataxMappingApplication in 72.216 seconds (JVM running for 73.14)
2022-06-22 17:07:08 INFO  datax-service-data-mapping main com.netflix.config.ChainedDynamicProperty Flipping property: datax-service-data-market.ribbon.ActiveConnectionsLimit to use NEXT property: niws.loadbalancer.availabilityFilteringRule.activeConnectionsLimit = 2147483647
2022-06-22 17:07:08 INFO  datax-service-data-mapping main com.netflix.util.concurrent.ShutdownEnabledTimer Shutdown hook installed for: NFLoadBalancer-PingTimer-datax-service-data-market
2022-06-22 17:07:08 INFO  datax-service-data-mapping main com.netflix.loadbalancer.BaseLoadBalancer Client: datax-service-data-market instantiated a LoadBalancer: DynamicServerListLoadBalancer:{NFLoadBalancer:name=datax-service-data-market,current list of Servers=[],Load balancer stats=Zone stats: {},Server stats: []}ServerList:null
2022-06-22 17:07:08 INFO  datax-service-data-mapping main com.netflix.loadbalancer.DynamicServerListLoadBalancer Using serverListUpdater PollingServerListUpdater
2022-06-22 17:07:08 INFO  datax-service-data-mapping main com.netflix.config.ChainedDynamicProperty Flipping property: datax-service-data-market.ribbon.ActiveConnectionsLimit to use NEXT property: niws.loadbalancer.availabilityFilteringRule.activeConnectionsLimit = 2147483647
2022-06-22 17:07:08 INFO  datax-service-data-mapping main com.netflix.loadbalancer.DynamicServerListLoadBalancer DynamicServerListLoadBalancer for client datax-service-data-market initialized: DynamicServerListLoadBalancer:{NFLoadBalancer:name=datax-service-data-market,current list of Servers=[localhost:8822],Load balancer stats=Zone stats: {defaultzone=[Zone:defaultzone;	Instance count:1;	Active connections count: 0;	Circuit breaker tripped count: 0;	Active connections per server: 0.0;]
},Server stats: [[Server:localhost:8822;	Zone:defaultZone;	Total Requests:0;	Successive connection failure:0;	Total blackout seconds:0;	Last connection made:Thu Jan 01 08:00:00 CST 1970;	First connection made: Thu Jan 01 08:00:00 CST 1970;	Active Connections:0;	total failure count in last (1000) msecs:0;	average resp time:0.0;	90 percentile resp time:0.0;	95 percentile resp time:0.0;	min resp time:0.0;	max resp time:0.0;	stddev resp time:0.0]
]}ServerList:org.springframework.cloud.netflix.ribbon.eureka.DomainExtractingServerList@12aa9674
2022-06-22 17:07:09 INFO  datax-service-data-mapping PollingServerListUpdater-0 com.netflix.config.ChainedDynamicProperty Flipping property: datax-service-data-market.ribbon.ActiveConnectionsLimit to use NEXT property: niws.loadbalancer.availabilityFilteringRule.activeConnectionsLimit = 2147483647
2022-06-22 17:07:11 INFO  datax-service-data-mapping org.springframework.amqp.rabbit.RabbitListenerEndpointContainer#0-1 org.springframework.amqp.rabbit.listener.SimpleMessageListenerContainer Restarting Consumer@6d6d9406: tags=[[]], channel=null, acknowledgeMode=MANUAL local queue size=0
2022-06-22 17:07:11 INFO  datax-service-data-mapping org.springframework.amqp.rabbit.RabbitListenerEndpointContainer#0-2 org.springframework.amqp.rabbit.connection.CachingConnectionFactory Attempting to connect to: [localhost:15672]
2022-06-22 17:07:15 INFO  datax-service-data-mapping org.springframework.amqp.rabbit.RabbitListenerEndpointContainer#0-2 org.springframework.amqp.rabbit.connection.CachingConnectionFactory Attempting to connect to: [localhost:15672]
2022-06-22 17:07:24 INFO  datax-service-data-mapping org.springframework.amqp.rabbit.RabbitListenerEndpointContainer#0-2 org.springframework.amqp.rabbit.listener.SimpleMessageListenerContainer Restarting Consumer@1c97b7cc: tags=[[]], channel=null, acknowledgeMode=MANUAL local queue size=0
2022-06-22 17:07:24 INFO  datax-service-data-mapping org.springframework.amqp.rabbit.RabbitListenerEndpointContainer#0-3 org.springframework.amqp.rabbit.connection.CachingConnectionFactory Attempting to connect to: [localhost:15672]
2022-06-22 17:07:28 INFO  datax-service-data-mapping org.springframework.amqp.rabbit.RabbitListenerEndpointContainer#0-3 org.springframework.amqp.rabbit.connection.CachingConnectionFactory Attempting to connect to: [localhost:15672]
2022-06-22 17:07:38 INFO  datax-service-data-mapping org.springframework.amqp.rabbit.RabbitListenerEndpointContainer#0-3 org.springframework.amqp.rabbit.listener.SimpleMessageListenerContainer Restarting Consumer@9f8da3a: tags=[[]], channel=null, acknowledgeMode=MANUAL local queue size=0
2022-06-22 17:07:38 INFO  datax-service-data-mapping org.springframework.amqp.rabbit.RabbitListenerEndpointContainer#0-4 org.springframework.amqp.rabbit.connection.CachingConnectionFactory Attempting to connect to: [localhost:15672]
2022-06-22 17:07:42 INFO  datax-service-data-mapping org.springframework.amqp.rabbit.RabbitListenerEndpointContainer#0-4 org.springframework.amqp.rabbit.connection.CachingConnectionFactory Attempting to connect to: [localhost:15672]
2022-06-22 17:07:51 INFO  datax-service-data-mapping org.springframework.amqp.rabbit.RabbitListenerEndpointContainer#0-4 org.springframework.amqp.rabbit.listener.SimpleMessageListenerContainer Restarting Consumer@3a8eac12: tags=[[]], channel=null, acknowledgeMode=MANUAL local queue size=0
2022-06-22 17:07:51 INFO  datax-service-data-mapping org.springframework.amqp.rabbit.RabbitListenerEndpointContainer#0-5 org.springframework.amqp.rabbit.connection.CachingConnectionFactory Attempting to connect to: [localhost:15672]
2022-06-22 17:07:55 INFO  datax-service-data-mapping org.springframework.amqp.rabbit.RabbitListenerEndpointContainer#0-5 org.springframework.amqp.rabbit.connection.CachingConnectionFactory Attempting to connect to: [localhost:15672]
2022-06-22 17:08:04 INFO  datax-service-data-mapping org.springframework.amqp.rabbit.RabbitListenerEndpointContainer#0-5 org.springframework.amqp.rabbit.listener.SimpleMessageListenerContainer Restarting Consumer@7a52f31c: tags=[[]], channel=null, acknowledgeMode=MANUAL local queue size=0
2022-06-22 17:08:04 INFO  datax-service-data-mapping org.springframework.amqp.rabbit.RabbitListenerEndpointContainer#0-6 org.springframework.amqp.rabbit.connection.CachingConnectionFactory Attempting to connect to: [localhost:15672]
2022-06-22 17:08:08 INFO  datax-service-data-mapping org.springframework.amqp.rabbit.RabbitListenerEndpointContainer#0-6 org.springframework.amqp.rabbit.connection.CachingConnectionFactory Attempting to connect to: [localhost:15672]
2022-06-22 17:08:18 INFO  datax-service-data-mapping org.springframework.amqp.rabbit.RabbitListenerEndpointContainer#0-6 org.springframework.amqp.rabbit.listener.SimpleMessageListenerContainer Restarting Consumer@51e24240: tags=[[]], channel=null, acknowledgeMode=MANUAL local queue size=0
2022-06-22 17:08:18 INFO  datax-service-data-mapping org.springframework.amqp.rabbit.RabbitListenerEndpointContainer#0-7 org.springframework.amqp.rabbit.connection.CachingConnectionFactory Attempting to connect to: [localhost:15672]
2022-06-22 17:08:22 INFO  datax-service-data-mapping org.springframework.amqp.rabbit.RabbitListenerEndpointContainer#0-7 org.springframework.amqp.rabbit.connection.CachingConnectionFactory Attempting to connect to: [localhost:15672]
2022-06-22 17:08:31 INFO  datax-service-data-mapping org.springframework.amqp.rabbit.RabbitListenerEndpointContainer#0-7 org.springframework.amqp.rabbit.listener.SimpleMessageListenerContainer Restarting Consumer@401f63d3: tags=[[]], channel=null, acknowledgeMode=MANUAL local queue size=0
2022-06-22 17:08:31 INFO  datax-service-data-mapping org.springframework.amqp.rabbit.RabbitListenerEndpointContainer#0-8 org.springframework.amqp.rabbit.connection.CachingConnectionFactory Attempting to connect to: [localhost:15672]
2022-06-22 17:08:35 INFO  datax-service-data-mapping org.springframework.amqp.rabbit.RabbitListenerEndpointContainer#0-8 org.springframework.amqp.rabbit.connection.CachingConnectionFactory Attempting to connect to: [localhost:15672]
2022-06-22 17:08:44 INFO  datax-service-data-mapping org.springframework.amqp.rabbit.RabbitListenerEndpointContainer#0-8 org.springframework.amqp.rabbit.listener.SimpleMessageListenerContainer Restarting Consumer@3b66d148: tags=[[]], channel=null, acknowledgeMode=MANUAL local queue size=0
2022-06-22 17:08:44 INFO  datax-service-data-mapping org.springframework.amqp.rabbit.RabbitListenerEndpointContainer#0-9 org.springframework.amqp.rabbit.connection.CachingConnectionFactory Attempting to connect to: [localhost:15672]
2022-06-22 17:08:48 INFO  datax-service-data-mapping org.springframework.amqp.rabbit.RabbitListenerEndpointContainer#0-9 org.springframework.amqp.rabbit.connection.CachingConnectionFactory Attempting to connect to: [localhost:15672]
2022-06-22 17:08:58 INFO  datax-service-data-mapping org.springframework.amqp.rabbit.RabbitListenerEndpointContainer#0-9 org.springframework.amqp.rabbit.listener.SimpleMessageListenerContainer Restarting Consumer@43916030: tags=[[]], channel=null, acknowledgeMode=MANUAL local queue size=0
2022-06-22 17:08:58 INFO  datax-service-data-mapping org.springframework.amqp.rabbit.RabbitListenerEndpointContainer#0-10 org.springframework.amqp.rabbit.connection.CachingConnectionFactory Attempting to connect to: [localhost:15672]
2022-06-22 17:09:02 INFO  datax-service-data-mapping org.springframework.amqp.rabbit.RabbitListenerEndpointContainer#0-10 org.springframework.amqp.rabbit.connection.CachingConnectionFactory Attempting to connect to: [localhost:15672]
2022-06-22 17:09:11 INFO  datax-service-data-mapping org.springframework.amqp.rabbit.RabbitListenerEndpointContainer#0-10 org.springframework.amqp.rabbit.listener.SimpleMessageListenerContainer Restarting Consumer@2ac42500: tags=[[]], channel=null, acknowledgeMode=MANUAL local queue size=0
2022-06-22 17:09:11 INFO  datax-service-data-mapping org.springframework.amqp.rabbit.RabbitListenerEndpointContainer#0-11 org.springframework.amqp.rabbit.connection.CachingConnectionFactory Attempting to connect to: [localhost:15672]
2022-06-22 17:09:15 INFO  datax-service-data-mapping org.springframework.amqp.rabbit.RabbitListenerEndpointContainer#0-11 org.springframework.amqp.rabbit.connection.CachingConnectionFactory Attempting to connect to: [localhost:15672]
2022-06-22 17:09:24 INFO  datax-service-data-mapping org.springframework.amqp.rabbit.RabbitListenerEndpointContainer#0-11 org.springframework.amqp.rabbit.listener.SimpleMessageListenerContainer Restarting Consumer@63479374: tags=[[]], channel=null, acknowledgeMode=MANUAL local queue size=0
2022-06-22 17:09:24 INFO  datax-service-data-mapping org.springframework.amqp.rabbit.RabbitListenerEndpointContainer#0-12 org.springframework.amqp.rabbit.connection.CachingConnectionFactory Attempting to connect to: [localhost:15672]
2022-06-22 17:09:28 INFO  datax-service-data-mapping org.springframework.amqp.rabbit.RabbitListenerEndpointContainer#0-12 org.springframework.amqp.rabbit.connection.CachingConnectionFactory Attempting to connect to: [localhost:15672]
2022-06-22 17:09:37 INFO  datax-service-data-mapping org.springframework.amqp.rabbit.RabbitListenerEndpointContainer#0-12 org.springframework.amqp.rabbit.listener.SimpleMessageListenerContainer Restarting Consumer@7125396: tags=[[]], channel=null, acknowledgeMode=MANUAL local queue size=0
2022-06-22 17:09:37 INFO  datax-service-data-mapping org.springframework.amqp.rabbit.RabbitListenerEndpointContainer#0-13 org.springframework.amqp.rabbit.connection.CachingConnectionFactory Attempting to connect to: [localhost:15672]
2022-06-22 17:09:41 INFO  datax-service-data-mapping org.springframework.amqp.rabbit.RabbitListenerEndpointContainer#0-13 org.springframework.amqp.rabbit.connection.CachingConnectionFactory Attempting to connect to: [localhost:15672]
2022-06-22 17:09:51 INFO  datax-service-data-mapping org.springframework.amqp.rabbit.RabbitListenerEndpointContainer#0-13 org.springframework.amqp.rabbit.listener.SimpleMessageListenerContainer Restarting Consumer@bcc6b00: tags=[[]], channel=null, acknowledgeMode=MANUAL local queue size=0
2022-06-22 17:09:51 INFO  datax-service-data-mapping org.springframework.amqp.rabbit.RabbitListenerEndpointContainer#0-14 org.springframework.amqp.rabbit.connection.CachingConnectionFactory Attempting to connect to: [localhost:15672]
2022-06-22 17:09:55 INFO  datax-service-data-mapping org.springframework.amqp.rabbit.RabbitListenerEndpointContainer#0-14 org.springframework.amqp.rabbit.connection.CachingConnectionFactory Attempting to connect to: [localhost:15672]
2022-06-22 17:10:04 INFO  datax-service-data-mapping org.springframework.amqp.rabbit.RabbitListenerEndpointContainer#0-14 org.springframework.amqp.rabbit.listener.SimpleMessageListenerContainer Restarting Consumer@58f85a29: tags=[[]], channel=null, acknowledgeMode=MANUAL local queue size=0
2022-06-22 17:10:04 INFO  datax-service-data-mapping org.springframework.amqp.rabbit.RabbitListenerEndpointContainer#0-15 org.springframework.amqp.rabbit.connection.CachingConnectionFactory Attempting to connect to: [localhost:15672]
2022-06-22 17:10:08 INFO  datax-service-data-mapping org.springframework.amqp.rabbit.RabbitListenerEndpointContainer#0-15 org.springframework.amqp.rabbit.connection.CachingConnectionFactory Attempting to connect to: [localhost:15672]
2022-06-22 17:10:17 INFO  datax-service-data-mapping org.springframework.amqp.rabbit.RabbitListenerEndpointContainer#0-15 org.springframework.amqp.rabbit.listener.SimpleMessageListenerContainer Restarting Consumer@3f109904: tags=[[]], channel=null, acknowledgeMode=MANUAL local queue size=0
2022-06-22 17:10:17 INFO  datax-service-data-mapping org.springframework.amqp.rabbit.RabbitListenerEndpointContainer#0-16 org.springframework.amqp.rabbit.connection.CachingConnectionFactory Attempting to connect to: [localhost:15672]
2022-06-22 17:10:21 INFO  datax-service-data-mapping org.springframework.amqp.rabbit.RabbitListenerEndpointContainer#0-16 org.springframework.amqp.rabbit.connection.CachingConnectionFactory Attempting to connect to: [localhost:15672]
2022-06-22 17:10:30 INFO  datax-service-data-mapping org.springframework.amqp.rabbit.RabbitListenerEndpointContainer#0-16 org.springframework.amqp.rabbit.listener.SimpleMessageListenerContainer Restarting Consumer@7090fee8: tags=[[]], channel=null, acknowledgeMode=MANUAL local queue size=0
2022-06-22 17:10:30 INFO  datax-service-data-mapping org.springframework.amqp.rabbit.RabbitListenerEndpointContainer#0-17 org.springframework.amqp.rabbit.connection.CachingConnectionFactory Attempting to connect to: [localhost:15672]
2022-06-22 17:10:34 INFO  datax-service-data-mapping org.springframework.amqp.rabbit.RabbitListenerEndpointContainer#0-17 org.springframework.amqp.rabbit.connection.CachingConnectionFactory Attempting to connect to: [localhost:15672]
2022-06-22 17:10:44 INFO  datax-service-data-mapping org.springframework.amqp.rabbit.RabbitListenerEndpointContainer#0-17 org.springframework.amqp.rabbit.listener.SimpleMessageListenerContainer Restarting Consumer@45194550: tags=[[]], channel=null, acknowledgeMode=MANUAL local queue size=0
2022-06-22 17:10:44 INFO  datax-service-data-mapping org.springframework.amqp.rabbit.RabbitListenerEndpointContainer#0-18 org.springframework.amqp.rabbit.connection.CachingConnectionFactory Attempting to connect to: [localhost:15672]
2022-06-22 17:10:48 INFO  datax-service-data-mapping org.springframework.amqp.rabbit.RabbitListenerEndpointContainer#0-18 org.springframework.amqp.rabbit.connection.CachingConnectionFactory Attempting to connect to: [localhost:15672]
2022-06-22 17:10:57 INFO  datax-service-data-mapping org.springframework.amqp.rabbit.RabbitListenerEndpointContainer#0-18 org.springframework.amqp.rabbit.listener.SimpleMessageListenerContainer Restarting Consumer@493ac861: tags=[[]], channel=null, acknowledgeMode=MANUAL local queue size=0
2022-06-22 17:10:57 INFO  datax-service-data-mapping org.springframework.amqp.rabbit.RabbitListenerEndpointContainer#0-19 org.springframework.amqp.rabbit.connection.CachingConnectionFactory Attempting to connect to: [localhost:15672]
2022-06-22 17:11:01 INFO  datax-service-data-mapping org.springframework.amqp.rabbit.RabbitListenerEndpointContainer#0-19 org.springframework.amqp.rabbit.connection.CachingConnectionFactory Attempting to connect to: [localhost:15672]
2022-06-22 17:11:10 INFO  datax-service-data-mapping org.springframework.amqp.rabbit.RabbitListenerEndpointContainer#0-19 org.springframework.amqp.rabbit.listener.SimpleMessageListenerContainer Restarting Consumer@2a0ebd08: tags=[[]], channel=null, acknowledgeMode=MANUAL local queue size=0
2022-06-22 17:11:10 INFO  datax-service-data-mapping org.springframework.amqp.rabbit.RabbitListenerEndpointContainer#0-20 org.springframework.amqp.rabbit.connection.CachingConnectionFactory Attempting to connect to: [localhost:15672]
2022-06-22 17:11:14 INFO  datax-service-data-mapping org.springframework.amqp.rabbit.RabbitListenerEndpointContainer#0-20 org.springframework.amqp.rabbit.connection.CachingConnectionFactory Attempting to connect to: [localhost:15672]
2022-06-22 17:11:23 INFO  datax-service-data-mapping org.springframework.amqp.rabbit.RabbitListenerEndpointContainer#0-20 org.springframework.amqp.rabbit.listener.SimpleMessageListenerContainer Restarting Consumer@40722f85: tags=[[]], channel=null, acknowledgeMode=MANUAL local queue size=0
2022-06-22 17:11:23 INFO  datax-service-data-mapping org.springframework.amqp.rabbit.RabbitListenerEndpointContainer#0-21 org.springframework.amqp.rabbit.connection.CachingConnectionFactory Attempting to connect to: [localhost:15672]
2022-06-22 17:11:30 INFO  datax-service-data-mapping org.springframework.amqp.rabbit.RabbitListenerEndpointContainer#0-21 org.springframework.amqp.rabbit.connection.CachingConnectionFactory Attempting to connect to: [localhost:15672]
2022-06-22 17:11:43 INFO  datax-service-data-mapping org.springframework.amqp.rabbit.RabbitListenerEndpointContainer#0-21 org.springframework.amqp.rabbit.listener.SimpleMessageListenerContainer Restarting Consumer@4a03bcf5: tags=[[]], channel=null, acknowledgeMode=MANUAL local queue size=0
2022-06-22 17:11:43 INFO  datax-service-data-mapping org.springframework.amqp.rabbit.RabbitListenerEndpointContainer#0-22 org.springframework.amqp.rabbit.connection.CachingConnectionFactory Attempting to connect to: [localhost:15672]
2022-06-22 17:11:47 INFO  datax-service-data-mapping AsyncResolver-bootstrap-executor-0 com.netflix.discovery.shared.resolver.aws.ConfigClusterResolver Resolving eureka endpoints via configuration
2022-06-22 17:11:50 INFO  datax-service-data-mapping org.springframework.amqp.rabbit.RabbitListenerEndpointContainer#0-22 org.springframework.amqp.rabbit.connection.CachingConnectionFactory Attempting to connect to: [localhost:15672]
2022-06-22 17:12:02 INFO  datax-service-data-mapping org.springframework.amqp.rabbit.RabbitListenerEndpointContainer#0-22 org.springframework.amqp.rabbit.listener.SimpleMessageListenerContainer Restarting Consumer@7b8249c0: tags=[[]], channel=null, acknowledgeMode=MANUAL local queue size=0
2022-06-22 17:12:02 INFO  datax-service-data-mapping org.springframework.amqp.rabbit.RabbitListenerEndpointContainer#0-23 org.springframework.amqp.rabbit.connection.CachingConnectionFactory Attempting to connect to: [localhost:15672]
2022-06-22 17:12:09 INFO  datax-service-data-mapping org.springframework.amqp.rabbit.RabbitListenerEndpointContainer#0-23 org.springframework.amqp.rabbit.connection.CachingConnectionFactory Attempting to connect to: [localhost:15672]
2022-06-22 17:12:21 INFO  datax-service-data-mapping org.springframework.amqp.rabbit.RabbitListenerEndpointContainer#0-23 org.springframework.amqp.rabbit.listener.SimpleMessageListenerContainer Restarting Consumer@5426ba92: tags=[[]], channel=null, acknowledgeMode=MANUAL local queue size=0
2022-06-22 17:12:21 INFO  datax-service-data-mapping org.springframework.amqp.rabbit.RabbitListenerEndpointContainer#0-24 org.springframework.amqp.rabbit.connection.CachingConnectionFactory Attempting to connect to: [localhost:15672]
2022-06-22 17:12:28 INFO  datax-service-data-mapping org.springframework.amqp.rabbit.RabbitListenerEndpointContainer#0-24 org.springframework.amqp.rabbit.connection.CachingConnectionFactory Attempting to connect to: [localhost:15672]
2022-06-22 17:12:40 INFO  datax-service-data-mapping org.springframework.amqp.rabbit.RabbitListenerEndpointContainer#0-24 org.springframework.amqp.rabbit.listener.SimpleMessageListenerContainer Restarting Consumer@71a625dd: tags=[[]], channel=null, acknowledgeMode=MANUAL local queue size=0
2022-06-22 17:12:40 INFO  datax-service-data-mapping org.springframework.amqp.rabbit.RabbitListenerEndpointContainer#0-25 org.springframework.amqp.rabbit.connection.CachingConnectionFactory Attempting to connect to: [localhost:15672]
2022-06-22 17:12:47 INFO  datax-service-data-mapping org.springframework.amqp.rabbit.RabbitListenerEndpointContainer#0-25 org.springframework.amqp.rabbit.connection.CachingConnectionFactory Attempting to connect to: [localhost:15672]
2022-06-22 17:13:00 INFO  datax-service-data-mapping org.springframework.amqp.rabbit.RabbitListenerEndpointContainer#0-25 org.springframework.amqp.rabbit.listener.SimpleMessageListenerContainer Restarting Consumer@5fc55f0c: tags=[[]], channel=null, acknowledgeMode=MANUAL local queue size=0
2022-06-22 17:13:00 INFO  datax-service-data-mapping org.springframework.amqp.rabbit.RabbitListenerEndpointContainer#0-26 org.springframework.amqp.rabbit.connection.CachingConnectionFactory Attempting to connect to: [localhost:15672]
2022-06-22 17:13:07 INFO  datax-service-data-mapping org.springframework.amqp.rabbit.RabbitListenerEndpointContainer#0-26 org.springframework.amqp.rabbit.connection.CachingConnectionFactory Attempting to connect to: [localhost:15672]
2022-06-22 17:13:19 INFO  datax-service-data-mapping org.springframework.amqp.rabbit.RabbitListenerEndpointContainer#0-26 org.springframework.amqp.rabbit.listener.SimpleMessageListenerContainer Restarting Consumer@12f2f330: tags=[[]], channel=null, acknowledgeMode=MANUAL local queue size=0
2022-06-22 17:13:19 INFO  datax-service-data-mapping org.springframework.amqp.rabbit.RabbitListenerEndpointContainer#0-27 org.springframework.amqp.rabbit.connection.CachingConnectionFactory Attempting to connect to: [localhost:15672]
2022-06-22 17:13:26 INFO  datax-service-data-mapping org.springframework.amqp.rabbit.RabbitListenerEndpointContainer#0-27 org.springframework.amqp.rabbit.connection.CachingConnectionFactory Attempting to connect to: [localhost:15672]
2022-06-22 17:13:38 INFO  datax-service-data-mapping org.springframework.amqp.rabbit.RabbitListenerEndpointContainer#0-27 org.springframework.amqp.rabbit.listener.SimpleMessageListenerContainer Restarting Consumer@1dda33d7: tags=[[]], channel=null, acknowledgeMode=MANUAL local queue size=0
2022-06-22 17:13:38 INFO  datax-service-data-mapping org.springframework.amqp.rabbit.RabbitListenerEndpointContainer#0-28 org.springframework.amqp.rabbit.connection.CachingConnectionFactory Attempting to connect to: [localhost:15672]
2022-06-22 17:13:45 INFO  datax-service-data-mapping org.springframework.amqp.rabbit.RabbitListenerEndpointContainer#0-28 org.springframework.amqp.rabbit.connection.CachingConnectionFactory Attempting to connect to: [localhost:15672]
2022-06-22 17:13:57 INFO  datax-service-data-mapping org.springframework.amqp.rabbit.RabbitListenerEndpointContainer#0-28 org.springframework.amqp.rabbit.listener.SimpleMessageListenerContainer Restarting Consumer@65dbc88b: tags=[[]], channel=null, acknowledgeMode=MANUAL local queue size=0
2022-06-22 17:13:57 INFO  datax-service-data-mapping org.springframework.amqp.rabbit.RabbitListenerEndpointContainer#0-29 org.springframework.amqp.rabbit.connection.CachingConnectionFactory Attempting to connect to: [localhost:15672]
2022-06-22 17:14:04 INFO  datax-service-data-mapping org.springframework.amqp.rabbit.RabbitListenerEndpointContainer#0-29 org.springframework.amqp.rabbit.connection.CachingConnectionFactory Attempting to connect to: [localhost:15672]
2022-06-22 17:14:16 INFO  datax-service-data-mapping org.springframework.amqp.rabbit.RabbitListenerEndpointContainer#0-29 org.springframework.amqp.rabbit.listener.SimpleMessageListenerContainer Restarting Consumer@73e675e6: tags=[[]], channel=null, acknowledgeMode=MANUAL local queue size=0
2022-06-22 17:14:16 INFO  datax-service-data-mapping org.springframework.amqp.rabbit.RabbitListenerEndpointContainer#0-30 org.springframework.amqp.rabbit.connection.CachingConnectionFactory Attempting to connect to: [localhost:15672]
2022-06-22 17:14:24 INFO  datax-service-data-mapping org.springframework.amqp.rabbit.RabbitListenerEndpointContainer#0-30 org.springframework.amqp.rabbit.connection.CachingConnectionFactory Attempting to connect to: [localhost:15672]
2022-06-22 17:14:36 INFO  datax-service-data-mapping org.springframework.amqp.rabbit.RabbitListenerEndpointContainer#0-30 org.springframework.amqp.rabbit.listener.SimpleMessageListenerContainer Restarting Consumer@67f6a4bf: tags=[[]], channel=null, acknowledgeMode=MANUAL local queue size=0
2022-06-22 17:14:36 INFO  datax-service-data-mapping org.springframework.amqp.rabbit.RabbitListenerEndpointContainer#0-31 org.springframework.amqp.rabbit.connection.CachingConnectionFactory Attempting to connect to: [localhost:15672]
2022-06-22 17:14:43 INFO  datax-service-data-mapping org.springframework.amqp.rabbit.RabbitListenerEndpointContainer#0-31 org.springframework.amqp.rabbit.connection.CachingConnectionFactory Attempting to connect to: [localhost:15672]
2022-06-22 17:14:55 INFO  datax-service-data-mapping org.springframework.amqp.rabbit.RabbitListenerEndpointContainer#0-31 org.springframework.amqp.rabbit.listener.SimpleMessageListenerContainer Restarting Consumer@5615318b: tags=[[]], channel=null, acknowledgeMode=MANUAL local queue size=0
2022-06-22 17:14:55 INFO  datax-service-data-mapping org.springframework.amqp.rabbit.RabbitListenerEndpointContainer#0-32 org.springframework.amqp.rabbit.connection.CachingConnectionFactory Attempting to connect to: [localhost:15672]
2022-06-22 17:15:02 INFO  datax-service-data-mapping org.springframework.amqp.rabbit.RabbitListenerEndpointContainer#0-32 org.springframework.amqp.rabbit.connection.CachingConnectionFactory Attempting to connect to: [localhost:15672]
2022-06-22 17:15:14 INFO  datax-service-data-mapping org.springframework.amqp.rabbit.RabbitListenerEndpointContainer#0-32 org.springframework.amqp.rabbit.listener.SimpleMessageListenerContainer Restarting Consumer@48d0afee: tags=[[]], channel=null, acknowledgeMode=MANUAL local queue size=0
2022-06-22 17:15:14 INFO  datax-service-data-mapping org.springframework.amqp.rabbit.RabbitListenerEndpointContainer#0-33 org.springframework.amqp.rabbit.connection.CachingConnectionFactory Attempting to connect to: [localhost:15672]
2022-06-22 17:15:21 INFO  datax-service-data-mapping org.springframework.amqp.rabbit.RabbitListenerEndpointContainer#0-33 org.springframework.amqp.rabbit.connection.CachingConnectionFactory Attempting to connect to: [localhost:15672]
2022-06-22 17:15:33 INFO  datax-service-data-mapping org.springframework.amqp.rabbit.RabbitListenerEndpointContainer#0-33 org.springframework.amqp.rabbit.listener.SimpleMessageListenerContainer Restarting Consumer@611f235a: tags=[[]], channel=null, acknowledgeMode=MANUAL local queue size=0
2022-06-22 17:15:33 INFO  datax-service-data-mapping org.springframework.amqp.rabbit.RabbitListenerEndpointContainer#0-34 org.springframework.amqp.rabbit.connection.CachingConnectionFactory Attempting to connect to: [localhost:15672]
2022-06-22 17:15:40 INFO  datax-service-data-mapping org.springframework.amqp.rabbit.RabbitListenerEndpointContainer#0-34 org.springframework.amqp.rabbit.connection.CachingConnectionFactory Attempting to connect to: [localhost:15672]
2022-06-22 17:15:52 INFO  datax-service-data-mapping org.springframework.amqp.rabbit.RabbitListenerEndpointContainer#0-34 org.springframework.amqp.rabbit.listener.SimpleMessageListenerContainer Restarting Consumer@310fb315: tags=[[]], channel=null, acknowledgeMode=MANUAL local queue size=0
2022-06-22 17:15:52 INFO  datax-service-data-mapping org.springframework.amqp.rabbit.RabbitListenerEndpointContainer#0-35 org.springframework.amqp.rabbit.connection.CachingConnectionFactory Attempting to connect to: [localhost:15672]
2022-06-22 17:16:00 INFO  datax-service-data-mapping org.springframework.amqp.rabbit.RabbitListenerEndpointContainer#0-35 org.springframework.amqp.rabbit.connection.CachingConnectionFactory Attempting to connect to: [localhost:15672]
2022-06-22 17:16:12 INFO  datax-service-data-mapping org.springframework.amqp.rabbit.RabbitListenerEndpointContainer#0-35 org.springframework.amqp.rabbit.listener.SimpleMessageListenerContainer Restarting Consumer@7665bebb: tags=[[]], channel=null, acknowledgeMode=MANUAL local queue size=0
2022-06-22 17:16:12 INFO  datax-service-data-mapping org.springframework.amqp.rabbit.RabbitListenerEndpointContainer#0-36 org.springframework.amqp.rabbit.connection.CachingConnectionFactory Attempting to connect to: [localhost:15672]
2022-06-22 17:16:19 INFO  datax-service-data-mapping org.springframework.amqp.rabbit.RabbitListenerEndpointContainer#0-36 org.springframework.amqp.rabbit.connection.CachingConnectionFactory Attempting to connect to: [localhost:15672]
2022-06-22 17:16:31 INFO  datax-service-data-mapping org.springframework.amqp.rabbit.RabbitListenerEndpointContainer#0-36 org.springframework.amqp.rabbit.listener.SimpleMessageListenerContainer Restarting Consumer@4e9cccc2: tags=[[]], channel=null, acknowledgeMode=MANUAL local queue size=0
2022-06-22 17:16:31 INFO  datax-service-data-mapping org.springframework.amqp.rabbit.RabbitListenerEndpointContainer#0-37 org.springframework.amqp.rabbit.connection.CachingConnectionFactory Attempting to connect to: [localhost:15672]
2022-06-22 17:16:38 INFO  datax-service-data-mapping org.springframework.amqp.rabbit.RabbitListenerEndpointContainer#0-37 org.springframework.amqp.rabbit.connection.CachingConnectionFactory Attempting to connect to: [localhost:15672]
2022-06-22 17:16:47 INFO  datax-service-data-mapping AsyncResolver-bootstrap-executor-0 com.netflix.discovery.shared.resolver.aws.ConfigClusterResolver Resolving eureka endpoints via configuration
2022-06-22 17:16:50 INFO  datax-service-data-mapping org.springframework.amqp.rabbit.RabbitListenerEndpointContainer#0-37 org.springframework.amqp.rabbit.listener.SimpleMessageListenerContainer Restarting Consumer@61c0d413: tags=[[]], channel=null, acknowledgeMode=MANUAL local queue size=0
2022-06-22 17:16:50 INFO  datax-service-data-mapping org.springframework.amqp.rabbit.RabbitListenerEndpointContainer#0-38 org.springframework.amqp.rabbit.connection.CachingConnectionFactory Attempting to connect to: [localhost:15672]
2022-06-22 17:16:57 INFO  datax-service-data-mapping org.springframework.amqp.rabbit.RabbitListenerEndpointContainer#0-38 org.springframework.amqp.rabbit.connection.CachingConnectionFactory Attempting to connect to: [localhost:15672]
2022-06-22 17:17:09 INFO  datax-service-data-mapping org.springframework.amqp.rabbit.RabbitListenerEndpointContainer#0-38 org.springframework.amqp.rabbit.listener.SimpleMessageListenerContainer Restarting Consumer@5661ebdc: tags=[[]], channel=null, acknowledgeMode=MANUAL local queue size=0
2022-06-22 17:17:09 INFO  datax-service-data-mapping org.springframework.amqp.rabbit.RabbitListenerEndpointContainer#0-39 org.springframework.amqp.rabbit.connection.CachingConnectionFactory Attempting to connect to: [localhost:15672]
2022-06-22 17:17:16 INFO  datax-service-data-mapping org.springframework.amqp.rabbit.RabbitListenerEndpointContainer#0-39 org.springframework.amqp.rabbit.connection.CachingConnectionFactory Attempting to connect to: [localhost:15672]
2022-06-22 17:17:29 INFO  datax-service-data-mapping org.springframework.amqp.rabbit.RabbitListenerEndpointContainer#0-39 org.springframework.amqp.rabbit.listener.SimpleMessageListenerContainer Restarting Consumer@f535399: tags=[[]], channel=null, acknowledgeMode=MANUAL local queue size=0
2022-06-22 17:17:29 INFO  datax-service-data-mapping org.springframework.amqp.rabbit.RabbitListenerEndpointContainer#0-40 org.springframework.amqp.rabbit.connection.CachingConnectionFactory Attempting to connect to: [localhost:15672]
2022-06-22 17:17:36 INFO  datax-service-data-mapping org.springframework.amqp.rabbit.RabbitListenerEndpointContainer#0-40 org.springframework.amqp.rabbit.connection.CachingConnectionFactory Attempting to connect to: [localhost:15672]
2022-06-22 17:17:48 INFO  datax-service-data-mapping org.springframework.amqp.rabbit.RabbitListenerEndpointContainer#0-40 org.springframework.amqp.rabbit.listener.SimpleMessageListenerContainer Restarting Consumer@b85fb57: tags=[[]], channel=null, acknowledgeMode=MANUAL local queue size=0
2022-06-22 17:17:48 INFO  datax-service-data-mapping org.springframework.amqp.rabbit.RabbitListenerEndpointContainer#0-41 org.springframework.amqp.rabbit.connection.CachingConnectionFactory Attempting to connect to: [localhost:15672]
2022-06-22 17:17:55 INFO  datax-service-data-mapping org.springframework.amqp.rabbit.RabbitListenerEndpointContainer#0-41 org.springframework.amqp.rabbit.connection.CachingConnectionFactory Attempting to connect to: [localhost:15672]
2022-06-22 17:18:07 INFO  datax-service-data-mapping org.springframework.amqp.rabbit.RabbitListenerEndpointContainer#0-41 org.springframework.amqp.rabbit.listener.SimpleMessageListenerContainer Restarting Consumer@305381b8: tags=[[]], channel=null, acknowledgeMode=MANUAL local queue size=0
2022-06-22 17:18:07 INFO  datax-service-data-mapping org.springframework.amqp.rabbit.RabbitListenerEndpointContainer#0-42 org.springframework.amqp.rabbit.connection.CachingConnectionFactory Attempting to connect to: [localhost:15672]
2022-06-22 17:18:14 INFO  datax-service-data-mapping org.springframework.amqp.rabbit.RabbitListenerEndpointContainer#0-42 org.springframework.amqp.rabbit.connection.CachingConnectionFactory Attempting to connect to: [localhost:15672]
2022-06-22 17:18:26 INFO  datax-service-data-mapping org.springframework.amqp.rabbit.RabbitListenerEndpointContainer#0-42 org.springframework.amqp.rabbit.listener.SimpleMessageListenerContainer Restarting Consumer@6b8a1e7d: tags=[[]], channel=null, acknowledgeMode=MANUAL local queue size=0
2022-06-22 17:18:26 INFO  datax-service-data-mapping org.springframework.amqp.rabbit.RabbitListenerEndpointContainer#0-43 org.springframework.amqp.rabbit.connection.CachingConnectionFactory Attempting to connect to: [localhost:15672]
2022-06-22 17:18:33 INFO  datax-service-data-mapping org.springframework.amqp.rabbit.RabbitListenerEndpointContainer#0-43 org.springframework.amqp.rabbit.connection.CachingConnectionFactory Attempting to connect to: [localhost:15672]
2022-06-22 17:18:45 INFO  datax-service-data-mapping org.springframework.amqp.rabbit.RabbitListenerEndpointContainer#0-43 org.springframework.amqp.rabbit.listener.SimpleMessageListenerContainer Restarting Consumer@47515105: tags=[[]], channel=null, acknowledgeMode=MANUAL local queue size=0
2022-06-22 17:18:45 INFO  datax-service-data-mapping org.springframework.amqp.rabbit.RabbitListenerEndpointContainer#0-44 org.springframework.amqp.rabbit.connection.CachingConnectionFactory Attempting to connect to: [localhost:15672]
2022-06-22 17:18:52 INFO  datax-service-data-mapping org.springframework.amqp.rabbit.RabbitListenerEndpointContainer#0-44 org.springframework.amqp.rabbit.connection.CachingConnectionFactory Attempting to connect to: [localhost:15672]
2022-06-22 17:19:05 INFO  datax-service-data-mapping org.springframework.amqp.rabbit.RabbitListenerEndpointContainer#0-44 org.springframework.amqp.rabbit.listener.SimpleMessageListenerContainer Restarting Consumer@28cb55aa: tags=[[]], channel=null, acknowledgeMode=MANUAL local queue size=0
2022-06-22 17:19:05 INFO  datax-service-data-mapping org.springframework.amqp.rabbit.RabbitListenerEndpointContainer#0-45 org.springframework.amqp.rabbit.connection.CachingConnectionFactory Attempting to connect to: [localhost:15672]
2022-06-22 17:19:12 INFO  datax-service-data-mapping org.springframework.amqp.rabbit.RabbitListenerEndpointContainer#0-45 org.springframework.amqp.rabbit.connection.CachingConnectionFactory Attempting to connect to: [localhost:15672]
2022-06-22 17:19:24 INFO  datax-service-data-mapping org.springframework.amqp.rabbit.RabbitListenerEndpointContainer#0-45 org.springframework.amqp.rabbit.listener.SimpleMessageListenerContainer Restarting Consumer@19d68254: tags=[[]], channel=null, acknowledgeMode=MANUAL local queue size=0
2022-06-22 17:19:24 INFO  datax-service-data-mapping org.springframework.amqp.rabbit.RabbitListenerEndpointContainer#0-46 org.springframework.amqp.rabbit.connection.CachingConnectionFactory Attempting to connect to: [localhost:15672]
2022-06-22 17:19:31 INFO  datax-service-data-mapping org.springframework.amqp.rabbit.RabbitListenerEndpointContainer#0-46 org.springframework.amqp.rabbit.connection.CachingConnectionFactory Attempting to connect to: [localhost:15672]
2022-06-22 17:19:43 INFO  datax-service-data-mapping org.springframework.amqp.rabbit.RabbitListenerEndpointContainer#0-46 org.springframework.amqp.rabbit.listener.SimpleMessageListenerContainer Restarting Consumer@4320a381: tags=[[]], channel=null, acknowledgeMode=MANUAL local queue size=0
2022-06-22 17:19:43 INFO  datax-service-data-mapping org.springframework.amqp.rabbit.RabbitListenerEndpointContainer#0-47 org.springframework.amqp.rabbit.connection.CachingConnectionFactory Attempting to connect to: [localhost:15672]
2022-06-22 17:19:50 INFO  datax-service-data-mapping org.springframework.amqp.rabbit.RabbitListenerEndpointContainer#0-47 org.springframework.amqp.rabbit.connection.CachingConnectionFactory Attempting to connect to: [localhost:15672]
2022-06-22 17:20:02 INFO  datax-service-data-mapping org.springframework.amqp.rabbit.RabbitListenerEndpointContainer#0-47 org.springframework.amqp.rabbit.listener.SimpleMessageListenerContainer Restarting Consumer@58208c38: tags=[[]], channel=null, acknowledgeMode=MANUAL local queue size=0
2022-06-22 17:20:02 INFO  datax-service-data-mapping org.springframework.amqp.rabbit.RabbitListenerEndpointContainer#0-48 org.springframework.amqp.rabbit.connection.CachingConnectionFactory Attempting to connect to: [localhost:15672]
2022-06-22 17:20:09 INFO  datax-service-data-mapping org.springframework.amqp.rabbit.RabbitListenerEndpointContainer#0-48 org.springframework.amqp.rabbit.connection.CachingConnectionFactory Attempting to connect to: [localhost:15672]
2022-06-22 17:20:21 INFO  datax-service-data-mapping org.springframework.amqp.rabbit.RabbitListenerEndpointContainer#0-48 org.springframework.amqp.rabbit.listener.SimpleMessageListenerContainer Restarting Consumer@561db5f2: tags=[[]], channel=null, acknowledgeMode=MANUAL local queue size=0
2022-06-22 17:20:21 INFO  datax-service-data-mapping org.springframework.amqp.rabbit.RabbitListenerEndpointContainer#0-49 org.springframework.amqp.rabbit.connection.CachingConnectionFactory Attempting to connect to: [localhost:15672]
2022-06-22 17:20:28 INFO  datax-service-data-mapping org.springframework.amqp.rabbit.RabbitListenerEndpointContainer#0-49 org.springframework.amqp.rabbit.connection.CachingConnectionFactory Attempting to connect to: [localhost:15672]
2022-06-22 17:20:41 INFO  datax-service-data-mapping org.springframework.amqp.rabbit.RabbitListenerEndpointContainer#0-49 org.springframework.amqp.rabbit.listener.SimpleMessageListenerContainer Restarting Consumer@19d3c1a3: tags=[[]], channel=null, acknowledgeMode=MANUAL local queue size=0
2022-06-22 17:20:41 INFO  datax-service-data-mapping org.springframework.amqp.rabbit.RabbitListenerEndpointContainer#0-50 org.springframework.amqp.rabbit.connection.CachingConnectionFactory Attempting to connect to: [localhost:15672]
2022-06-22 17:20:48 INFO  datax-service-data-mapping org.springframework.amqp.rabbit.RabbitListenerEndpointContainer#0-50 org.springframework.amqp.rabbit.connection.CachingConnectionFactory Attempting to connect to: [localhost:15672]
2022-06-22 17:21:00 INFO  datax-service-data-mapping org.springframework.amqp.rabbit.RabbitListenerEndpointContainer#0-50 org.springframework.amqp.rabbit.listener.SimpleMessageListenerContainer Restarting Consumer@65f39fc1: tags=[[]], channel=null, acknowledgeMode=MANUAL local queue size=0
2022-06-22 17:21:00 INFO  datax-service-data-mapping org.springframework.amqp.rabbit.RabbitListenerEndpointContainer#0-51 org.springframework.amqp.rabbit.connection.CachingConnectionFactory Attempting to connect to: [localhost:15672]
2022-06-22 17:21:07 INFO  datax-service-data-mapping org.springframework.amqp.rabbit.RabbitListenerEndpointContainer#0-51 org.springframework.amqp.rabbit.connection.CachingConnectionFactory Attempting to connect to: [localhost:15672]
2022-06-22 17:21:19 INFO  datax-service-data-mapping org.springframework.amqp.rabbit.RabbitListenerEndpointContainer#0-51 org.springframework.amqp.rabbit.listener.SimpleMessageListenerContainer Restarting Consumer@385d36ec: tags=[[]], channel=null, acknowledgeMode=MANUAL local queue size=0
2022-06-22 17:21:19 INFO  datax-service-data-mapping org.springframework.amqp.rabbit.RabbitListenerEndpointContainer#0-52 org.springframework.amqp.rabbit.connection.CachingConnectionFactory Attempting to connect to: [localhost:15672]
2022-06-22 17:21:26 INFO  datax-service-data-mapping org.springframework.amqp.rabbit.RabbitListenerEndpointContainer#0-52 org.springframework.amqp.rabbit.connection.CachingConnectionFactory Attempting to connect to: [localhost:15672]
2022-06-22 17:21:38 INFO  datax-service-data-mapping org.springframework.amqp.rabbit.RabbitListenerEndpointContainer#0-52 org.springframework.amqp.rabbit.listener.SimpleMessageListenerContainer Restarting Consumer@410a9ec9: tags=[[]], channel=null, acknowledgeMode=MANUAL local queue size=0
2022-06-22 17:21:38 INFO  datax-service-data-mapping org.springframework.amqp.rabbit.RabbitListenerEndpointContainer#0-53 org.springframework.amqp.rabbit.connection.CachingConnectionFactory Attempting to connect to: [localhost:15672]
2022-06-22 17:21:45 INFO  datax-service-data-mapping org.springframework.amqp.rabbit.RabbitListenerEndpointContainer#0-53 org.springframework.amqp.rabbit.connection.CachingConnectionFactory Attempting to connect to: [localhost:15672]
2022-06-22 17:21:47 INFO  datax-service-data-mapping AsyncResolver-bootstrap-executor-0 com.netflix.discovery.shared.resolver.aws.ConfigClusterResolver Resolving eureka endpoints via configuration
2022-06-22 17:21:57 INFO  datax-service-data-mapping org.springframework.amqp.rabbit.RabbitListenerEndpointContainer#0-53 org.springframework.amqp.rabbit.listener.SimpleMessageListenerContainer Restarting Consumer@260c974b: tags=[[]], channel=null, acknowledgeMode=MANUAL local queue size=0
2022-06-22 17:21:57 INFO  datax-service-data-mapping org.springframework.amqp.rabbit.RabbitListenerEndpointContainer#0-54 org.springframework.amqp.rabbit.connection.CachingConnectionFactory Attempting to connect to: [localhost:15672]
2022-06-22 17:22:04 INFO  datax-service-data-mapping org.springframework.amqp.rabbit.RabbitListenerEndpointContainer#0-54 org.springframework.amqp.rabbit.connection.CachingConnectionFactory Attempting to connect to: [localhost:15672]
2022-06-22 17:22:16 INFO  datax-service-data-mapping org.springframework.amqp.rabbit.RabbitListenerEndpointContainer#0-54 org.springframework.amqp.rabbit.listener.SimpleMessageListenerContainer Restarting Consumer@490f6bfd: tags=[[]], channel=null, acknowledgeMode=MANUAL local queue size=0
2022-06-22 17:22:16 INFO  datax-service-data-mapping org.springframework.amqp.rabbit.RabbitListenerEndpointContainer#0-55 org.springframework.amqp.rabbit.connection.CachingConnectionFactory Attempting to connect to: [localhost:15672]
2022-06-22 17:22:24 INFO  datax-service-data-mapping org.springframework.amqp.rabbit.RabbitListenerEndpointContainer#0-55 org.springframework.amqp.rabbit.connection.CachingConnectionFactory Attempting to connect to: [localhost:15672]
2022-06-22 17:22:36 INFO  datax-service-data-mapping org.springframework.amqp.rabbit.RabbitListenerEndpointContainer#0-55 org.springframework.amqp.rabbit.listener.SimpleMessageListenerContainer Restarting Consumer@528f7233: tags=[[]], channel=null, acknowledgeMode=MANUAL local queue size=0
2022-06-22 17:22:36 INFO  datax-service-data-mapping org.springframework.amqp.rabbit.RabbitListenerEndpointContainer#0-56 org.springframework.amqp.rabbit.connection.CachingConnectionFactory Attempting to connect to: [localhost:15672]
2022-06-22 17:22:43 INFO  datax-service-data-mapping org.springframework.amqp.rabbit.RabbitListenerEndpointContainer#0-56 org.springframework.amqp.rabbit.connection.CachingConnectionFactory Attempting to connect to: [localhost:15672]
2022-06-22 17:22:55 INFO  datax-service-data-mapping org.springframework.amqp.rabbit.RabbitListenerEndpointContainer#0-56 org.springframework.amqp.rabbit.listener.SimpleMessageListenerContainer Restarting Consumer@403505d9: tags=[[]], channel=null, acknowledgeMode=MANUAL local queue size=0
2022-06-22 17:22:55 INFO  datax-service-data-mapping org.springframework.amqp.rabbit.RabbitListenerEndpointContainer#0-57 org.springframework.amqp.rabbit.connection.CachingConnectionFactory Attempting to connect to: [localhost:15672]
2022-06-22 17:23:02 INFO  datax-service-data-mapping org.springframework.amqp.rabbit.RabbitListenerEndpointContainer#0-57 org.springframework.amqp.rabbit.connection.CachingConnectionFactory Attempting to connect to: [localhost:15672]
2022-06-22 17:23:14 INFO  datax-service-data-mapping org.springframework.amqp.rabbit.RabbitListenerEndpointContainer#0-57 org.springframework.amqp.rabbit.listener.SimpleMessageListenerContainer Restarting Consumer@3b930e2c: tags=[[]], channel=null, acknowledgeMode=MANUAL local queue size=0
2022-06-22 17:23:14 INFO  datax-service-data-mapping org.springframework.amqp.rabbit.RabbitListenerEndpointContainer#0-58 org.springframework.amqp.rabbit.connection.CachingConnectionFactory Attempting to connect to: [localhost:15672]
2022-06-22 17:23:21 INFO  datax-service-data-mapping org.springframework.amqp.rabbit.RabbitListenerEndpointContainer#0-58 org.springframework.amqp.rabbit.connection.CachingConnectionFactory Attempting to connect to: [localhost:15672]
2022-06-22 17:23:33 INFO  datax-service-data-mapping org.springframework.amqp.rabbit.RabbitListenerEndpointContainer#0-58 org.springframework.amqp.rabbit.listener.SimpleMessageListenerContainer Restarting Consumer@44fcd99d: tags=[[]], channel=null, acknowledgeMode=MANUAL local queue size=0
2022-06-22 17:23:33 INFO  datax-service-data-mapping org.springframework.amqp.rabbit.RabbitListenerEndpointContainer#0-59 org.springframework.amqp.rabbit.connection.CachingConnectionFactory Attempting to connect to: [localhost:15672]
2022-06-22 17:23:40 INFO  datax-service-data-mapping org.springframework.amqp.rabbit.RabbitListenerEndpointContainer#0-59 org.springframework.amqp.rabbit.connection.CachingConnectionFactory Attempting to connect to: [localhost:15672]
2022-06-22 17:23:52 INFO  datax-service-data-mapping org.springframework.amqp.rabbit.RabbitListenerEndpointContainer#0-59 org.springframework.amqp.rabbit.listener.SimpleMessageListenerContainer Restarting Consumer@1ea084de: tags=[[]], channel=null, acknowledgeMode=MANUAL local queue size=0
2022-06-22 17:23:52 INFO  datax-service-data-mapping org.springframework.amqp.rabbit.RabbitListenerEndpointContainer#0-60 org.springframework.amqp.rabbit.connection.CachingConnectionFactory Attempting to connect to: [localhost:15672]
2022-06-22 17:24:00 INFO  datax-service-data-mapping org.springframework.amqp.rabbit.RabbitListenerEndpointContainer#0-60 org.springframework.amqp.rabbit.connection.CachingConnectionFactory Attempting to connect to: [localhost:15672]
2022-06-22 17:24:12 INFO  datax-service-data-mapping org.springframework.amqp.rabbit.RabbitListenerEndpointContainer#0-60 org.springframework.amqp.rabbit.listener.SimpleMessageListenerContainer Restarting Consumer@4f94e2b1: tags=[[]], channel=null, acknowledgeMode=MANUAL local queue size=0
2022-06-22 17:24:12 INFO  datax-service-data-mapping org.springframework.amqp.rabbit.RabbitListenerEndpointContainer#0-61 org.springframework.amqp.rabbit.connection.CachingConnectionFactory Attempting to connect to: [localhost:15672]
2022-06-22 17:24:19 INFO  datax-service-data-mapping org.springframework.amqp.rabbit.RabbitListenerEndpointContainer#0-61 org.springframework.amqp.rabbit.connection.CachingConnectionFactory Attempting to connect to: [localhost:15672]
2022-06-22 17:24:31 INFO  datax-service-data-mapping org.springframework.amqp.rabbit.RabbitListenerEndpointContainer#0-61 org.springframework.amqp.rabbit.listener.SimpleMessageListenerContainer Restarting Consumer@1f030d0e: tags=[[]], channel=null, acknowledgeMode=MANUAL local queue size=0
2022-06-22 17:24:31 INFO  datax-service-data-mapping org.springframework.amqp.rabbit.RabbitListenerEndpointContainer#0-62 org.springframework.amqp.rabbit.connection.CachingConnectionFactory Attempting to connect to: [localhost:15672]
2022-06-22 17:24:38 INFO  datax-service-data-mapping org.springframework.amqp.rabbit.RabbitListenerEndpointContainer#0-62 org.springframework.amqp.rabbit.connection.CachingConnectionFactory Attempting to connect to: [localhost:15672]
2022-06-22 17:24:50 INFO  datax-service-data-mapping org.springframework.amqp.rabbit.RabbitListenerEndpointContainer#0-62 org.springframework.amqp.rabbit.listener.SimpleMessageListenerContainer Restarting Consumer@29e4d510: tags=[[]], channel=null, acknowledgeMode=MANUAL local queue size=0
2022-06-22 17:24:50 INFO  datax-service-data-mapping org.springframework.amqp.rabbit.RabbitListenerEndpointContainer#0-63 org.springframework.amqp.rabbit.connection.CachingConnectionFactory Attempting to connect to: [localhost:15672]
2022-06-22 17:24:57 INFO  datax-service-data-mapping org.springframework.amqp.rabbit.RabbitListenerEndpointContainer#0-63 org.springframework.amqp.rabbit.connection.CachingConnectionFactory Attempting to connect to: [localhost:15672]
2022-06-22 17:25:09 INFO  datax-service-data-mapping org.springframework.amqp.rabbit.RabbitListenerEndpointContainer#0-63 org.springframework.amqp.rabbit.listener.SimpleMessageListenerContainer Restarting Consumer@77655739: tags=[[]], channel=null, acknowledgeMode=MANUAL local queue size=0
2022-06-22 17:25:09 INFO  datax-service-data-mapping org.springframework.amqp.rabbit.RabbitListenerEndpointContainer#0-64 org.springframework.amqp.rabbit.connection.CachingConnectionFactory Attempting to connect to: [localhost:15672]
2022-06-22 17:25:16 INFO  datax-service-data-mapping org.springframework.amqp.rabbit.RabbitListenerEndpointContainer#0-64 org.springframework.amqp.rabbit.connection.CachingConnectionFactory Attempting to connect to: [localhost:15672]
2022-06-22 17:25:29 INFO  datax-service-data-mapping org.springframework.amqp.rabbit.RabbitListenerEndpointContainer#0-64 org.springframework.amqp.rabbit.listener.SimpleMessageListenerContainer Restarting Consumer@1e9df3b1: tags=[[]], channel=null, acknowledgeMode=MANUAL local queue size=0
2022-06-22 17:25:29 INFO  datax-service-data-mapping org.springframework.amqp.rabbit.RabbitListenerEndpointContainer#0-65 org.springframework.amqp.rabbit.connection.CachingConnectionFactory Attempting to connect to: [localhost:15672]
2022-06-22 17:25:36 INFO  datax-service-data-mapping org.springframework.amqp.rabbit.RabbitListenerEndpointContainer#0-65 org.springframework.amqp.rabbit.connection.CachingConnectionFactory Attempting to connect to: [localhost:15672]
2022-06-22 17:25:48 INFO  datax-service-data-mapping org.springframework.amqp.rabbit.RabbitListenerEndpointContainer#0-65 org.springframework.amqp.rabbit.listener.SimpleMessageListenerContainer Restarting Consumer@dee39d9: tags=[[]], channel=null, acknowledgeMode=MANUAL local queue size=0
2022-06-22 17:25:48 INFO  datax-service-data-mapping org.springframework.amqp.rabbit.RabbitListenerEndpointContainer#0-66 org.springframework.amqp.rabbit.connection.CachingConnectionFactory Attempting to connect to: [localhost:15672]
2022-06-22 17:25:55 INFO  datax-service-data-mapping org.springframework.amqp.rabbit.RabbitListenerEndpointContainer#0-66 org.springframework.amqp.rabbit.connection.CachingConnectionFactory Attempting to connect to: [localhost:15672]
2022-06-22 17:26:07 INFO  datax-service-data-mapping org.springframework.amqp.rabbit.RabbitListenerEndpointContainer#0-66 org.springframework.amqp.rabbit.listener.SimpleMessageListenerContainer Restarting Consumer@558eec07: tags=[[]], channel=null, acknowledgeMode=MANUAL local queue size=0
2022-06-22 17:26:07 INFO  datax-service-data-mapping org.springframework.amqp.rabbit.RabbitListenerEndpointContainer#0-67 org.springframework.amqp.rabbit.connection.CachingConnectionFactory Attempting to connect to: [localhost:15672]
2022-06-22 17:26:14 INFO  datax-service-data-mapping org.springframework.amqp.rabbit.RabbitListenerEndpointContainer#0-67 org.springframework.amqp.rabbit.connection.CachingConnectionFactory Attempting to connect to: [localhost:15672]
2022-06-22 17:26:26 INFO  datax-service-data-mapping org.springframework.amqp.rabbit.RabbitListenerEndpointContainer#0-67 org.springframework.amqp.rabbit.listener.SimpleMessageListenerContainer Restarting Consumer@310fcba0: tags=[[]], channel=null, acknowledgeMode=MANUAL local queue size=0
2022-06-22 17:26:26 INFO  datax-service-data-mapping org.springframework.amqp.rabbit.RabbitListenerEndpointContainer#0-68 org.springframework.amqp.rabbit.connection.CachingConnectionFactory Attempting to connect to: [localhost:15672]
2022-06-22 17:26:33 INFO  datax-service-data-mapping org.springframework.amqp.rabbit.RabbitListenerEndpointContainer#0-68 org.springframework.amqp.rabbit.connection.CachingConnectionFactory Attempting to connect to: [localhost:15672]
2022-06-22 17:26:45 INFO  datax-service-data-mapping org.springframework.amqp.rabbit.RabbitListenerEndpointContainer#0-68 org.springframework.amqp.rabbit.listener.SimpleMessageListenerContainer Restarting Consumer@7504c31e: tags=[[]], channel=null, acknowledgeMode=MANUAL local queue size=0
2022-06-22 17:26:45 INFO  datax-service-data-mapping org.springframework.amqp.rabbit.RabbitListenerEndpointContainer#0-69 org.springframework.amqp.rabbit.connection.CachingConnectionFactory Attempting to connect to: [localhost:15672]
2022-06-22 17:26:47 INFO  datax-service-data-mapping AsyncResolver-bootstrap-executor-0 com.netflix.discovery.shared.resolver.aws.ConfigClusterResolver Resolving eureka endpoints via configuration
2022-06-22 17:26:52 INFO  datax-service-data-mapping org.springframework.amqp.rabbit.RabbitListenerEndpointContainer#0-69 org.springframework.amqp.rabbit.connection.CachingConnectionFactory Attempting to connect to: [localhost:15672]
2022-06-22 17:27:05 INFO  datax-service-data-mapping org.springframework.amqp.rabbit.RabbitListenerEndpointContainer#0-69 org.springframework.amqp.rabbit.listener.SimpleMessageListenerContainer Restarting Consumer@6066a7c1: tags=[[]], channel=null, acknowledgeMode=MANUAL local queue size=0
2022-06-22 17:27:05 INFO  datax-service-data-mapping org.springframework.amqp.rabbit.RabbitListenerEndpointContainer#0-70 org.springframework.amqp.rabbit.connection.CachingConnectionFactory Attempting to connect to: [localhost:15672]
2022-06-22 17:27:12 INFO  datax-service-data-mapping org.springframework.amqp.rabbit.RabbitListenerEndpointContainer#0-70 org.springframework.amqp.rabbit.connection.CachingConnectionFactory Attempting to connect to: [localhost:15672]
2022-06-22 17:27:24 INFO  datax-service-data-mapping org.springframework.amqp.rabbit.RabbitListenerEndpointContainer#0-70 org.springframework.amqp.rabbit.listener.SimpleMessageListenerContainer Restarting Consumer@7ca40959: tags=[[]], channel=null, acknowledgeMode=MANUAL local queue size=0
2022-06-22 17:27:24 INFO  datax-service-data-mapping org.springframework.amqp.rabbit.RabbitListenerEndpointContainer#0-71 org.springframework.amqp.rabbit.connection.CachingConnectionFactory Attempting to connect to: [localhost:15672]
2022-06-22 17:27:31 INFO  datax-service-data-mapping org.springframework.amqp.rabbit.RabbitListenerEndpointContainer#0-71 org.springframework.amqp.rabbit.connection.CachingConnectionFactory Attempting to connect to: [localhost:15672]
2022-06-22 17:27:43 INFO  datax-service-data-mapping org.springframework.amqp.rabbit.RabbitListenerEndpointContainer#0-71 org.springframework.amqp.rabbit.listener.SimpleMessageListenerContainer Restarting Consumer@7d8766c2: tags=[[]], channel=null, acknowledgeMode=MANUAL local queue size=0
2022-06-22 17:27:43 INFO  datax-service-data-mapping org.springframework.amqp.rabbit.RabbitListenerEndpointContainer#0-72 org.springframework.amqp.rabbit.connection.CachingConnectionFactory Attempting to connect to: [localhost:15672]
2022-06-22 17:27:50 INFO  datax-service-data-mapping org.springframework.amqp.rabbit.RabbitListenerEndpointContainer#0-72 org.springframework.amqp.rabbit.connection.CachingConnectionFactory Attempting to connect to: [localhost:15672]
2022-06-22 17:28:02 INFO  datax-service-data-mapping org.springframework.amqp.rabbit.RabbitListenerEndpointContainer#0-72 org.springframework.amqp.rabbit.listener.SimpleMessageListenerContainer Restarting Consumer@57224924: tags=[[]], channel=null, acknowledgeMode=MANUAL local queue size=0
2022-06-22 17:28:02 INFO  datax-service-data-mapping org.springframework.amqp.rabbit.RabbitListenerEndpointContainer#0-73 org.springframework.amqp.rabbit.connection.CachingConnectionFactory Attempting to connect to: [localhost:15672]
2022-06-22 17:28:09 INFO  datax-service-data-mapping org.springframework.amqp.rabbit.RabbitListenerEndpointContainer#0-73 org.springframework.amqp.rabbit.connection.CachingConnectionFactory Attempting to connect to: [localhost:15672]
2022-06-22 17:28:21 INFO  datax-service-data-mapping org.springframework.amqp.rabbit.RabbitListenerEndpointContainer#0-73 org.springframework.amqp.rabbit.listener.SimpleMessageListenerContainer Restarting Consumer@378dc582: tags=[[]], channel=null, acknowledgeMode=MANUAL local queue size=0
2022-06-22 17:28:21 INFO  datax-service-data-mapping org.springframework.amqp.rabbit.RabbitListenerEndpointContainer#0-74 org.springframework.amqp.rabbit.connection.CachingConnectionFactory Attempting to connect to: [localhost:15672]
2022-06-22 17:28:28 INFO  datax-service-data-mapping org.springframework.amqp.rabbit.RabbitListenerEndpointContainer#0-74 org.springframework.amqp.rabbit.connection.CachingConnectionFactory Attempting to connect to: [localhost:15672]
2022-06-22 17:28:40 INFO  datax-service-data-mapping org.springframework.amqp.rabbit.RabbitListenerEndpointContainer#0-74 org.springframework.amqp.rabbit.listener.SimpleMessageListenerContainer Restarting Consumer@62ec7b90: tags=[[]], channel=null, acknowledgeMode=MANUAL local queue size=0
2022-06-22 17:28:40 INFO  datax-service-data-mapping org.springframework.amqp.rabbit.RabbitListenerEndpointContainer#0-75 org.springframework.amqp.rabbit.connection.CachingConnectionFactory Attempting to connect to: [localhost:15672]
2022-06-22 17:28:48 INFO  datax-service-data-mapping org.springframework.amqp.rabbit.RabbitListenerEndpointContainer#0-75 org.springframework.amqp.rabbit.connection.CachingConnectionFactory Attempting to connect to: [localhost:15672]
2022-06-22 17:29:00 INFO  datax-service-data-mapping org.springframework.amqp.rabbit.RabbitListenerEndpointContainer#0-75 org.springframework.amqp.rabbit.listener.SimpleMessageListenerContainer Restarting Consumer@6cd7098f: tags=[[]], channel=null, acknowledgeMode=MANUAL local queue size=0
2022-06-22 17:29:00 INFO  datax-service-data-mapping org.springframework.amqp.rabbit.RabbitListenerEndpointContainer#0-76 org.springframework.amqp.rabbit.connection.CachingConnectionFactory Attempting to connect to: [localhost:15672]
2022-06-22 17:29:07 INFO  datax-service-data-mapping org.springframework.amqp.rabbit.RabbitListenerEndpointContainer#0-76 org.springframework.amqp.rabbit.connection.CachingConnectionFactory Attempting to connect to: [localhost:15672]
2022-06-22 17:29:19 INFO  datax-service-data-mapping org.springframework.amqp.rabbit.RabbitListenerEndpointContainer#0-76 org.springframework.amqp.rabbit.listener.SimpleMessageListenerContainer Restarting Consumer@48919aef: tags=[[]], channel=null, acknowledgeMode=MANUAL local queue size=0
2022-06-22 17:29:19 INFO  datax-service-data-mapping org.springframework.amqp.rabbit.RabbitListenerEndpointContainer#0-77 org.springframework.amqp.rabbit.connection.CachingConnectionFactory Attempting to connect to: [localhost:15672]
2022-06-22 17:29:26 INFO  datax-service-data-mapping org.springframework.amqp.rabbit.RabbitListenerEndpointContainer#0-77 org.springframework.amqp.rabbit.connection.CachingConnectionFactory Attempting to connect to: [localhost:15672]
2022-06-22 17:29:38 INFO  datax-service-data-mapping org.springframework.amqp.rabbit.RabbitListenerEndpointContainer#0-77 org.springframework.amqp.rabbit.listener.SimpleMessageListenerContainer Restarting Consumer@3896ed72: tags=[[]], channel=null, acknowledgeMode=MANUAL local queue size=0
2022-06-22 17:29:38 INFO  datax-service-data-mapping org.springframework.amqp.rabbit.RabbitListenerEndpointContainer#0-78 org.springframework.amqp.rabbit.connection.CachingConnectionFactory Attempting to connect to: [localhost:15672]
2022-06-22 17:29:45 INFO  datax-service-data-mapping org.springframework.amqp.rabbit.RabbitListenerEndpointContainer#0-78 org.springframework.amqp.rabbit.connection.CachingConnectionFactory Attempting to connect to: [localhost:15672]
2022-06-22 17:29:57 INFO  datax-service-data-mapping org.springframework.amqp.rabbit.RabbitListenerEndpointContainer#0-78 org.springframework.amqp.rabbit.listener.SimpleMessageListenerContainer Restarting Consumer@7fa9e770: tags=[[]], channel=null, acknowledgeMode=MANUAL local queue size=0
2022-06-22 17:29:57 INFO  datax-service-data-mapping org.springframework.amqp.rabbit.RabbitListenerEndpointContainer#0-79 org.springframework.amqp.rabbit.connection.CachingConnectionFactory Attempting to connect to: [localhost:15672]
2022-06-22 17:30:04 INFO  datax-service-data-mapping org.springframework.amqp.rabbit.RabbitListenerEndpointContainer#0-79 org.springframework.amqp.rabbit.connection.CachingConnectionFactory Attempting to connect to: [localhost:15672]
2022-06-22 17:30:17 INFO  datax-service-data-mapping org.springframework.amqp.rabbit.RabbitListenerEndpointContainer#0-79 org.springframework.amqp.rabbit.listener.SimpleMessageListenerContainer Restarting Consumer@30cd9e16: tags=[[]], channel=null, acknowledgeMode=MANUAL local queue size=0
2022-06-22 17:30:17 INFO  datax-service-data-mapping org.springframework.amqp.rabbit.RabbitListenerEndpointContainer#0-80 org.springframework.amqp.rabbit.connection.CachingConnectionFactory Attempting to connect to: [localhost:15672]
2022-06-22 17:30:24 INFO  datax-service-data-mapping org.springframework.amqp.rabbit.RabbitListenerEndpointContainer#0-80 org.springframework.amqp.rabbit.connection.CachingConnectionFactory Attempting to connect to: [localhost:15672]
2022-06-22 17:30:36 INFO  datax-service-data-mapping org.springframework.amqp.rabbit.RabbitListenerEndpointContainer#0-80 org.springframework.amqp.rabbit.listener.SimpleMessageListenerContainer Restarting Consumer@39378db5: tags=[[]], channel=null, acknowledgeMode=MANUAL local queue size=0
2022-06-22 17:30:36 INFO  datax-service-data-mapping org.springframework.amqp.rabbit.RabbitListenerEndpointContainer#0-81 org.springframework.amqp.rabbit.connection.CachingConnectionFactory Attempting to connect to: [localhost:15672]
2022-06-22 17:30:43 INFO  datax-service-data-mapping org.springframework.amqp.rabbit.RabbitListenerEndpointContainer#0-81 org.springframework.amqp.rabbit.connection.CachingConnectionFactory Attempting to connect to: [localhost:15672]
2022-06-22 17:30:55 INFO  datax-service-data-mapping org.springframework.amqp.rabbit.RabbitListenerEndpointContainer#0-81 org.springframework.amqp.rabbit.listener.SimpleMessageListenerContainer Restarting Consumer@13c9ccc4: tags=[[]], channel=null, acknowledgeMode=MANUAL local queue size=0
2022-06-22 17:30:55 INFO  datax-service-data-mapping org.springframework.amqp.rabbit.RabbitListenerEndpointContainer#0-82 org.springframework.amqp.rabbit.connection.CachingConnectionFactory Attempting to connect to: [localhost:15672]
2022-06-22 17:31:02 INFO  datax-service-data-mapping org.springframework.amqp.rabbit.RabbitListenerEndpointContainer#0-82 org.springframework.amqp.rabbit.connection.CachingConnectionFactory Attempting to connect to: [localhost:15672]
2022-06-22 17:31:14 INFO  datax-service-data-mapping org.springframework.amqp.rabbit.RabbitListenerEndpointContainer#0-82 org.springframework.amqp.rabbit.listener.SimpleMessageListenerContainer Restarting Consumer@6f440468: tags=[[]], channel=null, acknowledgeMode=MANUAL local queue size=0
2022-06-22 17:31:14 INFO  datax-service-data-mapping org.springframework.amqp.rabbit.RabbitListenerEndpointContainer#0-83 org.springframework.amqp.rabbit.connection.CachingConnectionFactory Attempting to connect to: [localhost:15672]
2022-06-22 17:31:21 INFO  datax-service-data-mapping org.springframework.amqp.rabbit.RabbitListenerEndpointContainer#0-83 org.springframework.amqp.rabbit.connection.CachingConnectionFactory Attempting to connect to: [localhost:15672]
2022-06-22 17:31:33 INFO  datax-service-data-mapping org.springframework.amqp.rabbit.RabbitListenerEndpointContainer#0-83 org.springframework.amqp.rabbit.listener.SimpleMessageListenerContainer Restarting Consumer@74ee6374: tags=[[]], channel=null, acknowledgeMode=MANUAL local queue size=0
2022-06-22 17:31:33 INFO  datax-service-data-mapping org.springframework.amqp.rabbit.RabbitListenerEndpointContainer#0-84 org.springframework.amqp.rabbit.connection.CachingConnectionFactory Attempting to connect to: [localhost:15672]
2022-06-22 17:31:40 INFO  datax-service-data-mapping org.springframework.amqp.rabbit.RabbitListenerEndpointContainer#0-84 org.springframework.amqp.rabbit.connection.CachingConnectionFactory Attempting to connect to: [localhost:15672]
2022-06-22 17:31:47 INFO  datax-service-data-mapping AsyncResolver-bootstrap-executor-0 com.netflix.discovery.shared.resolver.aws.ConfigClusterResolver Resolving eureka endpoints via configuration
2022-06-22 17:31:53 INFO  datax-service-data-mapping org.springframework.amqp.rabbit.RabbitListenerEndpointContainer#0-84 org.springframework.amqp.rabbit.listener.SimpleMessageListenerContainer Restarting Consumer@5263bb6e: tags=[[]], channel=null, acknowledgeMode=MANUAL local queue size=0
2022-06-22 17:31:53 INFO  datax-service-data-mapping org.springframework.amqp.rabbit.RabbitListenerEndpointContainer#0-85 org.springframework.amqp.rabbit.connection.CachingConnectionFactory Attempting to connect to: [localhost:15672]
2022-06-22 17:32:00 INFO  datax-service-data-mapping org.springframework.amqp.rabbit.RabbitListenerEndpointContainer#0-85 org.springframework.amqp.rabbit.connection.CachingConnectionFactory Attempting to connect to: [localhost:15672]
2022-06-22 17:32:12 INFO  datax-service-data-mapping org.springframework.amqp.rabbit.RabbitListenerEndpointContainer#0-85 org.springframework.amqp.rabbit.listener.SimpleMessageListenerContainer Restarting Consumer@1fed47bc: tags=[[]], channel=null, acknowledgeMode=MANUAL local queue size=0
2022-06-22 17:32:12 INFO  datax-service-data-mapping org.springframework.amqp.rabbit.RabbitListenerEndpointContainer#0-86 org.springframework.amqp.rabbit.connection.CachingConnectionFactory Attempting to connect to: [localhost:15672]
2022-06-22 17:32:19 INFO  datax-service-data-mapping org.springframework.amqp.rabbit.RabbitListenerEndpointContainer#0-86 org.springframework.amqp.rabbit.connection.CachingConnectionFactory Attempting to connect to: [localhost:15672]
2022-06-22 17:32:31 INFO  datax-service-data-mapping org.springframework.amqp.rabbit.RabbitListenerEndpointContainer#0-86 org.springframework.amqp.rabbit.listener.SimpleMessageListenerContainer Restarting Consumer@c8866a4: tags=[[]], channel=null, acknowledgeMode=MANUAL local queue size=0
2022-06-22 17:32:31 INFO  datax-service-data-mapping org.springframework.amqp.rabbit.RabbitListenerEndpointContainer#0-87 org.springframework.amqp.rabbit.connection.CachingConnectionFactory Attempting to connect to: [localhost:15672]
2022-06-22 17:32:38 INFO  datax-service-data-mapping org.springframework.amqp.rabbit.RabbitListenerEndpointContainer#0-87 org.springframework.amqp.rabbit.connection.CachingConnectionFactory Attempting to connect to: [localhost:15672]
2022-06-22 17:32:44 INFO  datax-service-data-mapping XNIO-1 task-1 io.undertow.servlet Initializing Spring DispatcherServlet 'dispatcherServlet'
2022-06-22 17:32:44 INFO  datax-service-data-mapping XNIO-1 task-1 org.springframework.web.servlet.DispatcherServlet Initializing Servlet 'dispatcherServlet'
2022-06-22 17:32:44 INFO  datax-service-data-mapping XNIO-1 task-1 org.springframework.web.servlet.DispatcherServlet Completed initialization in 101 ms
2022-06-22 17:32:50 INFO  datax-service-data-mapping org.springframework.amqp.rabbit.RabbitListenerEndpointContainer#0-87 org.springframework.amqp.rabbit.listener.SimpleMessageListenerContainer Restarting Consumer@8e4f33c: tags=[[]], channel=null, acknowledgeMode=MANUAL local queue size=0
2022-06-22 17:32:50 INFO  datax-service-data-mapping org.springframework.amqp.rabbit.RabbitListenerEndpointContainer#0-88 org.springframework.amqp.rabbit.connection.CachingConnectionFactory Attempting to connect to: [localhost:15672]
2022-06-22 17:32:57 INFO  datax-service-data-mapping org.springframework.amqp.rabbit.RabbitListenerEndpointContainer#0-88 org.springframework.amqp.rabbit.connection.CachingConnectionFactory Attempting to connect to: [localhost:15672]
2022-06-22 17:33:10 INFO  datax-service-data-mapping org.springframework.amqp.rabbit.RabbitListenerEndpointContainer#0-88 org.springframework.amqp.rabbit.listener.SimpleMessageListenerContainer Restarting Consumer@40b36e78: tags=[[]], channel=null, acknowledgeMode=MANUAL local queue size=0
2022-06-22 17:33:10 INFO  datax-service-data-mapping org.springframework.amqp.rabbit.RabbitListenerEndpointContainer#0-89 org.springframework.amqp.rabbit.connection.CachingConnectionFactory Attempting to connect to: [localhost:15672]
2022-06-22 17:33:17 INFO  datax-service-data-mapping org.springframework.amqp.rabbit.RabbitListenerEndpointContainer#0-89 org.springframework.amqp.rabbit.connection.CachingConnectionFactory Attempting to connect to: [localhost:15672]
2022-06-22 17:33:29 INFO  datax-service-data-mapping org.springframework.amqp.rabbit.RabbitListenerEndpointContainer#0-89 org.springframework.amqp.rabbit.listener.SimpleMessageListenerContainer Restarting Consumer@72268aea: tags=[[]], channel=null, acknowledgeMode=MANUAL local queue size=0
2022-06-22 17:33:29 INFO  datax-service-data-mapping org.springframework.amqp.rabbit.RabbitListenerEndpointContainer#0-90 org.springframework.amqp.rabbit.connection.CachingConnectionFactory Attempting to connect to: [localhost:15672]
2022-06-22 17:33:36 INFO  datax-service-data-mapping org.springframework.amqp.rabbit.RabbitListenerEndpointContainer#0-90 org.springframework.amqp.rabbit.connection.CachingConnectionFactory Attempting to connect to: [localhost:15672]
2022-06-22 17:33:48 INFO  datax-service-data-mapping org.springframework.amqp.rabbit.RabbitListenerEndpointContainer#0-90 org.springframework.amqp.rabbit.listener.SimpleMessageListenerContainer Restarting Consumer@473de215: tags=[[]], channel=null, acknowledgeMode=MANUAL local queue size=0
2022-06-22 17:33:48 INFO  datax-service-data-mapping org.springframework.amqp.rabbit.RabbitListenerEndpointContainer#0-91 org.springframework.amqp.rabbit.connection.CachingConnectionFactory Attempting to connect to: [localhost:15672]
2022-06-22 17:33:55 INFO  datax-service-data-mapping org.springframework.amqp.rabbit.RabbitListenerEndpointContainer#0-91 org.springframework.amqp.rabbit.connection.CachingConnectionFactory Attempting to connect to: [localhost:15672]
2022-06-22 17:34:07 INFO  datax-service-data-mapping org.springframework.amqp.rabbit.RabbitListenerEndpointContainer#0-91 org.springframework.amqp.rabbit.listener.SimpleMessageListenerContainer Restarting Consumer@5f8575d7: tags=[[]], channel=null, acknowledgeMode=MANUAL local queue size=0
2022-06-22 17:34:07 INFO  datax-service-data-mapping org.springframework.amqp.rabbit.RabbitListenerEndpointContainer#0-92 org.springframework.amqp.rabbit.connection.CachingConnectionFactory Attempting to connect to: [localhost:15672]
2022-06-22 17:34:14 INFO  datax-service-data-mapping org.springframework.amqp.rabbit.RabbitListenerEndpointContainer#0-92 org.springframework.amqp.rabbit.connection.CachingConnectionFactory Attempting to connect to: [localhost:15672]
2022-06-22 17:34:27 INFO  datax-service-data-mapping org.springframework.amqp.rabbit.RabbitListenerEndpointContainer#0-92 org.springframework.amqp.rabbit.listener.SimpleMessageListenerContainer Restarting Consumer@54cb8a50: tags=[[]], channel=null, acknowledgeMode=MANUAL local queue size=0
2022-06-22 17:34:27 INFO  datax-service-data-mapping org.springframework.amqp.rabbit.RabbitListenerEndpointContainer#0-93 org.springframework.amqp.rabbit.connection.CachingConnectionFactory Attempting to connect to: [localhost:15672]
2022-06-22 17:34:34 INFO  datax-service-data-mapping org.springframework.amqp.rabbit.RabbitListenerEndpointContainer#0-93 org.springframework.amqp.rabbit.connection.CachingConnectionFactory Attempting to connect to: [localhost:15672]
2022-06-22 17:34:46 INFO  datax-service-data-mapping org.springframework.amqp.rabbit.RabbitListenerEndpointContainer#0-93 org.springframework.amqp.rabbit.listener.SimpleMessageListenerContainer Restarting Consumer@40e60343: tags=[[]], channel=null, acknowledgeMode=MANUAL local queue size=0
2022-06-22 17:34:46 INFO  datax-service-data-mapping org.springframework.amqp.rabbit.RabbitListenerEndpointContainer#0-94 org.springframework.amqp.rabbit.connection.CachingConnectionFactory Attempting to connect to: [localhost:15672]
2022-06-22 17:34:53 INFO  datax-service-data-mapping org.springframework.amqp.rabbit.RabbitListenerEndpointContainer#0-94 org.springframework.amqp.rabbit.connection.CachingConnectionFactory Attempting to connect to: [localhost:15672]
2022-06-22 17:35:05 INFO  datax-service-data-mapping org.springframework.amqp.rabbit.RabbitListenerEndpointContainer#0-94 org.springframework.amqp.rabbit.listener.SimpleMessageListenerContainer Restarting Consumer@68915170: tags=[[]], channel=null, acknowledgeMode=MANUAL local queue size=0
2022-06-22 17:35:05 INFO  datax-service-data-mapping org.springframework.amqp.rabbit.RabbitListenerEndpointContainer#0-95 org.springframework.amqp.rabbit.connection.CachingConnectionFactory Attempting to connect to: [localhost:15672]
2022-06-22 17:35:12 INFO  datax-service-data-mapping org.springframework.amqp.rabbit.RabbitListenerEndpointContainer#0-95 org.springframework.amqp.rabbit.connection.CachingConnectionFactory Attempting to connect to: [localhost:15672]
2022-06-22 17:35:24 INFO  datax-service-data-mapping org.springframework.amqp.rabbit.RabbitListenerEndpointContainer#0-95 org.springframework.amqp.rabbit.listener.SimpleMessageListenerContainer Restarting Consumer@6e9da4a1: tags=[[]], channel=null, acknowledgeMode=MANUAL local queue size=0
2022-06-22 17:35:24 INFO  datax-service-data-mapping org.springframework.amqp.rabbit.RabbitListenerEndpointContainer#0-96 org.springframework.amqp.rabbit.connection.CachingConnectionFactory Attempting to connect to: [localhost:15672]
2022-06-22 17:35:31 INFO  datax-service-data-mapping org.springframework.amqp.rabbit.RabbitListenerEndpointContainer#0-96 org.springframework.amqp.rabbit.connection.CachingConnectionFactory Attempting to connect to: [localhost:15672]
2022-06-22 17:35:43 INFO  datax-service-data-mapping org.springframework.amqp.rabbit.RabbitListenerEndpointContainer#0-96 org.springframework.amqp.rabbit.listener.SimpleMessageListenerContainer Restarting Consumer@2b047797: tags=[[]], channel=null, acknowledgeMode=MANUAL local queue size=0
2022-06-22 17:35:43 INFO  datax-service-data-mapping org.springframework.amqp.rabbit.RabbitListenerEndpointContainer#0-97 org.springframework.amqp.rabbit.connection.CachingConnectionFactory Attempting to connect to: [localhost:15672]
2022-06-22 17:35:50 INFO  datax-service-data-mapping org.springframework.amqp.rabbit.RabbitListenerEndpointContainer#0-97 org.springframework.amqp.rabbit.connection.CachingConnectionFactory Attempting to connect to: [localhost:15672]
2022-06-22 17:36:03 INFO  datax-service-data-mapping org.springframework.amqp.rabbit.RabbitListenerEndpointContainer#0-97 org.springframework.amqp.rabbit.listener.SimpleMessageListenerContainer Restarting Consumer@f073cc6: tags=[[]], channel=null, acknowledgeMode=MANUAL local queue size=0
2022-06-22 17:36:03 INFO  datax-service-data-mapping org.springframework.amqp.rabbit.RabbitListenerEndpointContainer#0-98 org.springframework.amqp.rabbit.connection.CachingConnectionFactory Attempting to connect to: [localhost:15672]
2022-06-22 17:36:10 INFO  datax-service-data-mapping org.springframework.amqp.rabbit.RabbitListenerEndpointContainer#0-98 org.springframework.amqp.rabbit.connection.CachingConnectionFactory Attempting to connect to: [localhost:15672]
2022-06-22 17:36:22 INFO  datax-service-data-mapping org.springframework.amqp.rabbit.RabbitListenerEndpointContainer#0-98 org.springframework.amqp.rabbit.listener.SimpleMessageListenerContainer Restarting Consumer@4badcab1: tags=[[]], channel=null, acknowledgeMode=MANUAL local queue size=0
2022-06-22 17:36:22 INFO  datax-service-data-mapping org.springframework.amqp.rabbit.RabbitListenerEndpointContainer#0-99 org.springframework.amqp.rabbit.connection.CachingConnectionFactory Attempting to connect to: [localhost:15672]
2022-06-22 17:36:29 INFO  datax-service-data-mapping org.springframework.amqp.rabbit.RabbitListenerEndpointContainer#0-99 org.springframework.amqp.rabbit.connection.CachingConnectionFactory Attempting to connect to: [localhost:15672]
2022-06-22 17:36:41 INFO  datax-service-data-mapping org.springframework.amqp.rabbit.RabbitListenerEndpointContainer#0-99 org.springframework.amqp.rabbit.listener.SimpleMessageListenerContainer Restarting Consumer@7d99e276: tags=[[]], channel=null, acknowledgeMode=MANUAL local queue size=0
2022-06-22 17:36:41 INFO  datax-service-data-mapping org.springframework.amqp.rabbit.RabbitListenerEndpointContainer#0-100 org.springframework.amqp.rabbit.connection.CachingConnectionFactory Attempting to connect to: [localhost:15672]
